tt0800039
https://www.rottentomatoes.com/m/forgetting_sarah_marshall/
85%
7
76%
3.3
640,601
tt0887883
https://www.rottentomatoes.com/m/burn_after_reading/
78%
6.9
64%
3.3
186,433
tt0871426
https://www.rottentomatoes.com/m/baby_mama/
64%
6.2
55%
3.3
374,462
tt1023481
https://www.rottentomatoes.com/m/step_up_2_the_streets/
27%
4.9
76%
3.9
190,810
tt1132626
https://www.rottentomatoes.com/m/saw_v/
12%
2.9
52%
3.4
239,069
tt0482606
https://www.rottentomatoes.com/m/the_strangers/
45%
5
47%
3.1
310,772
tt0420238
https://www.rottentomatoes.com/m/tale_of_despereaux/
56%
5.6
44%
3.1
163,596
tt0455824
https://www.rottentomatoes.com/m/australia/
55%
5.9
65%
3.4
261,252
tt0852713
https://www.rottentomatoes.com/m/house_bunny/
42%
5.1
50%
3.2
211,099
tt0410377
https://www.rottentomatoes.com/m/nims_island/
51%
5.7
46%
3.1
181,107
20.12user 0.32system 3:13.33elapsed 10%CPU (0avgtext+0avgdata 69232maxresident)k
0inputs+64outputs (0major+20251minor)pagefaults 0swaps
