tt0432021
https://www.rottentomatoes.com/m/resident_evil_extinction/
22%
4.3
58%
3.4
389,887
tt0758766
https://www.rottentomatoes.com/m/music_and_lyrics/
62%
5.9
68%
3.4
514,597
tt0422774
https://www.rottentomatoes.com/m/are_we_done_yet/
8%
3.3
50%
3.2
208,589
tt0937375
https://www.rottentomatoes.com/m/this_christmas/
56%
5.9
81%
4.1
72,884
tt0465538
https://www.rottentomatoes.com/m/michael_clayton/
90%
7.6
69%
3.5
299,330
tt0477071
https://www.rottentomatoes.com/m/premonition/
8%
3.8
50%
3.1
468,733
tt0480242
https://www.rottentomatoes.com/m/dan_in_real_life/
64%
6.2
69%
3.4
385,301
tt0431197
https://www.rottentomatoes.com/m/the_kingdom/
51%
5.8
76%
3.6
430,043
tt0822854
https://www.rottentomatoes.com/m/shooter/
48%
5.6
80%
3.8
455,853
tt0762114
https://www.rottentomatoes.com/m/1175072-license_to_wed/
7%
3.1
53%
3.1
512,579
31.22user 2.01system 5:43.79elapsed 9%CPU (0avgtext+0avgdata 66480maxresident)k
0inputs+72outputs (0major+19009minor)pagefaults 0swaps
