tt0216799
https://www.rottentomatoes.com/m/harrisons_flowers/
49%
5.6
76%
3.6
4,734
tt0180837
https://www.rottentomatoes.com/m/bossa_nova/
73%
6.5
60%
3.2
1,435
tt0211103
https://www.rottentomatoes.com/m/la-vie-apres-lamour-life-after-love/
empty
lass="smaller bold hidden-xs superPageFontColor" style="padding-left:5px;line-height:12px">liked it<
51%
3.4
326
tt0222850
https://www.rottentomatoes.com/m/broken_hearts_club/
63%
6
72%
3.6
8,453
tt0163745
https://www.rottentomatoes.com/m/the-debut2000/
74%
6.3
72%
3.6
1,279
tt0171356
https://www.rottentomatoes.com/m/gun_shy/
24%
4.5
36%
2.9
5,274
tt0171359
https://www.rottentomatoes.com/m/1097245-hamlet/
56%
5.8
47%
3.0
10,232
tt0210075
https://www.rottentomatoes.com/m/girlfight/
87%
7.3
74%
3.5
11,782
tt0240913
https://www.rottentomatoes.com/m/under_the_sand/
94%
7.5
83%
3.7
4,062
tt0203540
https://www.rottentomatoes.com/m/greenfingers/
46%
5.2
67%
3.5
5,433
38.26user 3.01system 4:58.36elapsed 13%CPU (0avgtext+0avgdata 67812maxresident)k
680inputs+72outputs (0major+18305minor)pagefaults 0swaps
