tt0385726
https://www.rottentomatoes.com/m/1155467-glory_road/
55%
5.9
81%
3.6
338,508
tt0452637
https://www.rottentomatoes.com/m/lady_in_the_water/
24%
4.2
49%
2.9
419,271
tt0454841
https://www.rottentomatoes.com/m/hills_have_eyes/
49%
5.3
58%
3.1
392,225
tt0455967
https://www.rottentomatoes.com/m/john_tucker_must_die/
26%
4.3
69%
3.5
550,777
tt0420223
https://www.rottentomatoes.com/m/stranger_than_fiction/
72%
6.8
85%
3.6
401,234
tt0443543
https://www.rottentomatoes.com/m/illusionist/
74%
6.9
83%
3.8
416,601
tt0420294
https://www.rottentomatoes.com/m/the_texas_chainsaw_massacre_the_beginning/
12%
3.4
53%
3.1
491,394
tt0433386
https://www.rottentomatoes.com/m/grudge_2/
10%
3.4
40%
2.8
253,346
tt0421206
https://www.rottentomatoes.com/m/gridiron_gang/
42%
5.7
81%
3.7
286,656
tt0408985
https://www.rottentomatoes.com/m/10004662-last_holiday/
55%
5.8
67%
3.3
372,854
18.79user 0.27system 8:30.73elapsed 3%CPU (0avgtext+0avgdata 69856maxresident)k
0inputs+56outputs (0major+19991minor)pagefaults 0swaps
