tt2024544
https://www.rottentomatoes.com/m/12_years_a_slave/
96%
9
90%
4.3
137,495
tt1621039
https://www.rottentomatoes.com/m/free_birds_2013/
17%
4.2
44%
3.2
39,925
tt1428538
https://www.rottentomatoes.com/m/hansel_and_gretel_witch_hunters/
15%
4
54%
3.4
98,267
tt1288558
https://www.rottentomatoes.com/m/the_evil_dead_2013
61%
6.1
63%
3.5
76,391
tt1821694
https://www.rottentomatoes.com/m/red_2/
43%
5.4
63%
3.6
92,968
tt2609758
https://www.rottentomatoes.com/m/tyler_perrys_a_madea_christmas_2013/
18%
3.8
70%
3.8
53,269
tt2070862
https://www.rottentomatoes.com/m/temptation_2013/
15%
3.6
66%
3.7
35,669
tt1911644
https://www.rottentomatoes.com/m/the_call_2013/
44%
5.2
65%
3.7
54,096
tt1980209
https://www.rottentomatoes.com/m/pain_and_gain/
49%
5.3
47%
3.1
84,969
tt1321870
https://www.rottentomatoes.com/m/gangster_squad_2012/
31%
5
57%
3.4
127,892
22.06user 0.22system 2:58.23elapsed 12%CPU (0avgtext+0avgdata 69360maxresident)k
0inputs+64outputs (0major+19040minor)pagefaults 0swaps
