tt1698641
https://www.rottentomatoes.com/m/alexander_and_the_terrible_horrible_no_good_very_bad_day/
61%
5.7
58%
3.5
37,429
tt2239832
https://www.rottentomatoes.com/m/think_like_a_man_too/
23%
4.6
60%
3.6
40,116
tt1528100
https://www.rottentomatoes.com/m/exodus_gods_and_kings/
27%
4.9
35%
2.8
59,723
tt1821658
https://www.rottentomatoes.com/m/the_nut_job/
10%
3.9
44%
3.1
38,459
tt2528814
https://www.rottentomatoes.com/m/gods_not_dead/
15%
2.8
77%
3.9
40,780
tt3210686
https://www.rottentomatoes.com/m/son_of_god_2014/
21%
4.7
73%
3.9
41,591
tt2980706
https://www.rottentomatoes.com/m/planes_fire_and_rescue/
44%
5.2
56%
3.5
21,991
tt2278388
https://www.rottentomatoes.com/m/the_grand_budapest_hotel/
92%
8.4
86%
4.1
94,542
tt1234721
https://www.rottentomatoes.com/m/1200731-robocop/
49%
5.6
50%
3.3
126,770
tt0829150
https://www.rottentomatoes.com/m/dracula_untold/
22%
4.4
58%
3.5
48,873
26.20user 0.34system 4:37.96elapsed 9%CPU (0avgtext+0avgdata 71264maxresident)k
56inputs+80outputs (4major+21821minor)pagefaults 0swaps
