tt0290095
https://www.rottentomatoes.com/m/tuxedo/
22%
4.4
30%
2.5
220,528
tt0280030
https://www.rottentomatoes.com/m/return_to_never_land/
46%
5.4
38%
3.1
19,375
tt0265298
https://www.rottentomatoes.com/m/big_fat_liar/
42%
4.9
44%
2.9
399,943
tt0183649
https://www.rottentomatoes.com/m/phone_booth/
71%
6.5
64%
3.1
410,333
tt0289043
https://www.rottentomatoes.com/m/28_days_later/
87%
7.4
85%
3.6
480,685
tt0253754
https://www.rottentomatoes.com/m/star_trek_nemesis/
37%
5.2
49%
3.1
74,621
tt0253556
https://www.rottentomatoes.com/m/reign_of_fire/
40%
5.2
49%
3.0
131,895
tt0274558
https://www.rottentomatoes.com/m/hours/
81%
7.4
84%
3.7
85,432
tt0257756
https://www.rottentomatoes.com/m/high_crimes/
31%
5
50%
3.1
38,753
tt0281358
https://www.rottentomatoes.com/m/walk_to_remember/
27%
4.1
78%
3.3
31,401,681
10.71user 0.18system 2:17.93elapsed 7%CPU (0avgtext+0avgdata 69140maxresident)k
408inputs+64outputs (6major+19778minor)pagefaults 0swaps
