tt1222815
https://www.rottentomatoes.com/m/chimpanzee_2012/
74%
6.4
75%
3.9
97,989
tt1195478
https://www.rottentomatoes.com/m/the_five_year_engagement/
63%
6.2
52%
3.3
266,756
tt1371111
https://www.rottentomatoes.com/m/cloud_atlas_2012/
66%
6.6
66%
3.6
186,423
tt1598828
https://www.rottentomatoes.com/m/one_for_the_money/
2%
2.9
42%
3.0
36,788
tt1712170
https://www.rottentomatoes.com/m/alex_cross/
11%
3.5
47%
3.1
44,565
tt2215719
https://www.rottentomatoes.com/m/katy_perry_part_of_me/
76%
6.5
72%
3.8
47,059
tt1876451
https://www.rottentomatoes.com/m/sparkle_2012/
57%
5.7
65%
3.8
42,250
tt1935179
https://www.rottentomatoes.com/m/mud_2012/
98%
8
80%
3.9
86,609
tt1817273
https://www.rottentomatoes.com/m/the_place_beyond_the_pines_2012/
80%
7.3
75%
3.8
71,822
tt1547234
https://www.rottentomatoes.com/m/premium_rush/
75%
6.4
60%
3.5
131,944
25.11user 0.22system 2:53.72elapsed 14%CPU (0avgtext+0avgdata 70816maxresident)k
0inputs+56outputs (0major+20138minor)pagefaults 0swaps
