tt1620719
https://www.rottentomatoes.com/m/dabangg_2010/
empty
lass="smaller bold hidden-xs superPageFontColor" style="padding-left:5px;line-height:12px">liked it<
61%
3.5
1,935
tt1013860
https://www.rottentomatoes.com/m/dead-of-night-2009/
8%
3.2
29%
2.7
15,284
tt1573072
https://www.rottentomatoes.com/m/house_full/
empty
lass="smaller bold hidden-xs superPageFontColor" style="padding-left:5px;line-height:12px">liked it<
43%
3.0
1,385
tt1562859
https://www.rottentomatoes.com/m/golmaal_3/
40%
4.5
50%
3.1
985
tt0896872
https://www.rottentomatoes.com/m/the_whistleblower/
74%
6.5
71%
3.6
12,363
tt1371155
https://www.rottentomatoes.com/m/made_in_dagenham/
80%
6.8
75%
3.6
19,245
tt1572311
https://www.rottentomatoes.com/m/tees_maar_khan_2010/
empty
lass="smaller bold hidden-xs superPageFontColor" style="padding-left:5px;line-height:12px">liked it<
18%
1.9
1,993
tt1313092
https://www.rottentomatoes.com/m/animal_kingdom/
95%
8
83%
3.9
29,346
tt1194417
https://www.rottentomatoes.com/m/casino-jack/
38%
5.4
34%
2.9
11,540
tt1462758
https://www.rottentomatoes.com/m/buried/
87%
7.3
64%
3.4
63,431
25.40user 0.32system 4:20.38elapsed 9%CPU (0avgtext+0avgdata 75376maxresident)k
0inputs+72outputs (0major+20901minor)pagefaults 0swaps
