tt1034331
https://www.rottentomatoes.com/m/righteous_kill/
19%
4.1
37%
3.1
90,325
tt0758774
https://www.rottentomatoes.com/m/10009225-body_of_lies/
54%
5.8
62%
3.5
129,592
tt0947802
https://www.rottentomatoes.com/m/1196215-lakeview_terrace/
45%
5.5
39%
3.1
138,920
tt1073498
https://www.rottentomatoes.com/m/meet_the_spartans/
2%
1.9
25%
2.3
245,378
tt0481536
https://www.rottentomatoes.com/m/harold_and_kumar_2/
53%
5.5
60%
3.4
377,658
tt0486578
https://www.rottentomatoes.com/m/first_sunday/
13%
3.8
57%
3.2
180,631
tt0416212
https://www.rottentomatoes.com/m/secret_life_of_bees/
58%
5.9
78%
3.7
111,623
tt1142798
https://www.rottentomatoes.com/m/the-family-that-preys/
51%
5.8
61%
3.6
50,255
tt0452608
https://www.rottentomatoes.com/m/death_race/
43%
4.8
61%
3.5
207,325
tt0824747
https://www.rottentomatoes.com/m/1191742_changeling/
62%
6.3
82%
3.8
226,539
21.56user 0.28system 3:06.86elapsed 11%CPU (0avgtext+0avgdata 69848maxresident)k
0inputs+64outputs (0major+20083minor)pagefaults 0swaps
