tt0298744
https://www.rottentomatoes.com/m/auto_focus/
72%
6.7
60%
3.2
5,936
tt0238924
https://www.rottentomatoes.com/m/dangerous_lives_of_altar_boys/
77%
6.5
79%
3.6
16,342
tt0278731
https://www.rottentomatoes.com/m/1120292-spider/
85%
7.5
68%
3.4
20,906
tt0314725
https://www.rottentomatoes.com/m/standing_in_the_shadows_of_motown/
92%
7.5
90%
4.0
3,176
tt0273435
https://www.rottentomatoes.com/m/ararat/
55%
6.3
71%
3.6
4,591
tt0303785
https://www.rottentomatoes.com/m/bollywoodhollywood/
40%
5
58%
3.2
6,233
tt0303353
https://www.rottentomatoes.com/m/kid_stays_in_the_picture/
92%
7.7
79%
3.7
4,633
tt0298856
https://www.rottentomatoes.com/m/evelyn/
64%
6.1
78%
3.6
7,874
tt0309912
https://www.rottentomatoes.com/m/1119037-nicholas_nickleby/
77%
6.8
75%
3.6
9,848
tt0299117
https://www.rottentomatoes.com/m/roger_dodger/
88%
7.4
76%
3.6
8,127
10.87user 0.26system 2:25.70elapsed 7%CPU (0avgtext+0avgdata 72076maxresident)k
128inputs+56outputs (0major+20092minor)pagefaults 0swaps
