tt1311067
https://www.rottentomatoes.com/m/h2_halloween_2/
19%
3.7
45%
3.1
385,437
tt1130080
https://www.rottentomatoes.com/m/1200661-informant/
79%
6.8
43%
2.6
359,025
tt0844708
https://www.rottentomatoes.com/m/1205377-last_house_on_the_left/
42%
4.8
52%
2.7
1,003,483
tt1234548
https://www.rottentomatoes.com/m/men_who_stare_at_goats/
52%
5.7
39%
3.0
238,885
tt1022603
https://www.rottentomatoes.com/m/500_days_of_summer/
86%
7.6
84%
3.8
395,358
tt0465580
https://www.rottentomatoes.com/m/10010066-push/
23%
4.3
42%
2.6
2,026,290
tt0472033
https://www.rottentomatoes.com/m/1205483_nine/
57%
5.9
55%
3.4
281,693
tt0821642
https://www.rottentomatoes.com/m/soloist/
56%
5.9
56%
3.4
263,236
tt0433362
https://www.rottentomatoes.com/m/daybreakers/
67%
6.1
49%
3.2
208,985
tt1314228
