tt0489237
https://www.rottentomatoes.com/m/nanny_diaries/
34%
4.9
51%
3.2
142,139
tt0419984
https://www.rottentomatoes.com/m/mr_woodcock/
13%
4
32%
2.8
246,537
tt0884328
https://www.rottentomatoes.com/m/mist/
73%
6.6
65%
3.3
197,413
tt0479500
https://www.rottentomatoes.com/m/nancy_drew/
50%
5.5
59%
3.4
150,334
tt0444682
https://www.rottentomatoes.com/m/reaping/
8%
3.5
49%
3.2
78,882
tt0462322
https://www.rottentomatoes.com/m/grindhouse/
83%
7.4
87%
3.9
329,842
tt0386032
https://www.rottentomatoes.com/m/sicko/
91%
7.7
87%
3.8
250,631
tt0445922
https://www.rottentomatoes.com/m/across_the_universe/
53%
5.8
82%
3.9
333,187
tt0457433
https://www.rottentomatoes.com/m/1171939-perfect_stranger/
11%
3.5
51%
3.2
336,412
tt0425112
https://www.rottentomatoes.com/m/hot_fuzz/
91%
7.7
89%
4.0
563,433
19.19user 0.29system 4:03.76elapsed 7%CPU (0avgtext+0avgdata 70648maxresident)k
0inputs+72outputs (0major+20646minor)pagefaults 0swaps
