tt1839492
https://www.rottentomatoes.com/m/ruby_sparks/
79%
7.1
75%
3.7
35,972
tt2112131
https://www.rottentomatoes.com/m/dabangg_2_2012/
empty
lass="smaller bold hidden-xs superPageFontColor" style="padding-left:5px;line-height:12px">liked it<
49%
3.2
601
tt1673697
https://www.rottentomatoes.com/m/the_sapphires_2012/
91%
6.9
76%
3.8
13,179
tt2309788
https://www.rottentomatoes.com/m/the_gatekeepers_2012/
93%
8.3
79%
3.9
10,427
tt2125666
https://www.rottentomatoes.com/m/the_queen_of_versailles/
94%
8
73%
3.7
15,571
tt2059255
https://www.rottentomatoes.com/m/no_2012/
93%
7.7
79%
3.8
12,544
tt2150332
https://www.rottentomatoes.com/m/renoir_2012/
69%
6.5
53%
3.4
5,283
tt2077851
https://www.rottentomatoes.com/m/sleepwalk_with_me_2012/
84%
7.2
71%
3.6
23,408
tt2053425
https://www.rottentomatoes.com/m/de_rouille_et_dos_2012/
82%
7.5
80%
3.8
21,043
tt1849718
https://www.rottentomatoes.com/m/agneepath_2012/
100%
7.7
61%
3.5
2,069
23.90user 0.36system 3:32.04elapsed 11%CPU (0avgtext+0avgdata 73012maxresident)k
8inputs+72outputs (0major+20351minor)pagefaults 0swaps
