tt0421715
https://www.rottentomatoes.com/m/curious_case_of_benjamin_button/
72%
7.1
80%
3.7
689,333
tt0369436
https://www.rottentomatoes.com/m/four_christmases/
25%
4.3
47%
3.2
254,302
tt0397892
https://www.rottentomatoes.com/m/bolt/
89%
7.2
74%
3.6
314,456
tt0942385
https://www.rottentomatoes.com/m/tropic_thunder/
82%
7.1
70%
3.5
295,098
tt0960731
https://www.rottentomatoes.com/m/bedtime_stories/
25%
4.4
55%
3.4
216,174
tt0859163
https://www.rottentomatoes.com/m/mummy_tomb_of_the_dragon_emperor/
12%
3.7
30%
2.9
340,231
tt0373051
https://www.rottentomatoes.com/m/10008588-journey_3d/
61%
6
51%
3.2
255,984
tt1059786
https://www.rottentomatoes.com/m/eagle_eye/
26%
4.6
62%
3.6
307,092
tt0838283
https://www.rottentomatoes.com/m/1193743-step_brothers/
55%
5.5
69%
3.6
364,553
tt0960144
https://www.rottentomatoes.com/m/you_dont_mess_with_the_zohan/
38%
4.7
45%
3.1
410,145
19.04user 0.25system 3:24.84elapsed 9%CPU (0avgtext+0avgdata 69488maxresident)k
0inputs+64outputs (0major+20342minor)pagefaults 0swaps
