tt0367089
https://www.rottentomatoes.com/m/squid_and_the_whale/
93%
7.9
81%
3.7
78,283
tt0436078
https://www.rottentomatoes.com/m/aristocrats/
79%
7.1
61%
3.2
86,942
tt0366627
https://www.rottentomatoes.com/m/jacket/
44%
5.5
73%
3.5
78,774
tt0356680
https://www.rottentomatoes.com/m/family_stone/
52%
5.8
63%
3.2
403,576
tt0373416
https://www.rottentomatoes.com/m/underclassman/
6%
2.9
34%
2.7
39,591
tt0369226
https://www.rottentomatoes.com/m/alone_in_the_dark/
1%
1.7
10%
2.0
57,882
tt0412080
https://www.rottentomatoes.com/m/worlds_fastest_indian/
82%
6.9
89%
3.8
35,635
tt0419294
https://www.rottentomatoes.com/m/three_burials_of_melquiades_estrada/
85%
7.5
81%
3.7
33,531
tt0380389
https://www.rottentomatoes.com/m/1158528-goal/
44%
5.2
77%
3.7
96,305
tt0373469
https://www.rottentomatoes.com/m/kiss_kiss_bang_bang/
85%
7.5
87%
3.7
202,435
17.90user 0.25system 3:33.90elapsed 8%CPU (0avgtext+0avgdata 71528maxresident)k
0inputs+64outputs (0major+20412minor)pagefaults 0swaps
