tt0180734
https://www.rottentomatoes.com/m/hardball/
39%
4.7
70%
3.3
55,217
tt0251075
https://www.rottentomatoes.com/m/1108206-evolution/
42%
4.9
48%
2.9
258,754
tt0277371
https://www.rottentomatoes.com/m/not_another_teen_movie/
29%
4
55%
3.0
442,290
tt0263488
https://www.rottentomatoes.com/m/jeepers_creepers/
45%
5.1
48%
2.9
391,497
tt0271027
https://www.rottentomatoes.com/m/kiss_of_the_dragon/
51%
5.2
68%
3.3
66,171
tt0265632
https://www.rottentomatoes.com/m/recess_schools_out/
61%
5.8
55%
3.2
9,162
tt0247425
https://www.rottentomatoes.com/m/in_the_bedroom/
93%
7.9
81%
3.7
19,954
tt0265087
https://www.rottentomatoes.com/m/black_knight/
14%
3.4
34%
2.6
169,050
tt0250720
https://www.rottentomatoes.com/m/see_spot_run/
23%
3.7
44%
2.8
36,788
tt0211915
https://www.rottentomatoes.com/m/amelie/
89%
8.1
95%
4.2
467,130
12.52user 0.24system 2:25.23elapsed 8%CPU (0avgtext+0avgdata 69592maxresident)k
216inputs+48outputs (5major+19760minor)pagefaults 0swaps
