tt0323298
https://www.rottentomatoes.com/m/1132642-mother/
78%
7
62%
3.4
3,109
tt0335563
https://www.rottentomatoes.com/m/wonderland/
34%
5
66%
3.3
17,986
tt0285861
https://www.rottentomatoes.com/m/owning_mahowny/
79%
7
75%
3.5
6,458
tt0325123
https://www.rottentomatoes.com/m/bright_young_things/
65%
6.3
68%
3.4
6,404
tt0332658
https://www.rottentomatoes.com/m/intermission/
73%
6.6
76%
3.6
10,372
tt0363226
https://www.rottentomatoes.com/m/zatoichi_2003/
86%
7.2
88%
3.9
39,311
tt0344604
https://www.rottentomatoes.com/m/apres_vous/
57%
6
66%
3.5
3,633
tt0345551
https://www.rottentomatoes.com/m/latter_days/
43%
5.4
79%
3.9
11,149
tt0337930
https://www.rottentomatoes.com/m/nicotina/
45%
5.6
73%
3.7
2,724
tt0289635
https://www.rottentomatoes.com/m/young_adam/
62%
6.3
50%
3.1
8,331
15.69user 0.26system 2:36.03elapsed 10%CPU (0avgtext+0avgdata 73244maxresident)k
80inputs+56outputs (0major+21114minor)pagefaults 0swaps
