tt0168629
https://www.rottentomatoes.com/m/dancer_in_the_dark/
68%
6.7
91%
4.1
57,322
tt0174336
https://www.rottentomatoes.com/m/whipped/
13%
3.2
32%
2.4
4,592
tt0216800
https://www.rottentomatoes.com/m/with_a_friend_like_harry/
96%
7.5
79%
3.6
4,427
tt0180093
https://www.rottentomatoes.com/m/requiem_for_a_dream/
78%
7.4
93%
4.1
326,322
tt0188160
https://www.rottentomatoes.com/m/price_of_glory/
33%
4.8
76%
3.8
1,375
tt0213847
https://www.rottentomatoes.com/m/1101561-1101561-malena/
55%
5.6
85%
3.8
29,249
tt0268575
https://www.rottentomatoes.com/m/ride-2000/
empty
lass="meter noScore superPageFontColor">No Score Yet<
empty
N
4
tt0210567
https://www.rottentomatoes.com/m/1100122-beautiful/
16%
3.1
55%
3.0
10,404
tt0191636
https://www.rottentomatoes.com/m/widow_of_st_pierre/
88%
7.2
77%
3.6
3,314
tt0210299
https://www.rottentomatoes.com/m/songcatcher/
74%
6.3
78%
3.6
2,451
9.68user 0.20system 2:24.21elapsed 6%CPU (0avgtext+0avgdata 70832maxresident)k
0inputs+56outputs (0major+19898minor)pagefaults 0swaps
