tt1188996
https://www.rottentomatoes.com/m/my_name_is_khan/
82%
6.5
82%
4.0
19,808
tt1588337
https://www.rottentomatoes.com/m/of_gods_and_men/
92%
8.1
76%
3.7
14,852
tt1017451
https://www.rottentomatoes.com/m/the_runaways/
68%
6.2
55%
3.3
86,032
tt1587707
https://www.rottentomatoes.com/m/exit_through_the_gift_shop/
96%
8.1
91%
4.2
24,142
tt1182350
https://www.rottentomatoes.com/m/you_will_meet_a_tall_dark_stranger/
45%
5.4
33%
2.9
18,772
tt1584016
https://www.rottentomatoes.com/m/catfish/
80%
7.1
70%
3.5
25,513
tt1431181
https://www.rottentomatoes.com/m/another_year_2010/
92%
8.2
74%
3.6
20,541
tt1568150
https://www.rottentomatoes.com/m/joan-rivers-a-piece-of-work/
91%
7.6
82%
3.8
12,324
tt1462054
https://www.rottentomatoes.com/m/letters_to_god/
25%
4.2
74%
3.9
19,653
tt1531663
https://www.rottentomatoes.com/m/everything_must_go/
75%
6.7
53%
3.2
20,851
24.74user 0.31system 4:34.97elapsed 9%CPU (0avgtext+0avgdata 71708maxresident)k
0inputs+80outputs (0major+20102minor)pagefaults 0swaps
