tt1219342
https://www.rottentomatoes.com/m/legend_of_the_guardians/
50%
5.7
63%
3.5
70,432
tt1591095
https://www.rottentomatoes.com/m/insidious/
66%
6
62%
3.5
129,510
tt1055292
https://www.rottentomatoes.com/m/10012044-life_as_we_know_it/
28%
4.6
61%
3.5
82,152
tt0892318
https://www.rottentomatoes.com/m/letters_to_juliet/
40%
5.1
61%
3.1
257,998
tt1027718
https://www.rottentomatoes.com/m/wall_street_money_never_sleeps/
55%
5.9
44%
3.1
110,592
tt1424381
https://www.rottentomatoes.com/m/10012256-predators/
64%
5.8
51%
3.2
159,163
tt1433813
https://www.rottentomatoes.com/m/hubble_3d/
86%
7.8
86%
4.1
16,767
tt1231587
https://www.rottentomatoes.com/m/hot_tub_time_machine/
63%
6.1
56%
3.3
166,753
tt1250777
https://www.rottentomatoes.com/m/1217700-kick_ass/
76%
7.1
81%
3.9
284,283
tt1103153
https://www.rottentomatoes.com/m/killers_2010/
11%
3.3
41%
3.1
139,371
25.25user 0.38system 4:33.45elapsed 9%CPU (0avgtext+0avgdata 69812maxresident)k
0inputs+88outputs (0major+20059minor)pagefaults 0swaps
