tt2339741
https://www.rottentomatoes.com/m/the_woman_in_black_2_angel_of_death/
21%
4.5
25%
2.5
17,604
tt1800246
https://www.rottentomatoes.com/m/that_awkward_moment/
23%
4.1
46%
3.2
43,457
tt0365907
https://www.rottentomatoes.com/m/a_walk_among_the_tombstones/
65%
6.2
53%
3.3
37,218
tt1065073
https://www.rottentomatoes.com/m/boyhood/
98%
9.2
81%
4.0
86,830
tt2784678
https://www.rottentomatoes.com/m/top_five/
86%
7.2
64%
3.5
25,858
tt2402157
https://www.rottentomatoes.com/m/the_november_man/
34%
4.6
46%
3.2
19,846
tt2318092
https://www.rottentomatoes.com/m/endless_love_2014/
15%
3.9
58%
3.5
25,112
tt1921064
https://www.rottentomatoes.com/m/pompeii_2013/
27%
4.4
34%
2.9
46,322
tt2209764
https://www.rottentomatoes.com/m/transcendence_2014/
20%
4.6
37%
2.9
63,844
tt2883434
https://www.rottentomatoes.com/m/black_or_white/
40%
5.3
65%
3.7
16,058
27.61user 0.50system 4:15.39elapsed 11%CPU (0avgtext+0avgdata 71900maxresident)k
6712inputs+88outputs (43major+20691minor)pagefaults 0swaps
