tt0272020
https://www.rottentomatoes.com/m/last_castle/
52%
5.5
74%
3.4
45,683
tt0221218
https://www.rottentomatoes.com/m/glass_house/
21%
4.3
39%
2.8
58,107
tt0273799
https://www.rottentomatoes.com/m/max_keebles_big_move/
29%
4.3
38%
2.7
19,852
tt0202470
https://www.rottentomatoes.com/m/rock_star/
52%
5.4
59%
3.1
61,216
tt0250224
https://www.rottentomatoes.com/m/crazy-beautiful/
63%
5.7
69%
3.1
64,368
tt0218922
https://www.rottentomatoes.com/m/original_sin/
12%
3.4
61%
3.1
52,703
tt0184791
https://www.rottentomatoes.com/m/o/
64%
6.1
58%
3.0
36,005
tt0233142
https://www.rottentomatoes.com/m/3000_miles_to_graceland/
14%
3.5
46%
2.9
73,023
tt0264796
https://www.rottentomatoes.com/m/life_as_a_house/
47%
5.3
88%
3.8
56,971
tt0236348
https://www.rottentomatoes.com/m/josie_and_the_pussycats/
53%
5.2
51%
2.6
71,486
10.71user 0.24system 2:23.62elapsed 7%CPU (0avgtext+0avgdata 71920maxresident)k
0inputs+64outputs (0major+20344minor)pagefaults 0swaps
