tt1078588
https://www.rottentomatoes.com/m/10010662-my_sisters_keeper/
49%
5.6
72%
3.4
365,189
tt0929632
https://www.rottentomatoes.com/m/precious/
91%
7.8
81%
3.6
140,787
tt0834001
https://www.rottentomatoes.com/m/underworld_rise_of_the_lycans/
29%
4.3
63%
3.6
232,123
tt1093908
https://www.rottentomatoes.com/m/confessions_of_a_shopaholic/
25%
4.4
48%
3.2
291,850
tt0380510
https://www.rottentomatoes.com/m/1189344-lovely_bones/
31%
5
52%
3.2
373,068
tt1045778
https://www.rottentomatoes.com/m/year_one/
15%
3.9
23%
2.5
336,833
tt1139668
https://www.rottentomatoes.com/m/10010150-unborn/
10%
3.2
30%
2.7
831,761
tt0762125
https://www.rottentomatoes.com/m/planet_51/
21%
4.2
39%
2.8
356,951
tt1127180
https://www.rottentomatoes.com/m/drag_me_to_hell/
92%
7.6
62%
3.0
846,035
tt1148204
https://www.rottentomatoes.com/m/10010658-orphan/
55%
5.5
63%
3.1
872,187
23.77user 0.31system 6:28.52elapsed 6%CPU (0avgtext+0avgdata 70092maxresident)k
0inputs+112outputs (0major+20248minor)pagefaults 0swaps
