tt0387514
https://www.rottentomatoes.com/m/prime/
50%
5.7
53%
3.1
91,729
tt0367652
https://www.rottentomatoes.com/m/deuce_bigelow_european_gigolo/
9%
2.8
33%
2.6
193,958
tt0410097
https://www.rottentomatoes.com/m/hustle_and_flow/
82%
7.3
82%
3.6
119,952
tt0391304
https://www.rottentomatoes.com/m/lot_like_love/
41%
5
77%
3.5
76,650
tt0418819
https://www.rottentomatoes.com/m/land_of_the_dead/
73%
6.6
51%
3.1
137,213
tt0398712
https://www.rottentomatoes.com/m/assault_on_precinct_13/
60%
5.9
48%
3.1
94,339
tt0361089
https://www.rottentomatoes.com/m/valiant/
31%
5
29%
2.8
37,172
tt0395251
https://www.rottentomatoes.com/m/producers_the_movie_musical/
50%
5.8
63%
3.1
281,112
tt0257516
https://www.rottentomatoes.com/m/1142569-cursed/
16%
3.4
30%
2.7
55,833
tt0331933
https://www.rottentomatoes.com/m/man_of_the_house/
9%
3.4
46%
3.0
61,546
20.30user 0.32system 2:52.90elapsed 11%CPU (0avgtext+0avgdata 71820maxresident)k
0inputs+56outputs (0major+20358minor)pagefaults 0swaps
