tt1390411
https://www.rottentomatoes.com/m/in_the_heart_of_the_sea/
43%
5.5
54%
3.4
39,920
tt2309260
https://www.rottentomatoes.com/m/the_gallows/
16%
3.2
23%
2.3
13,046
tt2679042
https://www.rottentomatoes.com/m/hitman_agent_47/
8%
3.7
41%
3.0
39,211
tt2436386
https://www.rottentomatoes.com/m/project_almanac/
35%
4.7
45%
3.2
28,464
tt1243974
https://www.rottentomatoes.com/m/aloha_2015/
19%
4.3
28%
2.6
29,398
tt2872750
https://www.rottentomatoes.com/m/shaun_the_sheep_movie/
99%
8.1
80%
3.9
21,831
tt2057392
https://www.rottentomatoes.com/m/eye_in_the_sky/
95%
7.5
83%
3.9
30,045
tt2473510
https://www.rottentomatoes.com/m/paranormal_activity_the_ghost_dimension/
13%
3.5
28%
2.5
24,950
tt2080374
https://www.rottentomatoes.com/m/steve_jobs_2015/
86%
7.6
74%
3.7
41,315
tt3168230
https://www.rottentomatoes.com/m/mr_holmes/
88%
7.2
71%
3.7
31,840
25.73user 0.40system 3:46.63elapsed 11%CPU (0avgtext+0avgdata 71328maxresident)k
0inputs+72outputs (0major+20224minor)pagefaults 0swaps
