tt4285496
https://www.rottentomatoes.com/m/embrace_of_the_serpent/
98%
8.4
85%
4.1
7,660
tt4242158
https://www.rottentomatoes.com/m/lost_in_hong_kong/
60%
6
56%
3.3
756
tt2415458
https://www.rottentomatoes.com/m/the_wolfpack/
85%
7.1
69%
3.6
8,306
tt5061814
https://www.rottentomatoes.com/m/goodbye_mr_loser/
empty
lass="smaller bold hidden-xs superPageFontColor" style="padding-left:5px;line-height:12px">liked it<
80%
4.0
101
tt2433040
https://www.rottentomatoes.com/m/771415998/quotes/
empty
empty
empty
empty
empty
tt1014763
https://www.rottentomatoes.com/m/child_44/
26%
4.8
42%
3.1
11,662
tt2245003
https://www.rottentomatoes.com/m/miss_you_already/
69%
6.1
69%
3.7
8,672
tt3864024
https://www.rottentomatoes.com/m/lazer_team/
56%
4.8
74%
3.9
3,889
tt1517471
https://www.rottentomatoes.com/m/dough/
59%
5.8
61%
3.5
1,262
tt3549206
https://www.rottentomatoes.com/m/the_music_of_strangers_yo_yo_ma_and_the_silk_road_ensemble/
84%
7.3
91%
4.1
1,977
24.38user 0.37system 3:44.24elapsed 11%CPU (0avgtext+0avgdata 69776maxresident)k
24inputs+64outputs (3major+19038minor)pagefaults 0swaps
