tt1521848
https://www.rottentomatoes.com/m/potiche/
83%
6.7
61%
3.4
4,052
tt1424432
https://www.rottentomatoes.com/m/senna/
92%
7.9
95%
4.4
17,661
tt1198101
https://www.rottentomatoes.com/m/kites/
80%
6.2
52%
3.0
14,794
tt1741225
https://www.rottentomatoes.com/m/i_am_love/
80%
7.2
68%
3.5
16,018
tt1621444
https://www.rottentomatoes.com/m/bill_cunningham_new_york_2010/
99%
8
92%
4.3
3,936
tt1585558
https://www.rottentomatoes.com/m/guru_bhagwan_his_secretary_and_his_bodyguard/
empty
lass="meter noScore superPageFontColor">No Score Yet<
empty
N
1
tt1020773
https://www.rottentomatoes.com/m/certified_copy/
88%
7.9
70%
3.6
6,449
tt1421046
https://www.rottentomatoes.com/m/no-eres-tu-soy-yo/
empty
lass="smaller bold hidden-xs superPageFontColor" style="padding-left:5px;line-height:12px">liked it<
52%
3.4
861
tt1559549
https://www.rottentomatoes.com/m/restrepo/
96%
8.1
88%
4.1
13,165
tt1291465
https://www.rottentomatoes.com/m/rajneeti/
14%
4.4
64%
3.5
2,035
23.51user 0.34system 4:32.94elapsed 8%CPU (0avgtext+0avgdata 69576maxresident)k
0inputs+80outputs (0major+18979minor)pagefaults 0swaps
