tt0457430
https://www.rottentomatoes.com/m/pans_labyrinth
95%
8.6
91%
4.1
633,569
tt0762121
https://www.rottentomatoes.com/m/nativity_story/
38%
5.3
75%
3.5
82,770
tt0483726
https://www.rottentomatoes.com/m/man_of_the_year/
21%
4.4
45%
3.0
203,394
tt0405469
https://www.rottentomatoes.com/m/wild/
20%
4.5
36%
3.0
215,055
tt0450232
https://www.rottentomatoes.com/m/16_blocks/
56%
5.9
57%
3.2
163,771
tt0384793
https://www.rottentomatoes.com/m/accepted/
37%
5
72%
3.5
360,446
tt0443632
https://www.rottentomatoes.com/m/sentinel/
33%
5
40%
3.1
84,494
tt0475394
https://www.rottentomatoes.com/m/smokin_aces/
29%
4.4
62%
3.3
337,914
tt0206634
https://www.rottentomatoes.com/m/children_of_men/
92%
8
85%
3.7
528,594
tt0790604
https://www.rottentomatoes.com/m/deck_the_halls/
6%
2.9
30%
2.8
55,610
19.76user 0.31system 2:41.68elapsed 12%CPU (0avgtext+0avgdata 67392maxresident)k
0inputs+64outputs (0major+19171minor)pagefaults 0swaps
