tt1951264
https://www.rottentomatoes.com/m/the_hunger_games_catching_fire/
89%
7.5
89%
4.3
422,678
tt1300854
https://www.rottentomatoes.com/m/iron_man_3/
79%
7
79%
4.0
480,287
tt2294629
https://www.rottentomatoes.com/m/frozen_2013/
89%
7.7
86%
4.3
303,455
tt1690953
https://www.rottentomatoes.com/m/despicable_me_2/
73%
6.6
85%
4.2
368,657
tt0770828
https://www.rottentomatoes.com/m/superman_man_of_steel/
55%
6.2
75%
3.9
443,097
tt1454468
https://www.rottentomatoes.com/m/gravity_2013
96%
9
80%
4.0
300,256
tt1453405
https://www.rottentomatoes.com/m/monsters_university/
78%
6.8
81%
4.0
304,141
tt1170358
https://www.rottentomatoes.com/m/the_hobbit_the_desolation_of_smaug/
74%
6.8
85%
4.1
262,368
tt1905041
https://www.rottentomatoes.com/m/fast_and_furious_6/
69%
6.2
83%
4.1
342,288
tt1623205
https://www.rottentomatoes.com/m/oz_the_great_and_powerful/
59%
6
56%
3.4
292,658
22.88user 0.24system 3:04.03elapsed 12%CPU (0avgtext+0avgdata 66528maxresident)k
16inputs+64outputs (0major+18954minor)pagefaults 0swaps
