tt1814621
https://www.rottentomatoes.com/m/admission/
39%
5.5
32%
2.9
33,443
tt1821549
https://www.rottentomatoes.com/m/nebraska/
91%
8.1
83%
4.0
44,264
tt1904996
https://www.rottentomatoes.com/m/parker_2012/
41%
4.8
48%
3.3
35,554
tt2390361
https://www.rottentomatoes.com/m/enough_said_2013/
96%
7.7
75%
3.7
42,631
tt2387433
https://www.rottentomatoes.com/m/dark_skies_2013/
41%
4.9
49%
3.3
28,909
tt2193215
https://www.rottentomatoes.com/m/the_counselor_2013/
35%
5
23%
2.4
41,208
tt1980929
https://www.rottentomatoes.com/m/begin_again_2013/
83%
6.8
81%
3.9
38,611
tt2357129
https://www.rottentomatoes.com/m/jobs/
27%
4.9
40%
3.0
40,822
tt2334649
https://www.rottentomatoes.com/m/fruitvale_station/
94%
8.1
87%
4.1
38,430
tt2194499
https://www.rottentomatoes.com/m/about_time/
69%
6.4
81%
4.0
56,207
22.53user 0.20system 2:44.05elapsed 13%CPU (0avgtext+0avgdata 72572maxresident)k
0inputs+56outputs (0major+20792minor)pagefaults 0swaps
