tt0297445
https://www.rottentomatoes.com/m/ultimate_x_the_movie/
74%
6.8
38%
3.1
57
tt0274812
https://www.rottentomatoes.com/m/secretary/
75%
6.8
82%
3.7
59,972
tt0283900
https://www.rottentomatoes.com/m/lauberge_espagnole/
77%
6.5
86%
3.9
34,511
tt0280477
https://www.rottentomatoes.com/m/better_luck_tomorrow/
81%
7
79%
3.7
8,124
tt0314630
https://www.rottentomatoes.com/m/secret_lives_of_dentists/
85%
7.2
57%
3.2
2,965
tt0255477
https://www.rottentomatoes.com/m/1119026-pinocchio/
0%
2.4
30%
2.6
8,920
tt0298408
https://www.rottentomatoes.com/m/laurel_canyon/
68%
6.4
53%
3.2
9,140
tt0281820
https://www.rottentomatoes.com/m/good_thief-2002/
empty
lass="meter noScore superPageFontColor">No Score Yet<
empty
N
5
tt0283832
https://www.rottentomatoes.com/m/8_women/
79%
7
76%
3.6
22,786
tt0286179
https://www.rottentomatoes.com/m/sunshine_state/
80%
7
56%
3.1
2,522
10.94user 0.24system 2:21.27elapsed 7%CPU (0avgtext+0avgdata 73144maxresident)k
0inputs+48outputs (0major+20487minor)pagefaults 0swaps
