tt1985017
https://www.rottentomatoes.com/m/atlas_shrugged_part_ii/
4%
3
61%
3.5
12,821
tt1990314
https://www.rottentomatoes.com/m/Robot_and_Frank/
86%
7.1
75%
3.7
24,846
tt2359137
https://www.rottentomatoes.com/m/last_ounce_of_courage/
0%
2.5
70%
3.7
7,430
tt1389096
https://www.rottentomatoes.com/m/stand_up_guys/
37%
5.2
46%
3.2
18,250
tt1405365
https://www.rottentomatoes.com/m/celeste_and_jesse_forever/
70%
6.3
62%
3.5
23,688
tt2176013
https://www.rottentomatoes.com/m/jab_tak_hai_jaan/
91%
6.2
67%
3.7
5,906
tt1869425
https://www.rottentomatoes.com/m/filly_brown_2012/
45%
5.6
72%
3.9
3,935
tt2082197
https://www.rottentomatoes.com/m/barfi/
88%
7
86%
4.1
4,827
tt1787988
https://www.rottentomatoes.com/m/talaash/
80%
6.7
64%
3.5
1,802
tt1817676
https://www.rottentomatoes.com/m/girl_in_progress_2012/
30%
4.5
53%
3.5
56,897
22.05user 0.28system 3:24.30elapsed 10%CPU (0avgtext+0avgdata 73448maxresident)k
0inputs+72outputs (0major+20295minor)pagefaults 0swaps
