tt1340138
https://www.rottentomatoes.com/m/terminator_genisys/
25%
4.7
54%
3.3
81,184
tt1850457
https://www.rottentomatoes.com/m/sisters_2015/
60%
5.9
54%
3.3
39,707
tt2974918
https://www.rottentomatoes.com/m/alvin_and_the_chipmunks_the_road_chip/
16%
3.4
52%
3.3
36,500
tt4046784
https://www.rottentomatoes.com/m/maze_runner_the_scorch_trials/
48%
5.4
55%
3.4
61,193
tt2637276
https://www.rottentomatoes.com/m/ted_2/
46%
5.3
51%
3.3
64,366
tt1051904
https://www.rottentomatoes.com/m/goosebumps_2015/
76%
6.3
63%
3.6
50,172
tt2120120
https://www.rottentomatoes.com/m/pixels/
16%
3.8
46%
3.1
68,935
tt2361509
https://www.rottentomatoes.com/m/the_intern/
62%
5.8
74%
3.8
43,790
tt3682448
https://www.rottentomatoes.com/m/bridge_of_spies/
91%
7.7
87%
4.0
63,122
tt3450650
https://www.rottentomatoes.com/m/paul_blart_mall_cop_2/
5%
2.6
34%
2.7
37,165
27.62user 0.38system 4:31.04elapsed 10%CPU (0avgtext+0avgdata 65616maxresident)k
0inputs+80outputs (0major+19715minor)pagefaults 0swaps
