tt0426615
https://www.rottentomatoes.com/m/in_the_mix/
14%
3.2
50%
2.9
101,305
tt0384286
https://www.rottentomatoes.com/m/cry-wolf/
22%
3.9
51%
3.0
69,807
tt0407265
https://www.rottentomatoes.com/m/transamerica/
76%
6.8
83%
3.6
67,940
tt0417415
https://www.rottentomatoes.com/m/aliens_of_the_deep/
84%
7
48%
3.2
4,097
tt0400525
https://www.rottentomatoes.com/m/ice_harvest/
46%
5.5
42%
2.9
60,308
tt0350261
https://www.rottentomatoes.com/m/unfinished_life/
53%
5.9
68%
3.4
60,751
tt0399327
https://www.rottentomatoes.com/m/the-man/
12%
3.3
41%
2.9
85,167
tt0438205
https://www.rottentomatoes.com/m/mad_hot_ballroom/
84%
7.1
83%
3.8
8,337
tt0377107
https://www.rottentomatoes.com/m/proof/
62%
6.5
59%
3.2
88,692
tt0339334
https://www.rottentomatoes.com/m/magic_roundabout_movie/
60%
5.1
49%
3.1
5,662
17.02user 0.26system 3:08.49elapsed 9%CPU (0avgtext+0avgdata 74648maxresident)k
0inputs+64outputs (0major+21253minor)pagefaults 0swaps
