tt0380623
https://www.rottentomatoes.com/m/perfect_man/
6%
3.3
58%
3.2
281,712
tt0416315
https://www.rottentomatoes.com/m/wolf_creek/
53%
5.5
49%
3.0
94,819
tt0348333
https://www.rottentomatoes.com/m/waiting/
31%
4.2
75%
3.4
233,114
tt0451069
https://www.rottentomatoes.com/m/gospel/
32%
4.9
74%
3.5
16,150
tt0388980
https://www.rottentomatoes.com/m/greatest_game_ever_played/
63%
6.2
82%
3.6
62,425
tt0402901
https://www.rottentomatoes.com/m/cave/
11%
3.5
28%
2.8
93,500
tt0412019
https://www.rottentomatoes.com/m/broken_flowers/
88%
7.5
70%
3.3
95,069
tt0373908
https://www.rottentomatoes.com/m/1146572-honeymooners/
13%
3.6
29%
2.8
9,581
tt0402399
https://www.rottentomatoes.com/m/1152954-new_world/
62%
6.7
57%
2.9
147,855
tt0365485
https://www.rottentomatoes.com/m/10004925-matador/
74%
6.7
66%
3.2
73,612
20.06user 0.25system 2:52.96elapsed 11%CPU (0avgtext+0avgdata 71676maxresident)k
0inputs+56outputs (0major+20361minor)pagefaults 0swaps
