tt0377981
https://www.rottentomatoes.com/m/gnomeo-and-juliet/
55%
5.6
54%
3.4
104,461
tt0990407
https://www.rottentomatoes.com/m/green_hornet/
43%
5.2
43%
3.1
116,099
tt1204342
https://www.rottentomatoes.com/m/the_muppets/
96%
8
80%
4.0
89,114
tt0433035
https://www.rottentomatoes.com/m/real_steel/
59%
5.9
73%
3.9
210,914
tt1570728
https://www.rottentomatoes.com/m/771203531/trailers/
empty
empty
empty
empty
empty
tt1217613
https://www.rottentomatoes.com/m/battle-los-angeles/
35%
4.8
48%
3.1
93,348
tt1253864
https://www.rottentomatoes.com/m/immortals_2011/
35%
5
48%
3.2
68,039
tt1033575
https://www.rottentomatoes.com/m/the_descendants_2011/
89%
8.1
79%
3.8
69,324
tt1222817
https://www.rottentomatoes.com/m/zookeeper/
14%
3.4
41%
3.0
44,463
tt1568911
https://www.rottentomatoes.com/m/war_horse/
76%
7
74%
3.8
69,075
48.10user 1.27system 16:24.46elapsed 5%CPU (0avgtext+0avgdata 74088maxresident)k
944inputs+104outputs (0major+21317minor)pagefaults 0swaps
