tt0270259
https://www.rottentomatoes.com/m/business_of_strangers/
80%
6.5
51%
3.1
3,617
tt0208990
https://www.rottentomatoes.com/m/la_stanza_del_figlio/
84%
7.3
82%
3.8
5,365
tt0250202
https://www.rottentomatoes.com/m/all_over_the_guy/
43%
4.9
67%
3.5
4,934
tt0275277
https://www.rottentomatoes.com/m/kauboi_bibappu_tengoku_no_tobira/
64%
6.3
90%
3.9
52,047
tt0186895
https://www.rottentomatoes.com/m/les-boys-3/
empty
lass="smaller bold hidden-xs superPageFontColor" style="padding-left:5px;line-height:12px">liked it<
70%
3.4
3,087
tt0238015
https://www.rottentomatoes.com/m/all_access_front_row_backstage/
75%
6.4
empty
N
271
tt0248617
https://www.rottentomatoes.com/m/yaadein/
empty
lass="smaller bold hidden-xs superPageFontColor" style="padding-left:5px;line-height:12px">liked it<
57%
3.4
4,474
tt0250081
https://www.rottentomatoes.com/m/storytelling/
53%
5.6
68%
3.4
8,934
tt0242994
https://www.rottentomatoes.com/m/va_savoir/
86%
7.2
68%
3.5
1,285
tt0203289
https://www.rottentomatoes.com/m/american_desi/
42%
4.8
74%
3.6
3,020
10.32user 0.20system 2:33.21elapsed 6%CPU (0avgtext+0avgdata 70004maxresident)k
136inputs+56outputs (0major+19836minor)pagefaults 0swaps
