tt0375104
https://www.rottentomatoes.com/m/bobby_jones_stroke_of_genius/
26%
4.6
62%
3.4
3,400
tt0391024
https://www.rottentomatoes.com/m/control_room/
96%
7.8
87%
3.9
6,397
tt0375912
https://www.rottentomatoes.com/m/layer_cake/
81%
7.1
85%
3.7
147,339
tt0389326
https://www.rottentomatoes.com/m/riding_giants/
93%
7.5
94%
4.1
6,658
tt0363532
https://www.rottentomatoes.com/m/intimate_strangers_2003/
86%
7.3
68%
3.4
2,521
tt0369702
https://www.rottentomatoes.com/m/sea_inside/
84%
7.6
92%
4.1
36,335
tt0361309
https://www.rottentomatoes.com/m/we_dont_live_here_anymore/
65%
6.4
54%
3.2
8,757
tt0374583
https://www.rottentomatoes.com/m/look_at_me/
87%
7.6
69%
3.4
4,106
tt0403358
https://www.rottentomatoes.com/m/night_watch_2006/
58%
5.9
72%
3.3
102,253
tt0426155
https://www.rottentomatoes.com/m/ushpizin
94%
7.4
86%
4.0
3,473
17.10user 0.27system 2:43.83elapsed 10%CPU (0avgtext+0avgdata 73584maxresident)k
0inputs+72outputs (0major+21029minor)pagefaults 0swaps
