tt1213585
https://www.rottentomatoes.com/m/good_hair/
95%
7.3
69%
3.5
49,177
tt1331025
https://www.rottentomatoes.com/m/september_issue/
83%
7
71%
3.5
49,544
tt1270286
https://www.rottentomatoes.com/m/to_save_a_life/
33%
4.6
82%
4.1
13,366
tt1352824
https://www.rottentomatoes.com/m/10011774-chloe/
51%
5.8
39%
3.0
30,358
tt1179258
https://www.rottentomatoes.com/m/cheri/
50%
5.7
39%
3.0
13,278
tt1127715
https://www.rottentomatoes.com/m/10009823-sin_nombre/
88%
7.4
88%
4.0
21,040
tt1185431
https://www.rottentomatoes.com/m/1215970-my_one_and_only/
68%
6.3
50%
3.2
16,905
tt1275863
https://www.rottentomatoes.com/m/1215967-love_aaj_kal/
empty
lass="smaller bold hidden-xs superPageFontColor" style="padding-left:5px;line-height:12px">liked it<
59%
3.5
3,648
tt1226774
https://www.rottentomatoes.com/m/in_the_loop/
94%
7.8
81%
3.1
226,489
tt1185836
https://www.rottentomatoes.com/m/1208105-adam/
64%
6
72%
3.6
24,464
25.54user 0.27system 7:19.21elapsed 5%CPU (0avgtext+0avgdata 73132maxresident)k
0inputs+104outputs (0major+20699minor)pagefaults 0swaps
