tt1139797
https://www.rottentomatoes.com/m/let_the_right_one_in/
98%
8.3
90%
4.2
59,779
tt1082886
https://www.rottentomatoes.com/m/wackness/
69%
6.3
72%
3.6
25,247
tt1182937
https://www.rottentomatoes.com/m/10010335-rab_ne_bana_di_jodi/
83%
6.3
70%
3.7
4,259
tt1130088
https://www.rottentomatoes.com/m/is_there_anybody_there/
65%
6.2
55%
3.3
5,786
tt1029120
https://www.rottentomatoes.com/m/henry_poole_is_here/
39%
5.2
52%
3.2
9,408
tt0405393
https://www.rottentomatoes.com/m/rudo_y_cursi/
73%
6.3
66%
3.5
19,352
tt1176244
https://www.rottentomatoes.com/m/valentino_the_last_emperor/
77%
6.8
78%
3.7
10,358
tt0892255
https://www.rottentomatoes.com/m/che_part_two/
80%
6.5
66%
3.6
9,616
tt0977648
https://www.rottentomatoes.com/m/every_little_step/
92%
7.6
87%
4.0
3,028
tt0467017
https://www.rottentomatoes.com/m/talento_de_barrio/
0%
3.6
71%
4.0
754
23.24user 0.31system 3:15.23elapsed 12%CPU (0avgtext+0avgdata 73696maxresident)k
0inputs+64outputs (0major+20955minor)pagefaults 0swaps
