tt0498380
https://www.rottentomatoes.com/m/letters_from_iwo_jima/
91%
8.2
86%
3.8
340,551
tt0433416
https://www.rottentomatoes.com/m/namesake/
87%
7.5
79%
3.7
64,132
tt0430431
https://www.rottentomatoes.com/m/one_night_with_the_king/
19%
4.4
78%
3.8
31,182
tt0436331
https://www.rottentomatoes.com/m/friends_with_money/
72%
6.6
40%
2.8
77,244
tt0454824
https://www.rottentomatoes.com/m/flyboys/
33%
4.9
67%
3.4
88,396
tt0462346
https://www.rottentomatoes.com/m/how_to_eat_fried_worms/
59%
6
47%
3.0
48,465
tt0441909
https://www.rottentomatoes.com/m/volver/
92%
7.8
89%
4.0
71,670
tt0417225
https://www.rottentomatoes.com/m/idlewild/
48%
5.7
66%
3.3
27,700
tt0349467
https://www.rottentomatoes.com/m/freedomland/
23%
4.6
25%
2.7
101,007
tt0383060
https://www.rottentomatoes.com/m/zoom_2006/
3%
3
32%
2.9
11,243
19.46user 0.26system 2:43.70elapsed 12%CPU (0avgtext+0avgdata 70016maxresident)k
0inputs+64outputs (0major+20790minor)pagefaults 0swaps
