tt0273923
https://www.rottentomatoes.com/m/orange_county/
46%
5.2
61%
3.0
174,208
tt0245562
https://www.rottentomatoes.com/m/windtalkers/
32%
5.1
50%
3.2
66,734
tt0276751
https://www.rottentomatoes.com/m/about_a_boy/
94%
7.7
54%
2.8
31,163,672
tt0295427
https://www.rottentomatoes.com/m/master_of_disguise/
1%
2.3
31%
2.3
58,882
tt0300532
https://www.rottentomatoes.com/m/blue_crush/
61%
5.8
58%
2.9
371,303
tt0233469
https://www.rottentomatoes.com/m/1110242-collateral_damage/
19%
4
27%
2.8
79,739
tt0282120
https://www.rottentomatoes.com/m/wild_thornberrys_movie/
80%
6.7
50%
2.8
20,785
tt0120804
https://www.rottentomatoes.com/m/resident_evil/
33%
4.5
68%
3.4
445,696
tt0278435
https://www.rottentomatoes.com/m/1114051-enough/
22%
4
67%
3.1
123,296
tt0279493
https://www.rottentomatoes.com/m/undercover_brother/
77%
6.7
64%
2.8
56,100
11.21user 0.18system 2:25.48elapsed 7%CPU (0avgtext+0avgdata 68872maxresident)k
0inputs+56outputs (0major+19311minor)pagefaults 0swaps
