tt0362120
https://www.rottentomatoes.com/m/scary_movie_4/
37%
4.7
51%
3.1
562,129
tt0427229
https://www.rottentomatoes.com/m/failure_to_launch/
24%
4.6
52%
3.1
438,198
tt0454848
https://www.rottentomatoes.com/m/inside_man/
87%
7.3
85%
3.7
350,456
tt0452681
https://www.rottentomatoes.com/m/santa_clause_3/
15%
3.7
39%
3.1
150,596
tt0400717
https://www.rottentomatoes.com/m/open_season/
48%
5.4
57%
3.4
468,319
tt0413895
https://www.rottentomatoes.com/m/charlottes_web/
78%
7
62%
3.3
379,644
tt0383216
https://www.rottentomatoes.com/m/pink_panther/
22%
4.1
51%
3.0
516,500
tt0397313
https://www.rottentomatoes.com/m/eight_below/
72%
6.5
79%
3.4
374,139
tt0457510
https://www.rottentomatoes.com/m/nacho_libre/
40%
5.1
54%
2.9
416,704
tt0489270
https://www.rottentomatoes.com/m/saw_3/
28%
4.2
71%
3.6
560,195
18.34user 0.27system 2:47.62elapsed 11%CPU (0avgtext+0avgdata 71376maxresident)k
0inputs+56outputs (0major+21041minor)pagefaults 0swaps
