tt0240890
https://www.rottentomatoes.com/m/serendipity/
59%
5.8
79%
3.4
227,869
tt0035423
https://www.rottentomatoes.com/m/kate_and_leopold/
50%
5.3
62%
3.0
189,617
tt0249478
https://www.rottentomatoes.com/m/domestic_disturbance
24%
4
37%
2.9
42,524
tt0196229
https://www.rottentomatoes.com/m/zoolander/
64%
6
80%
3.3
944,066
tt0267804
https://www.rottentomatoes.com/m/the-one/
14%
3.9
51%
3.1
100,598
tt0245674
https://www.rottentomatoes.com/m/thirteen_ghosts/
14%
3.4
49%
3.0
262,358
tt0219965
https://www.rottentomatoes.com/m/bandits/
64%
6.1
58%
3.1
58,673
tt0280707
https://www.rottentomatoes.com/m/gosford_park/
86%
7.5
78%
3.5
48,130
tt0125022
https://www.rottentomatoes.com/m/1105990-heartbreakers/
53%
5.3
51%
2.9
71,151
tt0277027
https://www.rottentomatoes.com/m/i_am_sam/
34%
4.6
87%
3.7
300,674
13.66user 0.28system 2:20.06elapsed 9%CPU (0avgtext+0avgdata 69740maxresident)k
232inputs+48outputs (0major+23131minor)pagefaults 0swaps
