tt0379225
https://www.rottentomatoes.com/m/corporation/
90%
7.4
90%
4.0
22,690
tt0347304
https://www.rottentomatoes.com/m/1135237-kal_ho_naa_ho/
71%
7.2
91%
4.3
30,558
tt0373861
https://www.rottentomatoes.com/m/the_story_of_the_weeping_camel/
94%
7.6
87%
4.0
5,717
tt0266747
https://www.rottentomatoes.com/m/marci_x/
9%
3
28%
2.3
6,102
tt0342167
https://www.rottentomatoes.com/m/camp/
63%
6
68%
3.5
11,324
tt0326977
https://www.rottentomatoes.com/m/the_room_1998/
33%
3.5
46%
2.7
7,837
tt0312549
https://www.rottentomatoes.com/m/veronica_guerin/
53%
5.9
70%
3.5
8,859
tt0276919
https://www.rottentomatoes.com/m/dogville/
70%
6.9
89%
4.0
54,747
tt0322659
https://www.rottentomatoes.com/m/northfork/
56%
6
65%
3.4
4,724
tt0332285
https://www.rottentomatoes.com/m/off-the-map/
70%
6.6
84%
3.8
3,338
18.73user 0.24system 2:36.16elapsed 12%CPU (0avgtext+0avgdata 73508maxresident)k
0inputs+56outputs (0major+20160minor)pagefaults 0swaps
