tt0403016
https://www.rottentomatoes.com/m/supercross/
5%
2.8
61%
3.0
47,210
tt0468565
https://www.rottentomatoes.com/m/tsotsi/
82%
7.4
86%
3.8
39,117
tt0463345
https://www.rottentomatoes.com/m/la_mujer_de_mi_hermano/
20%
4.3
60%
3.0
22,396
tt0418773
https://www.rottentomatoes.com/m/junebug/
86%
7.5
73%
3.4
46,694
tt0343996
https://www.rottentomatoes.com/m/10002516-lost_city/
25%
4.6
64%
3.2
25,922
tt0369994
https://www.rottentomatoes.com/m/1152191-strangers_with_candy/
52%
5.8
55%
2.9
66,050
tt0393109
https://www.rottentomatoes.com/m/brick/
80%
7.1
86%
3.9
104,936
tt0457530
https://www.rottentomatoes.com/m/work_and_the_glory_american_zion/
45%
6
79%
3.8
4,938
tt0380599
https://www.rottentomatoes.com/m/10005499-oliver_twist/
60%
6.3
63%
3.3
23,218
tt0421238
https://www.rottentomatoes.com/m/proposition/
86%
7.3
85%
3.7
68,589
16.09user 0.22system 3:00.78elapsed 9%CPU (0avgtext+0avgdata 73572maxresident)k
0inputs+80outputs (0major+20695minor)pagefaults 0swaps
