tt1521197
https://www.rottentomatoes.com/m/anonymous_2011/
46%
5.5
53%
3.3
20,107
tt1588334
https://www.rottentomatoes.com/m/jeff_who_lives_at_home/
78%
6.7
62%
3.4
44,742
tt1456635
https://www.rottentomatoes.com/m/goon/
82%
6.5
70%
3.7
21,998
tt1899353
https://www.rottentomatoes.com/m/the_raid_redemption/
85%
7.5
87%
4.1
51,465
tt1682181
https://www.rottentomatoes.com/m/bully_2012/
84%
7.1
78%
3.9
42,112
tt1753549
https://www.rottentomatoes.com/m/buck/
89%
7.5
89%
4.2
4,675
tt1723811
https://www.rottentomatoes.com/m/shame_2011/
79%
7.4
75%
3.7
30,408
tt1285241
https://www.rottentomatoes.com/m/don_2/
73%
6.8
72%
3.7
4,510
tt1440266
https://www.rottentomatoes.com/m/pina_3d/
95%
8.3
81%
4.0
8,370
tt1758692
https://www.rottentomatoes.com/m/like_crazy/
72%
6.5
61%
3.4
19,004
27.29user 0.38system 10:16.64elapsed 4%CPU (0avgtext+0avgdata 71752maxresident)k
1984inputs+80outputs (19major+21161minor)pagefaults 0swaps
