tt2170439
https://www.rottentomatoes.com/m/horrible_bosses_2/
34%
4.6
47%
3.2
58,160
tt2980648
https://www.rottentomatoes.com/m/the_hundred_foot_journey/
68%
6.2
81%
4.0
32,092
tt2011159
https://www.rottentomatoes.com/m/no_good_deed_2013/
10%
3.1
55%
3.4
29,430
tt1020072
https://www.rottentomatoes.com/m/selma/
99%
8.7
86%
4.1
59,634
tt2281587
https://www.rottentomatoes.com/m/muppets_most_wanted/
79%
6.8
59%
3.5
64,896
tt1204977
https://www.rottentomatoes.com/m/ouija_2014/
7%
3.3
25%
2.4
29,857
tt0787474
https://www.rottentomatoes.com/m/the_boxtrolls/
75%
7
63%
3.5
46,965
tt1205537
https://www.rottentomatoes.com/m/jack_ryan_shadow_recruit/
56%
5.7
53%
3.4
64,458
tt1355630
https://www.rottentomatoes.com/m/if_i_stay/
35%
5
61%
3.6
48,408
tt2262227
https://www.rottentomatoes.com/m/the_book_of_life_2014/
82%
7
77%
3.9
48,575
25.35user 0.34system 4:22.97elapsed 9%CPU (0avgtext+0avgdata 71596maxresident)k
0inputs+72outputs (0major+20377minor)pagefaults 0swaps
