tt0246772
https://www.rottentomatoes.com/m/mostly_martha/
92%
7.2
89%
4.0
7,952
tt0254099
https://www.rottentomatoes.com/m/anniversary_party/
60%
5.8
58%
3.2
6,428
tt0285441
https://www.rottentomatoes.com/m/atanarjuat_the_fast_runner_2002/
90%
8
83%
3.8
5,454
tt0255055
https://www.rottentomatoes.com/m/china_the_panda_adventure/
42%
5
61%
3.2
993
tt0258038
https://www.rottentomatoes.com/m/pootie_tang/
29%
3.8
63%
2.8
30,348
tt0268690
http://www.rottentomatoes.com/m/thirteen_conversations_about_one_thing/reviews/
empty
empty
empty
empty
empty
tt0266391
https://www.rottentomatoes.com/m/cats_meow/
75%
6.5
52%
3.1
7,874
tt0218619
https://www.rottentomatoes.com/m/soul_survivors/
4%
2.6
26%
2.6
11,365
tt0248845
https://www.rottentomatoes.com/m/hedwig_and_the_angry_inch/
92%
7.8
93%
4.1
49,485
tt0243017
https://www.rottentomatoes.com/m/waking_life/
80%
7.4
87%
4.0
60,989
10.43user 0.22system 2:13.23elapsed 7%CPU (0avgtext+0avgdata 70020maxresident)k
16inputs+56outputs (0major+19846minor)pagefaults 0swaps
