tt0133240
https://www.rottentomatoes.com/m/treasure_planet/
69%
6.5
70%
3.2
67,516
tt0284490
https://www.rottentomatoes.com/m/1113375-showtime/
25%
4.7
25%
2.5
49,079
tt0243736
https://www.rottentomatoes.com/m/40_days_and_40_nights/
38%
4.8
43%
3.0
460,688
tt0275022
https://www.rottentomatoes.com/m/1112549-crossroads/
14%
3.9
39%
2.2
359,274
tt0157472
https://www.rottentomatoes.com/m/clockstoppers/
29%
4.8
30%
2.6
58,038
tt0265349
https://www.rottentomatoes.com/m/mothman_prophecies/
52%
5.5
56%
3.0
52,975
tt0267626
https://www.rottentomatoes.com/m/k19_the_widowmaker/
60%
6.1
52%
3.0
45,632
tt0302640
https://www.rottentomatoes.com/m/hot_chick/
22%
3.8
59%
3.1
474,952
tt0297181
https://www.rottentomatoes.com/m/i_spy/
15%
4.1
33%
2.7
78,539
tt0293815
https://www.rottentomatoes.com/m/friday_after_next/
26%
4.2
75%
3.3
134,881
11.06user 0.21system 2:17.23elapsed 8%CPU (0avgtext+0avgdata 69888maxresident)k
0inputs+56outputs (0major+19177minor)pagefaults 0swaps
