tt0479884
https://www.rottentomatoes.com/m/crank/
61%
6
71%
3.5
442,490
tt0430634
https://www.rottentomatoes.com/m/stick_it/
31%
4.9
73%
3.4
320,869
tt0446059
https://www.rottentomatoes.com/m/fearless/
73%
6.7
86%
3.8
141,659
tt0424345
https://www.rottentomatoes.com/m/clerks_2/
63%
6.1
84%
3.7
285,524
tt0497116
https://www.rottentomatoes.com/m/inconvenient_truth/
93%
7.7
78%
3.6
119,452
tt0450345
https://www.rottentomatoes.com/m/the_wicker_man_2006/
15%
3.5
17%
2.3
88,394
tt0475944
https://www.rottentomatoes.com/m/covenant/
3%
2.8
62%
3.3
399,835
tt0441796
https://www.rottentomatoes.com/m/10006370-stay_alive/
9%
3
55%
3.2
113,353
tt0465624
https://www.rottentomatoes.com/m/my_super_ex_girlfriend/
40%
5.1
31%
2.7
366,636
tt0387877
https://www.rottentomatoes.com/m/black_dahlia/
32%
4.8
27%
2.6
97,538
19.59user 0.32system 2:42.83elapsed 12%CPU (0avgtext+0avgdata 70236maxresident)k
0inputs+64outputs (0major+20086minor)pagefaults 0swaps
