tt0454921
https://www.rottentomatoes.com/m/pursuit_of_happyness/
67%
6.4
87%
4.0
562,285
tt0327084
https://www.rottentomatoes.com/m/over_the_hedge/
75%
6.8
71%
3.6
543,095
tt0415306
https://www.rottentomatoes.com/m/talladega_nights_the_ballad_of_ricky_bobby/
72%
6.5
73%
3.4
553,674
tt0389860
https://www.rottentomatoes.com/m/click/
32%
4.7
66%
3.4
873,954
tt0317919
https://www.rottentomatoes.com/m/mission_impossible_3/
70%
6.6
69%
3.4
507,712
tt0407887
https://www.rottentomatoes.com/m/departed/
91%
8.2
94%
4.1
734,133
tt0443453
https://www.rottentomatoes.com/m/borat/
91%
8
79%
3.4
1,203,993
tt0458352
https://www.rottentomatoes.com/m/the_devil_wears_prada/
76%
6.7
76%
3.6
570,781
tt0452594
https://www.rottentomatoes.com/m/break_up/
33%
5
46%
3.1
449,974
tt0443489
https://www.rottentomatoes.com/m/dreamgirls/
78%
7.2
71%
3.4
387,797
18.30user 0.21system 3:01.73elapsed 10%CPU (0avgtext+0avgdata 67932maxresident)k
0inputs+64outputs (0major+18884minor)pagefaults 0swaps
