tt1219289
https://www.rottentomatoes.com/m/limitless/
70%
6.4
74%
3.7
107,324
tt0471042
https://www.rottentomatoes.com/m/tower_heist/
68%
6.2
48%
3.3
57,169
tt0983193
https://www.rottentomatoes.com/m/the_adventures_of_tintin/
75%
7
74%
3.7
76,720
tt1598778
https://www.rottentomatoes.com/m/contagion_2011/
84%
7
62%
3.4
82,946
tt1389137
https://www.rottentomatoes.com/m/we_bought_a_zoo/
66%
6.3
71%
3.8
131,585
tt1210166
https://www.rottentomatoes.com/m/moneyball/
94%
8
86%
4.0
90,211
tt0810913
https://www.rottentomatoes.com/m/jack_and_jill_2011/
3%
2.6
37%
2.6
68,183
tt0970179
https://www.rottentomatoes.com/m/hugo/
94%
8.3
78%
3.9
81,306
tt1702443
https://www.rottentomatoes.com/m/justin_bieber_never_say_never/
64%
5.8
64%
3.5
62,122
tt1564349
https://www.rottentomatoes.com/m/dolphin_tale/
81%
6.5
80%
4.0
45,072
37.04user 0.68system 9:32.88elapsed 6%CPU (0avgtext+0avgdata 75508maxresident)k
608inputs+96outputs (0major+21604minor)pagefaults 0swaps
