tt0363163
https://www.rottentomatoes.com/m/downfall/
91%
8.1
94%
4.2
69,653
tt0275491
https://www.rottentomatoes.com/m/bad_education/
88%
7.5
86%
3.9
45,987
tt0337876
https://www.rottentomatoes.com/m/birth/
38%
5.2
43%
2.8
28,135
tt0331953
https://www.rottentomatoes.com/m/club-dread/
29%
4.4
43%
2.7
51,897
tt0375920
https://www.rottentomatoes.com/m/libertine/
33%
4.7
58%
3.2
70,849
tt0347149
https://www.rottentomatoes.com/m/howls_moving_castle/
87%
7.5
93%
4.1
254,173
tt0297284
https://www.rottentomatoes.com/m/mindhunters/
25%
4.3
57%
3.2
33,953
tt0360009
https://www.rottentomatoes.com/m/spartan/
64%
6.5
62%
3.3
13,535
tt0377744
https://www.rottentomatoes.com/m/day_without_a_mexican/
27%
4.2
37%
2.8
8,424
tt0348593
https://www.rottentomatoes.com/m/door_in_the_floor/
67%
6.5
65%
3.3
8,968
20.22user 0.31system 2:35.35elapsed 13%CPU (0avgtext+0avgdata 70996maxresident)k
0inputs+64outputs (0major+20395minor)pagefaults 0swaps
