tt1650062
https://www.rottentomatoes.com/m/super_8/
82%
7.4
75%
3.7
134,130
tt1192628
https://www.rottentomatoes.com/m/rango/
87%
7.6
69%
3.6
119,159
tt1499658
https://www.rottentomatoes.com/m/horrible_bosses/
68%
6.2
70%
3.6
105,855
tt1133985
https://www.rottentomatoes.com/m/green_lantern_emerald_knights/
empty
lass="smaller bold hidden-xs superPageFontColor" style="padding-left:5px;line-height:12px">liked it<
71%
3.8
7,465
tt1411704
https://www.rottentomatoes.com/m/hop_2011/
25%
4.4
53%
3.4
107,170
tt1778304
https://www.rottentomatoes.com/m/paranormal_activity_3/
68%
6
51%
3.2
74,486
tt1564367
https://www.rottentomatoes.com/m/just_go_with_it_2010/
18%
3.7
59%
3.5
87,929
tt1568346
https://www.rottentomatoes.com/m/the_girl_with_the_dragon_tattoo/
86%
7.6
86%
4.1
117,504
tt1284575
https://www.rottentomatoes.com/m/bad_teacher/
44%
5.3
36%
2.9
84,456
tt0409847
https://www.rottentomatoes.com/m/cowboys_and_aliens/
43%
5.5
43%
3.1
104,133
71.74user 2.13system 17:16.96elapsed 7%CPU (0avgtext+0avgdata 65604maxresident)k
0inputs+104outputs (0major+19335minor)pagefaults 0swaps
