tt0829482
https://www.rottentomatoes.com/m/superbad/
88%
7.5
87%
4.1
632,573
tt0762107
https://www.rottentomatoes.com/m/i_now_pronounce_you_chuck_and_larry/
14%
3.6
69%
3.5
1,307,433
tt0427327
https://www.rottentomatoes.com/m/hairspray/
91%
7.8
84%
3.9
762,860
tt0445934
https://www.rottentomatoes.com/m/blades_of_glory/
69%
6.2
68%
3.4
1,402,697
tt0496806
https://www.rottentomatoes.com/m/oceans_thirteen/
70%
6.4
75%
3.6
1,531,884
tt0259324
https://www.rottentomatoes.com/m/ghost_rider/
26%
4.2
48%
3.1
730,257
tt1179904
https://www.rottentomatoes.com/m/paranormal_activity/
83%
7
56%
3.2
273,175
tt0413099
https://www.rottentomatoes.com/m/evan_almighty/
23%
4.4
52%
3.2
839,298
tt0396555
https://www.rottentomatoes.com/m/meet_the_robinsons/
66%
6.3
74%
3.5
399,615
tt0477051
https://www.rottentomatoes.com/m/norbit/
9%
3.3
53%
3.0
660,214
26.79user 2.01system 4:25.07elapsed 10%CPU (0avgtext+0avgdata 68240maxresident)k
0inputs+56outputs (0major+19613minor)pagefaults 0swaps
