tt0353774
https://www.rottentomatoes.com/m/nascar_the_imax_experience/
61%
6.1
88%
4.1
1,233
tt0403703
https://www.rottentomatoes.com/m/yu_gi_oh_the_movie/
5%
3.1
46%
3.0
10,929
tt0338512
https://www.rottentomatoes.com/m/two_brothers/
78%
6.7
75%
3.5
32,288
tt0366551
https://www.rottentomatoes.com/m/harold_and_kumar_go_to_white_castle/
74%
6.5
80%
3.5
323,786
tt0323033
https://www.rottentomatoes.com/m/laws_of_attraction/
17%
4.5
47%
2.9
36,768
tt0356150
https://www.rottentomatoes.com/m/eurotrip/
46%
5.1
75%
3.4
434,129
tt0332712
https://www.rottentomatoes.com/m/my_babys_daddy/
4%
2.8
49%
3.1
10,102
tt0373074
https://www.rottentomatoes.com/m/kung_fu_hustle/
90%
7.7
89%
3.6
227,331
tt0387575
https://www.rottentomatoes.com/m/seed_of_chucky/
32%
4.4
39%
2.6
139,777
tt0335559
https://www.rottentomatoes.com/m/win_a_date_with_tad_hamilton/
52%
5.6
47%
2.9
74,453
19.72user 0.32system 2:36.02elapsed 12%CPU (0avgtext+0avgdata 72556maxresident)k
0inputs+56outputs (0major+21150minor)pagefaults 0swaps
