tt1826590
https://www.rottentomatoes.com/m/about_last_night_2014/
69%
6
65%
3.6
33,415
tt2106361
https://www.rottentomatoes.com/m/into_the_storm_2014/
21%
4.3
42%
3.1
41,735
tt1872194
https://www.rottentomatoes.com/m/the_judge_2014/
48%
5.6
72%
3.8
47,300
tt1742044
https://www.rottentomatoes.com/m/jersey_boys/
52%
5.9
62%
3.6
25,305
tt1086772
https://www.rottentomatoes.com/m/blended/
14%
3.9
64%
3.6
52,779
tt0435651
https://www.rottentomatoes.com/m/the_giver/
35%
5.3
56%
3.4
55,350
tt2170593
https://www.rottentomatoes.com/m/st_vincent/
78%
6.8
79%
3.8
41,897
tt2369135
https://www.rottentomatoes.com/m/need_for_speed/
23%
4.3
57%
3.4
59,115
tt2911666
https://www.rottentomatoes.com/m/john_wick/
85%
6.9
79%
3.9
75,747
tt2557490
https://www.rottentomatoes.com/m/a_million_ways_to_die_in_the_west/
33%
4.9
41%
3.0
64,016
24.20user 0.44system 4:35.26elapsed 8%CPU (0avgtext+0avgdata 72904maxresident)k
40inputs+88outputs (1major+21119minor)pagefaults 0swaps
