tt1791528
https://www.rottentomatoes.com/m/inherent_vice/
74%
7.1
52%
3.2
31,653
tt1686821
https://www.rottentomatoes.com/m/vampire_academy/
13%
3.3
56%
3.4
30,122
tt1791682
https://www.rottentomatoes.com/m/song_of_the_sea_2014/
99%
8.4
92%
4.3
11,298
tt3005242
https://www.rottentomatoes.com/m/cantinflas/
45%
5.6
68%
3.8
4,865
tt2788710
https://www.rottentomatoes.com/m/the_interview_2014/
52%
5.6
48%
3.2
63,461
tt1850397
https://www.rottentomatoes.com/m/the_loft/
14%
3.1
37%
2.9
14,928
tt4003774
https://www.rottentomatoes.com/m/meet_the_mormons/
10%
4.8
89%
4.5
5,277
tt2937898
https://www.rottentomatoes.com/m/a_most_violent_year/
89%
7.7
69%
3.6
25,655
tt1621046
https://www.rottentomatoes.com/m/cesar_chavez_an_american_hero/
39%
5.6
60%
3.6
8,049
tt1571249
https://www.rottentomatoes.com/m/the_skeleton_twins/
87%
7
69%
3.6
30,486
23.83user 0.38system 4:05.37elapsed 9%CPU (0avgtext+0avgdata 74624maxresident)k
2136inputs+80outputs (22major+21171minor)pagefaults 0swaps
