tt0190374
https://www.rottentomatoes.com/m/dungeons_and_dragons/
10%
3.1
19%
2.2
47,630
tt0144084
https://www.rottentomatoes.com/m/american_psycho/
67%
6.2
85%
3.6
302,332
tt0156841
https://www.rottentomatoes.com/m/next_best_thing/
20%
3.7
35%
2.6
16,394
tt0208988
https://www.rottentomatoes.com/m/1100569-get_carter/
12%
3.6
27%
2.5
29,781
tt0134983
https://www.rottentomatoes.com/m/1084878-supernova/
10%
3.2
16%
2.4
10,995
tt0213790
https://www.rottentomatoes.com/m/1101029-ladies_man/
11%
3.2
42%
2.6
21,139
tt0192255
https://www.rottentomatoes.com/m/little_vampire/
55%
5.5
55%
2.8
52,284
tt0205271
https://www.rottentomatoes.com/m/dr_t_and_the_women/
57%
5.7
20%
2.3
15,138
tt0198386
https://www.rottentomatoes.com/m/1099659-crew/
20%
3.7
36%
2.7
4,106
tt0144964
https://www.rottentomatoes.com/m/highlander_endgame/
11%
3.3
38%
2.8
46,306
10.98user 0.21system 2:29.64elapsed 7%CPU (0avgtext+0avgdata 74632maxresident)k
0inputs+64outputs (0major+20652minor)pagefaults 0swaps
