tt0377752
https://www.rottentomatoes.com/m/dear_frankie/
81%
6.8
90%
4.0
30,644
tt0365125
https://www.rottentomatoes.com/m/dirty_shame/
53%
5.5
51%
3.0
12,504
tt0367110
https://www.rottentomatoes.com/m/swades
empty
lass="smaller bold hidden-xs superPageFontColor" style="padding-left:5px;line-height:12px">liked it<
91%
4.1
8,763
tt0387412
https://www.rottentomatoes.com/m/metallica_some_kind_of_monster/
89%
7.6
83%
3.7
23,513
tt0414852
https://www.rottentomatoes.com/m/district_b13/
79%
7
77%
3.6
76,030
tt0384504
https://www.rottentomatoes.com/m/saving_face/
87%
6.7
88%
4.0
8,426
tt0377038
https://www.rottentomatoes.com/m/the_best_two_years/
73%
6.6
92%
4.2
6,332
tt0386064
https://www.rottentomatoes.com/m/tae_guk_gi_the_brotherhood_of_war/
80%
6.7
93%
4.2
21,997
tt0380615
https://www.rottentomatoes.com/m/paperclips/
72%
6.3
74%
3.8
2,701
tt0361862
https://www.rottentomatoes.com/m/machinist/
77%
6.6
83%
3.7
154,963
16.75user 0.26system 2:29.16elapsed 11%CPU (0avgtext+0avgdata 73392maxresident)k
0inputs+56outputs (0major+20373minor)pagefaults 0swaps
