tt0822847
https://www.rottentomatoes.com/m/10009274-priest/
15%
3.9
46%
3.1
86,342
tt0472399
https://www.rottentomatoes.com/m/mechanic/
53%
5.6
51%
3.3
57,321
tt1600195
https://www.rottentomatoes.com/m/abduction_2011/
4%
3.3
42%
3.0
44,441
tt1152398
https://www.rottentomatoes.com/m/beastly/
21%
3.7
48%
3.2
57,884
tt1449283
https://www.rottentomatoes.com/m/winnie_the_pooh_2011/
90%
7.2
80%
3.9
36,068
tt1448755
https://www.rottentomatoes.com/m/killer_elite_2011/
25%
4.7
42%
3.1
32,262
tt1680059
https://www.rottentomatoes.com/m/born_to_be_wild_2011/
98%
7.6
84%
4.1
11,148
tt0479997
https://www.rottentomatoes.com/m/10010694-season_of_the_witch/
9%
3.6
30%
2.7
79,687
tt1637706
https://www.rottentomatoes.com/m/our_idiot_brother/
68%
6.2
51%
3.2
40,527
tt1340800
https://www.rottentomatoes.com/m/tinker_tailor_soldier_spy/
83%
7.8
65%
3.5
53,147
24.18user 0.37system 17:52.03elapsed 2%CPU (0avgtext+0avgdata 71540maxresident)k
0inputs+80outputs (0major+20000minor)pagefaults 0swaps
