tt0425413
https://www.rottentomatoes.com/m/10008621-run_fat_boy_run/
48%
5.4
64%
3.5
102,789
tt0401383
https://www.rottentomatoes.com/m/the_diving_bell_and_the_butterfly_2007/
94%
8.2
92%
4.0
149,625
tt0805564
https://www.rottentomatoes.com/m/1175569-lars_and_the_real_girl/
81%
7.1
84%
3.8
104,900
tt0462396
https://www.rottentomatoes.com/m/last_legion/
16%
4.1
34%
2.9
94,745
tt0756703
https://www.rottentomatoes.com/m/feel_the_noise/
12%
3.6
42%
3.0
109,100
tt0841032
https://www.rottentomatoes.com/m/10009063-perfect_holiday/
16%
3.8
52%
3.0
159,635
tt0338216
https://www.rottentomatoes.com/m/lucky_you/
29%
5
28%
2.8
207,212
tt0416044
https://www.rottentomatoes.com/m/mongol/
87%
7.1
76%
3.7
22,681
tt0785077
https://www.rottentomatoes.com/m/whos_your_caddy/
6%
2.4
58%
3.3
40,975
tt0455326
https://www.rottentomatoes.com/m/aqua_teen_hunger_force_colon_movie_film_for_theatres/
48%
5.1
68%
3.5
38,910
20.48user 0.30system 5:31.59elapsed 6%CPU (0avgtext+0avgdata 65656maxresident)k
13768inputs+104outputs (143major+20603minor)pagefaults 0swaps
