tt0301181
https://www.rottentomatoes.com/m/deliver_us_from_eva/
44%
5.4
76%
3.5
19,974
tt0297144
https://www.rottentomatoes.com/m/ghosts_of_the_abyss/
80%
7.1
66%
3.3
6,446
tt0315733
https://www.rottentomatoes.com/m/21_grams/
80%
7.5
86%
3.6
210,049
tt0264150
https://www.rottentomatoes.com/m/view_from_the_top/
14%
3.7
33%
2.6
39,386
tt0270980
https://www.rottentomatoes.com/m/my_bosss_daughter/
8%
2.4
23%
2.5
52,761
tt0295700
https://www.rottentomatoes.com/m/wrong_turn/
41%
4.3
54%
3.0
143,028
tt0295289
https://www.rottentomatoes.com/m/a_guy_thing/
24%
4
35%
2.8
73,201
tt0318283
https://www.rottentomatoes.com/m/alex_and_emma/
11%
3.7
41%
2.8
62,724
tt0319524
https://www.rottentomatoes.com/m/how_to_deal/
28%
4.5
64%
3.1
48,733
tt0315983
https://www.rottentomatoes.com/m/house_of_sand_and_fog/
75%
7.1
83%
3.6
42,321
11.43user 0.26system 2:20.28elapsed 8%CPU (0avgtext+0avgdata 71784maxresident)k
0inputs+48outputs (0major+21263minor)pagefaults 0swaps
