tt0217756
https://www.rottentomatoes.com/m/ready_to_rumble/
23%
3.9
52%
2.7
33,506
tt0195234
https://www.rottentomatoes.com/m/1099492-saving_grace/
63%
6
83%
3.8
11,472
tt0219699
https://www.rottentomatoes.com/m/1103231-gift/
57%
5.8
55%
3.2
50,755
tt0233508
https://www.rottentomatoes.com/m/cyberworld/
55%
6.2
64%
2.9
622
tt0195778
https://www.rottentomatoes.com/m/here_on_earth/
17%
3.8
61%
3.1
20,226
tt0219952
https://www.rottentomatoes.com/m/lucky_numbers/
22%
4
18%
2.5
9,760
tt0199290
https://www.rottentomatoes.com/m/3_strikes/
0%
2.3
65%
3.2
7,223
tt0259974
https://www.rottentomatoes.com/m/digimon_the_movie/
25%
3.9
64%
3.3
20,792
tt0203230
https://www.rottentomatoes.com/m/you_can_count_on_me/
95%
8.1
88%
3.9
10,100
tt0202402
https://www.rottentomatoes.com/m/1095414-whatever_it_takes/
16%
3.5
45%
2.9
45,315
10.76user 0.16system 2:23.83elapsed 7%CPU (0avgtext+0avgdata 74508maxresident)k
0inputs+56outputs (0major+20458minor)pagefaults 0swaps
