tt1832382
https://www.rottentomatoes.com/m/a_separation_2011/
99%
8.9
92%
4.3
22,056
tt0810922
https://www.rottentomatoes.com/m/young-americans/
28%
4.6
42%
3.1
36,867
tt1477837
https://www.rottentomatoes.com/m/cedar_rapids_2010/
86%
6.7
59%
3.3
25,946
tt1426379
https://www.rottentomatoes.com/m/orlando/
83%
6.7
82%
3.8
8,400
tt1571222
https://www.rottentomatoes.com/m/a_dangerous_method/
77%
6.9
50%
3.2
27,215
tt1777610
https://www.rottentomatoes.com/m/flying_monsters_3d_with_david_attenborough/
100%
6.5
86%
4.1
365
tt1540133
https://www.rottentomatoes.com/m/the_guard_2011/
94%
7.6
81%
3.9
25,359
tt1720182
https://www.rottentomatoes.com/m/october_baby_2011/
21%
4.4
79%
4.1
32,417
tt1615147
https://www.rottentomatoes.com/m/margin_call/
88%
7.3
74%
3.7
19,347
tt0480239
https://www.rottentomatoes.com/m/atlas_shrugged_part_i/
10%
3.6
69%
3.6
16,904
22.12user 0.32system 4:08.81elapsed 9%CPU (0avgtext+0avgdata 69632maxresident)k
0inputs+72outputs (0major+20521minor)pagefaults 0swaps
