tt0791304
https://www.rottentomatoes.com/m/georgia_rule/
17%
3.8
52%
3.0
421,165
tt0416508
https://www.rottentomatoes.com/m/becoming_jane/
57%
6
74%
3.7
135,297
tt0758758
https://www.rottentomatoes.com/m/into_the_wild/
82%
7.5
89%
4.1
178,108
tt0841046
https://www.rottentomatoes.com/m/walk_hard/
74%
6.6
57%
3.1
302,637
tt0435705
https://www.rottentomatoes.com/m/next/
28%
4.6
53%
3.2
339,350
tt0498353
https://www.rottentomatoes.com/m/hostel_2/
44%
5
39%
3.0
700,924
tt0765443
https://www.rottentomatoes.com/m/eastern_promises/
89%
7.7
83%
3.8
148,384
tt0411061
https://www.rottentomatoes.com/m/88_minutes/
5%
2.6
44%
3.1
103,872
tt0455760
https://www.rottentomatoes.com/m/dead_silence/
21%
3.8
52%
3.1
219,078
tt0455960
https://www.rottentomatoes.com/m/hitcher/
21%
3.8
52%
3.1
422,172
18.28user 0.28system 6:06.33elapsed 5%CPU (0avgtext+0avgdata 69344maxresident)k
2664inputs+120outputs (105major+19902minor)pagefaults 0swaps
