tt0361620
https://www.rottentomatoes.com/m/first_daughter/
8%
3.7
42%
2.8
71,486
tt0332375
https://www.rottentomatoes.com/m/saved/
61%
6.1
78%
3.4
111,499
tt0324127
https://www.rottentomatoes.com/m/suspect_zero/
18%
4.4
38%
3.0
11,732
tt0368975
https://www.rottentomatoes.com/m/sleepover/
15%
3.7
54%
3.3
86,927
tt0345074
https://www.rottentomatoes.com/m/connie_and_carla/
44%
5.1
71%
3.4
12,853
tt0340012
https://www.rottentomatoes.com/m/being_julia/
76%
6.7
73%
3.5
7,507
tt0399901
https://www.rottentomatoes.com/m/woman_thou_art_loosed/
50%
5.5
84%
4.0
6,367
tt0167456
https://www.rottentomatoes.com/m/thunderbirds/
19%
4.1
36%
2.6
21,838
tt0377084
https://www.rottentomatoes.com/m/ladies_in_lavender/
63%
6.1
66%
3.5
7,998
tt0361411
https://www.rottentomatoes.com/m/bride_andamp_prejudice/
empty
lass="smaller bold hidden-xs superPageFontColor" style="padding-left:5px;line-height:12px">liked it<
57%
3.4
128
21.47user 0.24system 2:47.91elapsed 12%CPU (0avgtext+0avgdata 65960maxresident)k
8inputs+72outputs (0major+20066minor)pagefaults 0swaps
