tt0264616
https://www.rottentomatoes.com/m/frailty/
73%
6.8
79%
3.5
52,572
tt0211443
https://www.rottentomatoes.com/m/jason_x/
19%
3.6
24%
2.5
71,202
tt0211465
https://www.rottentomatoes.com/m/knockaround_guys/
20%
4.3
51%
3.1
39,499
tt0192071
https://www.rottentomatoes.com/m/get_over_it/
44%
5
52%
2.9
51,875
tt0120824
https://www.rottentomatoes.com/m/shipping_news/
55%
5.8
62%
3.2
20,663
tt0218817
https://www.rottentomatoes.com/m/antitrust/
24%
4
50%
2.8
46,231
tt0237534
https://www.rottentomatoes.com/m/brotherhood_of_the_wolf/
72%
6.3
78%
3.5
48,900
tt0301727
https://www.rottentomatoes.com/m/winged_migration/
96%
8.2
87%
4.0
6,222
tt0192111
https://www.rottentomatoes.com/m/head_over_heels_2001/
10%
3.4
56%
2.9
46,983
tt0290332
https://www.rottentomatoes.com/m/1110236-wash/
8%
2.9
65%
3.3
10,753
10.89user 0.19system 2:24.21elapsed 7%CPU (0avgtext+0avgdata 71772maxresident)k
8inputs+56outputs (0major+20683minor)pagefaults 0swaps
