tt0328107
https://www.rottentomatoes.com/m/man_on_fire/
39%
5.2
89%
3.8
422,746
tt0362227
https://www.rottentomatoes.com/m/1133499-1133499-terminal/
61%
6.2
73%
3.4
407,093
tt0356634
https://www.rottentomatoes.com/m/garfield/
15%
3.5
37%
2.9
460,479
tt0350258
https://www.rottentomatoes.com/m/ray/
81%
7.3
87%
3.8
214,154
tt0349710
https://www.rottentomatoes.com/m/ladder_49/
40%
5.3
81%
3.6
343,060
tt0388419
https://www.rottentomatoes.com/m/christmas_with_the_kranks/
5%
2.8
36%
2.8
95,212
tt0375063
https://www.rottentomatoes.com/m/sideways/
96%
8.5
78%
3.4
196,838
tt0381707
https://www.rottentomatoes.com/m/white_chicks/
15%
3.7
55%
3.0
32,690,977
tt0317648
https://www.rottentomatoes.com/m/hidalgo/
47%
5.6
64%
3.2
130,285
tt0356618
https://www.rottentomatoes.com/m/forgotten/
31%
5
36%
2.9
183,640
16.98user 0.33system 2:32.93elapsed 11%CPU (0avgtext+0avgdata 67072maxresident)k
3744inputs+56outputs (29major+19047minor)pagefaults 0swaps
