tt1189073
https://www.rottentomatoes.com/m/the_skin_i_live_in/
80%
7.4
84%
3.9
26,458
tt1562872
https://www.rottentomatoes.com/m/zindagi_na_milegi_dobara/
100%
8.1
86%
4.0
3,676
tt1527186
https://www.rottentomatoes.com/m/melancholia-2008/
79%
7.4
67%
3.5
43,578
tt0893412
https://www.rottentomatoes.com/m/from_prada_to_nada_2011/
21%
4.2
41%
3.0
14,259
tt1602098
https://www.rottentomatoes.com/m/albert_nobbs/
57%
6
47%
3.2
9,795
tt1441326
https://www.rottentomatoes.com/m/martha_marcy_may_marlene/
90%
7.7
71%
3.6
18,903
tt0770802
https://www.rottentomatoes.com/m/samsara_2012/
77%
7
87%
4.1
12,227
tt1772925
https://www.rottentomatoes.com/m/jiro_dreams_of_sushi/
99%
7.8
92%
4.3
29,196
tt1562871
https://www.rottentomatoes.com/m/ra_one_2011/
61%
5.4
49%
3.1
3,879
tt1411664
https://www.rottentomatoes.com/m/bucky_larson_born_to_be_a_star/
0%
1.6
24%
2.2
12,918
26.00user 0.35system 4:17.32elapsed 10%CPU (0avgtext+0avgdata 72676maxresident)k
32inputs+72outputs (2major+20666minor)pagefaults 0swaps
