tt0377992
https://www.rottentomatoes.com/m/the_gospel_of_john/
36%
5
88%
4.3
1,211
tt0301357
https://www.rottentomatoes.com/m/good_bye_lenin/
90%
7.4
93%
4.0
55,534
tt0360916
https://www.rottentomatoes.com/m/real_cancun/
35%
4.2
28%
2.2
4,932
tt0308508
https://www.rottentomatoes.com/m/step_into_liquid/
82%
6.9
92%
4.1
5,739
tt0338095
https://www.rottentomatoes.com/m/high_tension/
empty
lass="smaller bold hidden-xs superPageFontColor" style="padding-left:5px;line-height:12px">liked it<
83%
4.0
16
tt0338135
https://www.rottentomatoes.com/m/barbarian_invasions/
81%
7.2
88%
3.9
18,770
tt0313792
https://www.rottentomatoes.com/m/anything_else/
40%
5.2
45%
2.9
21,970
tt0342172
https://www.rottentomatoes.com/m/capturing_the_friedmans/
97%
8.4
89%
3.9
9,538
tt0424565
https://www.rottentomatoes.com/m/wild_parrots_of_telegraph_hill/
95%
7.7
85%
3.9
5,219
tt0329388
https://www.rottentomatoes.com/m/monsieur_ibrahim/
85%
7
86%
3.9
6,347
15.03user 0.19system 2:28.50elapsed 10%CPU (0avgtext+0avgdata 73752maxresident)k
48inputs+56outputs (0major+20898minor)pagefaults 0swaps
