tt1606392
https://www.rottentomatoes.com/m/win_win_2011/
94%
7.8
85%
3.9
31,754
tt0844993
https://www.rottentomatoes.com/m/hoodwinked_too_hood_vs_evil/
11%
3.5
35%
2.8
35,750
tt1604171
https://www.rottentomatoes.com/m/prom_2011/
36%
5.1
39%
3.0
20,189
tt1742650
https://www.rottentomatoes.com/m/i_dont_know_how_she_does_it/
17%
4
32%
2.8
23,374
tt1704573
https://www.rottentomatoes.com/m/bernie_2011/
89%
7.5
72%
3.7
41,152
tt1441952
https://www.rottentomatoes.com/m/salmon_fishing_in_the_yemen/
67%
6.2
64%
3.5
47,833
tt1634122
https://www.rottentomatoes.com/m/johnny_english_reborn/
39%
4.8
44%
3.2
38,241
tt1999192
https://www.rottentomatoes.com/m/kevin_hart_laugh_at_my_pain/
71%
5.8
84%
4.2
7,392
tt1720616
https://www.rottentomatoes.com/m/friends_with_kids/
66%
6.5
49%
3.2
33,978
tt1053810
https://www.rottentomatoes.com/m/the_big_year/
40%
5
40%
3.0
21,369
23.77user 0.34system 4:28.82elapsed 8%CPU (0avgtext+0avgdata 70796maxresident)k
0inputs+72outputs (0major+21034minor)pagefaults 0swaps
