tt2229499
https://www.rottentomatoes.com/m/don_jon/
81%
6.8
58%
3.4
75,743
tt0790628
https://www.rottentomatoes.com/m/the_incredible_burt_wonderstone/
36%
5.2
33%
2.9
62,793
tt1931435
https://www.rottentomatoes.com/m/the_big_wedding_2013/
7%
2.8
41%
3.0
30,006
tt1171222
https://www.rottentomatoes.com/m/baggage_claim/
14%
3.8
49%
3.3
18,124
tt1727388
https://www.rottentomatoes.com/m/the_way_way_back/
85%
7.3
84%
4.0
54,981
tt0816442
https://www.rottentomatoes.com/m/the_book_thief/
46%
5.7
73%
3.8
49,807
tt2312718
https://www.rottentomatoes.com/m/homefront/
42%
4.9
61%
3.6
40,833
tt1235522
https://www.rottentomatoes.com/m/broken_city/
28%
4.7
41%
3.1
32,326
tt1559547
https://www.rottentomatoes.com/m/beautiful_creatures_2013/
46%
5.4
54%
3.4
44,047
tt2364841
https://www.rottentomatoes.com/m/runner_runner/
8%
4
33%
2.8
42,969
21.88user 0.24system 2:54.47elapsed 12%CPU (0avgtext+0avgdata 70532maxresident)k
0inputs+56outputs (0major+19740minor)pagefaults 0swaps
