tt2465140
https://www.rottentomatoes.com/m/the_single_moms_club/
19%
4.4
59%
3.5
26,765
tt2752758
https://www.rottentomatoes.com/m/devils_due/
18%
4
21%
2.2
21,113
tt2465146
https://www.rottentomatoes.com/m/and_so_it_goes/
19%
4.2
40%
3.0
10,975
tt2626350
https://www.rottentomatoes.com/m/step_up_all_in/
43%
5.1
57%
3.5
32,951
tt3235888
https://www.rottentomatoes.com/m/it_follows/
97%
8.1
65%
3.5
40,437
tt3125324
https://www.rottentomatoes.com/m/beyond_the_lights/
82%
6.8
75%
3.9
19,056
tt1126590
https://www.rottentomatoes.com/m/big_eyes/
72%
6.6
69%
3.6
31,559
tt3695786
https://www.rottentomatoes.com/m/captain_america_the_winter_soldier_2014/
89%
7.5
92%
4.3
275,745
tt2467046
https://www.rottentomatoes.com/m/left_behind_2014/
2%
2.1
40%
2.7
20,275
tt0458481
https://www.rottentomatoes.com/m/frank_millers_sin_city_a_dame_to_kill_for/
43%
5.4
44%
3.3
143,562
26.06user 0.39system 4:10.26elapsed 10%CPU (0avgtext+0avgdata 71592maxresident)k
3560inputs+80outputs (26major+20052minor)pagefaults 0swaps
