tt0425210
https://www.rottentomatoes.com/m/lucky_number_slevin/
51%
5.9
87%
3.8
336,206
tt0456020
https://www.rottentomatoes.com/m/waist_deep/
27%
4.3
76%
3.6
94,114
tt0454776
https://www.rottentomatoes.com/m/10007415-amazing_grace/
70%
6.6
85%
4.0
54,171
tt0466856
https://www.rottentomatoes.com/m/atl/
62%
5.9
86%
3.9
117,021
tt0434215
https://www.rottentomatoes.com/m/flicka/
54%
5.7
82%
3.7
97,070
tt0420087
https://www.rottentomatoes.com/m/prairie_home_companion/
81%
7.1
59%
3.0
83,967
tt0454919
https://www.rottentomatoes.com/m/pulse/
10%
3.5
27%
2.7
83,267
tt0486551
https://www.rottentomatoes.com/m/beerfest/
41%
5
75%
3.3
198,666
tt0419946
https://www.rottentomatoes.com/m/marine/
20%
4
60%
3.2
288,932
tt0437800
https://www.rottentomatoes.com/m/akeelah_and_the_bee/
84%
7.1
81%
3.6
84,510
16.60user 0.25system 15:53.11elapsed 1%CPU (0avgtext+0avgdata 70624maxresident)k
0inputs+64outputs (0major+19646minor)pagefaults 0swaps
