tt0259484
https://www.rottentomatoes.com/m/paid_in_full/
51%
5.8
94%
4.3
20,534
tt0280720
https://www.rottentomatoes.com/m/1119875-guru/
57%
5.7
40%
2.6
19,107
tt0291928
https://www.rottentomatoes.com/m/g/
empty
lass="smaller bold hidden-xs superPageFontColor" style="padding-left:5px;line-height:12px">liked it<
29%
2.6
18
tt0328962
https://www.rottentomatoes.com/m/comedian/
76%
6.8
69%
3.4
6,657
tt0280523
https://www.rottentomatoes.com/m/1124952-carnage/
78%
6.9
80%
3.6
742
tt0301414
https://www.rottentomatoes.com/m/the_man_on_the_train/
92%
7.5
79%
3.7
4,753
tt0290212
https://www.rottentomatoes.com/m/full_frontal/
38%
5.2
27%
2.5
6,128
tt0118926
https://www.rottentomatoes.com/m/dancer_upstairs/
64%
6.4
77%
3.6
4,811
tt0301893
https://www.rottentomatoes.com/m/state_property/
0%
2
73%
3.7
6,479
tt0316188
https://www.rottentomatoes.com/m/raising_victor_vargas/
96%
8
83%
3.8
5,900
11.64user 0.23system 2:18.60elapsed 8%CPU (0avgtext+0avgdata 72952maxresident)k
8inputs+56outputs (0major+21107minor)pagefaults 0swaps
