tt0492389
https://www.rottentomatoes.com/m/1212891-furry_vengeance/
8%
2.5
31%
2.7
89,902
tt1139328
https://www.rottentomatoes.com/m/10012063-ghost_writer/
83%
7.3
70%
3.5
59,919
tt0872230
https://www.rottentomatoes.com/m/258
9%
2.9
26%
2.5
33,323
tt1053424
https://www.rottentomatoes.com/m/10012068-repo_men/
22%
4.2
41%
3.0
100,418
tt1228987
https://www.rottentomatoes.com/m/let_me_in/
88%
7.6
76%
3.7
65,991
tt1244659
https://www.rottentomatoes.com/m/extraordinary_measures/
28%
4.8
53%
3.3
74,332
tt0968264
https://www.rottentomatoes.com/m/the_conspirator/
55%
6.1
62%
3.5
21,113
tt1075747
https://www.rottentomatoes.com/m/jonah_hex/
12%
3.5
20%
2.4
170,579
tt1120985
https://www.rottentomatoes.com/m/blue_valentine/
88%
7.8
77%
3.7
58,070
tt0977855
https://www.rottentomatoes.com/m/fair-game-2010/
79%
6.9
65%
3.4
28,477
26.08user 0.31system 4:35.41elapsed 9%CPU (0avgtext+0avgdata 70528maxresident)k
0inputs+72outputs (0major+20639minor)pagefaults 0swaps
