tt1333125
https://www.rottentomatoes.com/m/movie_43/
4%
2.2
24%
2.1
35,105
tt0884726
https://www.rottentomatoes.com/m/legends_of_oz_dorothys_return
16%
3.5
69%
3.8
16,285
tt2304771
https://www.rottentomatoes.com/m/mandela_long_walk_to_freedom/
59%
6.2
68%
3.7
22,328
tt2209418
https://www.rottentomatoes.com/m/before_midnight_2013/
98%
8.7
82%
4.0
36,299
tt1833673
https://www.rottentomatoes.com/m/dhoom_3/
83%
7.8
49%
3.1
7,349
tt2385006
https://www.rottentomatoes.com/m/jerusalem_2013/
89%
7.9
87%
4.3
1,263
tt2170299
https://www.rottentomatoes.com/m/bad_words/
66%
6.1
61%
3.4
28,204
tt1413495
https://www.rottentomatoes.com/m/paranoia_2013/
6%
3.8
35%
2.8
23,313
tt2002718
https://www.rottentomatoes.com/m/machete_kills/
28%
4.5
35%
2.9
36,311
tt2403021
https://www.rottentomatoes.com/m/the_green_inferno/
34%
4.5
31%
2.7
14,622
22.24user 0.27system 3:01.73elapsed 12%CPU (0avgtext+0avgdata 73332maxresident)k
0inputs+72outputs (0major+20570minor)pagefaults 0swaps
