tt1131729
https://www.rottentomatoes.com/m/pirate_radio/
61%
5.7
71%
3.1
266,855
tt0844479
https://www.rottentomatoes.com/m/1214027-collector/
30%
4.2
47%
3.1
63,266
tt1054606
https://www.rottentomatoes.com/m/1190561-imaginarium_of_doctor_parnassus/
64%
6
60%
3.1
295,511
tt1127896
https://www.rottentomatoes.com/m/taking_woodstock/
47%
5.4
47%
3.0
252,380
tt1216487
https://www.rottentomatoes.com/m/girl_who_played_with_fire/
69%
6.2
68%
3.6
31,863
tt1174730
https://www.rottentomatoes.com/m/a_city_is_an_island/
empty
lass="meter noScore superPageFontColor">No Score Yet<
empty
N
0
tt0824758
https://www.rottentomatoes.com/m/last_station/
71%
6.7
67%
3.5
20,630
tt1187043
https://www.rottentomatoes.com/m/3_idiots/
100%
7.2
92%
4.4
21,745
tt1142433
https://www.rottentomatoes.com/m/post_grad/
8%
3.6
27%
2.7
188,298
tt1035736
https://www.rottentomatoes.com/m/coco_before_chanel/
63%
6
57%
3.4
40,045
27.08user 0.32system 7:07.93elapsed 6%CPU (0avgtext+0avgdata 70888maxresident)k
0inputs+112outputs (0major+20573minor)pagefaults 0swaps
