tt1790864
https://www.rottentomatoes.com/m/the_maze_runner/
65%
6
68%
3.7
92,860
tt0455944
https://www.rottentomatoes.com/m/the_equalizer_2013/
60%
5.7
76%
3.9
90,026
tt1959490
https://www.rottentomatoes.com/m/noah_2014/
76%
6.7
41%
2.9
121,550
tt1631867
https://www.rottentomatoes.com/m/live_die_repeat_edge_of_tomorrow/
91%
7.5
90%
4.2
144,579
tt1929263
https://www.rottentomatoes.com/m/heaven_is_for_real/
47%
5.5
66%
3.8
59,473
tt2024469
https://www.rottentomatoes.com/m/non_stop_2013/
60%
5.8
63%
3.6
78,074
tt2084970
https://www.rottentomatoes.com/m/the_imitation_game/
90%
7.7
91%
4.2
100,244
tt2446042
Taken%203%20(2014)
Command terminated by signal 15
1960.48user 5.56system 49:56.10elapsed 65%CPU (0avgtext+0avgdata 70088maxresident)k
0inputs+40outputs (0major+19140minor)pagefaults 0swaps
