tt1408101
https://www.rottentomatoes.com/m/star_trek_into_darkness/
86%
7.5
90%
4.2
310,925
tt1981115
https://www.rottentomatoes.com/m/thor_the_dark_world/
66%
6.2
77%
3.9
306,056
tt0816711
https://www.rottentomatoes.com/m/world-war-z/
67%
6.2
72%
3.7
303,815
tt0481499
https://www.rottentomatoes.com/m/the-croods/
70%
6.5
78%
3.9
192,962
tt2404463
https://www.rottentomatoes.com/m/the_heat/
65%
6.2
71%
3.8
166,349
tt1723121
https://www.rottentomatoes.com/m/were_the_millers/
47%
5.5
72%
3.8
159,879
tt1800241
https://www.rottentomatoes.com/m/american_hustle/
93%
8.2
74%
3.8
174,416
tt1343092
https://www.rottentomatoes.com/m/the_great_gatsby_2013/
48%
5.8
67%
3.7
208,426
tt1457767
https://www.rottentomatoes.com/m/the_conjuring/
86%
7.2
82%
4.0
156,303
tt2024432
https://www.rottentomatoes.com/m/identity_thief/
19%
4.1
53%
3.4
192,374
23.63user 0.23system 3:00.89elapsed 13%CPU (0avgtext+0avgdata 65616maxresident)k
0inputs+64outputs (0major+18074minor)pagefaults 0swaps
