tt0203019
https://www.rottentomatoes.com/m/men_of_honor/
41%
5.3
81%
3.6
77,072
tt0242423
https://www.rottentomatoes.com/m/dude_wheres_my_car
18%
3.6
47%
2.8
367,229
tt0220099
https://www.rottentomatoes.com/m/the-tigger-movie/
62%
5.9
62%
3.2
57,765
tt0190590
https://www.rottentomatoes.com/m/o_brother_where_art_thou/
77%
7.1
89%
3.7
255,463
tt0186151
https://www.rottentomatoes.com/m/frequency/
70%
6.5
81%
3.4
135,576
tt0191397
https://www.rottentomatoes.com/m/replacements/
41%
5
66%
3.1
159,528
tt0163978
https://www.rottentomatoes.com/m/beach/
19%
4.4
57%
3.0
216,824
tt0185431
https://www.rottentomatoes.com/m/little_nicky/
22%
3.9
56%
3.0
459,982
tt0134847
https://www.rottentomatoes.com/m/pitch_black/
57%
5.6
77%
3.5
278,126
tt0236388
https://www.rottentomatoes.com/m/original_kings_of_comedy/
86%
6.9
79%
3.7
17,827
10.82user 0.24system 2:56.17elapsed 6%CPU (0avgtext+0avgdata 70976maxresident)k
11624inputs+56outputs (45major+20300minor)pagefaults 0swaps
