tt0145487
https://www.rottentomatoes.com/m/spiderman/
89%
7.7
67%
3.3
34,294,413
tt0167261
https://www.rottentomatoes.com/m/the_lord_of_the_rings_the_two_towers/
96%
8.5
95%
4.1
1,338,376
tt0121765
https://www.rottentomatoes.com/m/star_wars_episode_ii_attack_of_the_clones
65%
6.7
58%
3.3
846,486
tt0295297
https://www.rottentomatoes.com/m/harry_potter_and_the_chamber_of_secrets/
82%
7.2
80%
3.7
1,147,979
tt0259446
https://www.rottentomatoes.com/m/my_big_fat_greek_wedding/
76%
6.7
73%
3.2
764,518
tt0286106
https://www.rottentomatoes.com/m/signs/
74%
6.8
67%
3.2
919,869
tt0295178
https://www.rottentomatoes.com/m/austin_powers_in_goldmember/
54%
5.8
44%
3.0
32,934,754
tt0120912
https://www.rottentomatoes.com/m/men_in_black_ii/
39%
5.3
45%
3.1
925,097
tt0268380
https://www.rottentomatoes.com/m/ice_age/
77%
6.8
82%
3.6
1,133,801
tt0299658
https://www.rottentomatoes.com/m/chicago/
86%
8
83%
3.5
438,532
10.13user 0.29system 2:26.13elapsed 7%CPU (0avgtext+0avgdata 74776maxresident)k
888inputs+56outputs (6major+21481minor)pagefaults 0swaps
