tt1172233
https://www.rottentomatoes.com/m/whip_it/
84%
7
74%
3.7
113,751
tt1174732
https://www.rottentomatoes.com/m/an_education/
94%
7.9
80%
3.8
54,435
tt1160368
https://www.rottentomatoes.com/m/12_rounds/
29%
4.4
45%
3.2
84,056
tt1232783
https://www.rottentomatoes.com/m/sorority_row/
22%
4
31%
2.3
525,236
tt0962736
https://www.rottentomatoes.com/m/young_victoria/
76%
6.5
74%
3.5
164,434
tt1225822
https://www.rottentomatoes.com/m/1211183-extract/
63%
5.9
38%
2.9
173,802
tt0795438
https://www.rottentomatoes.com/m/not_easily_broken/
33%
4.7
67%
3.4
69,395
tt1188729
https://www.rottentomatoes.com/m/pandorum/
28%
4.2
48%
3.1
104,490
tt1300851
https://www.rottentomatoes.com/m/boondock_saints_ii_all_saints_day/
23%
4.1
58%
3.5
111,323
tt0365929
https://www.rottentomatoes.com/m/10008655-whiteout/
7%
3.5
21%
2.3
538,825
25.68user 0.38system 7:23.19elapsed 5%CPU (0avgtext+0avgdata 69924maxresident)k
0inputs+112outputs (0major+20085minor)pagefaults 0swaps
