tt0332452
https://www.rottentomatoes.com/m/troy/
54%
6
73%
3.5
823,921
tt0349903
https://www.rottentomatoes.com/m/oceans_twelve/
56%
5.9
60%
3.3
672,059
tt0343660
https://www.rottentomatoes.com/m/50_first_dates/
44%
5.4
65%
3.4
32,699,547
tt0338526
https://www.rottentomatoes.com/m/van_helsing/
23%
4.2
57%
3.2
608,293
tt0361596
https://www.rottentomatoes.com/m/fahrenheit_911/
83%
7.3
69%
3.3
207,618
tt0339291
https://www.rottentomatoes.com/m/lemony_snicket/
72%
6.7
63%
3.2
484,535
tt0364725
https://www.rottentomatoes.com/m/dodgeball_a_true_underdog_story/
70%
6.3
76%
3.4
995,007
tt0368447
https://www.rottentomatoes.com/m/village/
43%
5.5
57%
3.0
453,318
tt0391198
https://www.rottentomatoes.com/m/grudge/
39%
5.1
46%
2.9
458,342
tt0338751
https://www.rottentomatoes.com/m/aviator/
87%
7.8
79%
3.4
206,409
16.88user 0.54system 2:51.52elapsed 10%CPU (0avgtext+0avgdata 66940maxresident)k
0inputs+56outputs (0major+18346minor)pagefaults 0swaps
