tt0288045
https://www.rottentomatoes.com/m/medallion/
18%
3.9
27%
2.7
59,243
tt0337592
https://www.rottentomatoes.com/m/love_dont_cost_a_thing/
13%
3.6
65%
3.0
47,987
tt0326769
https://www.rottentomatoes.com/m/biker_boyz/
23%
4.2
53%
3.0
66,255
tt0331468
https://www.rottentomatoes.com/m/cold_creek_manor/
12%
3.8
22%
2.6
30,592
tt0318155
https://www.rottentomatoes.com/m/looney_tunes_back_in_action/
57%
6
50%
2.9
63,309
tt0314786
https://www.rottentomatoes.com/m/inlaws/
34%
4.9
41%
2.9
15,705
tt0309530
https://www.rottentomatoes.com/m/down_with_love/
59%
6.1
63%
3.0
74,849
tt0289992
https://www.rottentomatoes.com/m/life_of_david_gale/
19%
4.2
81%
3.6
60,677
tt0300556
https://www.rottentomatoes.com/m/timeline/
11%
3.7
45%
2.9
56,694
tt0310281
https://www.rottentomatoes.com/m/mighty_wind/
88%
7.4
75%
3.5
42,437
11.22user 0.22system 2:25.59elapsed 7%CPU (0avgtext+0avgdata 71140maxresident)k
0inputs+48outputs (0major+20933minor)pagefaults 0swaps
