tt0230030
https://www.rottentomatoes.com/m/1101051-bedazzled/
49%
5.5
42%
2.7
370,999
tt0174480
https://www.rottentomatoes.com/m/autumn_in_new_york/
20%
4.1
54%
2.9
33,475
tt0171433
https://www.rottentomatoes.com/m/keeping_the_faith/
69%
6.2
59%
3.0
53,451
tt0191754
https://www.rottentomatoes.com/m/28_days/
31%
4.8
51%
2.9
319,560
tt0186894
https://www.rottentomatoes.com/m/bounce/
52%
5.5
33%
2.7
21,806
tt0162983
https://www.rottentomatoes.com/m/hanging_up/
12%
3.8
34%
2.7
21,227
tt0158622
https://www.rottentomatoes.com/m/flintstones_in_viva_rock_vegas/
25%
4
20%
2.3
44,022
tt0192614
https://www.rottentomatoes.com/m/skulls/
9%
3.1
43%
2.8
56,901
tt0146309
https://www.rottentomatoes.com/m/thirteen_days/
83%
7.2
80%
3.5
29,863
tt0216216
https://www.rottentomatoes.com/m/sixth_day/
41%
5.2
32%
2.7
125,691
11.16user 0.20system 2:46.52elapsed 6%CPU (0avgtext+0avgdata 73184maxresident)k
56inputs+56outputs (0major+20573minor)pagefaults 0swaps
