tt0257568
https://www.rottentomatoes.com/m/kangaroo_jack/
8%
3.2
28%
2.5
59,136
tt0311429
https://www.rottentomatoes.com/m/league_of_extraordinary_gentlemen/
17%
4
44%
3.0
422,213
tt0319061
https://www.rottentomatoes.com/m/1127787-big_fish/
77%
7.2
89%
3.7
497,201
tt0325703
https://www.rottentomatoes.com/m/lara_croft_tomb_raider_the_cradle_of_life/
24%
4.5
45%
3.0
420,576
tt0304415
https://www.rottentomatoes.com/m/mona_lisa_smile/
35%
4.9
60%
3.1
207,925
tt0300471
https://www.rottentomatoes.com/m/shanghai_knights/
66%
6
54%
3.1
334,589
tt0307987
https://www.rottentomatoes.com/m/bad_santa/
78%
6.7
75%
3.2
199,933
tt0348836
https://www.rottentomatoes.com/m/gothika/
14%
4.1
45%
3.0
397,571
tt0314331
https://www.rottentomatoes.com/m/love_actually/
63%
6.3
72%
3.1
31,625,833
tt0316356
https://www.rottentomatoes.com/m/open_range/
79%
6.9
83%
3.5
51,363
12.55user 0.23system 2:48.28elapsed 7%CPU (0avgtext+0avgdata 68228maxresident)k
8inputs+88outputs (0major+19594minor)pagefaults 0swaps
