tt2749282
https://www.rottentomatoes.com/m/papa_hemingway_in_cuba/
8%
4.1
72%
3.9
929
tt3844362
https://www.rottentomatoes.com/m/the_overnight_2015/
82%
6.9
55%
3.3
9,549
tt4768764
https://www.rottentomatoes.com/m/veteran_2015/
88%
7.7
75%
3.8
524
tt1322393
https://www.rottentomatoes.com/m/faith_of_our_fathers_2015/
10%
4
55%
3.2
1,752
tt3696192
https://www.rottentomatoes.com/m/singh_is_bliing/
empty
lass="smaller bold hidden-xs superPageFontColor" style="padding-left:5px;line-height:12px">liked it<
18%
2.4
76
tt3518012
https://www.rottentomatoes.com/m/best_of_enemies_2015/
94%
7.6
87%
4.0
6,246
tt3966404
https://www.rottentomatoes.com/m/mustang_2015/
98%
8.2
90%
4.2
7,313
tt4276752
https://www.rottentomatoes.com/m/mojin_the_lost_legend/
50%
4.8
60%
3.5
759
tt3165612
https://www.rottentomatoes.com/m/sleeping_with_other_people/
63%
6.1
56%
3.4
8,186
tt4126304
https://www.rottentomatoes.com/m/cartel_land/
89%
7.7
82%
3.9
7,779
21.91user 0.28system 3:49.53elapsed 9%CPU (0avgtext+0avgdata 71992maxresident)k
128inputs+72outputs (0major+19701minor)pagefaults 0swaps
