tt0892782
https://www.rottentomatoes.com/m/monsters_vs_aliens/
72%
6.5
59%
3.4
589,804
tt1080016
https://www.rottentomatoes.com/m/1194515-ice_age_dawn_of_the_dinosaurs/
45%
5.4
62%
3.6
553,488
tt0458525
https://www.rottentomatoes.com/m/wolverine/
38%
5.1
59%
3.6
559,448
tt1078912
https://www.rottentomatoes.com/m/night_at_the_museum_2/
44%
5.1
47%
3.3
508,464
tt1190080
https://www.rottentomatoes.com/m/2012
39%
5
46%
3.2
507,663
tt1041829
https://www.rottentomatoes.com/m/10010458-proposal/
44%
5.3
67%
3.4
859,703
tt1013752
https://www.rottentomatoes.com/m/fast_and_furious/
28%
4.5
67%
3.7
490,397
tt1046173
https://www.rottentomatoes.com/m/gi_joe_the_rise_of_cobra/
35%
4.6
50%
3.3
995,886
tt1067106
https://www.rottentomatoes.com/m/10008502-christmas_carol/
54%
5.9
58%
3.2
775,785
tt0808151
https://www.rottentomatoes.com/m/1189217-angels_and_demons/
37%
5.1
57%
3.4
531,111
25.55user 0.34system 6:04.38elapsed 7%CPU (0avgtext+0avgdata 68484maxresident)k
0inputs+144outputs (0major+19200minor)pagefaults 0swaps
