tt0334405
https://www.rottentomatoes.com/m/1122382-spellbound/
98%
8.3
83%
3.7
10,951
tt0313196
https://www.rottentomatoes.com/m/crime_of_padre_amaro/
62%
6.2
74%
3.6
12,687
tt0270707
https://www.rottentomatoes.com/m/truth_about_charlie/
33%
4.8
27%
2.6
10,118
tt0318411
https://www.rottentomatoes.com/m/magdalene_sisters/
90%
7.6
89%
3.9
13,250
tt0278823
https://www.rottentomatoes.com/m/hollywood_ending/
47%
5.4
50%
3.1
10,436
tt0283160
https://www.rottentomatoes.com/m/extreme_ops/
8%
3
27%
2.6
8,113
tt0240900
https://www.rottentomatoes.com/m/slackers/
10%
3.1
51%
2.8
28,350
tt0280760
https://www.rottentomatoes.com/m/igby_goes_down/
75%
6.9
80%
3.4
44,224
tt0180052
https://www.rottentomatoes.com/m/adventures_of_pluto_nash/
5%
2.7
17%
2.0
32,627
tt0263734
https://www.rottentomatoes.com/m/men_with_brooms/
61%
5.6
67%
3.1
8,520
11.30user 0.19system 2:21.94elapsed 8%CPU (0avgtext+0avgdata 70476maxresident)k
0inputs+48outputs (0major+20434minor)pagefaults 0swaps
