tt2011971
https://www.rottentomatoes.com/m/monsieur_lazhar_2011/
97%
8.2
86%
4.0
26,076
tt1445520
https://www.rottentomatoes.com/m/footnote/
90%
7.6
72%
3.7
23,651
tt1726669
https://www.rottentomatoes.com/m/killer_joe/
78%
6.9
61%
3.4
79,826
tt1435513
https://www.rottentomatoes.com/m/hysteria_2012/
57%
5.8
54%
3.3
14,438
tt1554091
https://www.rottentomatoes.com/m/a_better_life/
85%
6.8
79%
3.8
12,176
tt1242460
https://www.rottentomatoes.com/m/we_need_to_talk_about_kevin/
76%
7.4
78%
3.8
34,143
tt1675192
https://www.rottentomatoes.com/m/take_shelter/
92%
8.1
81%
3.9
24,786
tt1742336
https://www.rottentomatoes.com/m/your_sisters_sister/
83%
7
66%
3.5
24,136
tt1934231
https://www.rottentomatoes.com/m/delhi_belly_2011/
92%
6.6
82%
3.9
4,371
tt1645080
https://www.rottentomatoes.com/m/the_art_of_getting_by/
18%
4.2
47%
3.1
12,361
25.12user 0.36system 10:48.06elapsed 3%CPU (0avgtext+0avgdata 70236maxresident)k
136inputs+72outputs (6major+19818minor)pagefaults 0swaps
