tt0253867
https://www.rottentomatoes.com/m/sweetest_thing/
26%
4.2
65%
3.0
199,574
tt0271263
https://www.rottentomatoes.com/m/adam_sandlers_eight_crazy_nights/
12%
3.1
49%
3.1
289,473
tt0269095
https://www.rottentomatoes.com/m/city_by_the_sea/
48%
5.8
40%
2.9
16,020
tt0268126
https://www.rottentomatoes.com/m/1118700-adaptation/
91%
8.2
85%
3.6
187,699
tt0273517
https://www.rottentomatoes.com/m/the-white-darkness/
empty
lass="smaller bold hidden-xs superPageFontColor" style="padding-left:5px;line-height:12px">liked it<
67%
3.8
65
tt0310793
https://www.rottentomatoes.com/m/bowling_for_columbine/
96%
8.2
82%
3.5
202,670
tt0303816
https://www.rottentomatoes.com/m/1125409-cabin_fever/
63%
5.9
44%
2.6
249,911
tt0168786
https://www.rottentomatoes.com/m/antwone_fisher/
79%
7
86%
3.6
47,080
tt0283111
https://www.rottentomatoes.com/m/national_lampoons_van_wilder/
19%
3.5
73%
3.3
203,522
tt0298228
https://www.rottentomatoes.com/m/whale_rider/
90%
7.7
88%
3.8
49,653
11.16user 0.20system 2:21.96elapsed 8%CPU (0avgtext+0avgdata 70732maxresident)k
0inputs+56outputs (0major+19961minor)pagefaults 0swaps
