tt0446013
https://www.rottentomatoes.com/m/pathfinder/
11%
3.5
36%
2.9
94,292
tt0804452
https://www.rottentomatoes.com/m/bratz_the_movie/
9%
3
45%
3.0
49,147
tt0804522
https://www.rottentomatoes.com/m/rendition/
47%
5.5
62%
3.3
305,353
tt0804461
https://www.rottentomatoes.com/m/death_sentence/
20%
4.1
60%
3.4
97,375
tt0907657
https://www.rottentomatoes.com/m/once/
97%
8.3
91%
4.1
190,263
tt0857191
https://www.rottentomatoes.com/m/10008820-visitor/
89%
7.6
84%
3.6
126,916
tt0829459
https://www.rottentomatoes.com/m/mighty_heart/
79%
7
70%
3.5
106,587
tt0484562
https://www.rottentomatoes.com/m/seeker_the_dark_is_rising/
14%
3.9
33%
2.9
171,345
tt0795368
https://www.rottentomatoes.com/m/death_at_a_funeral/
60%
5.8
79%
3.8
64,812
tt0462229
https://www.rottentomatoes.com/m/code_name_the_cleaner/
4%
3
37%
2.8
38,618
19.18user 0.34system 6:13.32elapsed 5%CPU (0avgtext+0avgdata 66648maxresident)k
2112inputs+128outputs (156major+20278minor)pagefaults 0swaps
