tt0265808
https://www.rottentomatoes.com/m/stealing_harvard/
9%
3.3
39%
2.7
20,382
tt0314166
https://www.rottentomatoes.com/m/hey_arnold_the_movie/
29%
4.6
36%
2.8
14,513
tt0247444
https://www.rottentomatoes.com/m/juwanna_mann/
10%
3.2
38%
2.6
8,333
tt0295254
https://www.rottentomatoes.com/m/feardotcom_2002/
3%
2.6
17%
2.3
57,836
tt0307901
https://www.rottentomatoes.com/m/25th_hour/
78%
7.2
85%
3.7
79,744
tt0258068
https://www.rottentomatoes.com/m/1118347-quiet_american/
87%
7.7
73%
3.5
10,547
tt0283632
https://www.rottentomatoes.com/m/1115907-1115907-they/
38%
4.2
24%
2.6
12,856
tt0281322
https://www.rottentomatoes.com/m/undisputed/
48%
5.5
47%
3.2
9,172
tt0289408
https://www.rottentomatoes.com/m/powerpuff_girls_movie/
63%
6.1
57%
3.1
10,382
tt0353164
https://www.rottentomatoes.com/m/adrenaline_rush_the_science_of_risk_2002/quotes/
empty
empty
empty
empty
empty
11.16user 0.15system 2:17.52elapsed 8%CPU (0avgtext+0avgdata 72204maxresident)k
0inputs+48outputs (0major+20069minor)pagefaults 0swaps
