tt4178092
https://www.rottentomatoes.com/m/the_gift_2015/
93%
7.5
76%
3.7
49,478
tt2719848
https://www.rottentomatoes.com/m/everest_2015/
73%
6.7
68%
3.6
46,599
tt3530002
https://www.rottentomatoes.com/m/the_night_before_2015/
66%
6
62%
3.5
30,432
tt3369806
https://www.rottentomatoes.com/m/max_2016/
34%
4.7
70%
3.8
23,631
tt3850590
https://www.rottentomatoes.com/m/krampus/
65%
5.9
53%
3.3
25,064
tt1655441
https://www.rottentomatoes.com/m/the_age_of_adaline/
55%
5.5
67%
3.7
37,981
tt2381111
https://www.rottentomatoes.com/m/brooklyn/
97%
8.4
88%
4.1
44,518
tt2726560
https://www.rottentomatoes.com/m/the_longest_ride/
30%
4.4
71%
3.8
29,799
tt3181822
https://www.rottentomatoes.com/m/the_boy_next_door_2015/
10%
3.3
33%
2.7
28,369
tt3332064
https://www.rottentomatoes.com/m/pan_2015/
27%
4.6
41%
3.0
50,741
23.87user 0.42system 3:40.72elapsed 11%CPU (0avgtext+0avgdata 72376maxresident)k
1936inputs+72outputs (21major+20153minor)pagefaults 0swaps
