tt0203009
https://www.rottentomatoes.com/m/1107863-moulin_rouge/
76%
7.1
89%
3.7
504,048
tt0250687
https://www.rottentomatoes.com/m/rat_race/
44%
5
64%
3.1
403,307
tt0183790
https://www.rottentomatoes.com/m/knights_tale/
58%
5.8
79%
3.5
377,959
tt0255798
https://www.rottentomatoes.com/m/1108185-animal/
30%
4.3
28%
2.5
203,514
tt0260866
https://www.rottentomatoes.com/m/dont_say_a_word/
24%
4.4
49%
3.0
52,738
tt0221027
https://www.rottentomatoes.com/m/blow/
55%
5.8
87%
3.8
384,249
tt0265666
https://www.rottentomatoes.com/m/the_royal_tenenbaums/
80%
7.5
89%
3.6
254,671
tt0242445
https://www.rottentomatoes.com/m/exit_wounds/
32%
4.4
45%
2.9
51,400
tt0215750
https://www.rottentomatoes.com/m/enemy_at_the_gates/
54%
5.7
82%
3.6
223,247
tt0272152
https://www.rottentomatoes.com/m/kpax/
41%
5.1
75%
3.2
79,157
12.78user 0.18system 2:26.59elapsed 8%CPU (0avgtext+0avgdata 65656maxresident)k
0inputs+56outputs (0major+19954minor)pagefaults 0swaps
