tt1232200
https://www.rottentomatoes.com/m/thats_my_boy/
20%
3.4
51%
3.2
121,284
tt2083383
https://www.rottentomatoes.com/m/trouble_with_the_curve/
51%
5.6
66%
3.6
45,813
tt1142977
https://www.rottentomatoes.com/m/frankenweenie_2012/
87%
7.6
70%
3.7
67,029
tt1800741
https://www.rottentomatoes.com/m/step_up_revolution/
42%
5.1
68%
3.8
65,311
tt1885265
https://www.rottentomatoes.com/m/tyler_perrys_good_deeds/
31%
5
76%
4.0
60,676
tt1298649
https://www.rottentomatoes.com/m/the_watch_2012/
17%
4
39%
3.0
80,454
tt2247692
https://www.rottentomatoes.com/m/2016_obamas_america/
25%
4.1
73%
3.8
32,077
tt1582507
https://www.rottentomatoes.com/m/house_at_the_end_of_the_street/
11%
3.7
41%
3.0
57,121
tt1430626
https://www.rottentomatoes.com/m/the_pirates_band_of_misfits/
86%
7.2
60%
3.5
85,595
tt1710396
https://www.rottentomatoes.com/m/joyful_noise_2011/
33%
4.6
65%
3.7
28,640
24.06user 0.35system 2:51.13elapsed 14%CPU (0avgtext+0avgdata 70968maxresident)k
0inputs+56outputs (0major+21061minor)pagefaults 0swaps
