tt1613750
https://www.rottentomatoes.com/m/kon_tiki_2012/
85%
7
77%
3.8
12,974
tt1980986
https://www.rottentomatoes.com/m/housefull_2_the_dirty_dozen/
empty
lass="smaller bold hidden-xs superPageFontColor" style="padding-left:5px;line-height:12px">liked it<
46%
3.1
11,162
tt2016894
https://www.rottentomatoes.com/m/ek_tha_tiger/
75%
5.5
49%
3.2
4,469
tt1433811
http://www.youtube.com/user/rottentomatoes
empty
empty
empty
empty
empty
tt1183919
https://www.rottentomatoes.com/m/marley/
95%
8
90%
4.3
27,476
tt1698648
https://www.rottentomatoes.com/m/girl_most_likely_2013/
21%
4.4
33%
2.9
12,004
tt2258858
https://www.rottentomatoes.com/m/wadjda_2013/
99%
8
88%
4.1
13,255
tt1996264
https://www.rottentomatoes.com/m/for_a_good_time_call/
56%
5.4
54%
3.4
60,933
tt1728986
https://www.rottentomatoes.com/m/bol_bachchan_2012/
67%
6
51%
3.2
4,657
tt1731697
https://www.rottentomatoes.com/m/the_lords_of_salem/
44%
5.3
30%
2.5
13,684
23.24user 0.27system 3:34.56elapsed 10%CPU (0avgtext+0avgdata 74348maxresident)k
56inputs+72outputs (1major+21396minor)pagefaults 0swaps
