tt0434139
https://www.rottentomatoes.com/m/last_kiss/
45%
5.7
59%
3.2
96,802
tt0433412
https://www.rottentomatoes.com/m/material_girls/
4%
2.6
44%
3.0
229,031
tt0437777
https://www.rottentomatoes.com/m/something_new/
61%
6
72%
3.1
101,183
tt0405094
https://www.rottentomatoes.com/m/the_lives_of_others/
93%
8.3
96%
4.4
120,765
tt0308055
https://www.rottentomatoes.com/m/1162559-bobby/
46%
5.6
72%
3.6
44,952
tt0469263
https://www.rottentomatoes.com/m/astronaut_farmer/
57%
6
49%
3.0
283,516
tt0457513
https://www.rottentomatoes.com/m/scoop/
40%
5.4
56%
3.2
70,004
tt0436595
https://www.rottentomatoes.com/m/roving_mars/
70%
6.8
78%
3.6
911
tt0805526
https://www.rottentomatoes.com/m/facing_the_giants/
13%
4.1
85%
3.9
88,024
tt0414993
https://www.rottentomatoes.com/m/the_fountain/
51%
5.9
74%
3.4
261,099
21.80user 0.27system 2:51.49elapsed 12%CPU (0avgtext+0avgdata 72096maxresident)k
0inputs+64outputs (0major+20345minor)pagefaults 0swaps
