tt0305711
https://www.rottentomatoes.com/m/just_married/
20%
4
47%
3.0
459,006
tt0285823
https://www.rottentomatoes.com/m/once_upon_a_time_in_mexico/
68%
6.3
64%
3.2
285,120
tt0338337
https://www.rottentomatoes.com/m/paycheck/
27%
4.7
46%
2.9
164,122
tt0292506
https://www.rottentomatoes.com/m/recruit/
43%
5.5
58%
3.2
110,025
tt0316465
https://www.rottentomatoes.com/m/radio/
36%
5
79%
3.6
170,877
tt0320691
https://www.rottentomatoes.com/m/underworld/
31%
4.7
79%
3.6
495,013
tt0309698
https://www.rottentomatoes.com/m/identity/
62%
6.4
75%
3.4
190,238
tt0313542
https://www.rottentomatoes.com/m/runaway_jury/
72%
6.6
75%
3.4
62,529
tt0316396
https://www.rottentomatoes.com/m/1128577-peter_pan/
77%
6.8
74%
3.3
426,671
tt0283426
https://www.rottentomatoes.com/m/jungle_book_2/
19%
4.4
30%
2.9
21,619
11.97user 0.24system 2:41.39elapsed 7%CPU (0avgtext+0avgdata 68948maxresident)k
0inputs+80outputs (0major+19752minor)pagefaults 0swaps
