tt0322330
https://www.rottentomatoes.com/m/freaky_friday/
88%
7
57%
2.9
931,792
tt0306047
https://www.rottentomatoes.com/m/scary_movie_3/
36%
4.8
54%
2.9
803,973
tt0317740
https://www.rottentomatoes.com/m/italian_job/
73%
6.4
80%
3.5
566,929
tt0251127
https://www.rottentomatoes.com/m/how_to_lose_a_guy_in_10_days/
42%
5
77%
3.4
801,723
tt0328828
https://www.rottentomatoes.com/m/american_wedding/
54%
5.8
63%
3.4
494,531
tt0317303
https://www.rottentomatoes.com/m/daddy_day_care/
27%
4.5
48%
3.2
472,300
tt0305357
https://www.rottentomatoes.com/m/charlies_angels_full_throttle/
43%
5
40%
3.0
462,787
tt0312528
https://www.rottentomatoes.com/m/cat_in_the_hat/
10%
3.2
30%
2.5
219,301
tt0159365
https://www.rottentomatoes.com/m/cold_mountain/
71%
6.7
77%
3.3
209,533
tt0311113
https://www.rottentomatoes.com/m/master_and_commander_the_far_side_of_the_world/
85%
7.6
80%
3.4
140,365
12.72user 0.25system 3:49.49elapsed 5%CPU (0avgtext+0avgdata 68408maxresident)k
16inputs+96outputs (0major+19120minor)pagefaults 0swaps
