tt0299172
https://www.rottentomatoes.com/m/home_on_the_range/
54%
5.7
28%
2.8
32,065
tt0396592
https://www.rottentomatoes.com/m/fat_albert/
25%
4.4
43%
2.7
60,190
tt0363988
https://www.rottentomatoes.com/m/secret_window/
46%
5.5
65%
3.3
428,699
tt0351977
https://www.rottentomatoes.com/m/walking_tall/
26%
4.5
60%
3.2
229,602
tt0385267
https://www.rottentomatoes.com/m/in_good_company/
83%
7
54%
3.0
65,141
tt0374900
https://www.rottentomatoes.com/m/napoleon_dynamite/
71%
6.3
74%
3.3
789,021
tt0371246
https://www.rottentomatoes.com/m/spanglish/
52%
5.9
60%
3.0
200,697
tt0204313
https://www.rottentomatoes.com/m/exorcist_the_beginning/
11%
3.5
27%
2.8
80,383
tt0317198
https://www.rottentomatoes.com/m/bridget_jones_the_edge_of_reason/
27%
4.7
60%
3.1
407,808
tt0327554
https://www.rottentomatoes.com/m/catwoman/
9%
3.1
18%
2.2
274,299
19.61user 0.31system 2:30.73elapsed 13%CPU (0avgtext+0avgdata 71160maxresident)k
680inputs+64outputs (0major+24215minor)pagefaults 0swaps
