tt0435761
https://www.rottentomatoes.com/m/toy_story_3/
99%
8.9
89%
4.3
603,938
tt1014759
https://www.rottentomatoes.com/m/1221547-alice_in_wonderland/
52%
5.7
55%
3.5
479,360
tt1228705
https://www.rottentomatoes.com/m/iron_man_2/
72%
6.5
72%
3.7
475,944
tt1325004
https://www.rottentomatoes.com/m/1210749-eclipse/
49%
5.5
60%
3.6
333,494
tt0926084
https://www.rottentomatoes.com/m/harry_potter_and_the_deathly_hallows_part_1/
78%
7.1
85%
4.1
349,088
tt1375666
https://www.rottentomatoes.com/m/inception/
86%
8.1
91%
4.2
564,990
tt1323594
https://www.rottentomatoes.com/m/1214097-despicable_me/
81%
6.8
82%
4.0
265,789
tt0892791
https://www.rottentomatoes.com/m/shrek_forever_after/
58%
5.9
54%
3.5
352,412
tt0892769
https://www.rottentomatoes.com/m/1194522-how_to_train_your_dragon/
98%
7.9
91%
4.2
310,017
tt0398286
https://www.rottentomatoes.com/m/tangled/
89%
7.5
87%
4.1
148,667
25.03user 0.37system 5:04.94elapsed 8%CPU (0avgtext+0avgdata 68528maxresident)k
8inputs+88outputs (0major+18948minor)pagefaults 0swaps
