tt1144804
https://www.rottentomatoes.com/m/1214083-kambakkht_ishq/
empty
lass="smaller bold hidden-xs superPageFontColor" style="padding-left:5px;line-height:12px">liked it<
31%
2.7
4,016
tt1266029
https://www.rottentomatoes.com/m/nowhere_boy/
80%
6.9
74%
3.6
41,067
tt1220628
https://www.rottentomatoes.com/m/i_hope_they_serve_beer_in_hell/
20%
3.2
42%
3.0
5,068
tt1440770
https://www.rottentomatoes.com/m/1213737-x_games_3d_the_movie/
40%
5.1
65%
3.7
8,998
tt1274295
https://www.rottentomatoes.com/m/kaminey/
empty
lass="smaller bold hidden-xs superPageFontColor" style="padding-left:5px;line-height:12px">liked it<
75%
3.7
3,512
tt1331064
https://www.rottentomatoes.com/m/paper_heart/
58%
5.8
45%
3.0
44,718
tt1149361
https://www.rottentomatoes.com/m/micmacs/
74%
6.6
74%
3.7
10,868
tt1334479
https://www.rottentomatoes.com/m/yoo_hoo_mrs_goldberg/
93%
7.2
78%
3.3
2,379
tt1121977
https://www.rottentomatoes.com/m/mother_and_child/
78%
6.6
76%
3.7
6,866
tt0473102
https://www.rottentomatoes.com/m/1197992-perfect_game/
57%
5.4
68%
3.6
22,274
24.32user 0.32system 6:13.30elapsed 6%CPU (0avgtext+0avgdata 69712maxresident)k
136inputs+96outputs (0major+19350minor)pagefaults 0swaps
