tt0418763
https://www.rottentomatoes.com/m/1152567-jarhead/
61%
6.3
68%
3.3
392,340
tt0374536
https://www.rottentomatoes.com/m/bewitched/
25%
4.6
28%
2.5
215,239
tt0352248
https://www.rottentomatoes.com/m/cinderella_man/
80%
7.4
91%
3.8
281,564
tt0421239
https://www.rottentomatoes.com/m/1149496-1149496-red_eye/
79%
6.7
64%
3.2
435,811
tt0397535
https://www.rottentomatoes.com/m/memoirs_of_a_geisha/
35%
5.4
83%
3.7
464,549
tt0312004
https://www.rottentomatoes.com/m/wallace_and_gromit_curse_of_the_wererabbit/
95%
8.1
79%
3.4
384,741
tt0375210
https://www.rottentomatoes.com/m/white_noise/
8%
3.5
31%
2.7
188,202
tt0377471
https://www.rottentomatoes.com/m/be_cool/
30%
4.6
42%
2.8
212,472
tt0443295
https://www.rottentomatoes.com/m/yours_mine_and_ours/
6%
3.3
51%
3.2
397,948
tt0121164
https://www.rottentomatoes.com/m/corpse_bride/
83%
7.2
77%
3.5
552,107
16.88user 0.26system 2:26.73elapsed 11%CPU (0avgtext+0avgdata 69424maxresident)k
0inputs+56outputs (0major+19868minor)pagefaults 0swaps
