tt0383574
https://www.rottentomatoes.com/m/pirates_of_the_caribbean_dead_mans_chest/
54%
6
72%
3.9
1,845,822
tt0477347
https://www.rottentomatoes.com/m/night_at_the_museum/
44%
5.3
67%
3.5
723,269
tt0317219
https://www.rottentomatoes.com/m/cars/
74%
6.9
80%
3.7
875,929
tt0376994
https://www.rottentomatoes.com/m/x_men_3_the_last_stand/
58%
5.9
62%
3.6
1,072,276
tt0382625
https://www.rottentomatoes.com/m/da_vinci_code/
25%
4.8
57%
3.2
760,402
tt0416449
https://www.rottentomatoes.com/m/300/reviews/
empty
empty
empty
empty
empty
tt0348150
https://www.rottentomatoes.com/m/superman_returns/
76%
7
61%
3.3
516,214
tt0366548
https://www.rottentomatoes.com/m/happy_feet/
75%
6.9
70%
3.6
616,601
tt0438097
https://www.rottentomatoes.com/m/ice_age_2/
57%
6.1
71%
3.6
853,832
tt0381061
https://www.rottentomatoes.com/m/casino_royale/
95%
7.9
89%
3.9
701,302
17.37user 0.21system 2:53.37elapsed 10%CPU (0avgtext+0avgdata 67316maxresident)k
16inputs+56outputs (0major+19482minor)pagefaults 0swaps
