tt0401623
https://www.rottentomatoes.com/m/magnificent_desolation/
88%
7.2
77%
3.7
1,834
tt0388125
https://www.rottentomatoes.com/m/in_her_shoes/
75%
6.9
66%
3.2
390,707
tt0408524
https://www.rottentomatoes.com/m/bad_news_bears/
48%
5.6
46%
3.1
76,598
tt0418647
https://www.rottentomatoes.com/m/dreamer/
64%
6.3
78%
3.6
90,675
tt0317132
https://www.rottentomatoes.com/m/because_of_winndixie/
54%
5.8
63%
3.3
42,053
tt0433400
https://www.rottentomatoes.com/m/just_friends/
42%
5.1
71%
3.4
420,173
tt0397065
https://www.rottentomatoes.com/m/house_of_wax_2005/
25%
4.3
42%
2.7
404,255
tt0382992
https://www.rottentomatoes.com/m/1146673-1146673-stealth/
13%
3.8
40%
2.9
76,595
tt0372532
https://www.rottentomatoes.com/m/wedding_date/
10%
3.8
67%
3.2
202,910
tt0433383
https://www.rottentomatoes.com/m/1152019-good_night_and_good_luck/
93%
8.1
83%
3.6
142,264
16.62user 0.18system 2:53.43elapsed 9%CPU (0avgtext+0avgdata 68836maxresident)k
0inputs+56outputs (0major+20210minor)pagefaults 0swaps
