tt0239986
https://www.rottentomatoes.com/m/1110008-sidewalks_of_new_york/
57%
5.5
54%
3.1
5,174
tt0189541
https://www.rottentomatoes.com/m/1114093-gabriela/
empty
lass="smaller bold hidden-xs superPageFontColor" style="padding-left:5px;line-height:12px">liked it<
63%
3.2
892
tt0253200
https://www.rottentomatoes.com/m/last_orders/
79%
7
72%
3.4
3,072
tt0234354
https://www.rottentomatoes.com/m/novocaine/
38%
4.7
37%
2.8
7,424
tt0254686
https://www.rottentomatoes.com/m/piano_teacher/
73%
6.9
81%
3.8
19,801
tt0262462
https://www.rottentomatoes.com/m/carman_the_champion/
11%
4.1
60%
3.4
923
tt0287471
https://www.rottentomatoes.com/m/late_marriage/
88%
7.3
79%
3.7
1,086
tt0254455
https://www.rottentomatoes.com/m/sex_and_lucia/
71%
6.5
85%
3.8
21,877
tt0265307
https://www.rottentomatoes.com/m/man_from_elysian_fields/
51%
5.9
55%
3.3
1,487
tt0261066
https://www.rottentomatoes.com/m/american_pie_2/
52%
5.4
68%
3.2
954,501
10.72user 0.17system 2:14.37elapsed 8%CPU (0avgtext+0avgdata 73192maxresident)k
0inputs+56outputs (0major+20449minor)pagefaults 0swaps
