tt1583420
https://www.rottentomatoes.com/m/larry_crowne/
36%
5
41%
3.1
32,232
tt0780504
https://www.rottentomatoes.com/m/drive_2011/
92%
8.3
79%
3.9
115,385
tt1268799
https://www.rottentomatoes.com/m/very_harold_and_kumar_christmas/
68%
6.1
59%
3.5
43,979
tt1306980
https://www.rottentomatoes.com/m/5050_2011/
94%
7.7
88%
4.1
85,587
tt1630036
https://www.rottentomatoes.com/m/courageous
30%
4.8
86%
4.3
27,502
tt1161864
https://www.rottentomatoes.com/m/the_rite/
20%
4.3
41%
3.0
52,309
tt1334512
https://www.rottentomatoes.com/m/arthur_2011/
26%
4.4
44%
3.1
45,440
tt0477302
https://www.rottentomatoes.com/m/extremely_loud_and_incredibly_close/
46%
5.5
61%
3.5
79,512
tt1366344
https://www.rottentomatoes.com/m/the_sitter_2011/
21%
4.2
39%
3.0
40,609
tt1007029
https://www.rottentomatoes.com/m/the_iron_lady/
51%
5.7
51%
3.3
96,881
26.45user 0.32system 13:51.08elapsed 3%CPU (0avgtext+0avgdata 70124maxresident)k
224inputs+80outputs (0major+20686minor)pagefaults 0swaps
