tt3501416
https://www.rottentomatoes.com/m/assassination_2015/
80%
6.5
83%
4.1
1,337
tt3569230
https://www.rottentomatoes.com/m/legend_2015/
61%
5.9
60%
3.5
27,261
tt1172049
https://www.rottentomatoes.com/m/demolition_2016/
53%
5.8
57%
3.4
6,711
tt3808342
https://www.rottentomatoes.com/m/son_of_saul/
96%
8.9
81%
3.9
11,986
tt1524575
https://www.rottentomatoes.com/m/the_vatican_tapes_2015/
19%
3.9
21%
2.3
2,281
tt1490785
https://www.rottentomatoes.com/m/i_saw_the_light/
21%
4.7
38%
3.0
3,267
tt3172532
https://www.rottentomatoes.com/m/the_diary_of_a_teenage_girl/
93%
7.9
73%
3.7
11,329
tt4701702
https://www.rottentomatoes.com/m/mr_six/
80%
7.1
84%
4.1
1,224
tt3159708
https://www.rottentomatoes.com/m/welcome_back_2015/
empty
lass="smaller bold hidden-xs superPageFontColor" style="padding-left:5px;line-height:12px">liked it<
24%
2.4
422
tt1754656
https://www.rottentomatoes.com/m/the_little_prince_2016/
93%
7.3
85%
4.1
13,115
22.66user 0.33system 3:29.60elapsed 10%CPU (0avgtext+0avgdata 74072maxresident)k
136inputs+64outputs (16major+22257minor)pagefaults 0swaps
