tt0861689
https://www.rottentomatoes.com/m/1188215-blindness/
43%
5.2
47%
3.1
61,652
tt1155592
https://www.rottentomatoes.com/m/man_on_wire/
100%
8.4
87%
4.1
29,198
tt1024715
https://www.rottentomatoes.com/m/choke/
54%
5.6
52%
3.2
34,948
tt0455538
https://www.rottentomatoes.com/m/how_to_lose_friends_and_alienate_people/
37%
5
42%
3.1
48,637
tt0808244
https://www.rottentomatoes.com/m/1006429-easy_virtue/
67%
6.4
27%
2.9
731
tt0978759
https://www.rottentomatoes.com/m/frozen_river/
88%
7.3
74%
3.3
85,782
tt1166100
https://www.rottentomatoes.com/m/ghajini/
38%
5.5
71%
3.8
6,386
tt1012804
https://www.rottentomatoes.com/m/redbelt/
68%
6.3
65%
3.4
21,934
tt1185616
https://www.rottentomatoes.com/m/waltz_with_bashir/
96%
8.3
90%
4.0
43,598
tt0800241
https://www.rottentomatoes.com/m/transsiberian/
93%
7.2
65%
3.4
15,964
24.40user 0.32system 2:58.27elapsed 13%CPU (0avgtext+0avgdata 75008maxresident)k
0inputs+64outputs (0major+21141minor)pagefaults 0swaps
