tt2401878
https://www.rottentomatoes.com/m/anomalisa/
92%
8.4
71%
3.6
18,163
tt3471098
https://www.rottentomatoes.com/m/maggies_plan_2016/
85%
7.1
57%
3.3
6,607
tt4062536
https://www.rottentomatoes.com/m/green_room_2016
91%
7.7
76%
3.7
17,419
tt4296800
https://www.rottentomatoes.com/m/ladrones_2015/
60%
5.2
63%
3.6
922
tt3416744
https://www.rottentomatoes.com/m/the_end_of_the_tour_2015/
91%
8
83%
3.9
13,945
tt3164256
https://www.rottentomatoes.com/m/rock_the_kasbah/
8%
3.4
29%
2.6
11,498
tt3312830
https://www.rottentomatoes.com/m/youth_2015/
73%
7
69%
3.6
10,660
tt4594834
https://www.rottentomatoes.com/m/chi_raq/
81%
7.5
50%
3.1
7,861
tt3065132
https://www.rottentomatoes.com/m/he_named_me_malala/
72%
6.6
72%
3.7
6,551
tt0790770
https://www.rottentomatoes.com/m/miles_ahead_2016/
73%
6.4
62%
3.5
6,106
24.33user 0.35system 3:51.67elapsed 10%CPU (0avgtext+0avgdata 73540maxresident)k
56inputs+72outputs (6major+20484minor)pagefaults 0swaps
