tt1535438
https://www.rottentomatoes.com/m/hope_springs_2012/
75%
6.6
56%
3.4
46,892
tt1496025
https://www.rottentomatoes.com/m/underworld_awakening/
27%
4.3
62%
3.6
98,056
tt1327194
https://www.rottentomatoes.com/m/the_lucky_one_2012/
20%
4.2
67%
3.7
193,547
tt1645170
https://www.rottentomatoes.com/m/the_dictator_2012/
57%
5.9
44%
3.1
166,843
tt1386703
https://www.rottentomatoes.com/m/total_recall_2012/
30%
5
47%
3.2
116,334
tt1605630
https://www.rottentomatoes.com/m/american_reunion_2012/
43%
5.2
63%
3.6
338,729
tt1623288
https://www.rottentomatoes.com/m/paranorman/
87%
7.3
72%
3.7
82,441
tt1596350
https://www.rottentomatoes.com/m/this_means_war/
26%
4.3
57%
3.4
89,314
tt1636826
https://www.rottentomatoes.com/m/project_x_2011/
28%
4.2
61%
3.5
94,656
tt1596365
https://www.rottentomatoes.com/m/the_woman_in_black_2011/
66%
6
54%
3.3
97,243
24.59user 0.37system 3:30.46elapsed 11%CPU (0avgtext+0avgdata 69204maxresident)k
0inputs+64outputs (0major+19270minor)pagefaults 0swaps
