tt0368794
https://www.rottentomatoes.com/m/im_not_there_suppositions_on_a_film_concerning_dylan/
76%
7
70%
3.5
113,552
tt0804516
https://www.rottentomatoes.com/m/p2/
35%
4.3
36%
2.9
67,758
tt1047007
https://www.rottentomatoes.com/m/youngheart/
88%
7.6
91%
4.2
5,350
tt0423977
https://www.rottentomatoes.com/m/charlie_bartlett/
56%
5.8
71%
3.5
104,984
tt0443680
https://www.rottentomatoes.com/m/assassination_of_jesse_james_by_the_coward_robert_ford/
76%
7.1
75%
3.7
97,176
tt0455805
https://www.rottentomatoes.com/m/then_she_found_me/
50%
5.5
43%
3.1
18,741
tt0448134
https://www.rottentomatoes.com/m/sunshine/
76%
6.8
73%
3.5
167,227
tt0866437
https://www.rottentomatoes.com/m/1175178-jane_austen_book_club/
65%
6.1
67%
3.5
26,886
tt0397044
https://www.rottentomatoes.com/m/blood_and_chocolate/
11%
3.6
52%
3.1
158,308
tt0800027
https://www.rottentomatoes.com/m/feast_of_love/
39%
5.3
55%
3.1
117,421
19.57user 0.32system 4:50.51elapsed 6%CPU (0avgtext+0avgdata 66320maxresident)k
448inputs+112outputs (5major+19873minor)pagefaults 0swaps
