tt1407061
https://www.rottentomatoes.com/m/just_wright/
45%
5.1
60%
3.3
108,480
tt1564585
https://www.rottentomatoes.com/m/skyline_2010/
15%
3.6
18%
2.1
67,101
tt1458175
https://www.rottentomatoes.com/m/next_three_days/
52%
5.9
66%
3.5
51,306
tt0842926
https://www.rottentomatoes.com/m/10012141-kids_are_all_right/
93%
7.8
73%
3.6
63,081
tt1305583
https://www.rottentomatoes.com/m/our_family_wedding/
13%
3.5
48%
3.1
77,717
tt1555064
https://www.rottentomatoes.com/m/country_strong/
22%
4.5
53%
3.3
32,903
tt1568921
https://www.rottentomatoes.com/m/the_secret_world_of_arrietty/
95%
7.7
85%
4.1
60,365
tt1403981
https://www.rottentomatoes.com/m/1211619-remember_me/
27%
4.4
68%
3.4
411,459
tt1542344
https://www.rottentomatoes.com/m/127_hours/
93%
8.3
85%
4.0
94,638
tt1322312
https://www.rottentomatoes.com/m/10012042-going_the_distance/
53%
5.7
52%
3.3
57,321
26.05user 0.40system 4:42.96elapsed 9%CPU (0avgtext+0avgdata 70232maxresident)k
0inputs+80outputs (0major+20679minor)pagefaults 0swaps
