tt1939659
https://www.rottentomatoes.com/m/carrie/
48%
5.4
44%
3.2
81,667
tt1572315
https://www.rottentomatoes.com/m/texas_chainsaw/
19%
3.4
41%
2.9
116,851
tt0790736
https://www.rottentomatoes.com/m/ripd/
13%
3.6
38%
3.0
81,986
tt2334873
https://www.rottentomatoes.com/m/blue_jasmine/
91%
8.1
77%
3.8
48,259
tt2609912
https://www.rottentomatoes.com/m/kevin_hart_let_me_explain/
62%
5.9
72%
3.9
31,510
tt2053463
https://www.rottentomatoes.com/m/side_effects_2013/
83%
7.3
70%
3.6
69,137
tt0795461
https://www.rottentomatoes.com/m/scary_movie_5/
4%
2
39%
2.9
235,950
tt1538403
https://www.rottentomatoes.com/m/the_mortal_instruments_city_of_bones/
12%
3.9
58%
3.5
57,016
tt2387559
https://www.rottentomatoes.com/m/delivery_man/
39%
5
47%
3.2
57,987
tt1661382
https://www.rottentomatoes.com/m/grudge_match_2014/
29%
4.6
46%
3.2
35,896
23.00user 0.27system 2:48.27elapsed 13%CPU (0avgtext+0avgdata 71156maxresident)k
0inputs+56outputs (0major+20050minor)pagefaults 0swaps
