tt0446046
https://www.rottentomatoes.com/m/take_the_lead/
44%
5.4
77%
3.5
369,406
tt0449467
https://www.rottentomatoes.com/m/babel/
69%
6.7
77%
3.5
376,534
tt0417148
https://www.rottentomatoes.com/m/snakes_on_a_plane/
69%
6.2
49%
2.9
463,257
tt0454945
https://www.rottentomatoes.com/m/shes_the_man/
43%
5
79%
3.7
607,104
tt0418689
https://www.rottentomatoes.com/m/flags_of_our_fathers/
73%
7
69%
3.5
267,594
tt0475276
https://www.rottentomatoes.com/m/united_93/
91%
8.2
83%
3.6
128,909
tt0814075
https://www.rottentomatoes.com/m/deliver_us_from_evil/
100%
8.4
89%
3.8
19,190
tt0424993
https://www.rottentomatoes.com/m/employee_of_the_month/
20%
4
53%
3.1
421,950
tt0455499
https://www.rottentomatoes.com/m/garfield_2/
11%
3.5
43%
3.1
105,392
tt0429589
https://www.rottentomatoes.com/m/ant_bully/
63%
6.2
42%
3.1
88,706
20.67user 0.24system 2:39.84elapsed 13%CPU (0avgtext+0avgdata 68356maxresident)k
0inputs+64outputs (0major+19071minor)pagefaults 0swaps
