tt0163983
https://www.rottentomatoes.com/m/bless_the_child/
3%
3
42%
2.8
35,222
tt0204626
https://www.rottentomatoes.com/m/watcher/
10%
3.4
29%
2.7
21,524
tt0199725
https://www.rottentomatoes.com/m/love_and_basketball/
82%
6.7
95%
3.9
186,481
tt0146882
https://www.rottentomatoes.com/m/1095420-high_fidelity/
91%
7.7
90%
3.7
211,052
tt0229260
https://www.rottentomatoes.com/m/book_of_shadows_blair_witch_2/
13%
3.4
18%
2.1
58,015
tt0131704
https://www.rottentomatoes.com/m/adventures_of_rocky_and_bullwinkle/
43%
4.8
19%
2.2
51,853
tt0209144
https://www.rottentomatoes.com/m/memento/
92%
8.2
94%
4.1
377,769
tt0171580
https://www.rottentomatoes.com/m/nurse_betty/
84%
7.2
44%
2.7
35,204
tt0184858
https://www.rottentomatoes.com/m/reindeer_games/
25%
4.2
27%
2.5
42,997
tt0120913
https://www.rottentomatoes.com/m/titan_ae/
52%
5.7
60%
3.2
69,159
10.72user 0.22system 2:27.09elapsed 7%CPU (0avgtext+0avgdata 71344maxresident)k
0inputs+56outputs (0major+20499minor)pagefaults 0swaps
