tt0945513
https://www.rottentomatoes.com/m/source_code/
92%
7.5
81%
3.8
123,895
tt1598822
https://www.rottentomatoes.com/m/new_years_eve_2011/
7%
3.1
45%
3.1
81,103
tt1787759
https://www.rottentomatoes.com/m/madeas_big_happy_family/
38%
4.6
74%
3.9
30,994
tt1650043
https://www.rottentomatoes.com/m/diary_of_a_wimpy_kid_2_rodrick_rules/
47%
5.3
61%
3.5
33,110
tt1068242
https://www.rottentomatoes.com/m/footloose-2010/
69%
6.1
61%
3.6
68,505
tt1071875
https://www.rottentomatoes.com/m/ghost_rider_spirit_of_vengeance/
17%
3.8
32%
2.6
112,331
tt1601913
https://www.rottentomatoes.com/m/the_grey_2012/
79%
6.9
61%
3.5
164,285
tt1578275
https://www.rottentomatoes.com/m/the_dilemma/
24%
4.3
29%
2.8
56,385
tt1430607
https://www.rottentomatoes.com/m/arthur_christmas/
92%
7.2
76%
3.9
39,851
tt1412386
https://www.rottentomatoes.com/m/the_best_exotic_marigold_hotel_2012/
78%
6.6
79%
3.8
71,819
36.36user 0.81system 14:36.69elapsed 4%CPU (0avgtext+0avgdata 70416maxresident)k
0inputs+104outputs (0major+20339minor)pagefaults 0swaps
