tt0274117
https://www.rottentomatoes.com/m/read_my_lips/
97%
7.8
82%
3.8
5,683
tt0275309
https://www.rottentomatoes.com/m/dogtown_and_zboys/
92%
7.5
89%
3.9
13,753
tt0280778
https://www.rottentomatoes.com/m/1111227-iris/
79%
7.1
74%
3.6
9,292
tt0256408
https://www.rottentomatoes.com/m/startupcom/
92%
7.6
73%
3.5
2,572
tt0242587
https://www.rottentomatoes.com/m/1106648-lie/
83%
7
78%
3.7
7,426
tt0240402
https://www.rottentomatoes.com/m/center_of_the_world/
34%
4.8
41%
2.9
2,519
tt0245407
https://www.rottentomatoes.com/m/crush-2000/
empty
lass="smaller bold hidden-xs superPageFontColor" style="padding-left:5px;line-height:12px">liked it<
45%
3.2
128
tt0283509
https://www.rottentomatoes.com/m/no_mans_land/
93%
7.8
93%
4.1
11,895
tt0269499
https://www.rottentomatoes.com/m/my_wife_is_an_actress/
66%
6.3
65%
3.4
3,127
tt0265930
https://www.rottentomatoes.com/m/last_kiss/
45%
5.7
59%
3.2
96,802
10.76user 0.23system 2:28.13elapsed 7%CPU (0avgtext+0avgdata 73416maxresident)k
0inputs+64outputs (0major+20295minor)pagefaults 0swaps
