tt0132245
https://www.rottentomatoes.com/m/1107198-driven/
14%
3.6
33%
2.5
43,129
tt0173840
https://www.rottentomatoes.com/m/final_fantasy_the_spirits_within/
44%
5.3
48%
3.0
141,471
tt0161083
https://www.rottentomatoes.com/m/whats_the_worst_that_could_happen/
10%
3.5
35%
2.7
16,986
tt0120681
https://www.rottentomatoes.com/m/from_hell/
57%
5.7
66%
3.3
202,908
tt0285742
https://www.rottentomatoes.com/m/monsters_ball/
85%
7.3
67%
3.3
57,347
tt0278488
https://www.rottentomatoes.com/m/how_high/
27%
3.8
79%
3.5
66,933
tt0261392
https://www.rottentomatoes.com/m/jay_and_silent_bob_strike_back/
53%
5.7
75%
3.4
303,726
tt0200027
https://www.rottentomatoes.com/m/riding_in_cars_with_boys/
49%
5.2
66%
3.1
95,395
tt0255819
https://www.rottentomatoes.com/m/baby_boy/
71%
6.2
87%
3.8
62,498
tt0268995
https://www.rottentomatoes.com/m/majestic/
42%
4.9
60%
3.1
57,945
11.44user 0.18system 2:24.15elapsed 8%CPU (0avgtext+0avgdata 72208maxresident)k
0inputs+48outputs (0major+20221minor)pagefaults 0swaps
