tt0278504
https://www.rottentomatoes.com/m/1114154-insomnia/
92%
7.7
76%
3.3
103,808
tt0264472
https://www.rottentomatoes.com/m/changing_lanes/
77%
7
53%
3.0
54,993
tt0257360
https://www.rottentomatoes.com/m/about_schmidt/
85%
7.7
74%
3.2
90,360
tt0243585
https://www.rottentomatoes.com/m/stuart_little_2/
81%
7
41%
2.7
179,518
tt0322802
https://www.rottentomatoes.com/m/jackass_the_movie/
48%
5
75%
3.4
445,153
tt0268695
https://www.rottentomatoes.com/m/1112951-time_machine/
29%
4.8
37%
2.7
171,547
tt0303933
https://www.rottentomatoes.com/m/drumline/
82%
6.7
70%
3.2
321,968
tt0245844
https://www.rottentomatoes.com/m/1110288-count_of_monte_cristo/
73%
6.7
88%
3.6
208,823
tt0250797
https://www.rottentomatoes.com/m/unfaithful/
49%
5.7
68%
3.3
59,834
tt0308506
https://www.rottentomatoes.com/m/like_mike/
57%
5.5
51%
2.8
67,871
11.25user 0.18system 2:22.58elapsed 8%CPU (0avgtext+0avgdata 68528maxresident)k
0inputs+64outputs (0major+19353minor)pagefaults 0swaps
