tt1000774
https://www.rottentomatoes.com/m/sex_and_the_city/
49%
5.5
77%
3.8
463,666
tt1205489
https://www.rottentomatoes.com/m/gran_torino/
79%
7.1
90%
4.1
330,997
tt0936501
https://www.rottentomatoes.com/m/taken/
58%
5.8
85%
4.1
737,639
tt0795421
https://www.rottentomatoes.com/m/mamma_mia/
54%
5.5
66%
3.6
436,920
tt0822832
https://www.rottentomatoes.com/m/marley_and_me/
63%
6
75%
3.8
264,453
tt0499448
https://www.rottentomatoes.com/m/chronicles_of_narnia_prince_caspian/
67%
6.3
73%
3.7
552,366
tt1010048
https://www.rottentomatoes.com/m/slumdog_millionaire/
92%
8.4
90%
4.0
1,154,270
tt0493464
https://www.rottentomatoes.com/m/1174279-wanted/
72%
6.6
69%
3.6
1,545,391
tt0800080
https://www.rottentomatoes.com/m/the_incredible_hulk/
67%
6.2
71%
3.6
735,323
tt0425061
https://www.rottentomatoes.com/m/get_smart/
51%
5.5
67%
3.6
450,713
21.09user 0.33system 3:46.91elapsed 9%CPU (0avgtext+0avgdata 67852maxresident)k
0inputs+72outputs (0major+19862minor)pagefaults 0swaps
