tt0429591
https://www.rottentomatoes.com/m/aquamarine/
51%
5.4
61%
3.0
296,370
tt0370032
https://www.rottentomatoes.com/m/10004504-ultraviolet/
9%
2.8
30%
2.6
279,900
tt0462519
https://www.rottentomatoes.com/m/school_for_scoundrels/
25%
4.6
53%
3.2
107,689
tt0455590
https://www.rottentomatoes.com/m/last_king_of_scotland/
87%
7.3
89%
3.8
257,552
tt0465551
https://www.rottentomatoes.com/m/notes_on_a_scandal/
87%
7.5
83%
3.7
77,499
tt0397078
https://www.rottentomatoes.com/m/just_my_luck/
13%
3.7
48%
3.0
353,640
tt0417433
https://www.rottentomatoes.com/m/annapolis/
10%
3.9
60%
3.2
119,186
tt0488658
https://www.rottentomatoes.com/m/unaccompanied_minors/
31%
4.5
53%
3.2
45,436
tt0454082
https://www.rottentomatoes.com/m/black_christmas/
14%
3.3
38%
2.9
137,782
tt0422720
https://www.rottentomatoes.com/m/1158195-marie_antoinette/
55%
6
56%
3.0
262,061
18.44user 0.30system 2:58.93elapsed 10%CPU (0avgtext+0avgdata 70192maxresident)k
0inputs+64outputs (0major+19941minor)pagefaults 0swaps
