tt3850214
https://www.rottentomatoes.com/m/dope_2015/
89%
7.3
84%
4.0
32,351
tt3660770
https://www.rottentomatoes.com/m/monkey_kingdom/
94%
7.3
76%
3.9
11,387
tt2938956
https://www.rottentomatoes.com/m/the_transporter_refueled/
15%
3.8
31%
2.7
13,986
tt3170832
https://www.rottentomatoes.com/m/room_2015/
94%
8.4
93%
4.4
45,663
tt3766394
https://www.rottentomatoes.com/m/hello_my_name_is_doris/
83%
6.8
78%
4.0
15,129
tt3316948
https://www.rottentomatoes.com/m/american_ultra/
43%
5.4
45%
3.1
19,190
tt4183692
https://www.rottentomatoes.com/m/woodlawn/
77%
6.4
81%
4.2
9,793
tt2503944
https://www.rottentomatoes.com/m/burnt/
29%
5
45%
3.2
16,538
tt4056738
https://www.rottentomatoes.com/m/do_you_believe/
17%
4.2
83%
4.2
10,789
tt0810819
https://www.rottentomatoes.com/m/the_danish_girl_2015/
69%
6.6
73%
3.7
26,178
25.29user 0.37system 3:40.08elapsed 11%CPU (0avgtext+0avgdata 72352maxresident)k
3304inputs+64outputs (26major+20770minor)pagefaults 0swaps
