tt2073016
https://www.rottentomatoes.com/m/the_other_son/
80%
7
78%
3.9
7,287
tt2073086
https://www.rottentomatoes.com/m/still_mine/
93%
7.3
81%
4.0
8,045
tt1703958
https://www.rottentomatoes.com/m/ek_main_air_ekk_tu/
83%
6
38%
3.0
1,295
tt2332522
https://www.rottentomatoes.com/m/leviathan_2012/
84%
7.2
54%
3.2
2,178
tt1996346
https://www.rottentomatoes.com/m/woman_thou_art_loosed_on_the_7th_day/
20%
4.1
69%
3.9
14,711
tt1932767
https://www.rottentomatoes.com/m/what_maisie_knew_2012/
87%
7.7
80%
3.9
15,051
tt1520498
https://www.rottentomatoes.com/m/the_oogieloves_in_the_big_balloon_adventure/
27%
3.4
65%
3.4
4,878
tt1932718
https://www.rottentomatoes.com/m/thanks_for_sharing/
50%
5.6
43%
3.1
10,711
tt2168910
https://www.rottentomatoes.com/m/cocktail_2012/
empty
lass="smaller bold hidden-xs superPageFontColor" style="padding-left:5px;line-height:12px">liked it<
44%
3.0
3,372
tt2115295
https://www.rottentomatoes.com/m/ginger_and_rosa/
80%
6.8
50%
3.2
6,509
21.68user 0.26system 3:20.31elapsed 10%CPU (0avgtext+0avgdata 73408maxresident)k
0inputs+64outputs (0major+19830minor)pagefaults 0swaps
