tt1606378
https://www.rottentomatoes.com/m/a_good_day_to_die_hard/
14%
3.9
40%
3.0
117,214
tt1588173
https://www.rottentomatoes.com/m/warm_bodies/
80%
6.8
73%
3.8
130,714
tt1351685
https://www.rottentomatoes.com/m/jack_the_giant_slayer/
52%
5.7
55%
3.4
92,192
tt2184339
https://www.rottentomatoes.com/m/the_purge/
37%
5.1
36%
2.9
95,393
tt1204975
https://www.rottentomatoes.com/m/last_vegas_2013/
46%
5.2
59%
3.5
53,805
tt1731141
https://www.rottentomatoes.com/m/enders-game/
60%
6
65%
3.6
117,804
tt1392214
https://www.rottentomatoes.com/m/prisoners_2013/
81%
7.3
87%
4.1
105,674
tt1815862
https://www.rottentomatoes.com/m/after_earth/
11%
3.9
36%
2.8
121,307
tt0359950
https://www.rottentomatoes.com/m/the_secret_life_of_walter_mitty_2013/
51%
6
70%
3.7
78,685
tt0765446
https://www.rottentomatoes.com/m/escape_from_planet_earth_2013/
33%
4.6
54%
3.4
35,252
20.93user 0.26system 2:54.99elapsed 12%CPU (0avgtext+0avgdata 69696maxresident)k
0inputs+56outputs (0major+19891minor)pagefaults 0swaps
