tt0378194
https://www.rottentomatoes.com/m/kill_bill_volume_2/
84%
7.7
89%
3.8
839,247
tt0368008
https://www.rottentomatoes.com/m/manchurian_candidate/
81%
7.1
62%
3.2
67,915
tt0337579
https://www.rottentomatoes.com/m/barbershop_2_back_in_business/
68%
6.3
48%
3.1
73,437
tt0349825
https://www.rottentomatoes.com/m/miracle/
80%
7
90%
3.8
56,724
tt0390022
https://www.rottentomatoes.com/m/friday_night_lights/
81%
7.1
85%
3.6
185,443
tt0327162
https://www.rottentomatoes.com/m/stepford_wives/
26%
4.7
29%
2.6
210,546
tt0167190
https://www.rottentomatoes.com/m/hellboy/
81%
6.8
65%
3.2
457,710
tt0363547
https://www.rottentomatoes.com/m/dawn_of_the_dead/
75%
6.7
77%
3.4
403,223
tt0364751
https://www.rottentomatoes.com/m/without_a_paddle/
14%
3.9
68%
3.3
408,417
tt0358135
https://www.rottentomatoes.com/m/shall_we_dance/
46%
5.5
57%
3.0
205,418
20.13user 0.33system 2:35.05elapsed 13%CPU (0avgtext+0avgdata 66708maxresident)k
0inputs+56outputs (0major+19378minor)pagefaults 0swaps
