tt1082601
https://www.rottentomatoes.com/m/fighting/
39%
4.9
36%
2.6
765,902
tt0899106
https://www.rottentomatoes.com/m/love_happens/
16%
3.8
37%
3.0
125,357
tt1016075
https://www.rottentomatoes.com/m/10011235-fame/
25%
4.4
36%
3.0
194,982
tt0432283
https://www.rottentomatoes.com/m/1197696-fantastic_mr_fox/
92%
7.9
84%
3.9
150,769
tt1100119
https://www.rottentomatoes.com/m/shorts_the_adventures_of_the_wishing_rock/
45%
5.3
32%
2.8
183,519
tt1114740
https://www.rottentomatoes.com/m/paul_blart_mall_cop/
33%
4.6
43%
3.1
392,763
tt1034032
https://www.rottentomatoes.com/m/gamer/
28%
4.2
39%
3.0
251,809
tt1305806
https://www.rottentomatoes.com/m/secret_in_their_eyes/
91%
7.8
93%
4.2
27,996
tt0875034
https://www.rottentomatoes.com/m/nine_2009/
38%
5.1
37%
2.9
109,370
tt0375568
https://www.rottentomatoes.com/m/astro_boy/
49%
5.6
50%
3.3
148,301
23.79user 0.28system 6:48.61elapsed 5%CPU (0avgtext+0avgdata 71156maxresident)k
0inputs+104outputs (0major+20881minor)pagefaults 0swaps
