tt1386588
https://www.rottentomatoes.com/m/other_guys/
78%
6.7
59%
3.4
159,553
tt0944835
https://www.rottentomatoes.com/m/1213717-salt/
62%
6
59%
3.4
200,287
tt1116184
https://www.rottentomatoes.com/m/jackass_3/
64%
5.8
69%
3.7
93,554
tt0817230
https://www.rottentomatoes.com/m/valentines_day_2010/
18%
3.8
47%
3.2
287,143
tt0947798
https://www.rottentomatoes.com/m/black_swan_2010/
87%
8.2
84%
4.0
175,945
tt0955308
https://www.rottentomatoes.com/m/robin_hood_2010/
43%
5.4
58%
3.5
264,797
tt0980970
https://www.rottentomatoes.com/m/chronicles_of_narnia_the_voyage_of_the_dawn_treader/
49%
5.7
58%
3.5
156,988
tt1320253
https://www.rottentomatoes.com/m/the_expendables/
41%
5.2
64%
3.6
296,859
tt1231583
https://www.rottentomatoes.com/m/due-date/
40%
5.2
52%
3.3
125,018
tt1302067
https://www.rottentomatoes.com/m/yogi-bear/
13%
3.6
34%
2.8
56,055
26.31user 0.30system 4:25.09elapsed 10%CPU (0avgtext+0avgdata 66032maxresident)k
0inputs+80outputs (0major+18540minor)pagefaults 0swaps
