tt1532503
https://www.rottentomatoes.com/m/beginners/
84%
7.3
77%
3.8
24,529
tt1032751
https://www.rottentomatoes.com/m/the-warriors-way/
29%
4.4
47%
3.2
26,616
tt1664894
https://www.rottentomatoes.com/m/cave_of_forgotten_dreams/
96%
7.9
73%
3.8
12,190
tt1164999
https://www.rottentomatoes.com/m/biutiful/
64%
6.4
74%
3.7
21,119
tt1172991
https://www.rottentomatoes.com/m/the-company-men/
67%
6.4
55%
3.3
33,779
tt1441912
https://www.rottentomatoes.com/m/the_way_2011/
82%
6.6
83%
4.0
13,292
tt1645089
https://www.rottentomatoes.com/m/inside_job_2010/
98%
8.2
91%
4.2
28,868
tt1234654
https://www.rottentomatoes.com/m/greenberg/
75%
6.7
42%
2.9
36,567
tt1529567
https://www.rottentomatoes.com/m/sea_rex_journey_to_a_prehistoric_world_3d/
empty
lass="smaller bold hidden-xs superPageFontColor" style="padding-left:5px;line-height:12px">liked it<
47%
3.1
93
tt0878835
https://www.rottentomatoes.com/m/0878835
86%
7.4
64%
3.4
11,507
24.12user 0.37system 4:51.25elapsed 8%CPU (0avgtext+0avgdata 72408maxresident)k
0inputs+80outputs (0major+20893minor)pagefaults 0swaps
