tt0320661
https://www.rottentomatoes.com/m/kingdom_of_heaven/
39%
5.5
72%
3.4
364,768
tt0408306
https://www.rottentomatoes.com/m/munich/
78%
7.5
83%
3.6
329,478
tt0450278
https://www.rottentomatoes.com/m/hostel/
61%
5.8
53%
3.1
470,585
tt0396752
https://www.rottentomatoes.com/m/1153987-nanny_mcphee/
73%
6.6
63%
3.2
494,860
tt0357507
https://www.rottentomatoes.com/m/boogeyman/
13%
3.4
21%
2.5
261,568
tt0386140
https://www.rottentomatoes.com/m/legend_of_zorro/
26%
4.8
48%
3.2
454,925
tt0417001
https://www.rottentomatoes.com/m/must_love_dogs/
35%
5
51%
3.0
197,730
tt0388482
https://www.rottentomatoes.com/m/transporter_2/
52%
5.4
58%
3.3
407,472
tt0398375
https://www.rottentomatoes.com/m/rumor_has_it/
20%
4.4
41%
3.0
419,944
tt0332047
https://www.rottentomatoes.com/m/fever_pitch/
65%
6.3
60%
3.0
166,575
15.77user 0.25system 2:51.62elapsed 9%CPU (0avgtext+0avgdata 70004maxresident)k
0inputs+64outputs (0major+20755minor)pagefaults 0swaps
