tt0210616
https://www.rottentomatoes.com/m/center_stage/
43%
5
82%
3.5
104,186
tt0196216
https://www.rottentomatoes.com/m/small_time_crooks/
67%
6.3
57%
3.2
15,587
tt0181984
https://www.rottentomatoes.com/m/1095081-boiler_room/
67%
6.4
78%
3.4
46,640
tt0160484
https://www.rottentomatoes.com/m/1101034-lost_souls/
7%
3
21%
2.6
10,720
tt0205461
https://www.rottentomatoes.com/m/thomas_and_the_magic_railroad/
19%
3.9
38%
2.8
3,150
tt0149624
https://www.rottentomatoes.com/m/all_the_pretty_horses/
32%
4.9
42%
3.0
11,894
tt0217630
https://www.rottentomatoes.com/m/1098734-loser/
24%
4.2
35%
2.6
52,019
tt0186045
https://www.rottentomatoes.com/m/drowning_mona/
29%
4.4
46%
2.7
15,215
tt0211938
https://www.rottentomatoes.com/m/1100039-bait/
26%
4.2
41%
3.0
11,889
tt0213749
https://www.rottentomatoes.com/m/imax_cirque_du_soleil_journey_of_man/
45%
5.6
70%
3.6
1,835
10.57user 0.18system 2:26.33elapsed 7%CPU (0avgtext+0avgdata 73368maxresident)k
0inputs+48outputs (0major+20750minor)pagefaults 0swaps
