tt0130623
https://www.rottentomatoes.com/m/1097046-dinosaur/
65%
6.2
47%
3.0
70,839
tt0190332
https://www.rottentomatoes.com/m/crouching_tiger_hidden_dragon/
97%
8.6
86%
3.6
426,207
tt0195685
https://www.rottentomatoes.com/m/erin_brockovich/
84%
7.3
80%
3.5
417,990
tt0160127
https://www.rottentomatoes.com/m/charlies_angels/
68%
6.2
45%
2.9
728,764
tt0181865
https://www.rottentomatoes.com/m/1103281-traffic/
92%
8
85%
3.6
189,809
tt0144528
https://www.rottentomatoes.com/m/nutty_professor_ii_the_klumps/
26%
4.4
33%
2.6
231,540
tt0208003
https://www.rottentomatoes.com/m/big_mommas_house/
30%
4.4
57%
3.2
475,534
tt0210945
https://www.rottentomatoes.com/m/remember_the_titans/
73%
6.3
93%
3.9
577,424
tt0187393
https://www.rottentomatoes.com/m/1098149-patriot/
61%
6.1
81%
3.6
422,407
tt0212346
https://www.rottentomatoes.com/m/miss_congeniality/
42%
5.1
69%
3.2
975,024
10.68user 0.23system 3:59.00elapsed 4%CPU (0avgtext+0avgdata 70688maxresident)k
8inputs+96outputs (0major+19508minor)pagefaults 0swaps
