tt0264464
https://www.rottentomatoes.com/m/catch_me_if_you_can/
96%
7.9
89%
3.6
746,202
tt0246460
https://www.rottentomatoes.com/m/die_another_day/
58%
6.1
41%
3.1
429,739
tt0267913
https://www.rottentomatoes.com/m/1112357-scoobydoo/
30%
4.4
37%
2.7
408,063
tt0275847
https://www.rottentomatoes.com/m/lilo_and_stitch/
86%
7.3
77%
3.3
465,923
tt0295701
https://www.rottentomatoes.com/m/xxx/
48%
5.6
59%
3.2
463,585
tt0304669
https://www.rottentomatoes.com/m/the_santa_clause_2/
55%
5.6
42%
2.9
202,218
tt0181689
https://www.rottentomatoes.com/m/minority_report/
90%
8.1
80%
3.4
479,763
tt0298130
https://www.rottentomatoes.com/m/ring/
72%
6.6
48%
3.0
32,458,438
tt0256415
https://www.rottentomatoes.com/m/sweet_home_alabama/
38%
5.2
78%
3.3
802,378
tt0280590
https://www.rottentomatoes.com/m/mr_deeds/
22%
4
59%
3.3
738,017
10.83user 0.22system 2:38.93elapsed 6%CPU (0avgtext+0avgdata 69872maxresident)k
0inputs+64outputs (0major+20563minor)pagefaults 0swaps
