tt0156812
https://www.rottentomatoes.com/m/my_dog_skip/
73%
6.7
67%
3.1
46,307
tt0198021
https://www.rottentomatoes.com/m/1096832-where_the_heart_is/
35%
4.7
77%
3.5
63,764
tt0223897
https://www.rottentomatoes.com/m/pay_it_forward/
40%
5
77%
3.5
274,847
tt0219653
https://www.rottentomatoes.com/m/dracula_2000/
17%
3.5
40%
2.8
69,851
tt0122459
https://www.rottentomatoes.com/m/return_to_me/
61%
6.1
79%
3.3
46,806
tt0228750
https://www.rottentomatoes.com/m/proof_of_life/
40%
5.3
43%
2.9
47,070
tt0181875
https://www.rottentomatoes.com/m/almost_famous/
89%
7.9
92%
3.7
323,837
tt0146984
https://www.rottentomatoes.com/m/legend_of_bagger_vance/
43%
5.2
65%
3.2
50,914
tt0160009
https://www.rottentomatoes.com/m/1099604-art_of_war/
16%
3.9
36%
2.9
26,570
tt0208092
https://www.rottentomatoes.com/m/snatch/
73%
6.4
93%
4.0
393,086
11.04user 0.22system 2:38.88elapsed 7%CPU (0avgtext+0avgdata 71280maxresident)k
0inputs+56outputs (0major+19622minor)pagefaults 0swaps
