tt0365957
https://www.rottentomatoes.com/m/you_got_served/
16%
4
69%
3.3
243,262
tt0335245
https://www.rottentomatoes.com/m/ladykillers/
55%
6.1
43%
2.8
65,438
tt0346156
https://www.rottentomatoes.com/m/sky_captain/
72%
6.8
46%
2.8
118,887
tt0350028
https://www.rottentomatoes.com/m/raising_helen/
23%
4.6
61%
3.2
137,242
tt0316732
https://www.rottentomatoes.com/m/taxi/
10%
3.4
43%
2.8
183,743
tt0346491
https://www.rottentomatoes.com/m/alexander/
16%
3.9
34%
2.6
237,451
tt0338013
https://www.rottentomatoes.com/m/eternal_sunshine_of_the_spotless_mind/
93%
8.4
94%
4.1
568,377
tt0376541
https://www.rottentomatoes.com/m/closer/
68%
6.6
81%
3.5
241,801
tt0330793
https://www.rottentomatoes.com/m/1131721-punisher/
29%
4.5
63%
3.2
267,555
tt0372588
https://www.rottentomatoes.com/m/team_america_world_police/
77%
6.9
80%
3.4
402,406
23.34user 0.34system 2:41.72elapsed 14%CPU (0avgtext+0avgdata 67536maxresident)k
0inputs+64outputs (0major+18573minor)pagefaults 0swaps
