tt1232829
https://www.rottentomatoes.com/m/21-jump-street-2011/
85%
7.2
82%
4.0
256,142
tt1024648
https://www.rottentomatoes.com/m/argo_2012/
96%
8.4
90%
4.2
206,164
tt1045658
https://www.rottentomatoes.com/m/silver_linings_playbook/
92%
8.2
86%
4.1
258,641
tt1446714
https://www.rottentomatoes.com/m/prometheus_2012/
73%
6.9
68%
3.6
260,154
tt1599348
https://www.rottentomatoes.com/m/safe_house_2012/
53%
5.7
64%
3.6
118,211
tt1606389
https://www.rottentomatoes.com/m/the_vow_2012/
29%
4.9
63%
3.6
127,621
tt0454876
https://www.rottentomatoes.com/m/life-of-pi/
87%
7.9
84%
4.1
167,922
tt1915581
https://www.rottentomatoes.com/m/magic_mike/
80%
6.9
60%
3.5
144,081
tt1194173
https://www.rottentomatoes.com/m/the_bourne_legacy/
56%
5.9
58%
3.5
281,524
tt1397514
https://www.rottentomatoes.com/m/journey_to_the_center_of_the_earth_2_3d/
43%
4.9
59%
3.6
212,133
26.64user 0.42system 3:48.82elapsed 11%CPU (0avgtext+0avgdata 66852maxresident)k
0inputs+72outputs (0major+19796minor)pagefaults 0swaps
