tt0328099
https://www.rottentomatoes.com/m/malibus_most_wanted/
31%
4.6
53%
2.6
51,630
tt0269347
https://www.rottentomatoes.com/m/1120843-hunted/
29%
4.7
47%
3.0
41,094
tt0338466
https://www.rottentomatoes.com/m/stuck_on_you/
61%
6
35%
2.6
133,524
tt0285531
https://www.rottentomatoes.com/m/dreamcatcher/
30%
4.7
36%
2.8
132,108
tt0282209
https://www.rottentomatoes.com/m/darkness_falls/
9%
3.3
34%
2.8
81,393
tt0298814
https://www.rottentomatoes.com/m/core/
41%
5.2
34%
2.7
100,480
tt0337909
https://www.rottentomatoes.com/m/calendar_girls/
74%
6.5
67%
3.1
74,374
tt0374102
https://www.rottentomatoes.com/m/open_water/
72%
6.6
32%
2.4
55,667
tt0191133
https://www.rottentomatoes.com/m/fighting_temptations/
42%
5.3
66%
3.2
32,951
tt0322589
https://www.rottentomatoes.com/m/honey/
21%
4.2
71%
3.4
466,315
11.93user 0.24system 2:28.23elapsed 8%CPU (0avgtext+0avgdata 68780maxresident)k
6856inputs+48outputs (22major+18899minor)pagefaults 0swaps
