tt0870111
https://www.rottentomatoes.com/m/frostnixon/
92%
7.9
88%
3.8
109,350
tt0846308
https://www.rottentomatoes.com/m/kit_kittredge_an_american_girl/
79%
6.7
68%
3.3
52,490
tt0963794
https://www.rottentomatoes.com/m/the_ruins/
48%
5.3
30%
2.4
530,316
tt0494238
https://www.rottentomatoes.com/m/inkheart/
38%
5.1
45%
3.2
166,550
tt1027862
https://www.rottentomatoes.com/m/swing_vote/
38%
5.1
41%
3.0
98,262
tt0482572
https://www.rottentomatoes.com/m/pride_and_glory/
35%
5.1
49%
3.3
78,445
tt0887912
https://www.rottentomatoes.com/m/hurt_locker/
98%
8.5
84%
3.9
94,136
tt0814022
https://www.rottentomatoes.com/m/bangkok_dangerous/
9%
3.4
26%
2.8
132,315
tt0876563
https://www.rottentomatoes.com/m/ponyo/
92%
7.6
83%
3.9
96,533
tt1046947
https://www.rottentomatoes.com/m/last_chance_harvey/
70%
6.2
53%
3.2
27,744
21.57user 0.34system 2:52.12elapsed 12%CPU (0avgtext+0avgdata 71008maxresident)k
0inputs+56outputs (0major+19954minor)pagefaults 0swaps
