tt2582802
https://www.rottentomatoes.com/m/whiplash_2014/
94%
8.6
94%
4.5
65,961
tt0903657
https://www.rottentomatoes.com/m/love_and_mercy/
91%
7.7
85%
4.0
19,269
tt1100089
https://www.rottentomatoes.com/m/foxcatcher/
88%
7.9
66%
3.5
56,723
tt1600196
https://www.rottentomatoes.com/m/the_drop/
89%
7.1
76%
3.7
33,739
tt3231010
https://www.rottentomatoes.com/m/island_of_lemurs_madagascar/
80%
6.6
65%
3.6
12,908
tt2338151
https://www.rottentomatoes.com/m/pk/
93%
7.8
85%
4.2
4,183
tt2870756
https://www.rottentomatoes.com/m/magic_in_the_moonlight/
52%
5.8
45%
3.2
12,154
tt1742334
https://www.rottentomatoes.com/m/sabotage_2012/
20%
4.3
36%
2.9
22,156
tt3014666
https://www.rottentomatoes.com/m/moms_night_out/
18%
4.1
67%
3.8
19,557
tt2235779
https://www.rottentomatoes.com/m/the_quiet_ones_2013/
36%
4.8
25%
2.6
13,197
24.66user 0.32system 4:11.36elapsed 9%CPU (0avgtext+0avgdata 72156maxresident)k
8inputs+80outputs (1major+20897minor)pagefaults 0swaps
