tt2226417
https://www.rottentomatoes.com/m/insidious_chapter_2/
39%
4.8
57%
3.5
90,932
tt2140373
https://www.rottentomatoes.com/m/saving_mr_banks_2013/
78%
7
84%
4.0
110,662
tt1860353
https://www.rottentomatoes.com/m/turbo_2013/
67%
6.1
66%
3.7
89,208
tt1272878
https://www.rottentomatoes.com/m/2_guns/
64%
6
66%
3.6
109,094
tt2334879
https://www.rottentomatoes.com/m/white_house_down/
50%
5.4
62%
3.6
127,379
tt2023587
https://www.rottentomatoes.com/m/mama_2013/
65%
6
55%
3.4
143,103
tt1702439
https://www.rottentomatoes.com/m/safe_haven/
12%
4
67%
3.7
75,709
tt2017020
https://www.rottentomatoes.com/m/the_smurfs_2/
13%
4
57%
3.5
73,259
tt2083355
https://www.rottentomatoes.com/m/the_best_man_holiday_2013/
69%
5.9
84%
4.2
52,666
tt1854564
https://www.rottentomatoes.com/m/percy_jackson_sea_of_monsters/
42%
5.1
55%
3.4
103,341
22.34user 0.30system 2:55.99elapsed 12%CPU (0avgtext+0avgdata 71856maxresident)k
0inputs+56outputs (0major+20742minor)pagefaults 0swaps
