tt0172156
https://www.rottentomatoes.com/m/bad_boys_ii/
23%
4.1
78%
3.6
501,045
tt0305224
https://www.rottentomatoes.com/m/1121649-anger_management/
43%
5.1
60%
3.2
745,347
tt0305669
https://www.rottentomatoes.com/m/bringing_down_the_house/
34%
4.7
49%
3.1
379,073
tt0286716
https://www.rottentomatoes.com/m/hulk/
61%
6.2
29%
2.5
428,179
tt0322259
https://www.rottentomatoes.com/m/2_fast_2_furious/
36%
4.8
50%
3.1
32,790,753
tt0337741
https://www.rottentomatoes.com/m/somethings_gotta_give/
71%
6.6
69%
3.2
207,610
tt0329575
https://www.rottentomatoes.com/m/seabiscuit/
77%
7.1
76%
3.3
118,166
tt0257076
https://www.rottentomatoes.com/m/swat/
48%
5.4
52%
3.1
273,274
tt0338459
https://www.rottentomatoes.com/m/spy_kids_3d_game_over/
46%
5.4
24%
2.5
96,309
tt0325710
https://www.rottentomatoes.com/m/last_samurai/
66%
6.4
83%
3.7
390,894
12.32user 0.21system 3:31.05elapsed 5%CPU (0avgtext+0avgdata 66820maxresident)k
0inputs+72outputs (0major+19411minor)pagefaults 0swaps
