tt0430770
https://www.rottentomatoes.com/m/10009516-women/
13%
3.9
37%
3.0
61,994
tt0479968
https://www.rottentomatoes.com/m/one_missed_call/
0%
2.5
29%
2.7
61,777
tt0467200
https://www.rottentomatoes.com/m/other_boleyn_girl/
42%
5.3
62%
3.4
204,961
tt0421073
https://www.rottentomatoes.com/m/street_kings/
36%
5.1
58%
3.4
203,389
tt1125849
https://www.rottentomatoes.com/m/the_wrestler/
98%
8.4
88%
4.0
139,137
tt0482599
https://www.rottentomatoes.com/m/10009254-shutter/
7%
3.5
33%
2.9
241,137
tt0426592
https://www.rottentomatoes.com/m/1159618-superhero/
17%
3.6
32%
2.8
156,874
tt1175491
https://www.rottentomatoes.com/m/w_2008/
59%
6
42%
3.0
109,492
tt0865556
https://www.rottentomatoes.com/m/forbidden_kingdom/
65%
6.1
60%
3.5
326,559
tt1023111
https://www.rottentomatoes.com/m/never_back_down/
22%
4.4
34%
2.9
609,414
19.73user 0.31system 2:41.88elapsed 12%CPU (0avgtext+0avgdata 70292maxresident)k
0inputs+64outputs (0major+20670minor)pagefaults 0swaps
