tt0477080
https://www.rottentomatoes.com/m/unstoppable-2010/
87%
6.9
72%
3.7
104,026
tt0879870
https://www.rottentomatoes.com/m/eat_pray_love/
36%
5.1
42%
3.0
100,139
tt0989757
https://www.rottentomatoes.com/m/dear_john/
29%
4.4
55%
2.9
618,863
tt0429493
https://www.rottentomatoes.com/m/a_team/
47%
5.4
66%
3.6
198,996
tt1013743
https://www.rottentomatoes.com/m/knight_and_day/
52%
5.6
49%
3.2
198,319
tt0427152
https://www.rottentomatoes.com/m/dinner_for_schmucks/
42%
5.3
42%
3.0
119,251
tt1243957
https://www.rottentomatoes.com/m/tourist/
20%
4.3
42%
3.0
94,511
tt1038919
https://www.rottentomatoes.com/m/1220551-bounty_hunter/
13%
3.4
51%
3.3
263,936
tt1196141
https://www.rottentomatoes.com/m/diary_of_a_wimpy_kid/
53%
5.5
49%
3.2
103,045
tt0963966
https://www.rottentomatoes.com/m/sorcerers_apprentice/
41%
5.2
53%
3.3
142,237
26.52user 0.29system 4:55.15elapsed 9%CPU (0avgtext+0avgdata 67300maxresident)k
0inputs+96outputs (0major+18478minor)pagefaults 0swaps
