tt0283139
https://www.rottentomatoes.com/m/white_oleander/
70%
6.5
81%
3.5
50,677
tt0240468
https://www.rottentomatoes.com/m/kung_pow/
11%
2.8
68%
3.0
78,824
tt0297884
https://www.rottentomatoes.com/m/far_from_heaven/reviews/
empty
empty
empty
empty
empty
tt0298845
https://www.rottentomatoes.com/m/in_america/
89%
7.7
91%
3.8
34,618
tt0297162
https://www.rottentomatoes.com/m/half_past_dead/
3%
3
38%
2.9
18,452
tt0307479
https://www.rottentomatoes.com/m/solaris/
66%
6.5
59%
2.9
47,574
tt0282687
https://www.rottentomatoes.com/m/life_or_something_like_it/
28%
4.5
44%
2.8
44,432
tt0308208
https://www.rottentomatoes.com/m/ballistic_ecks_vs_sever/
0%
2.6
17%
2.2
23,038
tt0283530
https://www.rottentomatoes.com/m/emperors_club/
50%
5.8
68%
3.4
21,948
tt0279113
https://www.rottentomatoes.com/m/good_girl/
81%
6.9
59%
3.0
66,068
10.92user 0.25system 2:20.93elapsed 7%CPU (0avgtext+0avgdata 74304maxresident)k
0inputs+56outputs (0major+20333minor)pagefaults 0swaps
