tt3268668
https://www.rottentomatoes.com/m/captive_2015/
24%
4.4
44%
3.2
4,749
tt3859076
https://www.rottentomatoes.com/m/truth_2015/
62%
6.2
64%
3.4
7,573
tt2872462
https://www.rottentomatoes.com/m/mistress_america/
83%
7.4
67%
3.5
6,241
tt4383208
https://www.rottentomatoes.com/m/the_oscar_nominated_short_films_animation/
100%
8
83%
4.0
723
tt2545428
https://www.rottentomatoes.com/m/meru_2015/
89%
7.4
91%
4.3
4,791
tt3719896
https://www.rottentomatoes.com/m/creep_2014/
96%
7.2
64%
3.5
7,698
tt2888046
https://www.rottentomatoes.com/m/ip_man_3/
80%
6.4
73%
3.8
10,601
tt3614530
https://www.rottentomatoes.com/m/jem_and_the_holograms_2015/
18%
3.5
42%
2.8
5,774
tt2056771
https://www.rottentomatoes.com/m/a_bigger_splash_2016/
90%
7.3
60%
3.4
6,706
tt3148502
https://www.rottentomatoes.com/m/tamasha/
empty
lass="smaller bold hidden-xs superPageFontColor" style="padding-left:5px;line-height:12px">liked it<
63%
3.5
692
22.81user 0.30system 14:52.55elapsed 2%CPU (0avgtext+0avgdata 73240maxresident)k
96inputs+64outputs (6major+20196minor)pagefaults 0swaps
