tt0862846
https://www.rottentomatoes.com/m/sunshine_cleaning/
72%
6.3
62%
3.3
180,408
tt0765476
https://www.rottentomatoes.com/m/meet_dave/
20%
4.1
35%
3.0
159,770
tt1091751
https://www.rottentomatoes.com/m/longshots/
41%
5.2
61%
3.5
22,632
tt0799934
https://www.rottentomatoes.com/m/be_kind_rewind/
66%
6.3
56%
3.2
205,130
tt0483607
https://www.rottentomatoes.com/m/doomsday/
50%
5.2
44%
3.1
84,622
tt0489281
https://www.rottentomatoes.com/m/stop_loss/
64%
6.3
26%
2.5
748,303
tt0469903
https://www.rottentomatoes.com/m/1185801-the_express/
61%
6.2
74%
3.1
820,161
tt0858479
https://www.rottentomatoes.com/m/1192938-smart_people/
49%
5.7
39%
3.0
102,356
tt0914798
https://www.rottentomatoes.com/m/boy_in_the_striped_pajamas/
63%
6.2
85%
3.9
113,421
tt1135985
https://www.rottentomatoes.com/m/sex_drive/
45%
5.2
58%
3.4
74,154
22.47user 0.33system 3:17.32elapsed 11%CPU (0avgtext+0avgdata 70492maxresident)k
0inputs+64outputs (0major+20793minor)pagefaults 0swaps
