tt0299930
https://www.rottentomatoes.com/m/gigli/
6%
2.7
13%
1.6
45,262
tt0308383
https://www.rottentomatoes.com/m/human_stain/
43%
5.5
49%
3.1
15,602
tt0338077
https://www.rottentomatoes.com/m/1124859-grind/
8%
3.1
79%
3.5
52,853
tt0339034
https://www.rottentomatoes.com/m/from_justin_to_kelly/
10%
2.7
37%
2.1
52,959
tt0199626
tomatometer_fresh
Command terminated by signal 15
17651.32user 25.98system 5:18:25elapsed 92%CPU (0avgtext+0avgdata 67248maxresident)k
0inputs+16outputs (0major+17116minor)pagefaults 0swaps
