tt0486655
https://www.rottentomatoes.com/m/stardust/
76%
6.7
86%
3.9
467,513
tt0476964
https://www.rottentomatoes.com/m/brave_one/
43%
5.5
64%
3.4
274,352
tt0408839
https://www.rottentomatoes.com/m/the_heartbreak_kid/
29%
4.7
37%
2.9
315,104
tt0463998
https://www.rottentomatoes.com/m/freedom_writers/
69%
6.3
87%
3.9
293,115
tt0425430
https://www.rottentomatoes.com/m/the_messengers/
12%
3.7
44%
3.1
491,886
tt0481369
https://www.rottentomatoes.com/m/the_number_23/
8%
3.5
56%
3.2
484,718
tt0452625
https://www.rottentomatoes.com/m/good_luck_chuck/
5%
2.9
57%
3.2
318,696
tt0443706
https://www.rottentomatoes.com/m/zodiac/
89%
7.7
77%
3.5
491,514
tt0401997
https://www.rottentomatoes.com/m/breach/
84%
7
67%
3.4
377,183
tt0424823
https://www.rottentomatoes.com/m/balls_of_fury/
23%
4.2
32%
2.7
323,931
34.90user 0.97system 4:55.64elapsed 12%CPU (0avgtext+0avgdata 73976maxresident)k
0inputs+80outputs (0major+20364minor)pagefaults 0swaps
