tt4191054
https://www.rottentomatoes.com/m/strange_magic/
16%
3.8
51%
3.2
11,952
tt2637294
https://www.rottentomatoes.com/m/hot_tub_time_machine_2/
14%
3.3
27%
2.6
34,902
tt2140379
https://www.rottentomatoes.com/m/selfless_2015/
19%
4.5
47%
3.2
23,394
tt2935476
https://www.rottentomatoes.com/m/far_from_the_madding_crowd_2014/
86%
7.4
76%
3.8
17,982
tt2006295
https://www.rottentomatoes.com/m/the_33/
44%
5.5
60%
3.5
10,640
tt2515034
https://www.rottentomatoes.com/m/the_gunman_2015/
17%
4.4
32%
2.8
13,418
tt2358925
https://www.rottentomatoes.com/m/unfinished_business_2015/
11%
3.6
25%
2.6
18,003
tt3488710
https://www.rottentomatoes.com/m/the_walk_2015/
84%
7.2
78%
3.8
35,282
tt3722070
https://www.rottentomatoes.com/m/the_lady_in_the_van/
91%
7.2
65%
3.6
15,957
tt3072482
https://www.rottentomatoes.com/m/hardcore_henry
48%
5.2
57%
3.3
16,879
24.56user 0.38system 3:34.25elapsed 11%CPU (0avgtext+0avgdata 72056maxresident)k
0inputs+72outputs (0major+20332minor)pagefaults 0swaps
