tt0287717
https://www.rottentomatoes.com/m/spy_kids_2_island_of_lost_dreams/
74%
6.6
38%
2.6
125,987
tt0187738
https://www.rottentomatoes.com/m/blade_ii/
57%
5.9
68%
3.4
450,130
tt0281373
https://www.rottentomatoes.com/m/snow_dogs/
24%
4
39%
2.8
129,688
tt0277434
https://www.rottentomatoes.com/m/we_were_soldiers/
63%
6.4
84%
3.6
202,778
tt0217505
https://www.rottentomatoes.com/m/gangs_of_new_york/
75%
7.1
81%
3.5
292,595
tt0265662
https://www.rottentomatoes.com/m/1112954-rookie/
83%
7.2
70%
3.3
60,963
tt0303714
https://www.rottentomatoes.com/m/barbershop/
82%
6.6
62%
3.1
55,345
tt0166813
https://www.rottentomatoes.com/m/spirit_stallion_of_the_cimarron/
69%
6.4
76%
3.3
59,282
tt0251160
https://www.rottentomatoes.com/m/john_q/
23%
4.4
78%
3.6
169,190
tt0279778
https://www.rottentomatoes.com/m/divine_secrets_of_the_yaya_sisterhood/
44%
5.3
65%
3.2
66,378
11.16user 0.26system 2:23.62elapsed 7%CPU (0avgtext+0avgdata 68048maxresident)k
248inputs+80outputs (0major+18638minor)pagefaults 0swaps
