tt1408253
https://www.rottentomatoes.com/m/ride_along_2014/
19%
4.2
58%
3.5
98,739
tt2357291
https://www.rottentomatoes.com/m/rio_2/
46%
5.4
59%
3.6
105,315
tt2802144
https://www.rottentomatoes.com/m/kingsman_the_secret_service/
74%
6.8
84%
4.0
121,745
tt2180411
https://www.rottentomatoes.com/m/into_the_woods_2014/
71%
6.6
49%
3.2
95,337
tt2872732
https://www.rottentomatoes.com/m/lucy_2014/
67%
6.1
47%
3.2
133,621
tt2582846
https://www.rottentomatoes.com/m/the_fault_in_our_stars/
81%
6.9
85%
4.2
108,685
tt1809398
https://www.rottentomatoes.com/m/unbroken_2014/
52%
6
70%
3.7
52,751
tt2692250
https://www.rottentomatoes.com/m/night_at_the_museum_secret_of_the_tomb/
48%
5
57%
3.5
100,718
tt0864835
https://www.rottentomatoes.com/m/mr_peabody_and_sherman/
80%
6.6
73%
3.8
72,908
tt1253863
https://www.rottentomatoes.com/m/300_rise_of_an_empire/
43%
4.9
52%
3.3
140,060
25.05user 0.29system 3:37.42elapsed 11%CPU (0avgtext+0avgdata 68504maxresident)k
0inputs+64outputs (0major+19686minor)pagefaults 0swaps
