tt0245429
https://www.rottentomatoes.com/m/spirited_away/
97%
8.6
96%
4.2
333,324
tt0250323
https://www.rottentomatoes.com/m/deep_end/
82%
7.1
59%
3.3
5,642
tt0228333
https://www.rottentomatoes.com/m/john_carpenters_ghosts_of_mars/
21%
3.7
24%
2.4
44,536
tt0256524
https://www.rottentomatoes.com/m/curse_of_the_jade_scorpion/
45%
5.2
54%
3.1
16,442
tt0243133
https://www.rottentomatoes.com/m/man_who_wasnt_there/
81%
7.1
85%
3.7
40,849
tt0166110
https://www.rottentomatoes.com/m/bones/
21%
3.8
39%
2.7
18,166
tt0166924
https://www.rottentomatoes.com/m/mulholland_dr/
82%
7.4
88%
3.7
186,881
tt0264761
https://www.rottentomatoes.com/m/kissing_jessica_stein/
84%
7.1
65%
3.2
16,478
tt0245120
https://www.rottentomatoes.com/m/forsaken/
7%
3.3
40%
2.9
10,922
tt0141907
https://www.rottentomatoes.com/m/town_and_country/
13%
3.5
14%
2.4
2,668
10.74user 0.19system 2:19.92elapsed 7%CPU (0avgtext+0avgdata 69548maxresident)k
8240inputs+56outputs (42major+19934minor)pagefaults 0swaps
