tt3595298
https://www.rottentomatoes.com/m/prem_ratan_dhan_payo/
empty
lass="smaller bold hidden-xs superPageFontColor" style="padding-left:5px;line-height:12px">liked it<
49%
3.2
857
tt4501454
https://www.rottentomatoes.com/m/the_meddler_2016/
84%
6.9
65%
3.4
7,272
tt3544082
https://www.rottentomatoes.com/m/45_years/
97%
8.6
68%
3.5
13,000
tt3715320
https://www.rottentomatoes.com/m/irrational_man/
44%
5.5
46%
3.2
6,194
tt0787524
https://www.rottentomatoes.com/m/the_man_who_knew_infinity/
62%
6.2
75%
3.8
8,998
tt4897822
https://www.rottentomatoes.com/m/where_to_invade_next/
78%
6.7
76%
3.7
10,873
tt1727776
https://www.rottentomatoes.com/m/scouts_guide_to_the_zombie_apocalypse/
45%
4.8
48%
3.2
9,030
tt3233418
https://www.rottentomatoes.com/m/spare_parts_2015/
54%
5.6
82%
4.1
6,628
tt4357170
https://www.rottentomatoes.com/m/a_la_mala/
43%
5.8
77%
4.1
2,405
tt3787590
https://www.rottentomatoes.com/m/we_are_your_friends_2015/
40%
5
42%
3.1
8,644
23.49user 0.39system 3:54.62elapsed 10%CPU (0avgtext+0avgdata 72532maxresident)k
128inputs+72outputs (14major+21015minor)pagefaults 0swaps
