tt2372678
https://www.rottentomatoes.com/m/2_states/
empty
lass="smaller bold hidden-xs superPageFontColor" style="padding-left:5px;line-height:12px">liked it<
65%
3.6
1,453
tt2048824
https://www.rottentomatoes.com/m/old_fashioned/
20%
4.4
86%
4.3
2,007
tt3442006
https://www.rottentomatoes.com/m/cake_2015/
48%
5.8
45%
3.2
14,993
tt1441953
https://www.rottentomatoes.com/m/testament_of_youth/
83%
7
79%
3.9
8,687
tt3099498
https://www.rottentomatoes.com/m/tusk_2014/
41%
5.4
36%
2.8
11,749
tt2452254
https://www.rottentomatoes.com/m/clouds_of_sils_maria/
89%
7.5
65%
3.5
10,785
tt2378401
https://www.rottentomatoes.com/m/meet_the_patels_2014/
85%
7
77%
3.8
4,719
tt1445208
https://www.rottentomatoes.com/m/the_letters_2015/
28%
4.4
72%
3.8
2,518
tt1761005
https://www.rottentomatoes.com/m/persecuted/
0%
2.6
59%
3.2
1,984
tt2381335
https://www.rottentomatoes.com/m/fed_up_2014/
80%
7.1
83%
4.0
12,175
23.36user 0.36system 3:51.19elapsed 10%CPU (0avgtext+0avgdata 73804maxresident)k
3744inputs+64outputs (25major+21596minor)pagefaults 0swaps
