tt1633356
https://www.rottentomatoes.com/m/shark_night_3d/
18%
3.3
22%
2.3
28,521
tt1853739
https://www.rottentomatoes.com/m/tickled/
95%
7.6
84%
4.0
3,573
tt1438176
https://www.rottentomatoes.com/m/fright_night-2011/
72%
6.3
59%
3.4
50,073
tt1772240
https://www.rottentomatoes.com/m/apollo_18/
24%
3.8
23%
2.4
42,346
tt0905372
https://www.rottentomatoes.com/m/the_thing_2011/
35%
5
42%
3.1
40,417
tt1625346
https://www.rottentomatoes.com/m/young_adult/
80%
7
49%
3.1
34,760
tt1223236
https://www.rottentomatoes.com/m/african_cats/
72%
6.2
77%
3.8
17,314
tt1547230
https://www.rottentomatoes.com/m/judy_moody_and_the_not_bummer_summer/
19%
4.3
41%
2.9
13,992
tt1655420
https://www.rottentomatoes.com/m/my_week_with_marilyn/
83%
7.1
71%
3.6
34,400
tt0770703
https://www.rottentomatoes.com/m/whats_your_number/
23%
4.2
44%
3.1
28,056
23.58user 0.42system 16:39.34elapsed 2%CPU (0avgtext+0avgdata 73136maxresident)k
312inputs+72outputs (5major+20376minor)pagefaults 0swaps
