tt0468569
https://www.rottentomatoes.com/m/the_dark_knight/
94%
8.6
94%
4.4
1,823,542
tt0371746
https://www.rottentomatoes.com/m/iron_man/
94%
7.7
91%
4.2
1,075,674
tt0367882
https://www.rottentomatoes.com/m/indiana_jones_and_the_kingdom_of_the_crystal_skull/
77%
6.9
54%
3.3
1,319,203
tt0448157
https://www.rottentomatoes.com/m/hancock/
41%
5.4
59%
3.6
556,380
tt0910970
https://www.rottentomatoes.com/m/wall_e/
96%
8.5
89%
4.2
595,094
tt0441773
https://www.rottentomatoes.com/m/kung_fu_panda/
87%
7.2
82%
3.9
583,573
tt1099212
https://www.rottentomatoes.com/m/twilight/
48%
5.4
72%
3.9
625,703
tt0479952
https://www.rottentomatoes.com/m/madagascar_escape_2_africa/
64%
5.9
66%
3.6
365,646
tt0830515
https://www.rottentomatoes.com/m/quantum_of_solace/
65%
6.1
58%
3.4
430,895
tt0451079
https://www.rottentomatoes.com/m/horton-hears-a-who2008/
79%
7
73%
3.6
415,100
21.74user 0.27system 3:42.80elapsed 9%CPU (0avgtext+0avgdata 65780maxresident)k
11024inputs+72outputs (44major+19566minor)pagefaults 0swaps
