tt0120630
https://www.rottentomatoes.com/m/chicken_run/
97%
8.1
64%
3.0
547,557
tt0187078
https://www.rottentomatoes.com/m/1097865-gone_in_60_seconds/
24%
4.4
77%
3.5
954,810
tt0217869
https://www.rottentomatoes.com/m/unbreakable/
68%
6.2
77%
3.4
288,019
tt0183505
https://www.rottentomatoes.com/m/me_myself_and_irene/
48%
5.4
57%
3.1
448,566
tt0186566
https://www.rottentomatoes.com/m/space_cowboys/
78%
6.7
53%
3.0
72,670
tt0120917
https://www.rottentomatoes.com/m/emperors_new_groove/
85%
7.1
83%
3.4
449,331
tt0134084
https://www.rottentomatoes.com/m/scream_3/
36%
5.2
38%
2.8
404,234
tt0141926
https://www.rottentomatoes.com/m/u571/
68%
6.3
62%
3.2
56,543
tt0213203
https://www.rottentomatoes.com/m/rugrats_in_paris/
75%
6.3
56%
2.8
58,275
tt0218967
https://www.rottentomatoes.com/m/family_man/
53%
5.5
67%
3.1
194,329
10.13user 0.22system 3:33.32elapsed 4%CPU (0avgtext+0avgdata 73692maxresident)k
288inputs+88outputs (5major+21213minor)pagefaults 0swaps
