tt0183659
https://www.rottentomatoes.com/m/pollock/
81%
7
74%
3.5
11,995
tt0189998
https://www.rottentomatoes.com/m/shadow_of_the_vampire/
81%
7
74%
3.4
25,152
tt0180073
https://www.rottentomatoes.com/m/quills/
75%
6.6
83%
3.6
45,392
tt0156323
https://www.rottentomatoes.com/m/1097242-screwed/
13%
3.5
48%
2.9
7,092
tt0203119
https://www.rottentomatoes.com/m/sexy_beast/
86%
7.2
85%
3.7
38,283
tt0120202
https://www.rottentomatoes.com/m/state_and_main/
86%
7.3
70%
3.3
8,310
tt0167203
https://www.rottentomatoes.com/m/i_dreamed_of_africa/
10%
3.7
56%
3.1
5,506
tt0181151
https://www.rottentomatoes.com/m/1095351-1095351-what_planet_are_you_from/
42%
5
28%
2.5
5,952
tt0202677
https://www.rottentomatoes.com/m/way_of_the_gun/
48%
5.4
70%
3.3
31,261
tt0149367
https://www.rottentomatoes.com/m/where_the_money_is/
46%
5.3
35%
2.9
1,976
11.18user 0.23system 2:31.72elapsed 7%CPU (0avgtext+0avgdata 72684maxresident)k
0inputs+56outputs (0major+20476minor)pagefaults 0swaps
