tt0800003
https://www.rottentomatoes.com/m/delta_farce/
4%
2.6
37%
2.8
166,455
tt0889671
https://www.rottentomatoes.com/m/1193303-1193303-trumbo/
82%
6.8
79%
2.6
35,990
tt0415965
https://www.rottentomatoes.com/m/martian_child/
33%
5
72%
3.7
84,498
tt0897361
https://www.rottentomatoes.com/m/i_know_who_killed_me/
7%
2.1
25%
2.4
142,905
tt0464141
https://www.rottentomatoes.com/m/the_orphanage/
87%
7.4
86%
4.0
66,221
tt0292963
https://www.rottentomatoes.com/m/before_the_devil_knows_youre_dead/
88%
7.7
71%
3.5
86,076
tt0770810
https://www.rottentomatoes.com/m/how_she_move/
66%
6
50%
3.3
32,704
tt0780595
https://www.rottentomatoes.com/m/redline/
0%
2.1
47%
3.1
104,038
tt0478134
https://www.rottentomatoes.com/m/in_the_valley_of_elah/
73%
7
77%
3.7
29,071
tt0775529
https://www.rottentomatoes.com/m/savages/
89%
7.5
74%
3.4
135,101
19.99user 0.32system 5:57.94elapsed 5%CPU (0avgtext+0avgdata 68044maxresident)k
616inputs+128outputs (60major+21142minor)pagefaults 0swaps
