tt1969062
https://www.rottentomatoes.com/m/infinitely_polar_bear/
79%
6.7
72%
3.7
11,005
tt2891174
https://www.rottentomatoes.com/m/99_homes/
92%
7.6
78%
3.8
14,628
tt3674140
https://www.rottentomatoes.com/m/the_salt_of_the_earth/
95%
8
90%
4.3
7,922
tt2737050
https://www.rottentomatoes.com/m/two_days_one_night/
97%
8.4
77%
3.8
15,273
tt4157220
https://www.rottentomatoes.com/m/iris_2014/
empty
lass="meter noScore superPageFontColor">No Score Yet<
empty
N
7
tt2614684
https://www.rottentomatoes.com/m/71_2015/
96%
7.7
81%
3.9
16,688
tt2309764
https://www.rottentomatoes.com/m/singham_returns/
empty
lass="smaller bold hidden-xs superPageFontColor" style="padding-left:5px;line-height:12px">liked it<
46%
3.1
735
tt2714380
https://www.rottentomatoes.com/m/the_remaining/
56%
4.6
38%
2.9
3,664
tt2261331
https://www.rottentomatoes.com/m/black_sea/
80%
6.5
59%
3.4
16,009
tt3086442
https://www.rottentomatoes.com/m/goodnight_mommy/
86%
7.3
64%
3.5
10,936
22.57user 0.38system 3:46.77elapsed 10%CPU (0avgtext+0avgdata 73208maxresident)k
0inputs+64outputs (0major+20252minor)pagefaults 0swaps
