tt1178663
https://www.rottentomatoes.com/m/whatever_works/
49%
5.4
61%
3.4
39,535
tt0976222
https://www.rottentomatoes.com/m/bandslam/
81%
6.4
64%
3.2
107,577
tt1343097
https://www.rottentomatoes.com/m/the_girl_who_kicked_the_hornets_nest/
53%
5.9
67%
3.6
28,066
tt1182345
https://www.rottentomatoes.com/m/10009075-moon/
89%
7.5
89%
4.0
98,751
tt0913425
http://www.rottentomatoes.com/m/broken_embraces
81%
7
75%
3.7
20,381
tt1226236
https://www.rottentomatoes.com/m/i_am_love/
80%
7.2
68%
3.5
16,018
tt1071812
https://www.rottentomatoes.com/m/maos_last_dancer/
55%
6.1
77%
3.8
6,135
tt1151922
https://www.rottentomatoes.com/m/10010760-miss_march/
5%
2.5
29%
2.7
79,392
tt0810784
https://www.rottentomatoes.com/m/bright_star/
83%
7.2
68%
3.6
11,205
tt1294213
https://www.rottentomatoes.com/m/solitary_man/
80%
6.8
49%
3.1
14,647
23.07user 0.44system 7:01.83elapsed 5%CPU (0avgtext+0avgdata 72156maxresident)k
0inputs+112outputs (0major+20242minor)pagefaults 0swaps
