tt1482459
https://www.rottentomatoes.com/m/the_lorax/
53%
5.9
64%
3.6
155,949
tt1772341
https://www.rottentomatoes.com/m/wreck_it_ralph/
86%
7.5
86%
4.1
236,948
tt0443272
https://www.rottentomatoes.com/m/lincoln_2011/
90%
8
81%
4.0
244,709
tt1409024
https://www.rottentomatoes.com/m/men_in_black_iii/
68%
6
70%
3.8
756,793
tt1853728
https://www.rottentomatoes.com/m/django_unchained_2012/
88%
8
91%
4.3
425,146
tt1667889
https://www.rottentomatoes.com/m/ice_age_continental_drift/
37%
5.1
62%
3.6
150,832
tt1735898
https://www.rottentomatoes.com/m/snow_white_and_the_huntsman/
49%
5.6
52%
3.3
409,516
tt1707386
https://www.rottentomatoes.com/m/les_miserables_2012/
69%
6.9
79%
4.0
264,196
tt0837562
https://www.rottentomatoes.com/m/hotel_transylvania/
45%
5.3
72%
3.9
150,289
tt1397280
https://www.rottentomatoes.com/m/taken_2_2012/
21%
4.2
53%
3.4
211,985
24.95user 0.29system 10:25.95elapsed 4%CPU (0avgtext+0avgdata 68320maxresident)k
0inputs+64outputs (0major+20361minor)pagefaults 0swaps
