tt0183523
https://www.rottentomatoes.com/m/mission_to_mars/
25%
4.1
30%
2.6
53,403
tt0200550
https://www.rottentomatoes.com/m/coyote_ugly/
22%
3.9
71%
3.2
698,727
tt0184907
https://www.rottentomatoes.com/m/snow_day/
28%
4.2
26%
2.5
49,509
tt0190138
https://www.rottentomatoes.com/m/whole_nine_yards/
45%
5.2
64%
3.2
211,422
tt0195945
https://www.rottentomatoes.com/m/next_friday/
20%
4
76%
3.2
181,434
tt0184894
https://www.rottentomatoes.com/m/shanghai_noon/
79%
6.6
65%
3.2
414,625
tt0165929
https://www.rottentomatoes.com/m/romeo_must_die/
33%
4.8
61%
3.1
192,066
tt0195714
https://www.rottentomatoes.com/m/final_destination/
34%
4.7
69%
3.4
482,850
tt0181536
https://www.rottentomatoes.com/m/finding_forrester/
74%
6.5
79%
3.5
81,757
tt0138749
https://www.rottentomatoes.com/m/road_to_el_dorado/
48%
5.5
64%
3.2
61,858
10.19user 0.18system 2:59.10elapsed 5%CPU (0avgtext+0avgdata 73004maxresident)k
0inputs+64outputs (0major+20747minor)pagefaults 0swaps
