tt0491747
https://www.rottentomatoes.com/m/away_from_her/
94%
8.1
81%
3.6
114,625
tt0462395
https://www.rottentomatoes.com/m/larry_the_cable_guy_health_inspector/
5%
2.4
51%
3.0
49,436
tt0308353
https://www.rottentomatoes.com/m/happily_never_after/
4%
3
34%
2.9
244,340
tt0395495
https://www.rottentomatoes.com/m/catch-and-release2006/quotes/
empty
empty
empty
empty
empty
tt0426883
https://www.rottentomatoes.com/m/alpha_dog/
55%
5.5
67%
3.3
422,316
tt0344854
https://www.rottentomatoes.com/m/10004659-arthur/
21%
4.4
57%
3.2
134,344
tt0437179
https://www.rottentomatoes.com/m/1158185-see_no_evil/
8%
2.7
50%
3.2
116,542
tt0375154
https://www.rottentomatoes.com/m/10004209-tristan_and_isolde/
32%
4.9
71%
3.4
220,852
tt0430779
https://www.rottentomatoes.com/m/everyones_hero/
41%
5.1
44%
3.1
76,496
tt0427969
https://www.rottentomatoes.com/m/hollywoodland/
68%
6.5
47%
3.0
77,594
18.97user 0.27system 2:58.79elapsed 10%CPU (0avgtext+0avgdata 70360maxresident)k
0inputs+64outputs (0major+19649minor)pagefaults 0swaps
