tt0438488
https://www.rottentomatoes.com/m/terminator_4/
33%
5
54%
3.3
883,999
tt0844471
https://www.rottentomatoes.com/m/1196077-cloudy_with_a_chance_of_meatballs/
87%
7.3
71%
3.2
487,339
tt0361748
https://www.rottentomatoes.com/m/inglourious_basterds/
89%
7.8
87%
3.9
771,643
tt0436339
https://www.rottentomatoes.com/m/10009462-g_force/
22%
4.5
39%
2.7
964,515
tt1136608
https://www.rottentomatoes.com/m/district_9/
90%
7.8
82%
3.5
1,176,821
tt1230414
https://www.rottentomatoes.com/m/1208806-its_complicated/
57%
5.8
59%
3.4
225,096
tt1078940
https://www.rottentomatoes.com/m/couples_retreat/
11%
3.6
39%
3.1
293,510
tt0409459
https://www.rottentomatoes.com/m/watchmen/
65%
6.3
71%
3.4
1,055,088
tt0780521
https://www.rottentomatoes.com/m/1196003-princess_and_the_frog/
84%
7.4
74%
3.7
260,196
tt1152836
https://www.rottentomatoes.com/m/10009526-public_enemies/
68%
6.4
59%
3.3
633,263
26.58user 0.37system 5:59.49elapsed 7%CPU (0avgtext+0avgdata 68668maxresident)k
0inputs+144outputs (0major+21172minor)pagefaults 0swaps
