tt0243493
https://www.rottentomatoes.com/m/closet/
86%
7
78%
3.7
8,519
tt0203755
https://www.rottentomatoes.com/m/one_night_at_mccools/
33%
4.7
39%
2.7
16,116
tt0162346
https://www.rottentomatoes.com/m/ghost_world/
92%
7.8
84%
3.7
72,832
tt0161860
https://www.rottentomatoes.com/m/nowhere-in-africa/
85%
7.5
88%
4.0
6,794
tt0160399
https://www.rottentomatoes.com/m/impostor/
22%
3.9
41%
3.0
7,350
tt0263728
https://www.rottentomatoes.com/m/megiddo_the_omega_code_2/
10%
3
45%
3.0
2,009
tt0239949
https://www.rottentomatoes.com/m/say_it_isnt_so/
9%
3.1
32%
2.6
12,113
tt0166276
https://www.rottentomatoes.com/m/monkeybone/
20%
3.9
27%
2.3
47,234
tt0227005
https://www.rottentomatoes.com/m/made/
71%
6.3
67%
3.2
18,361
tt0227984
https://www.rottentomatoes.com/m/formula_51/
25%
4.3
59%
3.1
36,814
10.71user 0.19system 2:22.27elapsed 7%CPU (0avgtext+0avgdata 71732maxresident)k
0inputs+56outputs (0major+20495minor)pagefaults 0swaps
