tt1870529
https://www.rottentomatoes.com/m/wont_back_down_2012/
33%
5
61%
3.6
18,144
tt1381404
https://www.rottentomatoes.com/m/the_company_you_keep/
54%
6.1
45%
3.2
13,464
tt1433822
https://www.rottentomatoes.com/m/the_apparition/
3%
2.3
24%
2.3
23,483
tt2094064
https://www.rottentomatoes.com/m/much_ado_about_nothing_2012/
84%
7.5
77%
3.8
26,308
tt2347569
https://www.rottentomatoes.com/m/frances_ha_2013/
93%
7.8
77%
3.8
19,147
tt1862079
https://www.rottentomatoes.com/m/safety_not_guaranteed/
90%
7.4
80%
3.9
46,223
tt1366365
https://www.rottentomatoes.com/m/the_cold_light_of_day/
5%
2.6
29%
2.6
19,499
tt2125608
https://www.rottentomatoes.com/m/searching_for_sugar_man/
94%
8
92%
4.3
18,884
tt1815852
https://www.rottentomatoes.com/m/nitro_circus_the_movie_3d_2012/
6%
4
62%
3.6
8,910
tt2103264
https://www.rottentomatoes.com/m/emperor_2012/
32%
5.2
45%
3.2
7,360
22.78user 0.28system 2:59.65elapsed 12%CPU (0avgtext+0avgdata 72672maxresident)k
0inputs+56outputs (0major+20270minor)pagefaults 0swaps
