tt1234719
https://www.rottentomatoes.com/m/red_dawn_2012/
13%
3.9
51%
3.3
66,428
tt0383010
https://www.rottentomatoes.com/m/1205530-three_stooges/
51%
5.4
48%
3.2
140,398
tt1855325
https://www.rottentomatoes.com/m/resident_evil_retribution/
31%
4.4
52%
3.3
241,345
tt1259521
https://www.rottentomatoes.com/m/the_cabin_in_the_woods/
92%
7.9
73%
3.8
204,961
tt1586265
https://www.rottentomatoes.com/m/what_to_expect_when_youre_expecting/
22%
4.4
47%
3.2
189,346
tt1855199
https://www.rottentomatoes.com/m/end_of_watch/
85%
7.1
86%
4.1
84,240
tt1336608
https://www.rottentomatoes.com/m/rock_of_ages_2012/
41%
5
56%
3.4
209,364
tt1611224
https://www.rottentomatoes.com/m/abraham_lincoln_vampire_hunter/
35%
4.9
50%
3.2
242,123
tt1212450
https://www.rottentomatoes.com/m/lawless_2012/
67%
6.5
75%
3.8
107,513
tt1694020
https://www.rottentomatoes.com/m/the_guilt_trip/
38%
5.1
39%
3.0
39,592
23.53user 0.32system 3:03.06elapsed 13%CPU (0avgtext+0avgdata 68732maxresident)k
0inputs+64outputs (0major+19247minor)pagefaults 0swaps
