tt0825232
https://www.rottentomatoes.com/m/bucket_list/
40%
5.1
77%
3.8
271,023
tt0492956
https://www.rottentomatoes.com/m/the_gameplan/
29%
4.6
69%
3.5
406,700
tt0398808
https://www.rottentomatoes.com/m/bridge_to_terabithia/
85%
7.2
70%
3.4
467,969
tt0442933
https://www.rottentomatoes.com/m/beowulf/
71%
6.5
50%
3.1
338,807
tt0486822
https://www.rottentomatoes.com/m/disturbia/
69%
6.2
77%
3.7
1,452,091
tt0477348
https://www.rottentomatoes.com/m/no_country_for_old_men/
93%
8.7
86%
4.0
395,558
tt0486583
https://www.rottentomatoes.com/m/1175076-fred_claus/
21%
4.2
45%
3.0
371,371
tt0450385
https://www.rottentomatoes.com/m/1408/
79%
6.7
61%
3.4
744,638
tt0385752
https://www.rottentomatoes.com/m/his_dark_materials_the_golden_compass/
43%
5.6
51%
3.2
350,265
tt0472062
https://www.rottentomatoes.com/m/charlie_wilsons_war/
82%
7
73%
3.5
225,881
46.00user 1.50system 4:46.26elapsed 16%CPU (0avgtext+0avgdata 67944maxresident)k
0inputs+56outputs (0major+19860minor)pagefaults 0swaps
