tt3460252
https://www.rottentomatoes.com/m/the_hateful_eight/
75%
7.3
76%
3.8
69,030
tt2381941
https://www.rottentomatoes.com/m/focus_2014/
56%
5.8
53%
3.3
45,538
tt1798684
https://www.rottentomatoes.com/m/southpaw_2015/
61%
6
76%
3.8
42,898
tt3195644
https://www.rottentomatoes.com/m/insidious_chapter_3_2015/
58%
5.5
52%
3.3
31,745
tt1029360
https://www.rottentomatoes.com/m/poltergeist-2009/
31%
4.8
22%
2.5
36,684
tt1617661
https://www.rottentomatoes.com/m/jupiter_ascending_2014/
26%
4.3
38%
2.9
94,564
tt3397884
https://www.rottentomatoes.com/m/sicario_2015/
94%
8
85%
4.0
62,911
tt1638355
https://www.rottentomatoes.com/m/the_man_from_uncle/
67%
6.2
73%
3.7
46,358
tt1895587
https://www.rottentomatoes.com/m/spotlight_2015/
96%
8.8
93%
4.3
65,134
tt2097298
https://www.rottentomatoes.com/m/mcfarland_usa/
80%
6.7
88%
4.2
26,251
25.14user 0.40system 4:04.64elapsed 10%CPU (0avgtext+0avgdata 73084maxresident)k
0inputs+72outputs (0major+20201minor)pagefaults 0swaps
