tt0267248
https://www.rottentomatoes.com/m/abandon/
16%
4.3
32%
2.7
13,031
tt0272207
https://www.rottentomatoes.com/m/narc/
83%
7.1
79%
3.4
27,612
tt0279781
https://www.rottentomatoes.com/m/sorority_boys/
13%
3.2
54%
2.8
47,257
tt0256276
https://www.rottentomatoes.com/m/possession/
65%
6.4
58%
3.3
8,186
tt0292631
https://www.rottentomatoes.com/m/pulse-a-stomp-odyssey/
93%
7.3
81%
3.7
837
tt0258153
http://www.rottentomatoes.com/m/simone_2002
51%
5.8
35%
2.8
5,025
tt0287467
https://www.rottentomatoes.com/m/talk_to_her/
92%
8.1
93%
4.1
52,634
tt0279331
https://www.rottentomatoes.com/m/blue_car/
81%
6.9
64%
3.3
2,504
tt0285462
https://www.rottentomatoes.com/m/boat_trip/
7%
2.6
35%
2.7
70,974
tt0278500
https://www.rottentomatoes.com/m/importance_of_being_earnest/
58%
6
72%
3.4
32,050
11.04user 0.16system 2:12.95elapsed 8%CPU (0avgtext+0avgdata 71700maxresident)k
0inputs+48outputs (0major+23646minor)pagefaults 0swaps
