tt2235108
https://www.rottentomatoes.com/m/dear_white_people/
91%
7.5
63%
3.4
21,879
tt3007512
https://www.rottentomatoes.com/m/the_water_diviner/
63%
6
61%
3.5
13,246
tt2908856
https://www.rottentomatoes.com/m/my_old_lady/
60%
5.8
42%
3.1
3,955
tt2473794
https://www.rottentomatoes.com/m/mr_turner/
98%
8.4
56%
3.3
15,983
tt2234003
https://www.rottentomatoes.com/m/calvary_2013/
89%
7.6
80%
3.9
17,625
tt2870708
https://www.rottentomatoes.com/m/wish_i_was_here/
44%
5.3
60%
3.5
17,319
tt3612616
https://www.rottentomatoes.com/m/mommy_2015/
89%
7.9
89%
4.2
7,170
tt3062976
https://www.rottentomatoes.com/m/learning_to_drive/
65%
6.2
60%
3.4
3,713
tt3416742
https://www.rottentomatoes.com/m/what_we_do_in_the_shadows/
96%
7.8
86%
4.1
24,363
tt2771372
https://www.rottentomatoes.com/m/veronica_mars/
79%
6.7
79%
4.1
26,621
24.71user 0.41system 3:55.53elapsed 10%CPU (0avgtext+0avgdata 72304maxresident)k
0inputs+72outputs (0major+20261minor)pagefaults 0swaps
