tt1924429
https://www.rottentomatoes.com/m/trance_2013/
68%
6.5
62%
3.5
24,565
tt1869716
https://www.rottentomatoes.com/m/the_east_2013/
74%
6.7
64%
3.5
19,784
tt2392326
https://www.rottentomatoes.com/m/le_week_end/
89%
7.4
56%
3.3
5,906
tt2739338
https://www.rottentomatoes.com/m/the_christmas_candle_2013/
18%
4.2
75%
3.9
4,366
tt2278871
https://www.rottentomatoes.com/m/blue_is_the_warmest_color/
90%
8.2
85%
4.1
22,644
tt1029231
https://www.rottentomatoes.com/m/krrish_3/
83%
6.5
52%
3.3
2,004
tt1229340
https://www.rottentomatoes.com/m/anchorman_2_the_legend_continues/
75%
6.4
52%
3.3
164,089
tt2380331
https://www.rottentomatoes.com/m/words_and_pictures/
42%
5.5
50%
3.3
3,260
tt1985019
https://www.rottentomatoes.com/m/austenland_2013/
30%
4.8
53%
3.4
9,103
tt2887322
https://www.rottentomatoes.com/m/the_saratov_approach/
empty
lass="smaller bold hidden-xs superPageFontColor" style="padding-left:5px;line-height:12px">liked it<
86%
4.3
2,123
22.37user 0.23system 3:01.08elapsed 12%CPU (0avgtext+0avgdata 75280maxresident)k
0inputs+64outputs (0major+20547minor)pagefaults 0swaps
