tt0240515
https://www.rottentomatoes.com/m/freddy_got_fingered/
11%
2.7
56%
2.5
131,524
tt0253798
https://www.rottentomatoes.com/m/out_cold/
8%
2.9
84%
3.5
47,088
tt0265343
https://www.rottentomatoes.com/m/monsoon_wedding/
95%
7.9
87%
3.8
27,435
tt0278475
https://www.rottentomatoes.com/m/haunted-castle2001/
25%
5.1
45%
3.2
586
tt0245574
https://www.rottentomatoes.com/m/y_tu_mama_tambien/
92%
8.1
88%
3.9
68,853
tt0181739
https://www.rottentomatoes.com/m/osmosis_jones/
55%
5.5
41%
2.8
62,473
tt0246989
https://www.rottentomatoes.com/m/tomcats/
15%
2.9
42%
2.6
22,943
tt0236784
https://www.rottentomatoes.com/m/tailor_of_panama/
77%
6.8
46%
3.0
12,432
tt0186589
https://www.rottentomatoes.com/m/sugar_and_spice/
28%
4.5
42%
2.7
54,622
tt0244000
https://www.rottentomatoes.com/m/american_outlaws/
14%
3.6
68%
3.2
44,198
10.95user 0.18system 2:15.57elapsed 8%CPU (0avgtext+0avgdata 71532maxresident)k
8inputs+56outputs (0major+20209minor)pagefaults 0swaps
