tt1067774
https://www.rottentomatoes.com/m/monte_carlo_2011/
38%
4.8
49%
3.3
25,723
tt0881320
https://www.rottentomatoes.com/m/sanctum/
30%
4.5
37%
2.9
38,202
tt1240982
https://www.rottentomatoes.com/m/your_highness/
27%
4.2
34%
2.7
54,073
tt1093357
https://www.rottentomatoes.com/m/the_darkest_hour/
12%
3.1
26%
2.5
29,484
tt1305591
https://www.rottentomatoes.com/m/mars_needs_moms/
37%
5
40%
3.0
27,566
tt1462041
https://www.rottentomatoes.com/m/dream_house_2011/
6%
3.7
36%
2.8
29,450
tt0816462
https://www.rottentomatoes.com/m/conan_the_barbarian_2011/
24%
4.1
30%
2.7
48,898
tt1509767
https://www.rottentomatoes.com/m/the_three_musketeers_2011/
24%
4.1
39%
2.9
44,419
tt1034389
https://www.rottentomatoes.com/m/the-eagle-of-the-ninth/
39%
5.3
41%
3.1
42,425
tt1506999
https://www.rottentomatoes.com/m/haywire_2011/
80%
6.8
41%
2.9
42,938
24.57user 0.36system 12:31.95elapsed 3%CPU (0avgtext+0avgdata 71752maxresident)k
32inputs+80outputs (0major+21342minor)pagefaults 0swaps
