tt0241527
https://www.rottentomatoes.com/m/harry_potter_and_the_sorcerers_stone/
80%
7.1
82%
3.7
1,152,750
tt0120737
https://www.rottentomatoes.com/m/the_lord_of_the_rings_the_fellowship_of_the_ring/
91%
8.2
95%
4.1
1,352,522
tt0198781
https://www.rottentomatoes.com/m/monsters_inc/
96%
8
90%
3.8
1,252,509
tt0126029
https://www.rottentomatoes.com/m/shrek/
88%
7.8
90%
3.9
1,377,119
tt0266915
https://www.rottentomatoes.com/m/rush_hour_2/
52%
5.5
74%
3.3
893,506
tt0209163
https://www.rottentomatoes.com/m/mummy_returns/
47%
5.2
63%
3.3
747,579
tt0213149
https://www.rottentomatoes.com/m/1108389-pearl_harbor/
25%
4.5
67%
3.3
904,675
tt0240772
https://www.rottentomatoes.com/m/oceans_eleven/
82%
6.9
80%
3.6
32,600,449
tt0163025
https://www.rottentomatoes.com/m/jurassic_park_iii/
50%
5.2
36%
3.0
525,232
tt0133152
https://www.rottentomatoes.com/m/1108704-planet_of_the_apes/
45%
5.5
27%
2.7
366,230
10.74user 0.19system 2:33.40elapsed 7%CPU (0avgtext+0avgdata 77836maxresident)k
8inputs+56outputs (0major+21864minor)pagefaults 0swaps
