tt0461336
https://www.rottentomatoes.com/m/saving_private_perez/
empty
lass="smaller bold hidden-xs superPageFontColor" style="padding-left:5px;line-height:12px">liked it<
69%
3.7
1,633
tt1827512
https://www.rottentomatoes.com/m/the_kid_with_a_bike/
96%
8.1
76%
3.8
25,197
tt1270262
https://www.rottentomatoes.com/m/the_devils_double/
56%
5.8
65%
3.5
13,871
tt1839647
https://www.rottentomatoes.com/m/the_oscar_nominated_short_films_animation/
100%
8
83%
4.0
723
tt1541995
https://www.rottentomatoes.com/m/snow_flower_and_the_secret_fan/
21%
4.5
48%
3.2
6,392
tt1549572
https://www.rottentomatoes.com/m/another_earth/
64%
6.2
66%
3.5
18,603
tt1592281
https://www.rottentomatoes.com/m/take_this_waltz/
77%
7
57%
3.3
16,330
tt1613023
https://www.rottentomatoes.com/m/beats_rhymes_and_life_the_travels_of_a_tribe_called_quest/
90%
7.4
90%
4.2
3,953
tt1614989
https://www.rottentomatoes.com/m/headhunters/
92%
7.6
85%
4.0
24,496
tt1416801
https://www.rottentomatoes.com/m/the-irishman/
63%
5.6
67%
3.6
9,299
24.30user 0.33system 4:35.81elapsed 8%CPU (0avgtext+0avgdata 70376maxresident)k
128inputs+80outputs (0major+19387minor)pagefaults 0swaps
