tt0814335
https://www.rottentomatoes.com/m/10010668-stepfather/
11%
3.4
34%
2.6
982,173
tt0815245
https://www.rottentomatoes.com/m/uninvited_2009/
32%
4.5
49%
2.7
659,037
tt0765010
https://www.rottentomatoes.com/m/1213999-brothers/
63%
6.2
62%
3.4
194,174
tt1233227
https://www.rottentomatoes.com/m/saw_VI/
36%
4.2
55%
3.3
793,006
tt1210042
https://www.rottentomatoes.com/m/brooklyns_finest/
43%
5.4
46%
3.1
101,075
tt1153706
https://www.rottentomatoes.com/m/dance_flick/
18%
3.5
30%
2.6
348,226
tt1220198
https://www.rottentomatoes.com/m/fourth_kind/
19%
4
40%
3.0
171,579
tt0963178
https://www.rottentomatoes.com/m/international/
59%
5.8
37%
3.0
165,372
tt0775552
https://www.rottentomatoes.com/m/aliens_in_the_attic/
31%
4.5
43%
2.6
461,005
tt1197628
https://www.rottentomatoes.com/m/observe_and_report/
50%
5.5
36%
2.5
641,594
24.48user 0.36system 6:49.72elapsed 6%CPU (0avgtext+0avgdata 71136maxresident)k
0inputs+112outputs (0major+20071minor)pagefaults 0swaps
