tt0266543
https://www.rottentomatoes.com/m/finding_nemo/
99%
8.7
86%
3.8
33,354,194
tt0167260
https://www.rottentomatoes.com/m/the_lord_of_the_rings_the_return_of_the_king/
95%
8.7
86%
3.7
34,676,626
tt0325980
https://www.rottentomatoes.com/m/pirates_of_the_caribbean_the_curse_of_the_black_pearl/
79%
7.1
86%
3.9
33,123,186
tt0234215
https://www.rottentomatoes.com/m/matrix_reloaded/
73%
6.8
72%
3.4
941,064
tt0315327
https://www.rottentomatoes.com/m/bruce_almighty/
48%
5.7
57%
3.3
33,023,544
tt0290334
https://www.rottentomatoes.com/m/x2_xmen_united/
86%
7.5
85%
3.7
974,988
tt0319343
https://www.rottentomatoes.com/m/elf/
84%
7
78%
3.2
907,162
tt0181852
https://www.rottentomatoes.com/m/terminator_3_rise_of_the_machines/
70%
6.6
46%
3.1
440,371
tt0242653
https://www.rottentomatoes.com/m/matrix_revolutions/
36%
5.3
60%
3.4
790,899
tt0349205
https://www.rottentomatoes.com/m/cheaper_by_the_dozen_2003/
empty
lass="smaller bold hidden-xs superPageFontColor" style="padding-left:5px;line-height:12px">liked it<
66%
3.3
59,789
12.03user 0.28system 3:34.40elapsed 5%CPU (0avgtext+0avgdata 71332maxresident)k
5200inputs+64outputs (34major+20531minor)pagefaults 0swaps
