tt0327036
https://www.rottentomatoes.com/m/martin_lawrence_live_runteldat/
39%
5
69%
3.8
249
tt0283084
https://www.rottentomatoes.com/m/tuck_everlasting/
61%
6.3
70%
3.3
80,488
tt0251114
https://www.rottentomatoes.com/m/harts_war/
60%
6
48%
3.0
43,762
tt0246894
https://www.rottentomatoes.com/m/rollerball/
3%
2.5
14%
2.1
36,793
tt0240510
https://www.rottentomatoes.com/m/four_feathers/
41%
5.4
65%
3.2
38,042
tt0272338
https://www.rottentomatoes.com/m/punchdrunk_love/
79%
7.4
77%
3.3
139,187
tt0262396
https://www.rottentomatoes.com/m/1118698-empire/
21%
4.4
62%
3.3
9,756
tt0271367
https://www.rottentomatoes.com/m/eight_legged_freaks/
48%
5.5
32%
2.5
102,579
tt0276033
https://www.rottentomatoes.com/m/country_bears/
30%
4.3
32%
2.7
10,666
tt0261289
https://www.rottentomatoes.com/m/serving_sara/
4%
3
26%
2.4
27,073
11.20user 0.22system 2:21.10elapsed 8%CPU (0avgtext+0avgdata 72012maxresident)k
0inputs+56outputs (0major+21020minor)pagefaults 0swaps
