tt1179056
https://www.rottentomatoes.com/m/nightmare_on_elm_street_2010/
15%
3.7
43%
3.0
199,369
tt1294226
https://www.rottentomatoes.com/m/10011984-last_song/
20%
4
65%
3.5
160,716
tt0780653
https://www.rottentomatoes.com/m/1194949-wolfman/
34%
4.8
33%
2.9
223,088
tt1226229
https://www.rottentomatoes.com/m/1212410-get_him_to_the_greek/
72%
6.3
62%
3.3
213,425
tt1220634
https://www.rottentomatoes.com/m/resident_evil_afterlife/
23%
4.1
49%
3.2
127,760
tt1391137
https://www.rottentomatoes.com/m/why_did_i_get_married_too/
26%
4.4
67%
3.4
119,434
tt0808510
https://www.rottentomatoes.com/m/1202110-tooth_fairy/
18%
4
41%
3.1
183,591
tt1028576
https://www.rottentomatoes.com/m/secretariat/
63%
6.1
76%
3.8
49,800
tt1282140
https://www.rottentomatoes.com/m/easy-a/
85%
7.1
77%
3.8
127,837
tt1135084
https://www.rottentomatoes.com/m/takers/
28%
4.6
62%
3.6
125,330
25.16user 0.30system 4:42.29elapsed 9%CPU (0avgtext+0avgdata 69980maxresident)k
0inputs+88outputs (0major+19957minor)pagefaults 0swaps
