tt0327056
https://www.rottentomatoes.com/m/mystic_river/
87%
7.7
89%
3.7
202,241
tt0333780
https://www.rottentomatoes.com/m/legally_blonde_2_red_white_and_blonde/
38%
4.8
43%
2.9
471,654
tt0328880
https://www.rottentomatoes.com/m/brother_bear/
38%
5.5
64%
3.3
188,153
tt0329101
https://www.rottentomatoes.com/m/freddy_vs_jason/
41%
4.8
50%
2.9
393,094
tt0332379
https://www.rottentomatoes.com/m/school_of_rock/
92%
7.8
64%
3.2
32,783,567
tt0324216
https://www.rottentomatoes.com/m/texas_chainsaw_massacre/
36%
4.8
57%
3.2
400,156
tt0338094
https://www.rottentomatoes.com/m/haunted_mansion/
13%
4.2
30%
2.6
134,740
tt0302886
https://www.rottentomatoes.com/m/old_school/
60%
5.6
86%
3.7
476,684
tt0266697
https://www.rottentomatoes.com/m/kill_bill_vol_1/
85%
7.7
80%
3.4
32,556,115
tt0311289
https://www.rottentomatoes.com/m/holes/
77%
7
76%
3.3
211,272
12.53user 0.20system 2:42.60elapsed 7%CPU (0avgtext+0avgdata 67276maxresident)k
0inputs+64outputs (0major+20629minor)pagefaults 0swaps
