tt1535109
https://www.rottentomatoes.com/m/captain_phillips/
93%
8.3
89%
4.2
150,941
tt3063516
https://www.rottentomatoes.com/m/jackass_presents_bad_grandpa/
60%
5.5
60%
3.5
103,849
tt1663662
https://www.rottentomatoes.com/m/pacific_rim_2013/
71%
6.6
77%
3.9
191,878
tt1245492
https://www.rottentomatoes.com/m/this_is_the_end/
83%
7.1
71%
3.7
180,653
tt2302755
https://www.rottentomatoes.com/m/olympus_has_fallen_2013/
48%
5.3
67%
3.7
147,944
tt0453562
https://www.rottentomatoes.com/m/42_2013/
79%
6.8
86%
4.1
119,071
tt1535108
https://www.rottentomatoes.com/m/elysium_2013/
67%
6.5
58%
3.4
162,113
tt1691917
https://www.rottentomatoes.com/m/planes/
25%
4.6
49%
3.3
71,881
tt1210819
https://www.rottentomatoes.com/m/the_lone_ranger/
31%
4.8
51%
3.3
136,560
tt1483013
https://www.rottentomatoes.com/m/oblivion_2013/
53%
5.9
61%
3.5
162,261
24.40user 0.24system 3:10.16elapsed 12%CPU (0avgtext+0avgdata 69204maxresident)k
0inputs+64outputs (0major+20555minor)pagefaults 0swaps
