tt1411238
https://www.rottentomatoes.com/m/no_strings_attached_2011/
49%
5.2
51%
3.3
88,693
tt1396218
https://www.rottentomatoes.com/m/mr_poppers_penguins_2010/
48%
5.2
53%
3.4
68,068
tt1402488
https://www.rottentomatoes.com/m/happy_feet_two/
46%
5.5
61%
3.6
90,704
tt1385826
https://www.rottentomatoes.com/m/adjustment_bureau/
72%
6.6
67%
3.5
104,002
tt1401152
https://www.rottentomatoes.com/m/unknown_white_male/
56%
5.8
55%
3.4
75,541
tt1067583
https://www.rottentomatoes.com/m/water_for_elephants/
60%
6.1
70%
3.7
68,024
tt1189340
https://www.rottentomatoes.com/m/lincoln_lawyer/
83%
6.6
82%
3.8
67,967
tt1605783
https://www.rottentomatoes.com/m/midnight_in_paris/
93%
7.8
83%
4.0
80,713
tt1632708
https://www.rottentomatoes.com/m/friends_with_benefits/
70%
6.2
65%
3.6
80,008
tt1464540
https://www.rottentomatoes.com/m/i_am_number_four/
33%
4.8
57%
3.5
145,123
34.77user 0.74system 8:35.88elapsed 6%CPU (0avgtext+0avgdata 70456maxresident)k
0inputs+96outputs (0major+20324minor)pagefaults 0swaps
