tt3322364
https://www.rottentomatoes.com/m/concussion_2015/
61%
6.1
75%
3.8
31,902
tt2967224
https://www.rottentomatoes.com/m/dont_mess_with_texas_2014/
7%
3.1
35%
2.8
26,492
tt1666801
https://www.rottentomatoes.com/m/the_duff/
71%
6
66%
3.7
37,584
tt2404425
https://www.rottentomatoes.com/m/woman_in_gold/
54%
6
79%
3.9
17,526
tt2555736
https://www.rottentomatoes.com/m/the_second_best_exotic_marigold_hotel/
64%
6
60%
3.5
17,586
tt1674771
https://www.rottentomatoes.com/m/entourage/
33%
4.7
58%
3.4
30,456
tt3622592
https://www.rottentomatoes.com/m/paper_towns/
56%
5.8
48%
3.2
32,530
tt1823672
https://www.rottentomatoes.com/m/chappie/
32%
4.9
56%
3.4
48,640
tt2554274
https://www.rottentomatoes.com/m/crimson_peak/
71%
6.5
55%
3.3
34,004
tt1178665
https://www.rottentomatoes.com/m/a_walk_in_the_woods_2015/
45%
5.4
49%
3.3
12,380
24.94user 0.35system 3:48.72elapsed 11%CPU (0avgtext+0avgdata 70672maxresident)k
136inputs+72outputs (1major+20847minor)pagefaults 0swaps
