tt0365885
https://www.rottentomatoes.com/m/upside_of_anger/
74%
6.8
63%
3.2
29,353
tt0378109
https://www.rottentomatoes.com/m/into_the_blue/
21%
4
57%
3.1
326,444
tt0395972
https://www.rottentomatoes.com/m/north_country/
68%
6.7
76%
3.5
93,001
tt0407121
https://www.rottentomatoes.com/m/poohs_heffalump_movie/
79%
6.6
69%
3.5
12,926
tt0403455
https://www.rottentomatoes.com/m/roll_bounce/
64%
5.9
70%
3.4
56,426
tt0362165
https://www.rottentomatoes.com/m/son_of_the_mask/
6%
2.8
15%
2.0
38,515
tt0395584
https://www.rottentomatoes.com/m/devils_rejects/
53%
5.4
78%
3.6
111,897
tt0376108
https://www.rottentomatoes.com/m/rebound/
13%
3.7
38%
2.9
52,352
tt0457528
https://www.rottentomatoes.com/m/wild-safari-a-south-african-adventure/
83%
6.9
60%
3.2
780
tt0429573
https://www.rottentomatoes.com/m/american_haunting/
12%
3.5
36%
2.9
89,031
20.17user 0.31system 2:38.06elapsed 12%CPU (0avgtext+0avgdata 72452maxresident)k
0inputs+56outputs (0major+20355minor)pagefaults 0swaps
