tt0463034
https://www.rottentomatoes.com/m/you_me_and_dupree/
21%
4.3
50%
3.1
448,084
tt0449010
https://www.rottentomatoes.com/m/eragon/
16%
4.1
46%
3.0
519,275
tt0385880
https://www.rottentomatoes.com/m/monster_house/
74%
6.8
63%
3.2
198,894
tt0493430
https://www.rottentomatoes.com/m/jackass_number_2/
63%
5.8
80%
3.6
436,179
tt0414853
https://www.rottentomatoes.com/m/barnyard/
22%
4.4
52%
3.3
120,089
tt0449089
https://www.rottentomatoes.com/m/rv/
23%
4.2
46%
3.0
305,857
tt0479143
https://www.rottentomatoes.com/m/rocky_balboa/
76%
6.5
76%
3.5
514,610
tt0469641
https://www.rottentomatoes.com/m/world_trade_center/
68%
6.7
60%
3.4
363,338
tt0421729
https://www.rottentomatoes.com/m/1154157-big_mommas_house_2/
6%
3.1
57%
3.3
564,666
tt0462590
https://www.rottentomatoes.com/m/step_up/
19%
4.5
83%
3.9
615,442
19.59user 0.25system 2:57.96elapsed 11%CPU (0avgtext+0avgdata 69176maxresident)k
0inputs+56outputs (0major+19515minor)pagefaults 0swaps
