tt0981227
https://www.rottentomatoes.com/m/nick_and_norahs_infinite_playlist/
74%
6.5
65%
3.5
188,948
tt1007028
https://www.rottentomatoes.com/m/1190296-zack_and_miri_make_a_porno/
65%
6.1
66%
3.5
236,479
tt0406759
https://www.rottentomatoes.com/m/10008606-eye/
22%
4.2
43%
3.0
303,380
tt1129442
https://www.rottentomatoes.com/m/transporter_3/
37%
4.8
48%
3.4
201,685
tt0379865
https://www.rottentomatoes.com/m/leatherheads/
53%
5.8
38%
3.0
156,680
tt0790686
https://www.rottentomatoes.com/m/1197016-mirrors/
14%
3.8
44%
3.1
90,651
tt0482603
https://www.rottentomatoes.com/m/1195801-space_chimps/
34%
4.6
32%
2.8
124,249
tt0200465
https://www.rottentomatoes.com/m/1189844-the_bank_job/
79%
6.8
74%
3.5
253,609
tt0880578
https://www.rottentomatoes.com/m/10008954-untraceable/
16%
4.2
52%
3.3
225,073
tt1034303
https://www.rottentomatoes.com/m/10009458-defiance/
57%
5.9
72%
3.6
251,016
20.74user 0.28system 2:54.37elapsed 12%CPU (0avgtext+0avgdata 70656maxresident)k
0inputs+64outputs (0major+20016minor)pagefaults 0swaps
