tt2691524
http://www.rottentomatoes.com/m/the_oscar_nominated_short_films_2013_animation/reviews/
empty
empty
empty
empty
empty
tt2425486
https://www.rottentomatoes.com/m/gloria_2012/
99%
7.9
64%
3.5
10,515
tt2545118
https://www.rottentomatoes.com/m/blackfish_2013/
98%
8
90%
4.2
27,648
tt1951181
https://www.rottentomatoes.com/m/nightingale_2013/
87%
7.5
60%
3.4
15,717
tt2263944
https://www.rottentomatoes.com/m/dragon_ball_z_battle_of_gods/
empty
lass="smaller bold hidden-xs superPageFontColor" style="padding-left:5px;line-height:12px">liked it<
80%
4.1
5,086
tt1714915
https://www.rottentomatoes.com/m/only_lovers_left_alive/
86%
7.4
74%
3.7
20,503
tt1682180
https://www.rottentomatoes.com/m/stoker_2013/
69%
6.6
60%
3.4
22,548
tt3089388
https://www.rottentomatoes.com/m/tims_vermeer_2014/
89%
7.4
86%
4.1
8,646
tt2356180
https://www.rottentomatoes.com/m/bhaag_milkha_bhaag/
82%
6.5
84%
4.1
1,722
tt1375789
https://www.rottentomatoes.com/m/race_2/
empty
lass="smaller bold hidden-xs superPageFontColor" style="padding-left:5px;line-height:12px">liked it<
41%
3.0
1,022
20.31user 0.21system 2:48.98elapsed 12%CPU (0avgtext+0avgdata 65564maxresident)k
0inputs+64outputs (0major+19320minor)pagefaults 0swaps
