tt0499549
https://www.rottentomatoes.com/m/avatar/
83%
7.5
82%
4.1
1,379,423
tt1055369
https://www.rottentomatoes.com/m/transformers_revenge_of_the_fallen/
19%
3.9
58%
3.5
4,080,104
tt0417741
https://www.rottentomatoes.com/m/harry_potter_and_the_half_blood_prince/
84%
7.2
77%
3.8
1,556,553
tt1259571
https://www.rottentomatoes.com/m/twilight_saga_new_moon/
28%
4.7
61%
3.6
577,229
tt1049413
https://www.rottentomatoes.com/m/up/
98%
8.7
90%
3.8
1,200,565
tt1119646
https://www.rottentomatoes.com/m/10010667-hangover/
79%
6.8
84%
4.0
941,726
tt0796366
https://www.rottentomatoes.com/m/star_trek_11/
95%
8.2
91%
4.1
745,334
tt0878804
https://www.rottentomatoes.com/m/1212694-blind_side/
66%
6.1
85%
4.1
430,737
tt1231580
https://www.rottentomatoes.com/m/10009926-alvin_and_the_chipmunks_2/
21%
3.9
49%
3.3
368,419
tt0988045
https://www.rottentomatoes.com/m/sherlock_holmes_2009/
70%
6.2
77%
3.7
768,419
26.53user 0.32system 5:39.56elapsed 7%CPU (0avgtext+0avgdata 66436maxresident)k
272inputs+128outputs (0major+19878minor)pagefaults 0swaps
