tt2473682
https://www.rottentomatoes.com/m/paranormal_activity_the_marked_ones/
39%
4.6
35%
2.8
35,240
tt2872718
https://www.rottentomatoes.com/m/nightcrawler/
95%
8.2
85%
4.0
82,502
tt3713166
https://www.rottentomatoes.com/m/unfriended/
62%
6
37%
2.8
29,379
tt2883512
https://www.rottentomatoes.com/m/chef_2014/
86%
6.8
85%
4.0
58,251
tt2172934
https://www.rottentomatoes.com/m/3_days_to_kill/
28%
4.4
43%
3.1
36,849
tt2377322
https://www.rottentomatoes.com/m/deliver_us_from_evil_2014/
28%
4.7
42%
3.1
26,443
tt2473602
https://www.rottentomatoes.com/m/get_on_up/
80%
6.9
68%
3.7
25,051
tt2247476
https://www.rottentomatoes.com/m/when_the_game_stands_tall/
17%
4.6
72%
3.8
21,137
tt2223990
https://www.rottentomatoes.com/m/draft_day/
60%
5.9
65%
3.6
34,907
tt1972779
https://www.rottentomatoes.com/m/the_best_of_me/
8%
3.5
59%
3.5
26,762
26.11user 0.45system 4:19.24elapsed 10%CPU (0avgtext+0avgdata 72856maxresident)k
32inputs+72outputs (1major+20595minor)pagefaults 0swaps
