tt0286499
https://www.rottentomatoes.com/m/bend_it_like_beckham/
85%
7.2
73%
3.2
469,391
tt0253474
https://www.rottentomatoes.com/m/pianist/
96%
8.2
95%
4.1
251,670
tt0289848
https://www.rottentomatoes.com/m/analyze_that/
27%
4.8
39%
2.9
190,133
tt0264935
https://www.rottentomatoes.com/m/1113638-murder_by_numbers/
31%
5.3
49%
3.1
61,796
tt0265459
https://www.rottentomatoes.com/m/one_hour_photo/
81%
7
64%
3.0
177,316
tt0238546
https://www.rottentomatoes.com/m/queen_of_the_damned/
17%
3.9
66%
3.1
259,594
tt0280460
https://www.rottentomatoes.com/m/banger_sisters/
47%
5.3
42%
2.7
44,716
tt0220506
https://www.rottentomatoes.com/m/halloween_resurrection/
12%
3.4
26%
2.8
89,979
tt0280486
https://www.rottentomatoes.com/m/bad_company_2002/
10%
3.9
35%
2.8
56,621
tt0288477
https://www.rottentomatoes.com/m/ghost_ship/
14%
3.8
37%
2.8
376,684
11.02user 0.20system 2:23.91elapsed 7%CPU (0avgtext+0avgdata 66160maxresident)k
0inputs+56outputs (0major+19805minor)pagefaults 0swaps
