tt0413845
https://www.rottentomatoes.com/m/enron_the_smartest_guys_in_the_room/
97%
8.1
86%
3.6
32,033
tt0388183
https://www.rottentomatoes.com/m/kings_ransom/
2%
2.4
31%
2.6
6,272
tt0415978
https://www.rottentomatoes.com/m/me_and_you_and_everyone_we_know/
81%
7.3
84%
3.9
46,470
tt0387898
https://www.rottentomatoes.com/m/cache_2005/
89%
7.8
78%
3.6
51,003
tt0371257
https://www.rottentomatoes.com/m/stay/
27%
4.6
71%
3.4
72,819
tt0433387
https://www.rottentomatoes.com/m/harsh_times/
48%
5.5
55%
3.2
91,089
tt0436724
https://www.rottentomatoes.com/m/rize/
84%
7
85%
4.0
8,838
tt0240200
https://www.rottentomatoes.com/m/water/
91%
7.6
90%
3.9
44,405
tt0427312
https://www.rottentomatoes.com/m/grizzly_man/
92%
8
85%
3.7
53,343
tt0439478
https://www.rottentomatoes.com/m/boynton_beach_club/
60%
5.9
44%
3.2
1,480
16.45user 0.28system 3:02.09elapsed 9%CPU (0avgtext+0avgdata 74648maxresident)k
0inputs+64outputs (0major+20905minor)pagefaults 0swaps
