tt0452694
https://www.rottentomatoes.com/m/time_travelers_wife/
38%
5.1
59%
3.0
982,696
tt0889583
https://www.rottentomatoes.com/m/bruno/
68%
6.2
41%
2.7
585,477
tt0901476
https://www.rottentomatoes.com/m/bride_wars/
10%
3.3
51%
3.3
375,794
tt0492044
https://www.rottentomatoes.com/m/1188732-haunting_in_connecticut/
16%
4.3
45%
3.2
328,863
tt0821640
https://www.rottentomatoes.com/m/1193906-ghosts_of_girlfriends_past/
27%
4.2
40%
3.1
290,245
tt1201167
https://www.rottentomatoes.com/m/funny_people/
68%
6.4
48%
3.1
844,801
tt1385912
https://www.rottentomatoes.com/m/i-can-do-bad-all-by-myself/
63%
5.9
81%
4.0
179,785
tt1179891
https://www.rottentomatoes.com/m/my_bloody_valentine_3_d/
57%
5.8
44%
3.1
208,477
tt0976238
https://www.rottentomatoes.com/m/10009596-old_dogs/
5%
2.3
44%
3.1
182,917
tt0457400
https://www.rottentomatoes.com/m/10009083-land_of_the_lost/
26%
4.1
32%
2.7
542,383
25.41user 0.34system 6:18.14elapsed 6%CPU (0avgtext+0avgdata 71796maxresident)k
8504inputs+112outputs (44major+20665minor)pagefaults 0swaps
