tt1470023
https://www.rottentomatoes.com/m/macGruber/
47%
5.1
34%
2.6
120,005
tt1668200
https://www.rottentomatoes.com/m/sarahs_key/
72%
6.5
82%
3.9
9,284
tt1423894
https://www.rottentomatoes.com/m/barneys-version/
80%
6.7
78%
3.7
18,332
tt1336617
https://www.rottentomatoes.com/m/cyrus/
80%
6.9
53%
3.1
44,460
tt1020938
https://www.rottentomatoes.com/m/10012014-babies/
68%
6.5
61%
3.4
34,975
tt1255953
https://www.rottentomatoes.com/m/incendies/
92%
7.9
92%
4.3
16,798
tt1244754
https://www.rottentomatoes.com/m/conviction_2010/
67%
6.2
70%
3.6
32,656
tt1399683
https://www.rottentomatoes.com/m/10012136-winters_bone/
94%
8.3
76%
3.7
50,774
tt1566648
https://www.rottentomatoes.com/m/waiting_for_superman/
89%
7.5
84%
4.0
17,889
tt0804497
https://www.rottentomatoes.com/m/its-kind-of-a-funny-story/
58%
6
66%
3.6
33,711
23.19user 0.29system 4:39.80elapsed 8%CPU (0avgtext+0avgdata 72024maxresident)k
0inputs+80outputs (0major+20910minor)pagefaults 0swaps
