tt1024943
https://www.rottentomatoes.com/m/om_shanti_om/
73%
7.2
77%
4.0
27,076
tt0416185
https://www.rottentomatoes.com/m/resurrecting_the_champ/
60%
6.1
60%
3.4
29,862
tt0775488
https://www.rottentomatoes.com/m/illegal_tender/
15%
4
67%
3.7
5,215
tt1032856
https://www.rottentomatoes.com/m/the_bands_visit/
98%
7.9
86%
3.9
13,389
tt0441007
https://www.rottentomatoes.com/m/Gracie/
60%
5.8
58%
3.3
150,815
tt0469623
https://www.rottentomatoes.com/m/things_we_lost_in_the_fire/
65%
6.5
73%
3.6
30,739
tt0374563
https://www.rottentomatoes.com/m/captivity/
9%
2.8
23%
2.8
328,886
tt0796375
https://www.rottentomatoes.com/m/1178913-1178913-you_kill_me/
78%
6.6
59%
3.3
30,674
tt0499375
https://www.rottentomatoes.com/m/guru/
90%
7.1
84%
3.9
7,718
tt0757361
https://www.rottentomatoes.com/m/margot_at_the_wedding/
52%
5.7
40%
2.8
21,936
21.36user 0.33system 4:34.37elapsed 7%CPU (0avgtext+0avgdata 71892maxresident)k
22912inputs+80outputs (86major+20264minor)pagefaults 0swaps
