tt0890870
https://www.rottentomatoes.com/m/saw_4/
17%
3.7
62%
3.5
568,835
tt0775539
https://www.rottentomatoes.com/m/stomp_the_yard/
26%
4.5
81%
3.8
467,957
tt0423294
https://www.rottentomatoes.com/m/surfs_up/
78%
6.7
70%
3.4
630,905
tt0373883
https://www.rottentomatoes.com/m/1179254-halloween/
25%
4.1
59%
3.3
360,092
tt0906108
https://www.rottentomatoes.com/m/why_did_i_get_married/
46%
5.5
78%
4.0
18,157
tt0453556
https://www.rottentomatoes.com/m/tmnt_2007/
34%
5
60%
3.2
367,982
tt0431308
https://www.rottentomatoes.com/m/ps_i_love_you/
24%
4.5
80%
3.9
253,808
tt0381849
https://www.rottentomatoes.com/m/310_to_yuma/
89%
7.5
86%
3.8
393,323
tt0408236
https://www.rottentomatoes.com/m/sweeney_todd_the_demon_barber_of_fleet_street_2007/
86%
7.7
81%
3.9
1,694,841
tt0783233
https://www.rottentomatoes.com/m/atonement/
83%
7.4
80%
3.8
225,879
33.32user 2.08system 5:12.64elapsed 11%CPU (0avgtext+0avgdata 69544maxresident)k
0inputs+64outputs (0major+19924minor)pagefaults 0swaps
