tt0250274
https://www.rottentomatoes.com/m/1105979-brothers/
63%
5.8
86%
3.8
10,145
tt0244970
https://www.rottentomatoes.com/m/1106020-someone_like_you/
43%
4.9
57%
3.1
41,430
tt0245686
https://www.rottentomatoes.com/m/joe_dirt/
11%
3
63%
2.8
323,368
tt0246544
https://www.rottentomatoes.com/m/musketeer/
11%
3.2
33%
2.8
20,728
tt0231402
https://www.rottentomatoes.com/m/crocodile_dundee_in_los_angeles/
11%
3.6
25%
2.4
171,756
tt0238112
https://www.rottentomatoes.com/m/captain_corellis_mandolin/
29%
4.4
50%
2.9
34,359
tt0230838
https://www.rottentomatoes.com/m/1104841-sweet_november/
16%
3.5
76%
3.4
94,496
tt0179626
https://www.rottentomatoes.com/m/15_minutes/
33%
4.4
38%
2.9
50,556
tt0252501
https://www.rottentomatoes.com/m/hearts_in_atlantis/
49%
5.7
64%
3.3
23,411
tt0225071
https://www.rottentomatoes.com/m/1107902-angel_eyes/
33%
4.8
45%
2.9
66,117
10.62user 0.18system 2:24.61elapsed 7%CPU (0avgtext+0avgdata 70336maxresident)k
8inputs+56outputs (0major+19858minor)pagefaults 0swaps
