tt0349169
https://www.rottentomatoes.com/m/breakin_all_the_rules/
31%
4.8
57%
3.3
11,060
tt0380277
https://www.rottentomatoes.com/m/cookout/
5%
2.8
37%
2.9
7,323
tt0390521
https://www.rottentomatoes.com/m/super_size_me/
93%
7.7
72%
3.3
271,334
tt0252028
https://www.rottentomatoes.com/m/surviving_christmas/
7%
3
28%
2.6
28,400
tt0385004
https://www.rottentomatoes.com/m/house_of_flying_daggers/
88%
7.8
82%
3.6
217,577
tt0399877
https://www.rottentomatoes.com/m/what_the__do_we_know/
34%
4.6
68%
3.4
22,015
tt0361696
https://www.rottentomatoes.com/m/raise_your_voice/
15%
3.7
71%
3.3
383,344
tt0314498
https://www.rottentomatoes.com/m/perfect_score/
17%
3.8
44%
2.9
50,675
tt0362269
https://www.rottentomatoes.com/m/kinsey/
90%
7.6
75%
3.4
34,033
tt0270846
https://www.rottentomatoes.com/m/super_babies_baby_geniuses_2/
0%
2.2
20%
2.0
7,019
21.73user 0.31system 2:41.09elapsed 13%CPU (0avgtext+0avgdata 68904maxresident)k
0inputs+64outputs (0major+20380minor)pagefaults 0swaps
