tt0298148
https://www.rottentomatoes.com/m/shrek_2/
88%
7.7
69%
3.5
34,231,344
tt0316654
https://www.rottentomatoes.com/m/spiderman_2/
93%
8.3
81%
3.5
1,149,344
tt0290002
https://www.rottentomatoes.com/m/meet_the_fockers/
39%
5.2
58%
3.5
33,181,590
tt0317705
https://www.rottentomatoes.com/m/incredibles/
97%
8.3
75%
3.4
32,601,239
tt0304141
https://www.rottentomatoes.com/m/harry_potter_and_the_prisoner_of_azkaban/
91%
7.9
86%
3.8
1,164,904
tt0319262
https://www.rottentomatoes.com/m/day_after_tomorrow/
45%
5.3
50%
3.2
32,748,819
tt0372183
https://www.rottentomatoes.com/m/bourne_supremacy/
81%
7.2
90%
3.9
707,617
tt0368891
https://www.rottentomatoes.com/m/national_treasure/
44%
5.3
76%
3.5
923,218
tt0307453
https://www.rottentomatoes.com/m/shark_tale/
35%
5.2
49%
3.2
682,154
tt0343818
https://www.rottentomatoes.com/m/i_robot/
58%
6
70%
3.4
997,859
17.62user 0.88system 2:44.57elapsed 11%CPU (0avgtext+0avgdata 68256maxresident)k
32inputs+56outputs (0major+19329minor)pagefaults 0swaps
