tt0430105
https://www.rottentomatoes.com/m/four_brothers/
53%
5.7
80%
3.6
391,949
tt0401792
https://www.rottentomatoes.com/m/sin_city/
78%
7.5
78%
3.3
32,221,684
tt0373926
https://www.rottentomatoes.com/m/interpreter/
56%
6
54%
3.1
79,113
tt0434409
https://www.rottentomatoes.com/m/v_for_vendetta/
73%
6.8
90%
3.9
901,606
tt0318649
https://www.rottentomatoes.com/m/1144274-sahara/
39%
5.2
54%
3.0
213,348
tt0372237
https://www.rottentomatoes.com/m/guess_who/
43%
5.4
49%
3.0
269,500
tt0393162
https://www.rottentomatoes.com/m/coach_carter/
65%
6.1
85%
3.7
406,312
tt0400497
https://www.rottentomatoes.com/m/herbie_fully_loaded/
41%
5.4
38%
2.8
135,785
tt0384806
https://www.rottentomatoes.com/m/amityville_horror/
23%
4.2
52%
3.2
360,340
tt0405325
https://www.rottentomatoes.com/m/1142872-sky_high/
73%
6.5
57%
3.0
202,817
15.82user 0.23system 2:38.58elapsed 10%CPU (0avgtext+0avgdata 68816maxresident)k
0inputs+64outputs (0major+20180minor)pagefaults 0swaps
