tt2515086
https://www.rottentomatoes.com/m/this_is_us/
63%
5.8
80%
4.2
31,117
tt1650554
https://www.rottentomatoes.com/m/kick_ass_2_2013/
31%
4.8
57%
3.5
112,139
tt2388715
https://www.rottentomatoes.com/m/oculus/
73%
6.5
53%
3.2
44,932
tt0790636
https://www.rottentomatoes.com/m/dallas_buyers_club_2013/
94%
7.8
91%
4.2
91,132
tt1979320
https://www.rottentomatoes.com/m/rush_2013/
89%
7.6
88%
4.1
78,144
tt1517260
https://www.rottentomatoes.com/m/the_host_2013/
8%
3.6
50%
3.2
53,327
tt1213663
https://www.rottentomatoes.com/m/the_worlds_end/
89%
7.4
71%
3.7
91,485
tt1711425
https://www.rottentomatoes.com/m/21_and_over/
26%
4.1
46%
3.2
58,646
tt1798709
https://www.rottentomatoes.com/m/her/
95%
8.5
82%
4.0
98,071
tt1211956
https://www.rottentomatoes.com/m/escape_plan/
49%
5.3
55%
3.4
58,199
24.27user 0.23system 2:48.34elapsed 14%CPU (0avgtext+0avgdata 72256maxresident)k
0inputs+56outputs (0major+20405minor)pagefaults 0swaps
