tt2234155
https://www.rottentomatoes.com/m/the_internship_2013/
35%
4.9
51%
3.3
87,055
tt2378281
https://www.rottentomatoes.com/m/no_se_aceptan_devoluciones/
55%
6
89%
4.5
26,183
tt0882977
https://www.rottentomatoes.com/m/snitch_2013/
56%
5.6
61%
3.6
63,320
tt1411250
https://www.rottentomatoes.com/m/riddick/
58%
5.4
56%
3.4
97,023
tt2243537
https://www.rottentomatoes.com/m/a_haunted_house/
10%
2.6
51%
3.2
91,583
tt1335975
https://www.rottentomatoes.com/m/47_ronin/
14%
4.1
48%
3.2
61,674
tt1322269
https://www.rottentomatoes.com/m/august_osage_county/
64%
6.4
65%
3.6
38,681
tt2431286
https://www.rottentomatoes.com/m/philomena/
92%
7.8
89%
4.1
51,752
tt2404311
https://www.rottentomatoes.com/m/the_family_2013/
29%
4.6
41%
3.1
51,011
tt1762399
https://www.rottentomatoes.com/m/walking_with_dinosaurs_3d/
24%
4.4
41%
3.0
26,086
21.59user 0.26system 3:04.18elapsed 11%CPU (0avgtext+0avgdata 71788maxresident)k
0inputs+64outputs (0major+20993minor)pagefaults 0swaps
