tt1001562
https://www.rottentomatoes.com/m/witless_protection/
4%
2.1
45%
3.0
11,458
tt0914797
https://www.rottentomatoes.com/m/bottle_shock/
48%
5.6
58%
3.4
18,768
tt1068646
https://www.rottentomatoes.com/m/the_class/
95%
8.1
82%
3.8
12,433
tt0974554
https://www.rottentomatoes.com/m/1194209-elegy/
75%
6.7
61%
3.2
72,652
tt0844286
https://www.rottentomatoes.com/m/brothers_bloom/
66%
6.2
64%
3.3
90,958
tt1045670
https://www.rottentomatoes.com/m/1195103-happy_go_lucky/
93%
7.7
66%
3.4
34,622
tt0449994
https://www.rottentomatoes.com/m/jodhaa_akbar/
77%
6.8
78%
3.9
17,503
tt1068649
https://www.rottentomatoes.com/m/ive_loved_you_so_long/
88%
7.3
85%
3.9
22,463
tt1103275
https://www.rottentomatoes.com/m/two_lovers/
82%
6.8
58%
3.2
56,123
tt0383028
https://www.rottentomatoes.com/m/synecdoche_new_york/
69%
6.7
71%
3.6
56,432
24.14user 0.29system 3:02.85elapsed 13%CPU (0avgtext+0avgdata 72164maxresident)k
0inputs+64outputs (0major+20810minor)pagefaults 0swaps
