tt0386588
https://www.rottentomatoes.com/m/hitch/
69%
6.3
62%
3.4
32,623,720
tt0398165
https://www.rottentomatoes.com/m/longest_yard/
31%
4.8
62%
3.3
32,773,971
tt0120667
https://www.rottentomatoes.com/m/fantastic_four/
27%
4.5
45%
3.1
758,497
tt0371606
https://www.rottentomatoes.com/m/chicken_little/
36%
5.5
47%
3.1
470,037
tt0358082
https://www.rottentomatoes.com/m/robots/
64%
6.5
53%
3.1
240,525
tt0358273
https://www.rottentomatoes.com/m/walk_the_line/
82%
7.2
90%
3.9
544,849
tt0395699
https://www.rottentomatoes.com/m/pacifier/
20%
3.7
59%
3.2
388,074
tt0369441
https://www.rottentomatoes.com/m/fun_with_dick_and_jane/
29%
4.9
49%
3.1
759,169
tt0405422
https://www.rottentomatoes.com/m/40_year_old_virgin/
85%
7.2
84%
3.6
993,247
tt0408790
https://www.rottentomatoes.com/m/flightplan/
38%
5.3
48%
3.2
496,703
15.00user 0.18system 2:31.89elapsed 9%CPU (0avgtext+0avgdata 68792maxresident)k
0inputs+56outputs (0major+19886minor)pagefaults 0swaps
