tt0765128
https://www.rottentomatoes.com/m/oceans_eleven/
82%
6.9
80%
3.6
32,600,449
tt1229827
https://www.rottentomatoes.com/m/jonas_brothers_3d/
24%
4.3
76%
3.3
205,024
tt1058017
https://www.rottentomatoes.com/m/invention_of_lying/
58%
5.9
39%
2.5
666,994
tt1083456
https://www.rottentomatoes.com/m/fired_up/
24%
3.9
51%
3.3
174,619
tt1017460
https://www.rottentomatoes.com/m/1208173-splice/
74%
6.6
37%
2.6
251,577
tt1095174
https://www.rottentomatoes.com/m/new_in_town/
29%
4.3
37%
3.0
129,342
tt1131734
https://www.rottentomatoes.com/m/jennifers_body/
43%
5.1
34%
2.9
358,604
tt0780567
https://www.rottentomatoes.com/m/1190964-imagine_that/
40%
4.8
40%
2.6
263,794
tt1091722
https://www.rottentomatoes.com/m/adventureland/
89%
7.3
60%
3.3
252,077
tt0913354
https://www.rottentomatoes.com/m/armored/
40%
4.7
31%
2.6
205,075
25.86user 0.43system 6:49.13elapsed 6%CPU (0avgtext+0avgdata 70476maxresident)k
0inputs+112outputs (0major+20725minor)pagefaults 0swaps
