tt2172935
https://www.rottentomatoes.com/m/metallica_through_the_never/
79%
6.6
74%
3.8
13,765
tt2319580
https://www.rottentomatoes.com/m/the_grand_seduction/
60%
5.7
65%
3.6
6,015
tt1837703
https://www.rottentomatoes.com/m/the_fifth_estate/
37%
5.4
37%
3.0
18,613
tt2294677
https://www.rottentomatoes.com/m/in_a_world_2013/
92%
7.6
71%
3.6
20,788
tt2051894
https://www.rottentomatoes.com/m/home_run_2013/
45%
5.7
81%
4.2
2,826
tt2358891
https://www.rottentomatoes.com/m/the_great_beauty/
91%
7.8
80%
4.0
14,926
tt2215477
https://www.rottentomatoes.com/m/ramleela/
empty
lass="smaller bold hidden-xs superPageFontColor" style="padding-left:5px;line-height:12px">liked it<
57%
3.4
1,862
tt1441395
https://www.rottentomatoes.com/m/under_the_skin_2013/
85%
7.8
55%
3.2
34,957
tt2349460
https://www.rottentomatoes.com/m/grace_unplugged/
50%
5.4
79%
4.1
3,551
tt1618432
https://www.rottentomatoes.com/m/im_in_love_with_a_church_girl/
6%
2.9
64%
3.7
3,882
22.14user 0.30system 3:07.56elapsed 11%CPU (0avgtext+0avgdata 74664maxresident)k
0inputs+72outputs (0major+20461minor)pagefaults 0swaps
