tt2034139
https://www.rottentomatoes.com/m/the_last_exorcism_part_ii_2013/
16%
3.6
26%
2.5
21,740
tt1967545
https://www.rottentomatoes.com/m/labor_day_2013/
34%
5.2
54%
3.4
20,458
tt2042568
https://www.rottentomatoes.com/m/inside_llewyn_davis_2013/
94%
8.5
74%
3.7
43,718
tt1549920
https://www.rottentomatoes.com/m/last_stand_2013/
60%
5.7
54%
3.4
40,128
tt1206543
https://www.rottentomatoes.com/m/out_of_the_furnace/
53%
6
52%
3.3
43,443
tt2101341
https://www.rottentomatoes.com/m/dead_man_down_2013/
38%
5
47%
3.2
20,967
tt2404181
https://www.rottentomatoes.com/m/belle_2014/
83%
7
82%
4.0
24,877
tt2167202
https://www.rottentomatoes.com/m/getaway/
2%
2.7
35%
2.7
24,296
tt1699755
https://www.rottentomatoes.com/m/peeples/
37%
4.9
49%
3.3
17,483
tt1532958
https://www.rottentomatoes.com/m/battle_of_the_year/
6%
3.4
49%
3.2
17,415
23.14user 0.30system 3:07.44elapsed 12%CPU (0avgtext+0avgdata 70872maxresident)k
0inputs+72outputs (0major+20866minor)pagefaults 0swaps
