tt1491044
https://www.rottentomatoes.com/m/the_iceman_2013/
66%
6.2
62%
3.5
24,461
tt1954352
https://www.rottentomatoes.com/m/crooked_arrows/
41%
5.4
61%
3.6
10,531
tt2219514
https://www.rottentomatoes.com/m/fill_the_void/
88%
7.4
69%
3.7
4,088
tt0787442
https://www.rottentomatoes.com/m/the_attack_2012/
86%
7.5
77%
3.8
8,209
tt1047011
https://www.rottentomatoes.com/m/unfinished_song/
65%
5.9
69%
3.7
4,596
tt2181931
https://www.rottentomatoes.com/m/english_vinglish/
empty
lass="smaller bold hidden-xs superPageFontColor" style="padding-left:5px;line-height:12px">liked it<
83%
4.0
3,098
tt1854236
https://www.rottentomatoes.com/m/love_is_all_you_need/
74%
6.3
59%
3.4
9,517
tt2366450
https://www.rottentomatoes.com/m/stories_we_tell/
94%
8.6
79%
3.9
14,576
tt1226240
https://www.rottentomatoes.com/m/a_late_quartet/
78%
6.5
70%
3.6
9,383
tt1276419
https://www.rottentomatoes.com/m/en_kongelig_affaere/
89%
7.2
82%
3.9
16,608
22.71user 0.34system 3:27.77elapsed 11%CPU (0avgtext+0avgdata 73860maxresident)k
0inputs+72outputs (0major+20478minor)pagefaults 0swaps
