tt1135487
https://www.rottentomatoes.com/m/duplicity_2009/
65%
6.3
37%
2.9
294,764
tt1263670
https://www.rottentomatoes.com/m/crazy_heart/
91%
7.4
76%
3.6
124,387
tt0986263
https://www.rottentomatoes.com/m/10009598-surrogates/
39%
5.4
38%
3.1
294,914
tt1186367
https://www.rottentomatoes.com/m/1198524-ninja_assassin/
26%
4.3
54%
3.3
189,652
tt1057500
https://www.rottentomatoes.com/m/invictus/
76%
6.6
74%
3.6
211,539
tt0473705
https://www.rottentomatoes.com/m/1193230-state_of_play/
84%
6.9
73%
3.6
123,926
tt0472198
https://www.rottentomatoes.com/m/10009632-notorious/
51%
5.6
65%
3.5
96,874
tt0838232
https://www.rottentomatoes.com/m/pink_panther_2/
12%
3.5
42%
3.0
116,136
tt1020876
https://www.rottentomatoes.com/m/1203291-under_the_sea_3d/
94%
7.4
73%
3.6
14,049
tt0881891
https://www.rottentomatoes.com/m/all_about_steve/
7%
2.6
30%
2.8
465,561
26.52user 0.38system 7:45.83elapsed 5%CPU (0avgtext+0avgdata 71572maxresident)k
0inputs+128outputs (0major+20481minor)pagefaults 0swaps
