tt0318081
https://www.rottentomatoes.com/m/sound_of_thunder/
6%
2.8
18%
2.4
43,510
tt0434124
https://www.rottentomatoes.com/m/kinky_boots/
57%
5.8
74%
3.3
72,674
tt0428038
https://www.rottentomatoes.com/m/sweet_land/
85%
7.3
83%
3.9
6,661
tt0404030
https://www.rottentomatoes.com/m/everything_is_illuminated/
66%
6.5
89%
3.9
59,790
tt0428003
https://www.rottentomatoes.com/m/el_vacilon_2005/
empty
lass="smaller bold hidden-xs superPageFontColor" style="padding-left:5px;line-height:12px">liked it<
78%
3.5
1,624
tt0403537
https://www.rottentomatoes.com/m/state_property/
0%
2
73%
3.7
6,479
tt0384686
https://www.rottentomatoes.com/m/white_countess/
50%
5.9
49%
2.9
20,213
tt0444653
https://www.rottentomatoes.com/m/keeping_mum/
56%
5.9
74%
3.6
22,123
tt0383222
https://www.rottentomatoes.com/m/bloodrayne/
4%
2.3
16%
2.5
136,026
tt0427968
https://www.rottentomatoes.com/m/trust_the_man/
27%
4.5
35%
2.9
25,611
16.20user 0.26system 3:07.20elapsed 8%CPU (0avgtext+0avgdata 71116maxresident)k
0inputs+88outputs (0major+20118minor)pagefaults 0swaps
