tt2870612
https://www.rottentomatoes.com/m/as_aboveso_below/
25%
4.4
39%
3.0
21,679
tt1430612
https://www.rottentomatoes.com/m/brick_mansions/
27%
4.5
47%
3.2
26,210
tt1418377
https://www.rottentomatoes.com/m/i_frankenstein/
3%
3.1
38%
2.8
58,149
tt1043726
https://www.rottentomatoes.com/m/the_legend_of_hercules/
3%
2.3
33%
2.6
40,951
tt3316960
https://www.rottentomatoes.com/m/still_alice/
88%
7.4
85%
4.0
36,476
tt2458776
https://www.rottentomatoes.com/m/bears_2014/
89%
7
78%
4.0
22,535
tt2205401
https://www.rottentomatoes.com/m/addicted_2014/trailers/11201395/
empty
empty
empty
empty
empty
tt2828996
https://www.rottentomatoes.com/m/a_haunted_house_2/
8%
2
44%
3.0
36,019
tt1972571
https://www.rottentomatoes.com/m/a_most_wanted_man/
87%
7.3
65%
3.5
35,671
tt1121096
https://www.rottentomatoes.com/m/seventh_son/
13%
3.8
34%
2.8
53,477
24.46user 0.46system 3:59.60elapsed 10%CPU (0avgtext+0avgdata 69504maxresident)k
520inputs+80outputs (7major+19650minor)pagefaults 0swaps
