tt0405159
https://www.rottentomatoes.com/m/million_dollar_baby/
91%
8.4
90%
3.8
403,576
tt0369339
https://www.rottentomatoes.com/m/collateral/
86%
7.4
84%
3.5
362,904
tt0368933
https://www.rottentomatoes.com/m/princess_diaries_2_royal_engagement/
25%
4.5
59%
3.2
478,700
tt0335438
https://www.rottentomatoes.com/m/starsky_and_hutch/
64%
6
49%
3.0
383,455
tt0343135
https://www.rottentomatoes.com/m/along_came_polly/
25%
4.8
47%
3.1
463,031
tt0377092
https://www.rottentomatoes.com/m/mean_girls/
83%
6.9
66%
3.0
32,165,977
tt0345950
https://www.rottentomatoes.com/m/spongebob_squarepants_movie/
68%
6.2
77%
3.2
244,392
tt0331632
https://www.rottentomatoes.com/m/scooby_doo_2_monsters_unleashed/
21%
4.2
38%
2.7
206,820
tt0357413
https://www.rottentomatoes.com/m/anchorman/
66%
6.3
86%
3.6
793,468
tt0370263
https://www.rottentomatoes.com/m/alien_vs_predator/
21%
4
39%
3.0
429,633
17.75user 0.40system 2:31.16elapsed 12%CPU (0avgtext+0avgdata 66044maxresident)k
0inputs+56outputs (0major+19246minor)pagefaults 0swaps
