tt0453451
https://www.rottentomatoes.com/m/mr_beans_holiday/
51%
5.5
49%
2.9
442,145
tt0457419
https://www.rottentomatoes.com/m/mr_magoriums_wonder_emporium/
37%
5
55%
3.2
328,365
tt0393597
https://www.rottentomatoes.com/m/the_man_from_earth/
empty
lass="smaller bold hidden-xs superPageFontColor" style="padding-left:5px;line-height:12px">liked it<
85%
4.1
18,567
tt0426931
https://www.rottentomatoes.com/m/august_rush/
37%
4.8
82%
3.9
228,896
tt0778661
https://www.rottentomatoes.com/m/daddys_little_girls/
26%
4.8
81%
3.9
225,850
tt0427309
https://www.rottentomatoes.com/m/great_debaters/
79%
7
86%
3.8
116,582
tt0463854
https://www.rottentomatoes.com/m/28_weeks_later/
70%
6.6
66%
3.4
637,868
tt0498399
https://www.rottentomatoes.com/m/we_own_the_night/
56%
5.8
61%
3.3
264,161
tt0780571
https://www.rottentomatoes.com/m/mr_brooks/
55%
5.7
76%
3.5
596,811
tt0367959
https://www.rottentomatoes.com/m/hannibal_rising/
15%
3.9
56%
3.3
549,790
18.90user 0.36system 4:03.89elapsed 7%CPU (0avgtext+0avgdata 70032maxresident)k
0inputs+72outputs (0major+20581minor)pagefaults 0swaps
