tt0401729
https://www.rottentomatoes.com/m/john_carter/
51%
5.7
60%
3.5
113,857
tt1591479
https://www.rottentomatoes.com/m/act_of_valor/
25%
4.5
72%
3.9
80,261
tt1758830
https://www.rottentomatoes.com/m/this_is_40/
51%
5.9
50%
3.3
95,609
tt1524137
https://www.rottentomatoes.com/m/contraband_2012/
51%
5.4
57%
3.5
69,770
tt1276104
https://www.rottentomatoes.com/m/looper/
93%
8.1
82%
4.0
177,692
tt2215285
https://www.rottentomatoes.com/m/madeas_witness_protection/
21%
3.8
66%
3.8
175,769
tt1440129
https://www.rottentomatoes.com/m/battleship/
34%
4.6
54%
3.3
456,048
tt1981677
https://www.rottentomatoes.com/m/pitch_perfect/
80%
6.4
83%
4.1
125,671
tt1667353
https://www.rottentomatoes.com/m/mirror_mirror_2012/
49%
5.6
45%
3.1
145,954
tt1706593
https://www.rottentomatoes.com/m/chronicle/
85%
7.1
71%
3.7
114,782
24.10user 0.30system 3:36.09elapsed 11%CPU (0avgtext+0avgdata 68456maxresident)k
0inputs+64outputs (0major+19727minor)pagefaults 0swaps
