tt0338096
https://www.rottentomatoes.com/m/dirty_dancing_havana_nights/
22%
4.2
73%
3.2
269,530
tt0363282
https://www.rottentomatoes.com/m/new_york_minute/
11%
3.5
47%
3.0
83,968
tt0367085
https://www.rottentomatoes.com/m/soul_plane/
18%
3.6
51%
2.8
60,490
tt0365748
https://www.rottentomatoes.com/m/shaun_of_the_dead/
92%
7.8
93%
3.9
495,844
tt0375173
https://www.rottentomatoes.com/m/alfie/
49%
5.5
51%
2.9
85,245
tt0352277
https://www.rottentomatoes.com/m/delovely/
48%
5.7
66%
3.3
10,386
tt0324554
https://www.rottentomatoes.com/m/wicker_park/
25%
4.4
79%
3.5
55,351
tt0356721
https://www.rottentomatoes.com/m/i_heart_huckabees/
62%
6.3
75%
3.3
175,275
tt0360139
https://www.rottentomatoes.com/m/chasing_liberty/
19%
4.6
60%
3.2
77,214
tt0326856
https://www.rottentomatoes.com/m/1131155-envy/
8%
3.1
26%
2.5
51,372
22.08user 0.31system 3:10.29elapsed 11%CPU (0avgtext+0avgdata 67784maxresident)k
48inputs+72outputs (1major+19350minor)pagefaults 0swaps
