tt0462538
https://www.rottentomatoes.com/m/simpsons_movie/
88%
7.5
77%
3.7
1,822,082
tt0486946
https://www.rottentomatoes.com/m/wild_hogs/
14%
3.8
61%
3.3
395,499
tt0478311
https://www.rottentomatoes.com/m/knocked_up/
90%
7.7
83%
3.8
2,084,013
tt0467406
https://www.rottentomatoes.com/m/juno/
94%
8.1
88%
4.1
548,194
tt0293564
https://www.rottentomatoes.com/m/rush_hour_3/
18%
4.1
63%
3.4
582,121
tt0337978
https://www.rottentomatoes.com/m/live_free_or_die_hard/
82%
6.8
86%
3.9
1,859,000
tt0486576
https://www.rottentomatoes.com/m/fantastic_four_2_rise_of_the_silver_surfer/
37%
4.8
51%
3.1
1,339,075
tt0765429
https://www.rottentomatoes.com/m/american_gangster/
80%
7
87%
4.0
962,104
tt0461770
https://www.rottentomatoes.com/m/enchanted/
93%
7.3
80%
3.8
406,648
tt0389790
https://www.rottentomatoes.com/m/bee_movie/
51%
5.7
53%
3.2
387,446
14.31user 0.18system 2:40.97elapsed 9%CPU (0avgtext+0avgdata 67916maxresident)k
0inputs+56outputs (0major+19418minor)pagefaults 0swaps
