tt0971209
https://www.rottentomatoes.com/m/a_perfect_getaway/
61%
5.8
52%
3.2
161,226
tt0403702
https://www.rottentomatoes.com/m/youth_in_revolt/
65%
6.3
52%
3.2
114,471
tt1092633
https://www.rottentomatoes.com/m/goods_the_don_ready_story/
27%
4.1
37%
2.9
74,129
tt0362478
https://www.rottentomatoes.com/m/10009151-box/
45%
5.1
23%
2.4
358,940
tt1032815
https://www.rottentomatoes.com/m/1198658-i_love_you_beth_cooper/
14%
3.5
32%
2.6
264,230
tt1232207
https://www.rottentomatoes.com/m/capitalism_a_love_story/
75%
6.7
73%
3.6
70,574
tt1129445
https://www.rottentomatoes.com/m/amelia_2009/
20%
4.4
31%
2.8
99,350
tt0450405
https://www.rottentomatoes.com/m/vampires_assistant/
38%
4.9
42%
2.7
494,927
tt1121931
https://www.rottentomatoes.com/m/crank_high_voltage/
63%
5.9
49%
3.2
256,953
tt0795351
https://www.rottentomatoes.com/m/case_39/
22%
4
40%
3.0
67,548
23.66user 0.26system 7:24.06elapsed 5%CPU (0avgtext+0avgdata 72696maxresident)k
0inputs+112outputs (0major+20765minor)pagefaults 0swaps
