tt1155076
https://www.rottentomatoes.com/m/karate_kid_2010/
66%
6.2
67%
3.5
282,216
tt1104001
https://www.rottentomatoes.com/m/10011582-TRON_legacy/
51%
5.9
63%
3.5
170,602
tt1403865
https://www.rottentomatoes.com/m/true-grit-2010/
96%
8.4
85%
4.0
156,393
tt0800320
https://www.rottentomatoes.com/m/clash_of_the_titans_2010/
28%
4.3
39%
3.1
283,749
tt1375670
https://www.rottentomatoes.com/m/grown_ups/
10%
3.3
62%
3.5
270,080
tt0970866
https://www.rottentomatoes.com/m/little_fockers/
10%
3.4
34%
2.9
132,855
tt1001526
https://www.rottentomatoes.com/m/megamind/
73%
6.7
72%
3.8
207,561
tt1504320
https://www.rottentomatoes.com/m/the_kings_speech/
95%
8.6
92%
4.3
142,787
tt0938283
https://www.rottentomatoes.com/m/last_airbender/
6%
2.8
30%
2.6
321,557
tt1130884
https://www.rottentomatoes.com/m/1198124-shutter_island/
68%
6.6
76%
3.3
2,371,868
26.26user 0.40system 4:29.89elapsed 9%CPU (0avgtext+0avgdata 68552maxresident)k
0inputs+88outputs (0major+19633minor)pagefaults 0swaps
