tt1486185
https://www.rottentomatoes.com/m/girl_with_the_red_riding_hood/
10%
3.7
39%
2.9
75,124
tt1637688
https://www.rottentomatoes.com/m/in_time/
36%
5.2
51%
3.3
68,781
tt1092026
https://www.rottentomatoes.com/m/paul/
71%
6.3
62%
3.6
329,905
tt1616195
https://www.rottentomatoes.com/m/j_edgar/
43%
5.7
44%
3.1
39,665
tt1265990
https://www.rottentomatoes.com/m/the_roommate/
4%
2.7
27%
2.6
43,251
tt1640484
https://www.rottentomatoes.com/m/jumping_the_broom/
56%
5.9
59%
3.5
19,519
tt1622547
https://www.rottentomatoes.com/m/30_minutes_or_less/
44%
5.4
40%
3.0
46,736
tt1488555
https://www.rottentomatoes.com/m/the_change_up/
25%
4.4
47%
3.2
46,066
tt1657507
https://www.rottentomatoes.com/m/colombiana/
27%
4.8
67%
3.8
161,678
tt0978764
https://www.rottentomatoes.com/m/sucker-punch-2010/
23%
4.1
47%
3.0
95,925
25.34user 0.35system 6:49.06elapsed 6%CPU (0avgtext+0avgdata 70328maxresident)k
0inputs+96outputs (0major+20310minor)pagefaults 0swaps
