tt2582496
https://www.rottentomatoes.com/m/me_and_earl_and_the_dying_girl/
82%
7.5
86%
4.1
24,714
tt3735246
https://www.rottentomatoes.com/m/bajirao_mastani/
57%
6.5
75%
3.8
1,691
tt2631186
https://www.rottentomatoes.com/m/baahubali_the_beginning/
83%
7
88%
4.3
1,721
tt1810683
https://www.rottentomatoes.com/m/little_boy_2015/
22%
4.5
79%
4.1
8,277
tt1976009
https://www.rottentomatoes.com/m/victor_frankenstein_2015/
24%
4.5
36%
2.9
27,819
tt1772288
https://www.rottentomatoes.com/m/danny_collins/
78%
6.4
73%
3.7
10,202
tt4535650
https://www.rottentomatoes.com/m/dilwale_2015/
empty
lass="smaller bold hidden-xs superPageFontColor" style="padding-left:5px;line-height:12px">liked it<
45%
2.9
1,587
tt2273657
https://www.rottentomatoes.com/m/true_story_2014/
44%
5.5
38%
3.0
19,297
tt4337690
https://www.rottentomatoes.com/m/90_minutes_in_heaven/
24%
4.4
50%
3.2
5,228
tt3077214
https://www.rottentomatoes.com/m/suffragette/
73%
6.6
69%
3.6
16,541
24.64user 0.46system 3:42.33elapsed 11%CPU (0avgtext+0avgdata 72276maxresident)k
88inputs+64outputs (11major+20603minor)pagefaults 0swaps
