tt0401445
https://www.rottentomatoes.com/m/good_year/
26%
4.8
65%
3.3
89,254
tt0763304
https://www.rottentomatoes.com/m/1156283-doogal/
8%
3.1
19%
2.5
91,463
tt0405676
https://www.rottentomatoes.com/m/all_the_kings_men/
11%
4.2
40%
3.0
91,996
tt0462338
https://www.rottentomatoes.com/m/1159135-hoax/
85%
7.2
58%
3.2
30,633
tt0465142
https://www.rottentomatoes.com/m/american_dreamz/
41%
5.3
31%
2.7
96,057
tt0490196
https://www.rottentomatoes.com/m/phat_girlz/
23%
3.8
64%
3.2
67,215
tt0454970
https://www.rottentomatoes.com/m/turistas/
16%
3.8
28%
2.7
83,455
tt0473024
https://www.rottentomatoes.com/m/crossover/
2%
3.2
59%
3.3
102,554
tt0470705
https://www.rottentomatoes.com/m/bug/
61%
6.2
34%
2.5
356,563
tt0404390
https://www.rottentomatoes.com/m/10004288-running_scared/
40%
4.5
79%
3.6
135,243
18.52user 0.30system 3:03.92elapsed 10%CPU (0avgtext+0avgdata 73152maxresident)k
0inputs+56outputs (0major+20816minor)pagefaults 0swaps
