tt0258470
https://www.rottentomatoes.com/m/bubble_boy/
30%
3.8
48%
2.8
243,429
tt0188453
https://www.rottentomatoes.com/m/birthday_girl/
58%
5.7
40%
2.8
22,208
tt0189192
https://www.rottentomatoes.com/m/just_visiting/
33%
4.7
53%
2.9
9,453
tt0250371
https://www.rottentomatoes.com/m/the_other_side_of_heaven/
29%
4.6
72%
3.6
10,072
tt0259393
https://www.rottentomatoes.com/m/lantana/
90%
7.4
82%
3.8
7,405
tt0255653
https://www.rottentomatoes.com/m/tortilla_soup/
74%
6.4
70%
3.5
5,141
tt0279286
https://www.rottentomatoes.com/m/1110294-on_the_line/
19%
3.5
47%
2.8
8,321
tt0157583
https://www.rottentomatoes.com/m/1113649-enigma/
72%
6.6
55%
3.2
8,309
tt0118589
https://www.rottentomatoes.com/m/glitter/
7%
2.8
45%
2.1
44,320
tt0258273
https://www.rottentomatoes.com/m/lovely_and_amazing/
86%
7.3
63%
3.4
5,237
10.62user 0.23system 2:20.25elapsed 7%CPU (0avgtext+0avgdata 70700maxresident)k
0inputs+56outputs (0major+19912minor)pagefaults 0swaps
