tt0366777
https://www.rottentomatoes.com/m/millions/
87%
7.4
78%
3.5
29,566
tt0390221
https://www.rottentomatoes.com/m/maria_full_of_grace/
97%
8.1
87%
3.8
39,521
tt0350194
https://www.rottentomatoes.com/m/teachers_pet_2004/
76%
6.5
47%
3.0
1,189
tt0315824
https://www.rottentomatoes.com/m/big_bounce/
16%
4.1
23%
2.5
21,201
tt0344510
https://www.rottentomatoes.com/m/a_very_long_engagement_2004/
78%
7.4
85%
3.9
65,208
tt0363473
https://www.rottentomatoes.com/m/beyond_the_sea/
42%
5.2
64%
3.3
17,881
tt0312329
https://www.rottentomatoes.com/m/against_the_ropes/
12%
4.2
28%
2.8
9,997
tt0381681
https://www.rottentomatoes.com/m/before_sunset/
95%
8.3
91%
4.1
70,018
tt0331952
https://www.rottentomatoes.com/m/clearing/
43%
5.6
32%
2.9
7,365
tt0354766
https://www.rottentomatoes.com/m/never_die_alone/
25%
4.1
61%
3.3
10,399
20.76user 0.38system 2:58.73elapsed 11%CPU (0avgtext+0avgdata 71676maxresident)k
25128inputs+64outputs (98major+20322minor)pagefaults 0swaps
