tt0472160
https://www.rottentomatoes.com/m/penelope2008/
53%
5.6
73%
3.6
156,770
tt0462200
https://www.rottentomatoes.com/m/black_snake_moan/
66%
6.4
69%
3.3
413,183
tt0365830
https://www.rottentomatoes.com/m/tenacious_d_in_the_pick_of_destiny/
54%
5.7
67%
3.3
436,019
tt0482463
https://www.rottentomatoes.com/m/bella/
44%
5.4
81%
3.9
20,293
tt0453494
https://www.rottentomatoes.com/m/hoot/
26%
4.7
55%
3.2
76,363
tt0446755
https://www.rottentomatoes.com/m/painted_veil/
74%
7.1
85%
3.9
54,973
tt0448075
https://www.rottentomatoes.com/m/the_night_listener/
40%
5.5
35%
2.8
92,812
tt0439815
https://www.rottentomatoes.com/m/slither/
86%
6.9
62%
3.2
102,295
tt0433442
https://www.rottentomatoes.com/m/return/
16%
3.9
32%
2.9
192,218
tt0458522
https://www.rottentomatoes.com/m/hector_lavoe_el_cantante/
empty
lass="meter noScore superPageFontColor">No Score Yet<
empty
N
19
21.46user 0.30system 2:39.19elapsed 13%CPU (0avgtext+0avgdata 71752maxresident)k
0inputs+56outputs (0major+20514minor)pagefaults 0swaps
