tt1135503
https://www.rottentomatoes.com/m/julie_and_julia/
75%
6.7
70%
3.5
362,996
tt1001508
https://www.rottentomatoes.com/m/hes_just_not_that_into_you/
40%
5.1
59%
3.4
433,690
tt1142800
https://www.rottentomatoes.com/m/madea-goes-to-jail/
29%
4.9
70%
3.8
334,099
tt1142988
https://www.rottentomatoes.com/m/ugly_truth/
13%
3.7
60%
3.0
1,399,100
tt1193138
https://www.rottentomatoes.com/m/up_in_the_air_2009/
91%
8.1
79%
3.7
227,492
tt0448011
https://www.rottentomatoes.com/m/knowing/
34%
4.7
42%
3.1
431,241
tt1114677
https://www.rottentomatoes.com/m/hannah_montana_the_movie/
43%
5.2
66%
3.2
379,710
tt0386117
https://www.rottentomatoes.com/m/where_the_wild_things_are/
73%
6.9
56%
3.3
298,323
tt1156398
https://www.rottentomatoes.com/m/zombieland/
89%
7.4
86%
3.5
640,817
tt0327597
https://www.rottentomatoes.com/m/coraline/
90%
7.8
73%
3.7
382,718
23.62user 0.33system 6:03.31elapsed 6%CPU (0avgtext+0avgdata 70756maxresident)k
8inputs+136outputs (0major+20116minor)pagefaults 0swaps
