tt0259288
https://www.rottentomatoes.com/m/dragonfly/
7%
3.6
62%
3.1
54,428
tt0241760
https://www.rottentomatoes.com/m/1112617-new_guy/
7%
3.1
54%
3.0
66,160
tt0283026
https://www.rottentomatoes.com/m/swimfan/
14%
3.9
32%
2.5
49,805
tt0305396
https://www.rottentomatoes.com/m/the_crocodile_hunter_collision_course_2002/
53%
5.3
43%
2.8
43,902
tt0297037
https://www.rottentomatoes.com/m/brown_sugar/
66%
6.2
90%
3.8
55,602
tt0309377
https://www.rottentomatoes.com/m/blood_work/
53%
5.5
40%
3.0
22,126
tt0120679
https://www.rottentomatoes.com/m/frida/
76%
6.9
86%
3.7
53,572
tt0298388
https://www.rottentomatoes.com/m/jonah_a_veggietales_movie/
65%
5.8
74%
3.5
23,600
tt0278295
https://www.rottentomatoes.com/m/all_about_the_benjamins/
30%
4.3
77%
3.4
34,452
tt0293662
https://www.rottentomatoes.com/m/transporter/
54%
5.6
73%
3.5
311,685
11.02user 0.22system 2:20.77elapsed 7%CPU (0avgtext+0avgdata 71344maxresident)k
0inputs+48outputs (0major+20054minor)pagefaults 0swaps
