tt1392190
https://www.rottentomatoes.com/m/mad_max_fury_road/
97%
8.6
86%
4.2
120,781
tt1528854
https://www.rottentomatoes.com/m/daddys_home_2014/
31%
4.9
50%
3.3
42,066
tt2452042
https://www.rottentomatoes.com/m/the_peanuts_movie/
87%
7.1
76%
3.9
66,382
tt2908446
https://www.rottentomatoes.com/m/insurgent/
28%
5
59%
3.5
76,056
tt1979388
https://www.rottentomatoes.com/m/the_good_dinosaur/
77%
6.5
66%
3.6
57,402
tt3079380
https://www.rottentomatoes.com/m/spy_2015/
94%
7.2
79%
3.9
81,291
tt3152624
https://www.rottentomatoes.com/m/trainwreck/
85%
7.1
67%
3.5
68,044
tt3076658
https://www.rottentomatoes.com/m/creed_2015/
94%
7.9
89%
4.2
72,989
tt1964418
https://www.rottentomatoes.com/m/tomorrowland_2015/
50%
5.9
50%
3.3
87,192
tt2561572
https://www.rottentomatoes.com/m/get_hard/
29%
4.3
45%
3.2
52,764
24.18user 0.29system 4:04.60elapsed 10%CPU (0avgtext+0avgdata 69080maxresident)k
0inputs+72outputs (0major+19784minor)pagefaults 0swaps
