tt0489282
https://www.rottentomatoes.com/m/strange_wilderness/
2%
2.3
34%
2.7
110,188
tt0412536
https://www.rottentomatoes.com/m/brideshead_revisited/
63%
6.2
52%
3.2
21,797
tt1031969
https://www.rottentomatoes.com/m/10009055-rocker/
40%
5.1
46%
3.1
44,083
tt1032755
https://www.rottentomatoes.com/m/rocknrolla/
59%
6
71%
3.6
56,333
tt0893382
creamcrop%23mo
Command terminated by signal 15
12337.10user 15.97system 3:48:01elapsed 90%CPU (0avgtext+0avgdata 66540maxresident)k
0inputs+24outputs (0major+16960minor)pagefaults 0swaps
