tt0439289
https://www.rottentomatoes.com/m/running_with_scissors/
31%
5
56%
3.1
132,733
tt0473444
https://www.rottentomatoes.com/m/curse_of_the_golden_flower/
66%
6.4
65%
3.5
50,944
tt0362225
https://www.rottentomatoes.com/m/ne_le_dis_a_personne/
94%
7.6
87%
3.9
33,368
tt0456554
https://www.rottentomatoes.com/m/grandmas_boy/
16%
3.5
85%
3.7
225,890
tt0430912
https://www.rottentomatoes.com/m/basic_instinct_2/
7%
3.1
26%
2.5
88,993
tt0470765
https://www.rottentomatoes.com/m/1159169-for_your_consideration/
51%
5.8
43%
3.0
19,749
tt0462504
https://www.rottentomatoes.com/m/rescue_dawn/
91%
7.5
74%
3.6
125,232
tt0405296
https://www.rottentomatoes.com/m/scanner_darkly/
69%
6.6
74%
3.4
139,533
tt0404203
https://www.rottentomatoes.com/m/little_children/
80%
7.4
82%
3.7
95,153
tt0401711
https://www.rottentomatoes.com/m/paris_je_taime/
87%
7.1
84%
3.8
192,282
18.65user 0.32system 2:33.07elapsed 12%CPU (0avgtext+0avgdata 73176maxresident)k
384inputs+56outputs (1major+21055minor)pagefaults 0swaps
