tt1149362
https://www.rottentomatoes.com/m/white_ribbon/
86%
7.6
78%
3.5
89,723
tt1235166
https://www.rottentomatoes.com/m/1213205-prophet/
97%
8.3
89%
4.1
24,476
tt1045772
https://www.rottentomatoes.com/m/i_love_you_phillip_morris/
72%
6.6
61%
3.3
88,486
tt1034324
https://www.rottentomatoes.com/m/the_mighty_macs_2011/
46%
5.4
64%
3.7
3,891
tt1289406
https://www.rottentomatoes.com/m/harry_brown/
64%
6
75%
3.7
42,542
tt1023441
https://www.rottentomatoes.com/m/coco_chanel_and_igor_stravinsky/
52%
5.7
42%
3.0
19,516
tt1095217
https://www.rottentomatoes.com/m/bad_lieutenant_port_of_call_new_orleans/
87%
7.3
57%
3.2
53,581
tt0896529
https://www.rottentomatoes.com/m/cairo_time/
81%
6.8
62%
3.3
4,780
tt1379222
https://www.rottentomatoes.com/m/the_double_hour_2014/
empty
lass="meter noScore superPageFontColor">No Score Yet<
empty
N
20
tt1285309
https://www.rottentomatoes.com/m/joneses/
63%
6.2
46%
3.2
20,708
25.29user 0.36system 6:37.01elapsed 6%CPU (0avgtext+0avgdata 68824maxresident)k
0inputs+104outputs (0major+20101minor)pagefaults 0swaps
