tt0258463
https://www.rottentomatoes.com/m/bourne_identity/
83%
7
93%
3.9
963,959
tt0164184
https://www.rottentomatoes.com/m/sum_of_all_fears/
59%
6
49%
3.0
89,224
tt0298203
https://www.rottentomatoes.com/m/8_mile/
76%
6.8
54%
3.1
32,166,982
tt0257044
https://www.rottentomatoes.com/m/road_to_perdition/
81%
7.5
86%
3.6
187,901
tt0258000
https://www.rottentomatoes.com/m/panic_room/
76%
6.9
63%
3.1
235,062
tt0252076
https://www.rottentomatoes.com/m/maid_in_manhattan/
40%
5.1
43%
2.9
467,410
tt0313737
https://www.rottentomatoes.com/m/two_weeks_notice/
42%
5.3
59%
3.0
273,711
tt0290296
https://www.rottentomatoes.com/m/space_station/
87%
6.9
75%
3.6
2,762
tt0289765
https://www.rottentomatoes.com/m/red_dragon/
69%
6.4
74%
3.4
274,901
tt0277296
https://www.rottentomatoes.com/m/scorpion_king/
41%
4.9
38%
2.8
292,823
10.98user 0.19system 2:21.81elapsed 7%CPU (0avgtext+0avgdata 67828maxresident)k
0inputs+64outputs (0major+19088minor)pagefaults 0swaps
