tt0486321
https://www.rottentomatoes.com/m/fly_me_to_the_moon/
19%
3.9
24%
2.6
6,924
tt1213644
https://www.rottentomatoes.com/m/disaster_movie/
1%
1.8
19%
2.2
128,661
tt0864761
https://www.rottentomatoes.com/m/10009493-duchess/
61%
6.3
67%
3.5
68,681
tt1045655
https://www.rottentomatoes.com/m/haunting_of_molly_hartley/
3%
2.8
18%
2.5
62,340
tt0995039
https://www.rottentomatoes.com/m/1190970-ghost_town/
86%
6.9
60%
3.3
432,664
tt0815241
https://www.rottentomatoes.com/m/religulous/
70%
6.3
78%
3.8
39,129
tt1084950
https://www.rottentomatoes.com/m/rachel_getting_married/
84%
7.5
62%
3.3
37,649
tt0475998
https://www.rottentomatoes.com/m/pirates_who_dont_do_anything_a_veggietales_movie/
39%
4.7
61%
3.2
79,543
tt0970468
https://www.rottentomatoes.com/m/miss_pettigrew_lives_for_a_day/
77%
6.6
71%
3.5
81,345
tt1111948
https://www.rottentomatoes.com/m/10009635-soul_men/
45%
5
57%
3.3
54,224
19.33user 0.31system 3:00.58elapsed 10%CPU (0avgtext+0avgdata 71856maxresident)k
0inputs+64outputs (0major+20378minor)pagefaults 0swaps
