tt0329717
https://www.rottentomatoes.com/m/hollywood_homicide/
30%
4.7
27%
2.6
49,564
tt0274166
https://www.rottentomatoes.com/m/johnny_english/
33%
4.8
50%
2.9
401,541
tt0338188
https://www.rottentomatoes.com/m/1127407-missing/
58%
6.1
50%
3.1
49,779
tt0264395
https://www.rottentomatoes.com/m/basic/
21%
4.5
63%
3.2
56,611
tt0165982
https://www.rottentomatoes.com/m/sinbad_legend_of_the_seven_seas/
46%
5.6
56%
3.1
56,207
tt0266465
https://www.rottentomatoes.com/m/man_apart/
11%
4
62%
3.4
85,274
tt0329028
https://www.rottentomatoes.com/m/dumb_and_dumberer_when_harry_met_lloyd/
10%
2.8
23%
2.4
258,917
tt0323642
https://www.rottentomatoes.com/m/piglets_big_movie/
71%
6.2
65%
3.4
9,586
tt0245803
https://www.rottentomatoes.com/m/bulletproof_monk/
23%
4.3
38%
2.9
194,400
tt0325258
https://www.rottentomatoes.com/m/dickie_roberts_former_child_star/
23%
4.5
47%
2.8
65,185
10.72user 0.25system 2:18.15elapsed 7%CPU (0avgtext+0avgdata 68580maxresident)k
0inputs+48outputs (0major+19697minor)pagefaults 0swaps
