tt0325537
https://www.rottentomatoes.com/m/head_of_state/
31%
4.9
47%
2.8
55,844
tt0326900
https://www.rottentomatoes.com/m/1126165-good_boy/
44%
5.3
39%
3.0
11,871
tt0263757
https://www.rottentomatoes.com/m/uptown_girls/
14%
3.8
60%
3.1
369,559
tt0325805
https://www.rottentomatoes.com/m/matchstick_men/
82%
7.1
74%
3.4
229,180
tt0286788
https://www.rottentomatoes.com/m/what_a_girl_wants/
35%
4.8
62%
3.2
453,460
tt0271668
https://www.rottentomatoes.com/m/national_security/
11%
3.3
45%
3.0
68,343
tt0301470
http://www.rottentomatoes.com/m/jeepers_creepers_2/reviews/
empty
empty
empty
empty
empty
tt0138524
https://www.rottentomatoes.com/m/intolerable_cruelty/
75%
6.8
48%
2.9
66,407
tt0306685
https://www.rottentomatoes.com/m/cradle_2_the_grave/
26%
4.5
52%
3.2
80,942
tt0340855
https://www.rottentomatoes.com/m/party_monster/
29%
4.5
75%
3.4
36,747
11.53user 0.23system 2:33.98elapsed 7%CPU (0avgtext+0avgdata 70760maxresident)k
32inputs+72outputs (0major+20908minor)pagefaults 0swaps
