tt1027743
https://www.rottentomatoes.com/m/sea_monsters_a_prehistoric_adventure/
100%
7.7
68%
3.7
992
tt0499556
https://www.rottentomatoes.com/m/war-2007/
14%
3.9
51%
3.2
293,129
tt0768212
https://www.rottentomatoes.com/m/mimzy/
53%
5.8
54%
3.1
258,618
tt0800069
https://www.rottentomatoes.com/m/hills_have_eyes_2/
11%
3.2
40%
2.9
444,053
tt0435670
https://www.rottentomatoes.com/m/1169203-invisible/
20%
4.1
57%
3.3
316,460
tt0499554
https://www.rottentomatoes.com/m/reno_911_miami/
34%
5
51%
3.0
196,527
tt0452623
https://www.rottentomatoes.com/m/gone_baby_gone/
94%
7.7
86%
3.8
208,402
tt0490204
https://www.rottentomatoes.com/m/reign_over_me/
64%
6.3
81%
3.7
150,157
tt0473308
https://www.rottentomatoes.com/m/waitress/
89%
7.3
74%
3.4
410,043
tt0452702
https://www.rottentomatoes.com/m/vacancy/
56%
5.5
42%
3.0
302,833
18.42user 0.31system 5:36.77elapsed 5%CPU (0avgtext+0avgdata 69216maxresident)k
288inputs+88outputs (0major+20786minor)pagefaults 0swaps
