tt0230600
https://www.rottentomatoes.com/m/1109257-others/
83%
7.2
77%
3.4
343,269
tt0250494
https://www.rottentomatoes.com/m/legally_blonde/
68%
6.2
72%
3.1
971,591
tt0265029
https://www.rottentomatoes.com/m/americas_sweethearts/
32%
4.7
40%
2.8
132,254
tt0239395
https://www.rottentomatoes.com/m/cats_and_dogs/
54%
5.5
32%
2.8
444,244
tt0206275
https://www.rottentomatoes.com/m/save_the_last_dance/
53%
5.5
59%
3.1
31,845,692
tt0230011
https://www.rottentomatoes.com/m/atlantis_the_lost_empire/
49%
5.5
52%
2.9
364,927
tt0268397
https://www.rottentomatoes.com/m/jimmy_neutron_boy_genius/
75%
6.4
52%
2.8
56,929
tt0212720
https://www.rottentomatoes.com/m/ai_artificial_intelligence/
73%
6.6
64%
3.1
413,110
tt0139654
https://www.rottentomatoes.com/m/training_day/
72%
6.5
89%
3.7
299,771
tt0164334
https://www.rottentomatoes.com/m/along_came_a_spider/
31%
4.6
53%
3.1
173,963
11.78user 0.30system 2:38.97elapsed 7%CPU (0avgtext+0avgdata 68568maxresident)k
0inputs+56outputs (0major+19597minor)pagefaults 0swaps
