tt0164052
https://www.rottentomatoes.com/m/hollow_man/
27%
4.4
27%
2.6
366,482
tt0241303
https://www.rottentomatoes.com/m/1103080-chocolat/
63%
6
83%
3.6
328,499
tt0162650
https://www.rottentomatoes.com/m/1098038-shaft/
68%
6.1
41%
2.9
64,522
tt0219854
https://www.rottentomatoes.com/m/the-kid/
49%
5.2
48%
3.0
60,519
tt0215129
https://www.rottentomatoes.com/m/1097259-road_trip/
57%
5.9
66%
3.3
465,261
tt0190865
https://www.rottentomatoes.com/m/vertical_limit/
48%
5.2
41%
2.8
59,732
tt0204946
https://www.rottentomatoes.com/m/bring_it_on/
63%
5.9
66%
3.1
767,274
tt0211181
https://www.rottentomatoes.com/m/102_dalmatians/
31%
4.4
32%
2.9
406,385
tt0160797
https://www.rottentomatoes.com/m/rules_of_engagement/
36%
5
55%
3.2
49,374
tt0209958
https://www.rottentomatoes.com/m/the_cell_2000/
46%
5.3
57%
2.8
180,511
10.31user 0.24system 3:11.32elapsed 5%CPU (0avgtext+0avgdata 73616maxresident)k
0inputs+80outputs (0major+20607minor)pagefaults 0swaps
