tt2488496
https://www.rottentomatoes.com/m/star_wars_episode_vii_the_force_awakens/
92%
8.2
89%
4.3
219,214
tt0369610
https://www.rottentomatoes.com/m/jurassic_world/
71%
6.7
78%
3.9
222,494
tt2395427
https://www.rottentomatoes.com/m/avengers_age_of_ultron/
75%
6.7
84%
4.1
282,742
tt2096673
https://www.rottentomatoes.com/m/inside_out_2015/
98%
8.9
89%
4.3
130,961
tt2820852
https://www.rottentomatoes.com/m/furious_7/
79%
6.6
83%
4.1
193,683
tt2293640
https://www.rottentomatoes.com/m/minions/
56%
5.8
49%
3.3
135,389
tt1951266
https://www.rottentomatoes.com/m/the_hunger_games_mockingjay_part_2/
70%
6.5
66%
3.6
200,388
tt3659388
https://www.rottentomatoes.com/m/the_martian/
92%
7.8
91%
4.3
127,246
tt1661199
https://www.rottentomatoes.com/m/cinderella_2013/
83%
7.1
78%
3.9
76,210
tt2379713
https://www.rottentomatoes.com/m/spectre_2015/
65%
6.4
62%
3.5
104,550
28.61user 0.34system 4:00.76elapsed 12%CPU (0avgtext+0avgdata 66284maxresident)k
128inputs+72outputs (0major+18710minor)pagefaults 0swaps
