tt4643580
https://www.rottentomatoes.com/m/un_gallo_con_muchos_huevos/
67%
5.8
81%
4.1
2,011
tt3464902
https://www.rottentomatoes.com/m/the_lobster/
90%
7.6
66%
3.5
28,636
tt2870648
https://www.rottentomatoes.com/m/amy_2015/
95%
8.4
87%
4.1
21,446
tt3863552
https://www.rottentomatoes.com/m/bajrangi_bhaijaan/
100%
6
86%
4.2
1,841
tt3045616
https://www.rottentomatoes.com/m/mortdecai/
12%
3.4
29%
2.6
25,096
tt3236120
https://www.rottentomatoes.com/m/ill_see_you_in_my_dreams/
93%
7.3
68%
3.6
11,899
tt3819668
https://www.rottentomatoes.com/m/dragon_ball_z_resurrection_f/
80%
6.1
85%
4.2
9,303
tt2717822
https://www.rottentomatoes.com/m/blackhat/
34%
4.8
24%
2.5
19,776
tt1018765
https://www.rottentomatoes.com/m/our_brand_is_crisis_2016/
35%
5.3
36%
2.9
7,827
tt4270516
https://www.rottentomatoes.com/m/grandma_2015/
92%
7.5
68%
3.6
13,670
25.26user 0.46system 3:37.04elapsed 11%CPU (0avgtext+0avgdata 75784maxresident)k
0inputs+64outputs (0major+21198minor)pagefaults 0swaps
