tt0455407
https://www.rottentomatoes.com/m/1205380-crazies/
71%
6.4
56%
3.3
198,894
tt1405500
https://www.rottentomatoes.com/m/for-colored-girls-who-have-considered-suicide-when-the-rainbow-is-enuf/
32%
5.1
73%
3.8
28,921
tt1212436
https://www.rottentomatoes.com/m/back_up_plan/
18%
3.6
45%
3.1
135,481
tt1666186
https://www.rottentomatoes.com/m/vampires_suck/
4%
2.2
29%
2.5
75,091
tt1440728
https://www.rottentomatoes.com/m/american/
66%
6.5
38%
2.8
65,980
tt0947810
https://www.rottentomatoes.com/m/1202804-green_zone/
53%
5.9
57%
3.4
152,476
tt1392197
https://www.rottentomatoes.com/m/marmaduke/
9%
3.1
41%
3.0
78,244
tt1314655
https://www.rottentomatoes.com/m/771203480/
52%
5.2
43%
3.1
66,594
tt1212419
https://www.rottentomatoes.com/m/hereafter/
46%
5.7
38%
2.9
67,047
tt1185416
https://www.rottentomatoes.com/m/when_in_rome/
17%
3.4
41%
3.0
157,927
24.90user 0.33system 4:40.20elapsed 9%CPU (0avgtext+0avgdata 70708maxresident)k
0inputs+80outputs (0major+20711minor)pagefaults 0swaps
