tt0327850
https://www.rottentomatoes.com/m/the_rundown/
71%
6.4
66%
3.3
185,537
tt0313911
https://www.rottentomatoes.com/m/agent_cody_banks/
39%
5.2
31%
2.6
418,228
tt0309593
https://www.rottentomatoes.com/m/final_destination_2/
48%
5
58%
3.2
449,205
tt0335266
https://www.rottentomatoes.com/m/lost_in_translation/
95%
8.4
86%
3.6
335,297
tt0328589
https://www.rottentomatoes.com/m/under_the_tuscan_sun/
62%
6.2
79%
3.5
63,572
tt0314353
https://www.rottentomatoes.com/m/tears_of_the_sun/
33%
4.9
69%
3.4
119,402
tt0306841
https://www.rottentomatoes.com/m/lizzie_mcguire_movie/
40%
5.4
48%
2.7
393,119
tt0327137
https://www.rottentomatoes.com/m/secondhand_lions/
59%
6.1
84%
3.7
65,409
tt0313443
https://www.rottentomatoes.com/m/out_of_time/
65%
6.4
58%
3.3
58,638
tt0337711
https://www.rottentomatoes.com/m/rugrats_go_wild/
41%
5
38%
3.0
17,787
12.07user 0.22system 2:40.05elapsed 7%CPU (0avgtext+0avgdata 68240maxresident)k
208inputs+72outputs (5major+19761minor)pagefaults 0swaps
