tt2109184
https://www.rottentomatoes.com/m/paranormal_activity_4_2012/
24%
4.3
35%
2.8
117,722
tt1560985
https://www.rottentomatoes.com/m/the_devil_inside/
6%
2.7
22%
2.1
45,089
tt1462769
https://www.rottentomatoes.com/m/the_odd_life_of_timothy_green/
34%
5.2
67%
3.7
204,911
tt0485985
https://www.rottentomatoes.com/m/red-tails/
41%
5.2
58%
3.4
47,321
tt0431021
https://www.rottentomatoes.com/m/the_possession/
41%
5.1
48%
3.3
61,083
tt2023453
https://www.rottentomatoes.com/m/diary_of_a_wimpy_kid_dog_days/
51%
5.5
63%
3.7
55,205
tt1922777
https://www.rottentomatoes.com/m/sinister_2012/
63%
6.2
61%
3.5
78,656
tt1615065
https://www.rottentomatoes.com/m/savages_2012/
51%
5.7
54%
3.4
136,360
tt1748122
https://www.rottentomatoes.com/m/moonrise_kingdom/
94%
8.2
86%
4.1
137,130
tt1648179
https://www.rottentomatoes.com/m/here_comes_the_boom/
38%
4.8
65%
3.7
60,411
24.68user 0.43system 3:24.29elapsed 12%CPU (0avgtext+0avgdata 72664maxresident)k
0inputs+64outputs (0major+21462minor)pagefaults 0swaps
