tt1023114
https://www.rottentomatoes.com/m/the-way-back/
75%
6.8
72%
3.6
33,319
tt1289419
https://www.rottentomatoes.com/m/n_secure_2010/
empty
lass="smaller bold hidden-xs superPageFontColor" style="padding-left:5px;line-height:12px">liked it<
46%
3.1
1,597
tt1544600
https://www.rottentomatoes.com/m/the_grace_card/
35%
5.5
81%
4.2
3,925
tt1334260
https://www.rottentomatoes.com/m/never_let_me_go_2010/
71%
6.8
70%
3.6
37,229
tt0775489
https://www.rottentomatoes.com/m/the_illusionist-2009/
90%
8
79%
3.8
15,874
tt0935075
https://www.rottentomatoes.com/m/rabbit_hole/
86%
7.6
72%
3.6
31,528
tt1740047
https://www.rottentomatoes.com/m/citizen_usa_a_50_state_road_trip/
empty
lass="smaller bold hidden-xs superPageFontColor" style="padding-left:5px;line-height:12px">liked it<
76%
3.5
40
tt1423995
https://www.rottentomatoes.com/m/stone/
50%
5.7
21%
2.5
16,541
tt1421051
https://www.rottentomatoes.com/m/somewhere_2010/
71%
6.6
47%
3.0
27,145
tt0817177
https://www.rottentomatoes.com/m/flipped/
55%
6
78%
3.8
19,606
24.91user 0.30system 4:37.85elapsed 9%CPU (0avgtext+0avgdata 72720maxresident)k
0inputs+72outputs (0major+20514minor)pagefaults 0swaps
