tt0121766
https://www.rottentomatoes.com/m/star_wars_episode_iii_revenge_of_the_sith
79%
7.3
65%
3.1
33,676,683
tt0363771
https://www.rottentomatoes.com/m/chronicles_of_narnia_lion_witch_wardrobe/
76%
6.9
61%
3.1
34,104,134
tt0330373
https://www.rottentomatoes.com/m/harry_potter_and_the_goblet_of_fire/
88%
7.5
74%
3.4
34,151,239
tt0407304
https://www.rottentomatoes.com/m/war_of_the_worlds/
74%
7
42%
2.9
32,518,039
tt0360717
https://www.rottentomatoes.com/m/king_kong/
84%
7.7
50%
2.8
33,765,461
tt0396269
https://www.rottentomatoes.com/m/wedding_crashers/
75%
6.8
70%
3.5
32,961,210
tt0367594
https://www.rottentomatoes.com/m/charlie_and_the_chocolate_factory/
83%
7.2
51%
3.0
32,494,276
tt0372784
https://www.rottentomatoes.com/m/batman_begins/
84%
7.7
94%
3.9
1,110,496
tt0351283
https://www.rottentomatoes.com/m/madagascar/
55%
6.1
66%
3.4
988,302
tt0356910
https://www.rottentomatoes.com/m/mr_and_mrs_smith/
59%
6
58%
3.4
33,461,143
16.26user 0.22system 2:38.62elapsed 10%CPU (0avgtext+0avgdata 67072maxresident)k
528inputs+56outputs (0major+19217minor)pagefaults 0swaps
