tt2058673
https://www.rottentomatoes.com/m/point_break_2013/
9%
3.7
31%
2.6
17,443
tt2752772
https://www.rottentomatoes.com/m/sinister_2/
13%
3.9
32%
2.7
28,852
tt1618442
https://www.rottentomatoes.com/m/the_last_witch_hunter/
16%
3.8
44%
3.1
36,964
tt1781922
https://www.rottentomatoes.com/m/no_escape_2015/
45%
4.9
63%
3.5
17,505
tt3623726
https://www.rottentomatoes.com/m/ricki_and_the_flash/
65%
6
44%
3.1
16,185
tt2199571
https://www.rottentomatoes.com/m/run_all_night/
60%
5.7
57%
3.4
20,772
tt2279339
https://www.rottentomatoes.com/m/love_the_coopers/
19%
3.9
36%
2.8
11,502
tt2918436
https://www.rottentomatoes.com/m/the_lazarus_effect/
14%
3.8
23%
2.5
17,473
tt0470752
https://www.rottentomatoes.com/m/ex_machina/
93%
8.1
86%
4.1
68,590
tt4263482
https://www.rottentomatoes.com/m/the_witch_2016
91%
7.8
55%
3.1
36,300
25.34user 0.47system 3:49.76elapsed 11%CPU (0avgtext+0avgdata 71728maxresident)k
192inputs+72outputs (3major+20843minor)pagefaults 0swaps
