tt0866439
https://www.rottentomatoes.com/m/made_of_honor/
14%
4
55%
3.3
399,294
tt0997047
https://www.rottentomatoes.com/m/college_road_trip/
13%
3.3
50%
3.2
191,364
tt1018785
https://www.rottentomatoes.com/m/sisterhood_of_the_traveling_pants_2/
65%
6
65%
3.4
188,552
tt0811080
https://www.rottentomatoes.com/m/speed_racer/
39%
5.1
60%
3.2
400,980
tt0926129
https://www.rottentomatoes.com/m/prom_night/
8%
2.7
38%
2.9
269,831
tt0462499
https://www.rottentomatoes.com/m/john_rambo/
37%
4.8
69%
3.4
409,419
tt0494652
https://www.rottentomatoes.com/m/welcome_home_roscoe_jenkins/
22%
4.4
63%
3.3
190,223
tt1047494
https://www.rottentomatoes.com/m/meet-the-browns2008/
32%
4.8
70%
3.5
200,589
tt0956038
https://www.rottentomatoes.com/m/nights_in_rodanthe/
30%
4.8
52%
3.3
103,599
tt0467197
https://www.rottentomatoes.com/m/max_payne/
16%
3.8
29%
2.8
230,419
20.56user 0.29system 3:08.12elapsed 11%CPU (0avgtext+0avgdata 68628maxresident)k
0inputs+64outputs (0major+19904minor)pagefaults 0swaps
