tt0354899
https://www.rottentomatoes.com/m/the_science_of_sleep/
71%
6.7
81%
3.8
144,192
tt0454987
https://www.rottentomatoes.com/m/lets_go_to_prison/
12%
3
48%
3.1
119,834
tt0389557
https://www.rottentomatoes.com/m/black_book/
75%
7
87%
4.0
37,210
tt0415949
https://www.rottentomatoes.com/m/keeping_up_with_the_steins/
37%
4.9
38%
2.8
90,590
tt0437232
https://www.rottentomatoes.com/m/catch_a_fire/
76%
6.7
71%
3.4
28,934
tt0480271
https://www.rottentomatoes.com/m/van_wilder_2/
7%
2.7
38%
2.9
142,557
tt0482629
https://www.rottentomatoes.com/m/ultimate_gift/
32%
5.1
85%
4.0
39,979
tt0489327
https://www.rottentomatoes.com/m/venus/
89%
7.3
74%
3.6
11,381
tt0364955
https://www.rottentomatoes.com/m/art_school_confidential/
36%
5.4
48%
3.0
44,457
tt0449999
https://www.rottentomatoes.com/m/kabhi_alvida_naa_kehna/
64%
6.5
68%
3.6
15,527
14.47user 0.24system 2:32.69elapsed 9%CPU (0avgtext+0avgdata 70136maxresident)k
0inputs+56outputs (0major+20203minor)pagefaults 0swaps
