tt0424774
https://www.rottentomatoes.com/m/the-adventures-of-sharkboy-and-lavagirl-in-3d/
20%
4.3
31%
2.5
31,818
tt0403508
https://www.rottentomatoes.com/m/sisterhood_of_the_traveling_pants/
77%
6.7
78%
3.4
271,729
tt0414387
https://www.rottentomatoes.com/m/1153077-1153077-pride_and_prejudice/
85%
7.7
89%
3.8
458,323
tt0355295
https://www.rottentomatoes.com/m/brothers_grimm/
38%
5.2
39%
2.9
373,667
tt0388500
https://www.rottentomatoes.com/m/1139289-beauty_shop/
37%
5.3
62%
3.3
65,099
tt0398017
https://www.rottentomatoes.com/m/derailed/
20%
4.6
58%
3.1
216,930
tt0399201
https://www.rottentomatoes.com/m/island/
40%
5.4
64%
3.3
371,564
tt0267891
https://www.rottentomatoes.com/m/1153228-the_ringer/
40%
4.8
68%
3.3
398,047
tt0340163
https://www.rottentomatoes.com/m/1141099-hostage/
35%
5
62%
3.3
212,258
tt0387131
https://www.rottentomatoes.com/m/constant_gardener/
84%
7.6
82%
3.5
217,265
18.31user 0.30system 3:07.31elapsed 9%CPU (0avgtext+0avgdata 70472maxresident)k
0inputs+72outputs (0major+20521minor)pagefaults 0swaps
