tt0414055
https://www.rottentomatoes.com/m/golden_age/
35%
5.1
59%
3.3
367,835
tt0419887
https://www.rottentomatoes.com/m/kite_runner/
66%
6.5
84%
3.7
239,789
tt0427392
https://www.rottentomatoes.com/m/invasion/
19%
4.3
40%
3.0
235,938
tt0891527
https://www.rottentomatoes.com/m/lions_for_lambs/
27%
4.8
47%
3.1
210,452
tt0211933
https://www.rottentomatoes.com/m/awake/
23%
4.2
54%
3.2
237,688
tt0476995
https://www.rottentomatoes.com/m/firehouse_dog/
38%
4.9
62%
3.4
94,049
tt0787475
https://www.rottentomatoes.com/m/hot_rod/
40%
4.9
64%
3.3
304,007
tt0790804
https://www.rottentomatoes.com/m/comebacks/
9%
2.7
33%
2.7
120,361
tt0462244
https://www.rottentomatoes.com/m/daddy_day_camp/
1%
2.3
38%
2.8
160,273
tt0465602
https://www.rottentomatoes.com/m/shoot_em_up/
67%
6.2
65%
3.4
325,220
20.47user 0.28system 6:29.12elapsed 5%CPU (0avgtext+0avgdata 67984maxresident)k
1104inputs+120outputs (76major+20384minor)pagefaults 0swaps
