tt2103281
https://www.rottentomatoes.com/m/dawn_of_the_planet_of_the_apes/
90%
7.9
88%
4.2
202,243
tt1872181
https://www.rottentomatoes.com/m/the_amazing_spider_man_2/
52%
5.8
65%
3.6
220,261
tt0831387
https://www.rottentomatoes.com/m/godzilla_2014/
74%
6.6
66%
3.6
174,692
tt2294449
https://www.rottentomatoes.com/m/22_jump_street/
84%
7
77%
3.9
169,332
tt1291150
https://www.rottentomatoes.com/m/teenage_mutant_ninja_turtles_2013/
22%
4.2
51%
3.3
131,445
tt0816692
https://www.rottentomatoes.com/m/interstellar_2014/
71%
7
85%
4.1
168,997
tt1646971
https://www.rottentomatoes.com/m/how_to_train_your_dragon_2/
92%
7.8
90%
4.3
186,858
tt2267998
https://www.rottentomatoes.com/m/gone_girl/
88%
8
87%
4.1
125,086
tt1840309
https://www.rottentomatoes.com/m/divergent/
41%
5.4
69%
3.8
138,753
tt2004420
https://www.rottentomatoes.com/m/neighbors_2014/
73%
6.3
63%
3.5
130,714
25.12user 0.31system 3:46.64elapsed 11%CPU (0avgtext+0avgdata 69232maxresident)k
0inputs+72outputs (0major+19357minor)pagefaults 0swaps
