tt0360201
https://www.rottentomatoes.com/m/wimbledon/
60%
5.9
57%
3.0
95,311
tt0318462
https://www.rottentomatoes.com/m/the_motorcycle_diaries/
84%
7.5
92%
4.0
68,429
tt0337917
https://www.rottentomatoes.com/m/catch_that_kid/
12%
3.8
47%
3.0
22,782
tt0327247
https://www.rottentomatoes.com/m/whole_ten_yards/
4%
2.8
40%
3.0
76,458
tt0241025
https://www.rottentomatoes.com/m/vanity_fair/
51%
5.8
50%
3.0
48,648
tt0338325
https://www.rottentomatoes.com/m/paparazzi/
18%
3.5
38%
2.8
18,337
tt0362526
https://www.rottentomatoes.com/m/10003276-criminal/
69%
6.4
57%
3.3
6,660
tt0265208
https://www.rottentomatoes.com/m/1130343-girl_next_door/
55%
5.5
69%
3.3
397,720
tt0361925
https://www.rottentomatoes.com/m/welcome_to_mooseport/
13%
4.2
19%
2.5
20,126
tt0335121
https://www.rottentomatoes.com/m/godsend/
4%
3.3
20%
2.5
40,364
20.92user 0.27system 2:46.39elapsed 12%CPU (0avgtext+0avgdata 68544maxresident)k
280inputs+64outputs (0major+20399minor)pagefaults 0swaps
