tt1042877
https://www.rottentomatoes.com/m/cadillac_records/
67%
6.1
65%
3.4
63,087
tt0450314
https://www.rottentomatoes.com/m/punisher_war_zone/
27%
4.2
42%
3.0
132,033
tt1046997
https://www.rottentomatoes.com/m/miracle_at_st_anna/
34%
5.2
51%
3.3
16,850
tt0970411
https://www.rottentomatoes.com/m/city_of_ember/
53%
5.7
46%
3.2
63,985
tt0780536
https://www.rottentomatoes.com/m/in_bruges/
84%
7.3
86%
3.9
111,200
tt0785007
https://www.rottentomatoes.com/m/1190660-over_my_dead_body/
15%
3.7
42%
3.1
143,654
tt0996382
https://www.rottentomatoes.com/m/1192993-dolphins_and_whales_3d_tribes_of_the_ocean/
80%
6.8
68%
3.8
466
tt1151915
https://www.rottentomatoes.com/m/nothing_like_the_holidays/
52%
5.7
41%
3.0
32,327
tt1091617
https://www.rottentomatoes.com/m/expelled_no_intelligence_allowed/
11%
3
62%
3.3
13,388
tt1190617
https://www.rottentomatoes.com/m/an_american_carol/
11%
2.9
46%
2.9
15,798
22.11user 0.28system 3:19.74elapsed 11%CPU (0avgtext+0avgdata 73212maxresident)k
0inputs+64outputs (0major+19710minor)pagefaults 0swaps
