tt0758752
https://www.rottentomatoes.com/m/love-and-other-drugs/
49%
5.8
53%
3.3
73,964
tt0815236
https://www.rottentomatoes.com/m/shes_out_of_my_league/
58%
5.6
59%
3.4
106,023
tt0446029
https://www.rottentomatoes.com/m/scott_pilgrims_vs_the_world/
81%
7.5
83%
4.0
139,107
tt1226753
https://www.rottentomatoes.com/m/1211195-debt/
76%
6.5
66%
3.5
35,585
tt1438254
https://www.rottentomatoes.com/m/charlie_st_cloud/
27%
4.6
60%
3.4
92,118
tt1126618
https://www.rottentomatoes.com/m/morning-glory-2010/
56%
6
51%
3.3
50,049
tt1341188
https://www.rottentomatoes.com/m/how_do_you_know/
32%
4.9
25%
2.5
41,778
tt1415283
https://www.rottentomatoes.com/m/nanny_mcphee_returns/
75%
6.5
55%
3.3
51,119
tt0889573
https://www.rottentomatoes.com/m/the_switch_2010/
51%
5.5
44%
3.1
78,713
tt0985694
https://www.rottentomatoes.com/m/machete/
72%
6.3
63%
3.4
109,286
25.07user 0.28system 4:45.27elapsed 8%CPU (0avgtext+0avgdata 71052maxresident)k
0inputs+80outputs (0major+19644minor)pagefaults 0swaps
