tt2013293
https://www.rottentomatoes.com/m/the_wind_rises/
88%
7.9
84%
4.1
22,120
tt2396566
https://www.rottentomatoes.com/m/20_feet_from_stardom/
99%
8.1
82%
4.0
13,232
tt1706620
https://www.rottentomatoes.com/m/snowpiercer/
95%
8.1
72%
3.7
55,980
tt2058107
https://www.rottentomatoes.com/m/the_railway_man/
67%
6.5
68%
3.6
15,348
tt2350496
https://www.rottentomatoes.com/m/the_lunchbox/
96%
7.7
86%
4.1
15,168
tt2178470
https://www.rottentomatoes.com/m/yeh_jawaani_hai_deewani_2013/
empty
lass="smaller bold hidden-xs superPageFontColor" style="padding-left:5px;line-height:12px">liked it<
62%
3.5
2,839
tt2718492
https://www.rottentomatoes.com/m/ida_2013
96%
8.3
79%
3.9
17,509
tt2258345
https://www.rottentomatoes.com/m/fading_gigolo/
55%
5.9
42%
3.1
7,053
tt1486834
https://www.rottentomatoes.com/m/what_if_2013/
empty
lass="smaller bold hidden-xs superPageFontColor" style="padding-left:5px;line-height:12px">liked it<
66%
3.3
40
tt1758795
https://www.rottentomatoes.com/m/the_to_do_list/
52%
5.7
46%
3.2
21,088
21.95user 0.28system 3:00.72elapsed 12%CPU (0avgtext+0avgdata 73732maxresident)k
0inputs+64outputs (0major+21218minor)pagefaults 0swaps
