tt0279111
https://www.rottentomatoes.com/m/gods_and_generals/
8%
3.5
64%
3.4
9,263
tt0251736
https://www.rottentomatoes.com/m/house_of_1000_corpses/
19%
3.4
65%
3.2
130,365
tt0310910
https://www.rottentomatoes.com/m/confidence/
70%
6.3
70%
3.4
17,628
tt0335119
https://www.rottentomatoes.com/m/girl_with_a_pearl_earring/
72%
6.8
68%
3.4
62,490
tt0317676
https://www.rottentomatoes.com/m/1126175-house_of_the_dead/
4%
1.9
9%
1.9
46,935
tt0324133
https://www.rottentomatoes.com/m/swimming_pool/
84%
7.1
67%
3.3
29,647
tt0266489
https://www.rottentomatoes.com/m/duplex/
35%
5
40%
2.9
71,937
tt0306734
https://www.rottentomatoes.com/m/1124832-divorce/
37%
5.2
26%
2.5
17,684
tt0318374
https://www.rottentomatoes.com/m/cooler/
77%
6.7
70%
3.3
19,110
tt0343121
https://www.rottentomatoes.com/m/tupac_resurrection/
78%
6.8
89%
4.0
11,792
11.70user 0.22system 2:32.33elapsed 7%CPU (0avgtext+0avgdata 71572maxresident)k
0inputs+56outputs (0major+20331minor)pagefaults 0swaps
