tt2713180
https://www.rottentomatoes.com/m/fury_2015/
77%
6.9
84%
4.0
105,885
tt2103254
https://www.rottentomatoes.com/m/tammy_2014/
23%
4.3
37%
2.9
57,256
tt3322940
https://www.rottentomatoes.com/m/annabelle/
29%
4.4
36%
2.9
48,108
tt2203939
https://www.rottentomatoes.com/m/the_other_woman_2014/
24%
4.2
57%
3.5
64,971
tt1911658
https://www.rottentomatoes.com/m/penguins_of_madagascar/
73%
6.2
63%
3.6
65,000
tt1924435
https://www.rottentomatoes.com/m/lets_be_cops/
19%
3.9
51%
3.3
61,922
tt2177771
https://www.rottentomatoes.com/m/the_monuments_men/
30%
5.2
44%
3.1
72,675
tt1109624
https://www.rottentomatoes.com/m/paddington_2014/
98%
7.9
80%
4.0
48,209
tt1267297
https://www.rottentomatoes.com/m/hercules_the_thracian_wars/
60%
5.4
49%
3.3
102,313
tt2975578
https://www.rottentomatoes.com/m/the_purge_anarchy_2014/
56%
5.4
56%
3.4
67,042
25.97user 0.40system 4:28.61elapsed 9%CPU (0avgtext+0avgdata 70604maxresident)k
216inputs+72outputs (2major+20634minor)pagefaults 0swaps
