tt0493949
https://www.rottentomatoes.com/m/ramona_and_beezus/
70%
6.2
71%
3.6
65,130
tt1414382
https://www.rottentomatoes.com/m/you_again/
17%
3.8
43%
3.1
59,385
tt1213012
https://www.rottentomatoes.com/m/alpha_and_omega/
16%
4.2
41%
3.0
38,164
tt0464154
https://www.rottentomatoes.com/m/piranha_3d/
73%
6.2
44%
3.0
79,784
tt0979434
https://www.rottentomatoes.com/m/10012039-lottery_ticket/
34%
4.9
44%
3.1
29,947
tt1273678
https://www.rottentomatoes.com/m/spy_next_door/
12%
3.5
40%
3.1
106,140
tt1270761
https://www.rottentomatoes.com/m/dont_be_afraid_of_the_dark_2011/
58%
5.8
34%
2.8
40,438
tt0480255
https://www.rottentomatoes.com/m/1226860-losers/
49%
5.3
53%
3.0
144,376
tt1179034
https://www.rottentomatoes.com/m/from_paris_with_love/
37%
4.7
54%
3.3
155,577
tt1433108
https://www.rottentomatoes.com/m/faster-2010/
43%
4.9
49%
3.3
45,130
23.90user 0.32system 4:25.42elapsed 9%CPU (0avgtext+0avgdata 72400maxresident)k
0inputs+72outputs (0major+21059minor)pagefaults 0swaps
