tt0399146
https://www.rottentomatoes.com/m/history_of_violence/
87%
7.9
76%
3.4
279,255
tt0430308
https://www.rottentomatoes.com/m/get_rich_or_die_tryin/
16%
4.4
70%
3.2
297,926
tt0432291
https://www.rottentomatoes.com/m/fog/
4%
2.7
18%
2.5
228,542
tt0294870
https://www.rottentomatoes.com/m/1152276-rent/
46%
5.8
83%
3.5
340,842
tt0379725
https://www.rottentomatoes.com/m/1151898-capote/
90%
8.2
81%
3.6
115,317
tt0406375
https://www.rottentomatoes.com/m/zathura/reviews/
empty
empty
empty
empty
empty
tt0419706
https://www.rottentomatoes.com/m/doom/
19%
3.9
34%
2.7
333,187
tt0368709
https://www.rottentomatoes.com/m/elizabethtown/
28%
4.7
66%
3.1
352,392
tt0329774
https://www.rottentomatoes.com/m/xxx_state_of_the_union/
16%
3.8
32%
2.8
113,022
tt0435625
https://www.rottentomatoes.com/m/descent/
85%
7.3
75%
3.4
206,247
17.08user 0.32system 2:41.62elapsed 10%CPU (0avgtext+0avgdata 72340maxresident)k
8inputs+56outputs (0major+21003minor)pagefaults 0swaps
