tt0364045
https://www.rottentomatoes.com/m/taking_lives/
22%
4.6
55%
3.2
69,256
tt0337921
https://www.rottentomatoes.com/m/cellular/
55%
5.8
59%
3.1
78,562
tt0366174
https://www.rottentomatoes.com/m/anacondas_the_hunt_for_the_blood_orchid/
26%
4.2
27%
2.4
261,633
tt0359517
https://www.rottentomatoes.com/m/johnson_family_vacation/
6%
3.3
43%
2.9
38,248
tt0361467
https://www.rottentomatoes.com/m/confessions_of_a_teenage_drama_queen/
13%
3.9
35%
2.7
395,487
tt0367479
https://www.rottentomatoes.com/m/after_the_sunset/
18%
4.4
52%
3.1
42,415
tt0337697
https://www.rottentomatoes.com/m/the_prince_and_me/
28%
4.8
59%
3.1
193,719
tt0333766
https://www.rottentomatoes.com/m/garden_state/
86%
7.4
88%
3.8
329,523
tt0300051
https://www.rottentomatoes.com/m/jersey_girl/
41%
5.3
48%
2.9
138,866
tt0315297
https://www.rottentomatoes.com/m/twisted/
1%
2.9
31%
2.8
19,057
19.64user 0.38system 2:51.04elapsed 11%CPU (0avgtext+0avgdata 72800maxresident)k
56inputs+56outputs (1major+20083minor)pagefaults 0swaps
