tt1201607
https://www.rottentomatoes.com/m/harry_potter_and_the_deathly_hallows_part_2_2011/
96%
8.3
89%
4.3
387,738
tt1399103
https://www.rottentomatoes.com/m/transformers_dark_of_the_moon/
35%
4.9
55%
3.5
256,230
tt1324999
https://www.rottentomatoes.com/m/twilight_saga_breaking_dawn/
24%
4.3
60%
3.5
186,082
tt1411697
https://www.rottentomatoes.com/m/the_hangover_2/
33%
4.9
52%
3.4
195,571
tt1298650
https://www.rottentomatoes.com/m/pirates_of_the_caribbean_on_stranger_tides/
32%
5
54%
3.5
198,034
tt1596343
https://www.rottentomatoes.com/m/fast_five/
77%
6.4
83%
4.0
138,423
tt1229238
https://www.rottentomatoes.com/m/mission_impossible_ghost_protocol/
94%
7.7
76%
3.9
471,772
tt1216475
https://www.rottentomatoes.com/m/cars_2/
39%
5.5
50%
3.3
102,201
tt1515091
https://www.rottentomatoes.com/m/sherlock_holmes_a_game_of_shadows/
60%
6
77%
3.9
167,532
tt0800369
https://www.rottentomatoes.com/m/thor/
77%
6.7
76%
3.8
242,601
43.96user 2.04system 17:21.66elapsed 4%CPU (0avgtext+0avgdata 68760maxresident)k
16inputs+96outputs (0major+20767minor)pagefaults 0swaps
