tt1132620
https://www.rottentomatoes.com/m/the_girl_with_the_dragon_tattoo_2009/
86%
7.3
86%
4.0
50,442
tt1097013
https://www.rottentomatoes.com/m/next_day_air/
21%
4
31%
2.5
167,352
tt1176740
https://www.rottentomatoes.com/m/away_we_go/
67%
6.5
74%
3.6
59,264
tt1098327
https://www.rottentomatoes.com/m/dragonball/
14%
3.4
20%
2.4
209,875
tt1019452
https://www.rottentomatoes.com/m/a_serious_man/
89%
7.9
67%
3.5
62,248
tt1194263
https://www.rottentomatoes.com/m/get_low/reviews/
empty
empty
empty
empty
empty
tt1315981
https://www.rottentomatoes.com/m/1218217-single_man/
85%
7.3
81%
3.8
57,262
tt0780511
https://www.rottentomatoes.com/m/1211197-everybodys_fine/
46%
5.3
53%
3.2
91,853
tt0891592
https://www.rottentomatoes.com/m/street_fighter_the_legend_of_chun_li/
6%
2.5
17%
2.6
207,467
tt0865559
https://www.rottentomatoes.com/m/my_life_in_ruins/
9%
3.6
44%
2.6
280,117
23.91user 0.36system 6:57.68elapsed 5%CPU (0avgtext+0avgdata 72528maxresident)k
0inputs+104outputs (0major+20599minor)pagefaults 0swaps
