tt2562232
https://www.rottentomatoes.com/m/birdman_2014/
91%
8.5
77%
3.9
90,273
tt2978462
https://www.rottentomatoes.com/m/dolphin_tale_2/
67%
5.9
72%
3.9
27,936
tt2333784
https://www.rottentomatoes.com/m/the_expendables_3/
32%
4.8
49%
3.3
78,124
tt2183034
https://www.rottentomatoes.com/m/earth_to_echo/
49%
5.3
47%
3.2
33,866
tt1956620
https://www.rottentomatoes.com/m/sex_tape_2014/
17%
4
33%
2.8
51,624
tt2305051
https://www.rottentomatoes.com/m/wild_2014/
90%
7.5
75%
3.8
53,346
tt1647668
https://www.rottentomatoes.com/m/million_dollar_arm/
63%
6
68%
3.7
35,435
tt2980516
https://www.rottentomatoes.com/m/the_theory_of_everything_2014/
79%
7.3
84%
4.0
74,469
tt1371150
https://www.rottentomatoes.com/m/this_is_where_i_leave_you/
41%
5.4
60%
3.5
34,938
tt2039393
https://www.rottentomatoes.com/m/the_gambler_2015/
46%
5.6
32%
2.8
23,632
26.24user 0.50system 4:42.56elapsed 9%CPU (0avgtext+0avgdata 72164maxresident)k
48inputs+88outputs (3major+34130minor)pagefaults 0swaps
