tt0245712
https://www.rottentomatoes.com/m/amores_perros/
92%
7.8
94%
4.2
103,603
tt0237539
https://www.rottentomatoes.com/m/bread_and_tulips/
71%
6.3
86%
3.9
5,579
tt0163676
https://www.rottentomatoes.com/m/1098652-in_crowd/
2%
2.7
38%
2.6
6,587
tt0176783
https://www.rottentomatoes.com/m/gossip_2000/
empty
lass="meter noScore superPageFontColor">No Score Yet<
empty
N
4
tt0206420
https://www.rottentomatoes.com/m/woman_on_top/
34%
4.7
43%
3.0
8,037
tt0134630
https://www.rottentomatoes.com/m/1100086-duets/
20%
3.9
48%
2.9
10,574
tt0243862
https://www.rottentomatoes.com/m/italian_for_beginners/
88%
7.2
78%
3.6
6,032
tt0234853
https://www.rottentomatoes.com/m/tao_of_steve/
80%
6.8
68%
3.4
6,217
tt0247196
https://www.rottentomatoes.com/m/before_night_falls/
73%
6.8
84%
3.8
22,079
tt0190524
https://www.rottentomatoes.com/m/left_behind_the_movie/
16%
3.2
56%
3.2
19,924
10.19user 0.23system 2:27.76elapsed 7%CPU (0avgtext+0avgdata 74100maxresident)k
5728inputs+56outputs (38major+20868minor)pagefaults 0swaps
