tt0384642
https://www.rottentomatoes.com/m/kicking_and_screaming/
41%
5.1
43%
3.0
70,065
tt0382077
https://www.rottentomatoes.com/m/1141193-hide_and_seek/
13%
3.9
50%
3.1
278,101
tt0443536
https://www.rottentomatoes.com/m/1155109-hoodwinked/
46%
5.4
56%
3.1
427,035
tt0371724
https://www.rottentomatoes.com/m/hitchhikers_guide_to_the_galaxy/
60%
6.1
65%
3.1
233,126
tt0365737
https://www.rottentomatoes.com/m/syriana/
72%
6.9
67%
3.3
226,573
tt0422093
https://www.rottentomatoes.com/m/diary_of_a_mad_black_woman/
16%
3.9
87%
4.0
89,009
tt0376105
https://www.rottentomatoes.com/m/racing_stripes/
35%
4.9
42%
3.0
60,085
tt0385307
https://www.rottentomatoes.com/m/miss_congeniality_2/
15%
4
43%
3.0
447,046
tt0425123
https://www.rottentomatoes.com/m/just_like_heaven/
56%
5.7
75%
3.6
541,219
tt0397101
https://www.rottentomatoes.com/m/1149472-skeleton_key/
38%
5.3
58%
3.1
192,003
17.03user 0.27system 2:56.08elapsed 9%CPU (0avgtext+0avgdata 71584maxresident)k
0inputs+64outputs (0major+20466minor)pagefaults 0swaps
