tt1764183
https://www.rottentomatoes.com/m/arbitrage/
86%
7
62%
3.5
52,522
tt2091473
https://www.rottentomatoes.com/m/1016837-promised_land/
51%
5.9
46%
3.2
20,200
tt1748227
https://www.rottentomatoes.com/m/the_collection_2012/
37%
4.1
50%
3.3
19,259
tt1307068
https://www.rottentomatoes.com/m/seeking_a_friend_for_the_end_of_the_world/
55%
6.2
53%
3.3
90,576
tt1477855
https://www.rottentomatoes.com/m/hyde_park_on_hudson/
37%
5.3
32%
2.9
10,571
tt1629757
https://www.rottentomatoes.com/m/chasing_mavericks/
31%
4.9
70%
3.8
18,864
tt0975645
https://www.rottentomatoes.com/m/hitchcock/
62%
6.2
60%
3.5
28,999
tt1866249
https://www.rottentomatoes.com/m/the_sessions/
93%
7.9
80%
3.9
23,326
tt1702425
https://www.rottentomatoes.com/m/casa_de_mi_padre/
41%
5.3
35%
2.8
51,911
tt1566501
https://www.rottentomatoes.com/m/for_greater_glory/
18%
4.3
77%
4.0
28,093
23.78user 0.25system 2:50.67elapsed 14%CPU (0avgtext+0avgdata 71636maxresident)k
0inputs+56outputs (0major+20349minor)pagefaults 0swaps
