tt0848228
https://www.rottentomatoes.com/m/marvels_the_avengers/
92%
8
91%
4.4
1,128,609
tt1345836
https://www.rottentomatoes.com/m/the_dark_knight_rises/
87%
8
90%
4.3
1,207,064
tt1392170
https://www.rottentomatoes.com/m/the_hunger_games/
84%
7.2
81%
4.1
900,510
tt1074638
https://www.rottentomatoes.com/m/skyfall/
93%
8.2
86%
4.1
371,628
tt0903624
https://www.rottentomatoes.com/m/the_hobbit_an_unexpected_journey/
64%
6.5
83%
4.1
471,561
tt1673434
https://www.rottentomatoes.com/m/the_twilight_saga_breaking_dawn_part_2/
49%
5.2
70%
3.8
292,290
tt0948470
https://www.rottentomatoes.com/m/the_amazing_spider_man/
73%
6.7
77%
3.9
813,075
tt1217209
https://www.rottentomatoes.com/m/brave_2012/
78%
7
76%
3.9
277,748
tt1637725
https://www.rottentomatoes.com/m/ted_2012/
67%
6.4
73%
3.8
374,347
tt1277953
https://www.rottentomatoes.com/m/madagascar_3_europes_most_wanted_2012/
79%
6.8
73%
3.8
255,993
23.17user 0.29system 3:43.56elapsed 10%CPU (0avgtext+0avgdata 68948maxresident)k
1072inputs+64outputs (0major+18991minor)pagefaults 0swaps
