tt0373283
https://www.rottentomatoes.com/m/saints_and_soldiers/
66%
6.5
78%
3.8
13,725
tt0325055
https://www.rottentomatoes.com/m/1126413-sylvia/
37%
5.3
56%
3.3
8,379
tt0363589
https://www.rottentomatoes.com/m/elephant/
72%
7.1
79%
3.6
58,871
tt0265148
https://www.rottentomatoes.com/m/mein_prem_ki_diwani_hoon/
empty
lass="smaller bold hidden-xs superPageFontColor" style="padding-left:5px;line-height:12px">liked it<
54%
3.3
2,995
tt0379322
https://www.rottentomatoes.com/m/indigo_2003/
empty
lass="smaller bold hidden-xs superPageFontColor" style="padding-left:5px;line-height:12px">liked it<
61%
3.4
1,065
tt0300015
https://www.rottentomatoes.com/m/i_capture_the_castle/
80%
6.7
76%
3.6
7,614
tt0372279
https://www.rottentomatoes.com/m/festival_express/
96%
7.7
85%
3.8
4,140
tt0368913
https://www.rottentomatoes.com/m/osama/
96%
7.8
87%
3.9
7,247
tt0341540
https://www.rottentomatoes.com/m/1165800-rm/
64%
5.7
73%
3.7
1,699
tt0349159
https://www.rottentomatoes.com/m/book_of_mormon/
17%
4.2
14%
2.2
54
14.75user 0.28system 2:38.10elapsed 9%CPU (0avgtext+0avgdata 71364maxresident)k
0inputs+56outputs (0major+19824minor)pagefaults 0swaps
