tt1563738
https://www.rottentomatoes.com/m/one_day_2014/
36%
5.1
49%
3.2
31,777
tt1291584
https://www.rottentomatoes.com/m/1212910-warrior/
82%
7.3
92%
4.3
57,954
tt0478304
https://www.rottentomatoes.com/m/the_tree_of_life_2011/
84%
8.1
60%
3.3
59,824
tt1675434
https://www.rottentomatoes.com/m/the_intouchables/
74%
6.7
93%
4.3
44,267
tt0376136
https://www.rottentomatoes.com/m/The-Rum-Diary/
50%
5.6
36%
2.9
44,078
tt1767382
https://www.rottentomatoes.com/m/the_silent_house/
71%
5.8
37%
2.8
3,198
tt1922612
https://www.rottentomatoes.com/m/glee_the_3d_concert_movie/
60%
5.7
64%
3.6
17,141
tt1229822
https://www.rottentomatoes.com/m/jane_eyre_2011/
84%
7.3
76%
3.8
32,814
tt1502404
https://www.rottentomatoes.com/m/drive-angry/
46%
5.3
37%
2.9
40,061
tt0999913
https://www.rottentomatoes.com/m/straw-dogs-2011/
40%
5.2
34%
2.8
18,822
25.70user 0.47system 4:49.09elapsed 9%CPU (0avgtext+0avgdata 68268maxresident)k
3336inputs+80outputs (22major+19771minor)pagefaults 0swaps
