tt0170016
https://www.rottentomatoes.com/m/how_the_grinch_stole_christmas/
53%
5.7
55%
3.2
947,688
tt0162222
https://www.rottentomatoes.com/m/cast_away/
90%
7.4
83%
3.5
742,342
tt0120755
https://www.rottentomatoes.com/m/mission_impossible_2/
57%
5.9
43%
3.0
450,856
tt0172495
https://www.rottentomatoes.com/m/gladiator/
76%
7.2
87%
3.8
34,126,192
tt0207201
https://www.rottentomatoes.com/m/what_women_want/
54%
5.7
54%
3.1
628,751
tt0177971
https://www.rottentomatoes.com/m/perfect_storm/
47%
5.5
64%
3.2
278,884
tt0212338
https://www.rottentomatoes.com/m/meet_the_parents/
84%
6.9
79%
3.6
1,055,845
tt0120903
https://www.rottentomatoes.com/m/xmen/
81%
7.1
83%
3.7
1,065,186
tt0175142
https://www.rottentomatoes.com/m/scary_movie/
53%
5.5
43%
3.0
32,581,412
tt0161081
https://www.rottentomatoes.com/m/what_lies_beneath/
46%
5.5
59%
3.1
278,676
10.97user 0.26system 4:18.54elapsed 4%CPU (0avgtext+0avgdata 68344maxresident)k
264inputs+120outputs (0major+19766minor)pagefaults 0swaps
