tt0268978
https://www.rottentomatoes.com/m/beautiful_mind/
75%
7.2
93%
3.9
489,503
tt0212985
https://www.rottentomatoes.com/m/1104385-hannibal/
39%
5.1
62%
3.4
402,518
tt0252866
https://www.rottentomatoes.com/m/american_pie_2/
52%
5.4
68%
3.2
954,501
tt0232500
https://www.rottentomatoes.com/m/1108372-fast_and_the_furious/
53%
5.4
74%
3.4
1,042,603
tt0146316
https://www.rottentomatoes.com/m/lara_croft_tomb_raider/
19%
3.9
47%
3.1
555,685
tt0240462
https://www.rottentomatoes.com/m/dr_dolittle_2/
42%
5
26%
2.8
436,751
tt0227538
https://www.rottentomatoes.com/m/spy_kids/
93%
7.2
46%
2.6
426,823
tt0265086
https://www.rottentomatoes.com/m/black_hawk_down/
76%
6.9
88%
3.7
471,913
tt0247638
https://www.rottentomatoes.com/m/princess_diaries/
47%
5.2
68%
3.2
757,264
tt0259711
https://www.rottentomatoes.com/m/vanilla_sky/
42%
5.3
72%
3.0
297,392
11.73user 0.25system 2:26.81elapsed 8%CPU (0avgtext+0avgdata 67576maxresident)k
0inputs+56outputs (0major+19477minor)pagefaults 0swaps
