tt1343727
https://www.rottentomatoes.com/m/dredd/
78%
6.5
72%
3.7
152,380
tt1540128
https://www.rottentomatoes.com/m/playing_for_keeps_2012/
3%
3.4
41%
3.0
20,436
tt1781769
https://www.rottentomatoes.com/m/anna_karenina_2012/
63%
6.5
50%
3.2
52,197
tt2125435
https://www.rottentomatoes.com/m/beasts_of_the_southern_wild/
86%
8.2
76%
3.8
38,919
tt1792647
https://www.rottentomatoes.com/m/cirque_du_soleil_worlds_away/
47%
5.3
58%
3.5
13,161
tt1716777
https://www.rottentomatoes.com/m/people_like_us_2012/
54%
5.7
62%
3.5
31,796
tt1838544
https://www.rottentomatoes.com/m/gone_2012/
11%
3.4
42%
3.1
36,895
tt1840417
https://www.rottentomatoes.com/m/the_words/
24%
4.7
49%
3.3
48,394
tt1308729
https://www.rottentomatoes.com/m/bullet_to_the_head/
47%
5.1
39%
3.0
27,697
tt1663143
https://www.rottentomatoes.com/m/fun_size/
25%
4
47%
3.2
25,166
23.60user 0.29system 9:10.39elapsed 4%CPU (0avgtext+0avgdata 71044maxresident)k
0inputs+64outputs (0major+20277minor)pagefaults 0swaps
