tt0467110
https://www.rottentomatoes.com/m/underdog/
14%
4
42%
3.0
122,544
tt0481141
https://www.rottentomatoes.com/m/no_reservations/
42%
5.2
62%
3.3
394,421
tt0490084
https://www.rottentomatoes.com/m/because_i_said_so/
4%
3.2
65%
3.3
507,077
tt0758730
https://www.rottentomatoes.com/m/avp2/
12%
3.1
31%
2.7
211,584
tt0760329
https://www.rottentomatoes.com/m/water_horse/
74%
6.7
62%
3.5
48,491
tt0469494
https://www.rottentomatoes.com/m/there_will_be_blood/
91%
8.4
86%
4.0
252,887
tt0799949
https://www.rottentomatoes.com/m/epic_movie/
2%
2.3
29%
2.4
560,288
tt0465494
https://www.rottentomatoes.com/m/hitman/
14%
3.7
57%
3.3
306,101
tt0389722
https://www.rottentomatoes.com/m/30_days_of_night/
51%
5.5
56%
3.2
458,521
tt0488120
https://www.rottentomatoes.com/m/fracture/
71%
6.5
73%
3.5
382,417
35.41user 1.18system 5:12.80elapsed 11%CPU (0avgtext+0avgdata 74336maxresident)k
680inputs+72outputs (0major+21298minor)pagefaults 0swaps
