tt0234288
https://www.rottentomatoes.com/m/divided_we_fall/
90%
7.3
90%
4.0
2,279
tt0173716
https://www.rottentomatoes.com/m/cecil_b_demented/
53%
5.6
67%
3.4
9,577
tt0196106
https://www.rottentomatoes.com/m/mvp_most_valuable_primate/
20%
4.2
39%
2.7
7,118
tt0216772
https://www.rottentomatoes.com/m/1204891-center_stage_turn_it_up/
60%
4.9
58%
3.5
10,803
tt0247586
https://www.rottentomatoes.com/m/nine_queens/
92%
7.5
94%
4.2
13,718
tt0251739
https://www.rottentomatoes.com/m/im_the_one_that_i_want/
59%
6.7
67%
3.6
273
tt0259207
https://www.rottentomatoes.com/m/1099763-backstage/
31%
4.9
84%
3.9
268
tt0217107
https://www.rottentomatoes.com/m/trois/
empty
lass="smaller bold hidden-xs superPageFontColor" style="padding-left:5px;line-height:12px">liked it<
70%
3.6
1,262
tt0212974
https://www.rottentomatoes.com/m/groove/
56%
6.1
80%
3.8
5,930
tt0204640
https://www.rottentomatoes.com/m/sordid_lives/
37%
4.5
85%
4.1
3,387
18.90user 0.97system 5:01.95elapsed 6%CPU (0avgtext+0avgdata 69472maxresident)k
0inputs+64outputs (0major+19910minor)pagefaults 0swaps
