tt2381249
https://www.rottentomatoes.com/m/mission_impossible_rogue_nation/
93%
7.5
87%
4.1
91,075
tt1663202
https://www.rottentomatoes.com/m/the_revenant_2015/
82%
7.9
85%
4.1
101,206
tt2848292
https://www.rottentomatoes.com/m/pitch_perfect_2/
66%
6
64%
3.6
78,466
tt0478970
https://www.rottentomatoes.com/m/antman/
81%
6.8
86%
4.0
161,144
tt2224026
https://www.rottentomatoes.com/m/home_2015/
47%
5.3
64%
3.7
55,458
tt2510894
https://www.rottentomatoes.com/m/hotel_transylvania_2/
54%
5.3
64%
3.7
88,700
tt2322441
https://www.rottentomatoes.com/m/fifty_shades_of_grey/
25%
4.2
42%
2.9
81,881
tt2279373
https://www.rottentomatoes.com/m/the_spongebob_movie_sponge_out_of_water/
80%
6.5
54%
3.3
51,137
tt1398426
https://www.rottentomatoes.com/m/straight_outta_compton/
87%
7.3
92%
4.3
73,792
tt2126355
https://www.rottentomatoes.com/m/san_andreas/
48%
5.2
52%
3.3
64,988
26.30user 0.34system 4:22.08elapsed 10%CPU (0avgtext+0avgdata 68524maxresident)k
0inputs+72outputs (0major+20716minor)pagefaults 0swaps
