tt0988047
https://www.rottentomatoes.com/m/traitor/
64%
6.1
64%
3.4
64,086
tt0497465
https://www.rottentomatoes.com/m/vicky_cristina_barcelona/
81%
6.9
74%
3.6
103,415
tt0959337
https://www.rottentomatoes.com/m/revolutionary_road/
67%
6.6
71%
3.5
106,297
tt0364970
https://www.rottentomatoes.com/m/babylon_ad/
6%
3.1
26%
2.8
152,175
tt0443701
https://www.rottentomatoes.com/m/x_files_2/
31%
4.8
32%
2.8
253,582
tt0951216
https://www.rottentomatoes.com/m/1188347-mad_money/
22%
4.4
48%
3.2
135,166
tt0800308
https://www.rottentomatoes.com/m/10008785-appaloosa/
77%
6.6
54%
3.3
55,469
tt0831887
https://www.rottentomatoes.com/m/the_spirit/
14%
3.5
25%
2.5
122,621
tt0465502
https://www.rottentomatoes.com/m/10009636-igor/
36%
4.8
37%
3.0
82,420
tt1046163
https://www.rottentomatoes.com/m/10008611-my_best_friends_girl/
14%
3.5
46%
3.2
86,525
22.71user 0.30system 2:50.72elapsed 13%CPU (0avgtext+0avgdata 71404maxresident)k
0inputs+64outputs (0major+20369minor)pagefaults 0swaps
