tt0250310
https://www.rottentomatoes.com/m/corky_romano/
6%
2.8
38%
2.4
47,167
tt0246002
https://www.rottentomatoes.com/m/kingdom_come/
28%
4.3
73%
3.4
7,632
tt0279889
https://www.rottentomatoes.com/m/joe_somebody/
21%
4.1
27%
2.5
31,271
tt0269341
https://www.rottentomatoes.com/m/two_can_play_that_game/
43%
4.9
84%
3.6
34,093
tt0206314
https://www.rottentomatoes.com/m/joy_ride/
73%
6.6
65%
3.1
63,599
tt0242998
https://www.rottentomatoes.com/m/valentine/
8%
3
33%
2.5
56,284
tt0237572
https://www.rottentomatoes.com/m/1104203-pledge/
78%
6.8
59%
3.2
21,834
tt0234829
https://www.rottentomatoes.com/m/summer_catch/
8%
3.1
40%
2.6
49,993
tt0239948
https://www.rottentomatoes.com/m/saving_silverman/
18%
3.4
51%
3.0
61,822
tt0247745
https://www.rottentomatoes.com/m/super_troopers/
35%
5
90%
3.7
262,259
10.64user 0.22system 2:22.44elapsed 7%CPU (0avgtext+0avgdata 71764maxresident)k
0inputs+64outputs (0major+20685minor)pagefaults 0swaps
