tt2714900
https://www.rottentomatoes.com/m/finding_vivian_maier/
95%
7.5
89%
4.1
8,713
tt2243389
https://www.rottentomatoes.com/m/im_so_excited/
48%
5.6
37%
2.9
4,558
tt2692904
https://www.rottentomatoes.com/m/locke/
91%
7.7
71%
3.6
26,684
tt1657510
https://www.rottentomatoes.com/m/gimme_shelter_2014/
23%
4.7
64%
3.6
8,127
tt2404461
https://www.rottentomatoes.com/m/le_passe/
93%
8.2
83%
3.9
9,830
tt1778924
https://www.rottentomatoes.com/m/the_ultimate_life_2013/
18%
3.8
56%
3.5
1,027
tt2179116
https://www.rottentomatoes.com/m/the_kings_of_summer/
76%
6.9
77%
3.8
21,990
tt1700845
the%20invisible%20woman
Command terminated by signal 15
6944.23user 7.42system 2:14:06elapsed 86%CPU (0avgtext+0avgdata 70180maxresident)k
0inputs+40outputs (0major+18780minor)pagefaults 0swaps
