tt1068680
https://www.rottentomatoes.com/m/yes_man/
46%
5.3
66%
3.6
317,079
tt0443649
https://www.rottentomatoes.com/m/10000_bc/
8%
3.2
37%
2.9
411,014
tt1014775
https://www.rottentomatoes.com/m/10008587-beverly_hills_chihuahua/
41%
5
52%
3.1
186,473
tt0962726
https://www.rottentomatoes.com/m/1194524-high_school_musical_3_senior_year/
65%
5.9
71%
3.5
353,676
tt0910936
https://www.rottentomatoes.com/m/pineapple_express/
68%
6.3
73%
3.7
301,638
tt0985699
https://www.rottentomatoes.com/m/valkyrie/
62%
6.1
65%
3.4
238,891
tt0478087
https://www.rottentomatoes.com/m/10009192-21/
36%
5.2
66%
3.6
367,382
tt1033643
https://www.rottentomatoes.com/m/10008760-what_happens_in_vegas/
27%
4.5
65%
3.6
501,535
tt0489099
https://www.rottentomatoes.com/m/jumper/
16%
4
44%
3.1
320,950
tt1060277
https://www.rottentomatoes.com/m/cloverfield/
77%
6.8
68%
3.4
419,093
22.19user 0.27system 3:26.82elapsed 10%CPU (0avgtext+0avgdata 67616maxresident)k
0inputs+64outputs (0major+19763minor)pagefaults 0swaps
