tt0413300
https://www.rottentomatoes.com/m/spiderman_3/
63%
6.2
51%
3.3
2,263,106
tt0413267
https://www.rottentomatoes.com/m/shrek_3/
41%
5.4
52%
3.4
2,217,901
tt0418279
https://www.rottentomatoes.com/m/transformers_the_movie/
57%
5.8
86%
4.1
2,383,321
tt0449088
https://www.rottentomatoes.com/m/pirates_of_the_caribbean_3/
45%
5.5
72%
3.8
2,736,766
tt0373889
https://www.rottentomatoes.com/m/harry_potter_and_the_order_of_the_phoenix/
78%
6.9
81%
3.9
2,330,466
tt0480249
https://www.rottentomatoes.com/m/i_am_legend/
70%
6.4
68%
3.6
1,128,437
tt0440963
https://www.rottentomatoes.com/m/bourne_ultimatum/
93%
8
91%
4.1
1,921,450
tt0465234
https://www.rottentomatoes.com/m/national_treasure_book_of_secrets/
35%
4.8
67%
3.6
1,438,602
tt0952640
https://www.rottentomatoes.com/m/1184827-alvin_and_the_chipmunks/
27%
4.5
64%
3.5
310,371
tt0382932
https://www.rottentomatoes.com/m/ratatouille/
96%
8.4
87%
3.9
1,069,643
14.86user 0.23system 2:49.43elapsed 8%CPU (0avgtext+0avgdata 71144maxresident)k
16inputs+56outputs (0major+20755minor)pagefaults 0swaps
