tt2910274
https://www.rottentomatoes.com/m/obvious_child/
89%
7.3
72%
3.7
15,642
tt2752688
https://www.rottentomatoes.com/m/rosewater/
77%
6.7
68%
3.6
13,407
tt3011894
https://www.rottentomatoes.com/m/wild_tales/
95%
8
92%
4.3
13,241
tt1726592
https://www.rottentomatoes.com/m/before_i_go_to_sleep/
36%
5
40%
3.1
13,384
tt2967006
https://www.rottentomatoes.com/m/the_trip_to_italy_2014/
85%
7.2
56%
3.3
9,334
tt3532608
https://www.rottentomatoes.com/m/the_fluffy_movie/
53%
5.3
76%
4.0
10,970
tt2326574
https://www.rottentomatoes.com/m/the_identical/
6%
3.3
63%
3.5
5,277
tt4044364
https://www.rottentomatoes.com/m/citizenfour/
96%
8.3
87%
4.1
19,486
tt4009460
https://www.rottentomatoes.com/m/kirk_camerons_saving_christmas/
0%
1.7
30%
1.9
21,783
tt2799166
https://www.rottentomatoes.com/m/the_pyramid_2014/
13%
2.9
22%
2.3
13,712
23.78user 0.36system 4:01.93elapsed 9%CPU (0avgtext+0avgdata 73820maxresident)k
0inputs+80outputs (0major+20620minor)pagefaults 0swaps
