tt0480687
https://www.rottentomatoes.com/m/hall_pass/
34%
4.6
41%
3.0
57,937
tt1655442
https://www.rottentomatoes.com/m/the_artist/
97%
8.8
87%
4.2
57,654
tt1596346
https://www.rottentomatoes.com/m/soul_surfer/
46%
5.3
76%
3.9
41,381
tt1622979
https://www.rottentomatoes.com/m/final_destination_5/
62%
5.9
52%
3.3
51,740
tt1124035
https://www.rottentomatoes.com/m/the_ides_of_march/
84%
7.4
72%
3.6
62,586
tt0993842
https://www.rottentomatoes.com/m/hanna/
71%
6.9
66%
3.5
71,874
tt0491152
https://www.rottentomatoes.com/m/something_borrowed_2011/
15%
3.9
48%
3.1
43,146
tt1517489
https://www.rottentomatoes.com/m/spy_kids_all_the_time_in_the_world_in_4d/
22%
3.9
37%
2.8
30,484
tt1262416
https://www.rottentomatoes.com/m/scream-4/
59%
5.8
55%
3.3
76,210
tt1464174
https://www.rottentomatoes.com/m/big_mommas_like_father_like_son_2011/
5%
2.7
58%
3.5
132,009
26.76user 0.48system 7:02.83elapsed 6%CPU (0avgtext+0avgdata 66092maxresident)k
0inputs+88outputs (0major+19403minor)pagefaults 0swaps
