tt1859650
https://www.rottentomatoes.com/m/to_rome_with_love/
44%
5.5
40%
3.0
29,520
tt1560747
https://www.rottentomatoes.com/m/the_master_2011/
85%
8.1
61%
3.4
49,282
tt1486192
https://www.rottentomatoes.com/m/the_raven_2012/
22%
4.4
46%
3.2
102,444
tt1258972
https://www.rottentomatoes.com/m/the_man_with_the_iron_fists/
49%
5.1
40%
3.0
47,740
tt1931533
https://www.rottentomatoes.com/m/seven_psychopaths/
82%
7.1
71%
3.7
129,032
tt1764234
https://www.rottentomatoes.com/m/killing_them_softly/
74%
6.8
44%
3.0
121,094
tt2073128
https://www.rottentomatoes.com/m/to_the_arctic/
67%
6.5
66%
3.7
18,224
tt1592525
https://www.rottentomatoes.com/m/lockout_2012/
38%
5
46%
3.2
164,328
tt2101441
https://www.rottentomatoes.com/m/spring_breakers_2013/
67%
6.3
38%
2.7
61,595
tt2097307
https://www.rottentomatoes.com/m/hit_and_run_2012/
50%
5.3
49%
3.3
30,611
23.56user 0.34system 2:47.32elapsed 14%CPU (0avgtext+0avgdata 68840maxresident)k
0inputs+56outputs (0major+20811minor)pagefaults 0swaps
