tt0384680
https://www.rottentomatoes.com/m/weather_man/
58%
6.1
56%
2.9
213,859
tt0427954
https://www.rottentomatoes.com/m/protector/
54%
5.5
76%
3.6
74,777
tt0399862
https://www.rottentomatoes.com/m/end_of_the_spear/
40%
5.2
81%
3.7
14,249
tt0425598
https://www.rottentomatoes.com/m/block_party/
92%
7.7
73%
3.3
96,566
tt0402894
https://www.rottentomatoes.com/m/1156246-casanova/
44%
5.6
58%
3.1
190,494
tt0413015
https://www.rottentomatoes.com/m/mrs_henderson_presents/
68%
6.6
72%
3.3
50,160
tt0355702
https://www.rottentomatoes.com/m/lords_of_dogtown/
55%
6
81%
3.6
68,164
tt0338427
https://www.rottentomatoes.com/m/shopgirl/
61%
6.3
58%
3.0
68,014
tt0326905
https://www.rottentomatoes.com/m/great_raid/
37%
5.3
70%
3.5
16,748
tt0421054
https://www.rottentomatoes.com/m/domino/
19%
3.9
56%
3.1
246,945
18.33user 0.25system 3:03.22elapsed 10%CPU (0avgtext+0avgdata 71028maxresident)k
0inputs+64outputs (0major+19856minor)pagefaults 0swaps
