tt2191701
https://www.rottentomatoes.com/m/grown_ups_2/
7%
2.7
54%
3.3
180,349
tt1430132
https://www.rottentomatoes.com/m/the_wolverine_2012/
69%
6.3
69%
3.7
251,605
tt1091191
https://www.rottentomatoes.com/m/lone_survivor/
75%
6.6
87%
4.2
112,237
tt1583421
https://www.rottentomatoes.com/m/gi_joe_retaliation/
29%
4.5
48%
3.2
198,894
tt1985966
https://www.rottentomatoes.com/m/cloudy_with_a_chance_of_meatballs_2_2013/
70%
6.4
66%
3.7
123,514
tt1670345
https://www.rottentomatoes.com/m/now_you_see_me/
49%
5.7
70%
3.7
177,616
tt0993846
https://www.rottentomatoes.com/m/the_wolf_of_wall_street_2013/
77%
7.7
82%
4.0
177,615
tt1327773
https://www.rottentomatoes.com/m/lee_daniels_the_butler/
71%
6.6
78%
3.9
78,991
tt1951261
https://www.rottentomatoes.com/m/the_hangover_part_iii/
20%
4.1
44%
3.1
165,284
tt0848537
https://www.rottentomatoes.com/m/epic_2013
64%
5.9
65%
3.7
101,654
23.32user 0.30system 2:56.14elapsed 13%CPU (0avgtext+0avgdata 68296maxresident)k
176inputs+64outputs (0major+18824minor)pagefaults 0swaps
