tt1318514
https://www.rottentomatoes.com/m/rise_of_the_planet_of_the_apes/
82%
7.1
77%
4.0
446,910
tt0458339
https://www.rottentomatoes.com/m/captain-america/
80%
6.9
74%
3.7
183,617
tt1454029
https://www.rottentomatoes.com/m/the_help/
75%
7
89%
4.2
106,376
tt1478338
https://www.rottentomatoes.com/m/bridesmaids_2011/
90%
7.6
76%
3.9
160,312
tt1302011
https://www.rottentomatoes.com/m/kung_fu_panda_the_kaboom_of_doom/
81%
6.9
74%
3.8
144,523
tt0448694
https://www.rottentomatoes.com/m/1209933-puss_in_boots/
84%
6.8
67%
3.6
78,436
tt1270798
https://www.rottentomatoes.com/m/x_men_first_class/
86%
7.4
87%
4.0
181,988
tt1436562
https://www.rottentomatoes.com/m/rio/
72%
6.4
71%
3.7
89,693
tt0472181
https://www.rottentomatoes.com/m/the_smurfs/
22%
4
44%
3.1
70,520
tt1615918
https://www.rottentomatoes.com/m/alvin_and_the_chipmunks_chipwrecked_2011/
12%
3.5
52%
3.3
66,418
66.74user 1.88system 10:12.46elapsed 11%CPU (0avgtext+0avgdata 75980maxresident)k
288inputs+96outputs (0major+20816minor)pagefaults 0swaps
