tt0424095
https://www.rottentomatoes.com/m/flushed_away/
72%
6.7
65%
3.3
249,303
tt0453467
https://www.rottentomatoes.com/m/deja_vu/
55%
5.9
73%
3.6
368,829
tt0450340
https://www.rottentomatoes.com/m/unknown/
38%
5.2
54%
3.2
16,826
tt0430357
https://www.rottentomatoes.com/m/miami_vice/
47%
5.5
43%
2.8
360,020
tt0455612
https://www.rottentomatoes.com/m/madeas_family_reunion/
25%
4.5
84%
3.7
120,536
tt0457939
https://www.rottentomatoes.com/m/the_holiday/
47%
5.5
80%
3.7
506,825
tt0463985
https://www.rottentomatoes.com/m/fast_and_the_furious_tokyo_drift/
37%
4.8
70%
3.5
534,713
tt0401855
https://www.rottentomatoes.com/m/underworld_evolution/
16%
3.8
72%
3.6
566,566
tt0393735
https://www.rottentomatoes.com/m/shaggy_dog/
26%
4.4
39%
2.9
185,007
tt0409182
https://www.rottentomatoes.com/m/poseidon/
33%
4.9
43%
2.9
341,893
18.76user 0.28system 2:41.05elapsed 11%CPU (0avgtext+0avgdata 69140maxresident)k
0inputs+56outputs (0major+20821minor)pagefaults 0swaps
