tt1596363
https://www.rottentomatoes.com/m/the_big_short/
88%
7.8
88%
4.1
64,834
tt3832914
https://www.rottentomatoes.com/m/war_room_2015/
33%
4.4
87%
4.4
18,124
tt2268016
https://www.rottentomatoes.com/m/magic_mike_xxl/
63%
5.9
56%
3.4
34,675
tt3567288
https://www.rottentomatoes.com/m/the_visit_2015/
64%
5.7
52%
3.2
33,087
tt0884732
https://www.rottentomatoes.com/m/the_wedding_ringer/
29%
4.4
64%
3.6
39,914
tt1355683
https://www.rottentomatoes.com/m/black_mass_2015/
75%
6.7
69%
3.6
54,648
tt1524930
https://www.rottentomatoes.com/m/vacation_2013/
26%
4.1
46%
3.1
37,186
tt3862750
https://www.rottentomatoes.com/m/the_perfect_guy/
19%
3.9
52%
3.3
18,504
tt2446980
https://www.rottentomatoes.com/m/joy_2014/
60%
6.3
56%
3.4
45,387
tt1502712
https://www.rottentomatoes.com/m/fantastic_four_2015/
9%
3.4
18%
2.1
136,874
25.69user 0.38system 4:13.34elapsed 10%CPU (0avgtext+0avgdata 70160maxresident)k
0inputs+80outputs (0major+20225minor)pagefaults 0swaps
