tt2179136
https://www.rottentomatoes.com/m/american_sniper/
72%
6.8
85%
4.1
151,972
tt1951265
https://www.rottentomatoes.com/m/the_hunger_games_mockingjay_part_1/
65%
6.3
72%
3.8
245,982
tt2015381
https://www.rottentomatoes.com/m/guardians_of_the_galaxy/
91%
7.8
92%
4.4
247,045
tt1843866
https://www.rottentomatoes.com/m/captain_america_the_winter_soldier_2014/
89%
7.5
92%
4.3
275,745
tt1490017
https://www.rottentomatoes.com/m/the_lego_movie/
96%
8.2
87%
4.3
219,097
tt2310332
https://www.rottentomatoes.com/m/the_hobbit_the_battle_of_the_five_armies/
60%
6.2
75%
3.9
213,258
tt2109248
https://www.rottentomatoes.com/m/transformers_age_of_extinction/
18%
3.9
51%
3.2
222,856
tt1587310
https://www.rottentomatoes.com/m/maleficent_2014/
50%
5.7
71%
3.8
175,010
tt1877832
https://www.rottentomatoes.com/m/x_men_days_of_future_past/
91%
7.5
91%
4.3
273,870
tt2245084
https://www.rottentomatoes.com/m/big_hero_6/
89%
7.3
91%
4.3
126,942
24.96user 0.32system 3:39.55elapsed 11%CPU (0avgtext+0avgdata 66152maxresident)k
280inputs+64outputs (0major+19665minor)pagefaults 0swaps
