tt0432348
https://www.rottentomatoes.com/m/saw_ii/
36%
4.6
59%
3.2
32,524,096
tt0388795
https://www.rottentomatoes.com/m/brokeback_mountain/
87%
8.2
82%
3.4
518,505
tt0369735
https://www.rottentomatoes.com/m/monsterinlaw/
16%
4.2
55%
3.2
433,166
tt0452598
https://www.rottentomatoes.com/m/cheaper_by_the_dozen_2/
6%
3.6
57%
3.2
568,110
tt0368578
https://www.rottentomatoes.com/m/1141102-are_we_there_yet/
11%
3.3
45%
3.1
401,887
tt0377818
https://www.rottentomatoes.com/m/dukes_of_hazzard/
14%
3.6
46%
2.9
409,732
tt0428803
https://www.rottentomatoes.com/m/march_of_the_penguins/
94%
7.8
81%
3.5
99,656
tt0377109
https://www.rottentomatoes.com/m/ring_two/
20%
4.5
33%
2.8
399,915
tt0360486
https://www.rottentomatoes.com/m/constantine/
46%
5.5
72%
3.5
467,293
tt0404032
https://www.rottentomatoes.com/m/exorcism_of_emily_rose/
45%
5.5
60%
3.2
376,154
14.29user 0.24system 2:35.91elapsed 9%CPU (0avgtext+0avgdata 69892maxresident)k
0inputs+56outputs (0major+20182minor)pagefaults 0swaps
