tt0796307
https://www.rottentomatoes.com/m/under_the_same_moon_2008/
73%
6.5
82%
3.8
32,427
tt0770772
https://www.rottentomatoes.com/m/i_think_i_love_my_wife/
18%
4.6
41%
3.0
199,445
tt0765447
https://www.rottentomatoes.com/m/evening/
27%
4.9
48%
3.1
123,691
tt0838221
https://www.rottentomatoes.com/m/darjeeling_limited/
69%
6.6
78%
3.7
135,730
tt0815244
https://www.rottentomatoes.com/m/sydney_white/
37%
4.9
70%
3.5
789,478
tt0419843
https://www.rottentomatoes.com/m/in_the_land_of_women/
43%
5.3
52%
3.2
100,705
tt0372873
https://www.rottentomatoes.com/m/dragon_wars/
29%
3.7
19%
2.3
175,552
tt0772193
https://www.rottentomatoes.com/m/primeval/
19%
3.5
32%
2.7
64,228
tt0892375
https://www.rottentomatoes.com/m/u2_3d/
93%
7.5
92%
4.4
6,071
tt0450188
https://www.rottentomatoes.com/m/la_vie_en_rose/
74%
6.8
84%
3.9
130,454
20.93user 0.32system 6:30.99elapsed 5%CPU (0avgtext+0avgdata 68272maxresident)k
920inputs+120outputs (89major+20381minor)pagefaults 0swaps
