tt0200720
https://www.rottentomatoes.com/m/house_of_mirth/
81%
6.9
72%
3.5
5,016
tt0200669
https://www.rottentomatoes.com/m/golden_bowl/
54%
5.4
39%
3.0
3,149
tt0141399
http://www.rottentomatoes.com/m/isnt_she_great/quotes/
empty
empty
empty
empty
empty
tt0153464
https://www.rottentomatoes.com/m/up_at_the_villa/
46%
5.2
34%
3.0
1,127
tt0271219
https://www.rottentomatoes.com/m/tadpole/
78%
6.7
56%
3.1
5,119
tt0118694
https://www.rottentomatoes.com/m/in_the_mood_for_love_2001/
90%
7.8
94%
4.3
52,304
tt0238247
https://www.rottentomatoes.com/m/gods_army/
50%
5.6
69%
3.4
2,760
tt0264578
https://www.rottentomatoes.com/m/the-endurance/
95%
7.7
86%
3.8
1,334
tt0205873
https://www.rottentomatoes.com/m/dish/
96%
7.4
82%
3.6
8,339
tt0215545
https://www.rottentomatoes.com/m/bamboozled/
48%
5.5
74%
3.6
8,222
20.09user 1.24system 4:56.28elapsed 7%CPU (0avgtext+0avgdata 72180maxresident)k
8inputs+64outputs (0major+19164minor)pagefaults 0swaps
