tt3195742
https://www.rottentomatoes.com/m/journey_to_the_south_pacific/
100%
7.8
73%
3.7
367
tt1425922
https://www.rottentomatoes.com/m/black_nativity/
49%
5.6
51%
3.3
10,425
tt1714206
https://www.rottentomatoes.com/m/the_spectacular_now/
93%
7.8
76%
3.8
37,273
tt1462900
https://www.rottentomatoes.com/m/the_grandmaster/
78%
6.7
58%
3.4
17,506
tt2017038
https://www.rottentomatoes.com/m/all_is_lost_2013/
94%
8
63%
3.4
40,016
tt3165608
https://www.rottentomatoes.com/m/justin_biebers_believe/
57%
5.1
59%
3.3
16,562
tt2132285
https://www.rottentomatoes.com/m/the_bling_ring_2013/
60%
6.3
33%
2.8
31,308
tt3203890
https://www.rottentomatoes.com/m/pulling_strings/
58%
5.6
72%
4.0
3,721
tt2218003
https://www.rottentomatoes.com/m/closed_circuit_2013/
43%
5.4
31%
2.9
10,903
tt2112124
https://www.rottentomatoes.com/m/chennai_express_2013/
60%
5.5
52%
3.3
2,366
21.52user 0.27system 2:53.15elapsed 12%CPU (0avgtext+0avgdata 69524maxresident)k
0inputs+64outputs (0major+19392minor)pagefaults 0swaps
