tt0243155
https://www.rottentomatoes.com/m/bridget_jones_diary/
81%
6.9
81%
3.3
494,937
tt0257106
https://www.rottentomatoes.com/m/scary_movie_2/
15%
3.4
52%
2.9
682,427
tt0227445
https://www.rottentomatoes.com/m/1108799-score/
73%
6.5
67%
3.3
59,811
tt0256380
https://www.rottentomatoes.com/m/shallow_hal/
51%
5.5
45%
3.0
620,911
tt0244244
https://www.rottentomatoes.com/m/swordfish/
26%
4.3
60%
3.1
244,325
tt0236493
https://www.rottentomatoes.com/m/mexican/
56%
5.5
44%
2.9
132,156
tt0231775
https://www.rottentomatoes.com/m/1104813-down_to_earth/
20%
3.9
41%
2.8
62,447
tt0209475
https://www.rottentomatoes.com/m/wedding_planner/
16%
3.9
59%
3.1
483,420
tt0159273
https://www.rottentomatoes.com/m/1111645-behind_enemy_lines/
37%
4.8
62%
3.2
321,594
tt0248667
https://www.rottentomatoes.com/m/ali/
67%
6.3
65%
3.3
106,967
12.91user 0.25system 2:31.19elapsed 8%CPU (0avgtext+0avgdata 67320maxresident)k
0inputs+64outputs (0major+18635minor)pagefaults 0swaps
