tt0373175
https://www.rottentomatoes.com/m/my_architect/
93%
7.5
83%
3.8
3,850
tt0309987
https://www.rottentomatoes.com/m/dreamers/
61%
6.2
78%
3.7
46,524
tt0374546
https://www.rottentomatoes.com/m/spring_summer_fall_winterand_spring/
95%
8.1
92%
4.2
28,398
tt0311648
https://www.rottentomatoes.com/m/pieces_of_april/
84%
7.1
73%
3.3
29,367
tt0310778
https://www.rottentomatoes.com/m/bon_voyage_2004/
76%
6.7
75%
3.5
4,302
tt0335013
https://www.rottentomatoes.com/m/1128345-company/
71%
6.6
49%
3.0
7,641
tt0337996
https://www.rottentomatoes.com/m/dysfunktional_family/
43%
5.3
78%
3.6
1,572
tt0323944
https://www.rottentomatoes.com/m/shattered_glass/
91%
7.7
79%
3.5
22,596
tt0364569
https://www.rottentomatoes.com/m/oldboy/
80%
7.3
94%
4.3
131,354
tt0379217
https://www.rottentomatoes.com/m/coffee_and_cigarettes/
65%
6.3
75%
3.5
40,717
15.32user 0.16system 2:28.68elapsed 10%CPU (0avgtext+0avgdata 71932maxresident)k
0inputs+56outputs (0major+20844minor)pagefaults 0swaps
