tt0813547
https://www.rottentomatoes.com/m/the_counterfeiters_2007/
94%
7.8
88%
3.9
21,130
tt0808357
https://www.rottentomatoes.com/m/lust_caution/
72%
6.6
84%
3.9
51,134
tt0427470
https://www.rottentomatoes.com/m/lookout/
87%
7.3
74%
3.5
80,492
tt0484740
https://www.rottentomatoes.com/m/love_in_the_time_of_cholera/
26%
4.8
45%
3.1
32,746
tt0460780
https://www.rottentomatoes.com/m/in-the-name-of-the-king-a-dungeon-siege-tale/trailers/10888162
empty
empty
empty
empty
empty
tt0772178
https://www.rottentomatoes.com/m/kickin_it_old_school/
2%
2.4
42%
2.9
138,254
tt0796368
https://www.rottentomatoes.com/m/talk_to_me/
82%
6.9
77%
3.6
41,489
tt0808417
https://www.rottentomatoes.com/m/persepolis/
96%
8.1
92%
4.2
49,884
tt0841044
https://www.rottentomatoes.com/m/2_days_in_paris/
86%
6.8
72%
3.6
50,540
tt0859760
https://www.rottentomatoes.com/m/ladron_que_roba_a_ladron_2007/
66%
5.8
72%
3.7
3,587
19.41user 0.32system 5:02.10elapsed 6%CPU (0avgtext+0avgdata 69928maxresident)k
5912inputs+104outputs (40major+21192minor)pagefaults 0swaps
