tt0343737
https://www.rottentomatoes.com/m/good_shepherd/
54%
6.1
51%
3.1
182,081
tt0449059
https://www.rottentomatoes.com/m/little_miss_sunshine/
91%
7.7
91%
4.0
425,957
tt0381971
https://www.rottentomatoes.com/m/1153951-curious_george/
69%
6.1
69%
3.2
257,201
tt0430304
https://www.rottentomatoes.com/m/little_man/
12%
3.2
55%
3.1
419,320
tt0445990
https://www.rottentomatoes.com/m/invincible/
71%
6.5
73%
3.6
87,319
tt0437863
https://www.rottentomatoes.com/m/benchwarmers/
11%
3.1
64%
3.3
421,544
tt0450259
https://www.rottentomatoes.com/m/blood_diamond/
62%
6.3
90%
4.0
567,637
tt0436697
https://www.rottentomatoes.com/m/queen/
97%
8.4
76%
3.5
174,975
tt0406816
https://www.rottentomatoes.com/m/the_guardian_2006/
37%
5.2
80%
3.7
422,940
tt0466909
https://www.rottentomatoes.com/m/omen/
27%
4.7
40%
3.0
340,268
21.01user 0.28system 9:23.35elapsed 3%CPU (0avgtext+0avgdata 70572maxresident)k
0inputs+56outputs (0major+19867minor)pagefaults 0swaps
