tt0296572
https://www.rottentomatoes.com/m/chronicles_of_riddick/
29%
4.6
65%
3.3
329,157
tt0337563
https://www.rottentomatoes.com/m/13_going_on_30/
64%
6.2
71%
3.3
653,003
tt0387564
https://www.rottentomatoes.com/m/saw/
48%
5.5
84%
3.7
851,406
tt0375679
https://www.rottentomatoes.com/m/1144992-crash/
75%
7.3
88%
3.9
441,335
tt0359013
https://www.rottentomatoes.com/m/blade_trinity/
25%
4.4
59%
3.4
437,690
tt0349683
https://www.rottentomatoes.com/m/1133964-king_arthur/
31%
5
60%
3.2
389,604
tt0308644
https://www.rottentomatoes.com/m/finding_neverland/
83%
7.5
87%
3.7
464,942
tt0356470
https://www.rottentomatoes.com/m/cinderella_story/
11%
3.6
53%
2.8
31,659,317
tt0293508
https://www.rottentomatoes.com/m/phantom_of_the_opera/
32%
5
84%
3.7
411,583
tt0318627
https://www.rottentomatoes.com/m/resident_evil_apocalypse/
21%
3.9
61%
3.3
407,258
17.80user 0.33system 2:34.14elapsed 11%CPU (0avgtext+0avgdata 68548maxresident)k
0inputs+64outputs (0major+20495minor)pagefaults 0swaps
