tt1279935
https://www.rottentomatoes.com/m/date_night/
67%
6.1
55%
3.3
230,207
tt1285016
https://www.rottentomatoes.com/m/the-social-network/
96%
9
86%
4.1
201,500
tt1261945
https://www.rottentomatoes.com/m/sex_and_the_city_2/
15%
3.7
43%
3.1
324,259
tt1037705
https://www.rottentomatoes.com/m/the_book_of_eli/
48%
5.5
64%
3.4
349,994
tt0964517
https://www.rottentomatoes.com/m/the-fighter/
90%
7.8
89%
4.1
120,340
tt0840361
https://www.rottentomatoes.com/m/the_town/
94%
7.7
85%
3.9
140,327
tt0473075
https://www.rottentomatoes.com/m/prince_of_persia_sands_of_time/
36%
5
58%
3.4
436,557
tt1245526
https://www.rottentomatoes.com/m/red/
71%
6.3
72%
3.7
135,431
tt0814255
https://www.rottentomatoes.com/m/0814255
49%
5.3
53%
3.3
253,646
tt1536044
https://www.rottentomatoes.com/m/paranormal_activity_2/
58%
6
48%
3.2
102,717
24.53user 0.39system 4:39.19elapsed 8%CPU (0avgtext+0avgdata 65896maxresident)k
0inputs+88outputs (0major+19301minor)pagefaults 0swaps
