tt1185834
https://www.rottentomatoes.com/m/clone_wars/
18%
4.2
38%
3.0
162,098
tt0976051
https://www.rottentomatoes.com/m/reader/
61%
6.4
79%
3.7
206,353
tt0839980
https://www.rottentomatoes.com/m/semi_pro/
21%
4.5
38%
2.9
290,427
tt1129423
https://www.rottentomatoes.com/m/10010214-fireproof/
40%
4.3
82%
4.1
39,571
tt0918927
https://www.rottentomatoes.com/m/doubt/
78%
6.9
78%
3.7
161,996
tt0817538
https://www.rottentomatoes.com/m/drillbit_taylor/
25%
4.5
44%
3.1
97,868
tt0811138
https://www.rottentomatoes.com/m/love_guru/
14%
3.3
33%
2.7
240,551
tt0832266
https://www.rottentomatoes.com/m/1174278-definitely_maybe/
71%
6.5
71%
3.5
139,736
tt1013753
https://www.rottentomatoes.com/m/milk/
94%
8
89%
4.0
177,239
tt1082868
https://www.rottentomatoes.com/m/1196221-quarantine/
58%
5.7
44%
3.0
881,814
20.59user 0.32system 2:54.67elapsed 11%CPU (0avgtext+0avgdata 70656maxresident)k
0inputs+64outputs (0major+20115minor)pagefaults 0swaps
