tt2652092
https://www.rottentomatoes.com/m/the_good_lie_2013/
88%
6.7
82%
4.0
21,981
tt2265171
https://www.rottentomatoes.com/m/the_raid_2/
79%
7.4
87%
4.2
23,638
tt3541262
https://www.rottentomatoes.com/m/myeong_ryang_2014/
empty
lass="smaller bold hidden-xs superPageFontColor" style="padding-left:5px;line-height:12px">liked it<
79%
4.0
821
tt2905838
https://www.rottentomatoes.com/m/bang_bang_2014/
20%
4.5
52%
3.1
1,382
tt2372222
https://www.rottentomatoes.com/m/kick_2014/
empty
lass="smaller bold hidden-xs superPageFontColor" style="padding-left:5px;line-height:12px">liked it<
50%
3.3
1,520
tt1216491
https://www.rottentomatoes.com/m/kill_the_messenger_2015/
78%
6.7
69%
3.6
16,269
tt1596345
https://www.rottentomatoes.com/m/pawn_sacrifice/
72%
6.5
66%
3.5
13,189
tt2398231
https://www.rottentomatoes.com/m/the_homesman/
81%
7.1
52%
3.2
13,892
tt3812366
https://www.rottentomatoes.com/m/ode_to_my_father/
67%
6.7
86%
4.2
797
tt2639344
https://www.rottentomatoes.com/m/love_is_strange_2014/
95%
7.8
66%
3.5
12,961
24.07user 0.38system 3:56.55elapsed 10%CPU (0avgtext+0avgdata 74400maxresident)k
360inputs+64outputs (6major+21244minor)pagefaults 0swaps
