tt1446192
https://www.rottentomatoes.com/m/rise_of_the_guardians_2012/
73%
6.5
80%
4.0
123,448
tt1790885
https://www.rottentomatoes.com/m/zero_dark_thirty/
92%
8.6
80%
4.0
195,802
tt1907668
https://www.rottentomatoes.com/m/flight_2012/
78%
7
75%
3.8
152,613
tt1621045
https://www.rottentomatoes.com/m/think_like_a_man/
53%
5.5
79%
4.1
224,103
tt1790886
https://www.rottentomatoes.com/m/the_campaign/
64%
5.9
51%
3.3
122,784
tt1764651
https://www.rottentomatoes.com/m/the_expendables_2/
66%
5.8
67%
3.7
314,810
tt1646987
https://www.rottentomatoes.com/m/clash_of_the_titans_2/
26%
4.5
49%
3.3
157,799
tt0790724
https://www.rottentomatoes.com/m/jack_reacher/
62%
6.2
67%
3.6
114,690
tt1077368
https://www.rottentomatoes.com/m/dark-shadows-2010/
37%
5.3
46%
3.2
256,687
tt1047540
https://www.rottentomatoes.com/m/parental_guidance_2012/
17%
3.8
60%
3.5
61,470
24.56user 0.38system 3:40.10elapsed 11%CPU (0avgtext+0avgdata 69172maxresident)k
0inputs+72outputs (0major+19909minor)pagefaults 0swaps
