tt0362270
https://www.rottentomatoes.com/m/life_aquatic/
56%
6.1
82%
3.5
209,167
tt0327437
https://www.rottentomatoes.com/m/around_the_world_in_80_days/
31%
4.8
34%
2.7
262,044
tt0395169
https://www.rottentomatoes.com/m/hotel_rwanda/
90%
8
94%
4.0
240,752
tt0358349
https://www.rottentomatoes.com/m/agent_cody_banks_2_destination_london/
13%
3.4
31%
2.5
219,672
tt0327679
https://www.rottentomatoes.com/m/ella_enchanted/
50%
5.6
57%
3.1
340,362
tt0318974
https://www.rottentomatoes.com/m/alamo/
29%
5
45%
3.0
19,385
tt0339412
https://www.rottentomatoes.com/m/mr_3000/
54%
5.8
29%
2.6
27,220
tt0329691
https://www.rottentomatoes.com/m/1129132-torque/
23%
4.2
41%
2.9
71,070
tt0377062
https://www.rottentomatoes.com/m/flight_of_the_phoenix/
30%
4.8
40%
3.0
59,081
tt0361841
https://www.rottentomatoes.com/m/little_black_book/
21%
4.4
37%
2.8
65,736
19.60user 0.33system 2:39.27elapsed 12%CPU (0avgtext+0avgdata 70932maxresident)k
0inputs+64outputs (0major+20848minor)pagefaults 0swaps
