tt0266452
https://www.rottentomatoes.com/m/death_to_smoochy/
42%
5.3
66%
3.0
59,801
tt0301199
https://www.rottentomatoes.com/m/dirty_pretty_things/
94%
7.8
82%
3.6
31,230
tt0317248
https://www.rottentomatoes.com/m/city_of_god/
90%
8.3
97%
4.3
250,800
tt0246464
https://www.rottentomatoes.com/m/1109942-big_trouble/
48%
5.4
54%
3.0
21,101
tt0179098
https://www.rottentomatoes.com/m/moonlight_mile/
63%
6.4
66%
3.4
10,231
tt0280665
https://www.rottentomatoes.com/m/1118216-femme_fatale/
48%
5.4
49%
2.9
18,685
tt0292644
https://www.rottentomatoes.com/m/rules_of_attraction/
43%
5.3
71%
3.2
50,490
tt0252444
https://www.rottentomatoes.com/m/rabbitproof_fence/
88%
7.6
86%
3.8
23,558
tt0231448
https://www.rottentomatoes.com/m/deuces_wild/
3%
2.9
51%
3.0
10,276
tt0296166
https://www.rottentomatoes.com/m/real_women_have_curves/
83%
6.8
75%
3.6
10,665
11.36user 0.21system 2:19.31elapsed 8%CPU (0avgtext+0avgdata 68132maxresident)k
0inputs+48outputs (0major+19368minor)pagefaults 0swaps
