tt1438298
https://www.rottentomatoes.com/m/guzaarish_2010/
empty
lass="smaller bold hidden-xs superPageFontColor" style="padding-left:5px;line-height:12px">liked it<
71%
3.7
1,789
tt1340107
https://www.rottentomatoes.com/m/in_a_better_world/
77%
7.1
86%
3.9
7,088
tt1518812
https://www.rottentomatoes.com/m/meeks_cutoff/
86%
7.5
53%
3.1
9,018
tt1509276
https://www.rottentomatoes.com/m/the_wildest_dream_conquest_of_everest/
76%
6.9
69%
3.7
1,888
tt1499201
https://www.rottentomatoes.com/m/anjaana_anjaani/
empty
lass="smaller bold hidden-xs superPageFontColor" style="padding-left:5px;line-height:12px">liked it<
52%
3.2
1,454
tt1667838
https://www.rottentomatoes.com/m/i_hate_luv_storys_2010/
empty
lass="smaller bold hidden-xs superPageFontColor" style="padding-left:5px;line-height:12px">liked it<
43%
3.0
3,916
tt1468387
https://www.rottentomatoes.com/m/what_if_2010/
33%
5.8
66%
3.8
701
tt1436045
https://www.rottentomatoes.com/m/13_assassins_2011/
96%
8
89%
4.1
23,238
tt1568334
https://www.rottentomatoes.com/m/the_tillman_story/
93%
8.2
91%
4.1
3,701
tt1447508
https://www.rottentomatoes.com/m/peepli-live/
83%
6.2
72%
3.6
2,772
22.34user 0.29system 4:29.51elapsed 8%CPU (0avgtext+0avgdata 72016maxresident)k
8inputs+80outputs (0major+20443minor)pagefaults 0swaps
