tt0402022
https://www.rottentomatoes.com/m/aeon_flux/
10%
3.3
39%
2.9
421,161
tt0382628
https://www.rottentomatoes.com/m/dark_water/
46%
5.5
28%
2.7
154,726
tt0379786
https://www.rottentomatoes.com/m/serenity/
82%
7.1
91%
3.9
312,366
tt0427944
https://www.rottentomatoes.com/m/thank_you_for_smoking/
86%
7.3
87%
3.7
258,072
tt0342258
https://www.rottentomatoes.com/m/danny_the_dog/
65%
6.2
75%
3.5
92,526
tt0357277
https://www.rottentomatoes.com/m/elektra/
10%
3.8
30%
2.6
256,954
tt0396652
https://www.rottentomatoes.com/m/ice_princess/
52%
5.7
57%
3.1
210,792
tt0399295
https://www.rottentomatoes.com/m/lord_of_war/
61%
6.2
85%
3.6
389,394
tt0416320
https://www.rottentomatoes.com/m/match_point/
77%
7.2
81%
3.4
250,081
tt0417217
https://www.rottentomatoes.com/m/two_for_the_money/
22%
4.7
48%
3.1
85,440
20.71user 0.25system 2:41.30elapsed 12%CPU (0avgtext+0avgdata 70264maxresident)k
0inputs+56outputs (0major+19968minor)pagefaults 0swaps
