tt0414982
https://www.rottentomatoes.com/m/final_destination_3/
43%
5
57%
3.3
538,203
tt0482571
https://www.rottentomatoes.com/m/prestige/
76%
7.1
92%
4.0
547,619
tt0410297
https://www.rottentomatoes.com/m/lake_house/
35%
5
73%
3.5
429,620
tt0472043
https://www.rottentomatoes.com/m/apocalypto/
65%
6.3
79%
3.7
441,467
tt0408345
https://www.rottentomatoes.com/m/firewall/
19%
4.5
37%
3.0
268,276
tt0466342
https://www.rottentomatoes.com/m/1155470-date_movie/
7%
2.5
34%
2.8
514,006
tt0455857
https://www.rottentomatoes.com/m/when_a_stranger_calls/
9%
3.2
43%
3.0
477,324
tt0384537
https://www.rottentomatoes.com/m/silent_hill/
29%
4.5
63%
3.2
366,527
tt0424942
https://www.rottentomatoes.com/m/deep_sea_3d/
91%
7.7
78%
3.8
9,783
tt0758794
https://www.rottentomatoes.com/m/we_are_marshall/
49%
5.8
79%
3.6
202,601
19.60user 0.27system 2:48.26elapsed 11%CPU (0avgtext+0avgdata 69560maxresident)k
0inputs+64outputs (0major+19700minor)pagefaults 0swaps
