tt0249462
https://www.rottentomatoes.com/m/billy_elliot/
85%
7.3
89%
3.5
280,154
tt0185183
https://www.rottentomatoes.com/m/battlefield_earth/
3%
2.3
11%
1.6
54,004
tt0192731
https://www.rottentomatoes.com/m/urban_legends_final_cut/
9%
3
20%
2.5
49,483
tt0204175
https://www.rottentomatoes.com/m/boys_and_girls/
11%
3.8
50%
2.9
28,187
tt0186975
https://www.rottentomatoes.com/m/down_to_you/
3%
3.2
49%
2.7
51,481
tt0185014
https://www.rottentomatoes.com/m/wonder_boys/
81%
7.2
83%
3.5
39,992
tt0245280
https://www.rottentomatoes.com/m/michael-jordan-to-the-max/
67%
6.2
82%
3.8
3,118
tt0218839
https://www.rottentomatoes.com/m/best_in_show/
95%
7.5
89%
3.7
56,004
tt0208874
https://www.rottentomatoes.com/m/1100998-contender/
76%
6.7
73%
3.5
8,163
tt0199753
https://www.rottentomatoes.com/m/red_planet/
14%
3.8
28%
2.6
48,256
10.69user 0.25system 2:31.48elapsed 7%CPU (0avgtext+0avgdata 74612maxresident)k
0inputs+56outputs (0major+21113minor)pagefaults 0swaps
