tt1430615
https://www.rottentomatoes.com/m/big_miracle/
73%
6.2
64%
3.6
38,823
tt1649419
https://www.rottentomatoes.com/m/the_impossible_2012/
81%
7.3
84%
4.0
47,945
tt1568338
https://www.rottentomatoes.com/m/man_on_a_ledge/
31%
4.8
52%
3.3
40,997
tt0763831
https://www.rottentomatoes.com/m/a-thousand-words/
0%
3.2
47%
3.1
74,733
tt1441951
https://www.rottentomatoes.com/m/quartet_2012/
79%
6.5
66%
3.6
11,243
tt1991245
https://www.rottentomatoes.com/m/chernobyl_diaries/
18%
4
28%
2.6
141,681
tt1659337
https://www.rottentomatoes.com/m/the_perks_of_being_a_wallflower/
86%
7.4
89%
4.2
136,814
tt0938330
https://www.rottentomatoes.com/m/silent_hill_revelation/
5%
2.8
35%
2.7
42,062
tt1655460
https://www.rottentomatoes.com/m/wanderlust_2011/
60%
5.6
39%
3.0
42,079
tt1656190
https://www.rottentomatoes.com/m/safe_2011/
57%
5.7
59%
3.5
110,173
24.87user 0.27system 3:04.62elapsed 13%CPU (0avgtext+0avgdata 69224maxresident)k
0inputs+64outputs (0major+19279minor)pagefaults 0swaps
