tt0970416
https://www.rottentomatoes.com/m/day_the_earth_stood_still/
21%
4.1
27%
2.8
303,293
tt0988595
https://www.rottentomatoes.com/m/27_dresses/
41%
5
57%
3.4
605,761
tt0411477
https://www.rottentomatoes.com/m/hellboy_2_the_golden_army/
85%
7.2
71%
3.5
821,505
tt0443274
https://www.rottentomatoes.com/m/vantage_point/
35%
5
57%
3.3
373,368
tt0416236
https://www.rottentomatoes.com/m/spiderwick_chronicles/
80%
6.7
63%
3.4
354,770
tt0770752
https://www.rottentomatoes.com/m/fools_gold_2008/
11%
3.6
48%
3.1
356,436
tt0814314
https://www.rottentomatoes.com/m/seven_pounds/
27%
4.6
75%
3.6
636,030
tt0430922
https://www.rottentomatoes.com/m/role_models/
78%
6.5
74%
3.6
278,124
tt1127884
https://www.rottentomatoes.com/m/hannah-montanamiley-cyrus-best-of-both-worlds-concert-tour/
72%
6
68%
3.4
88,917
tt0949731
https://www.rottentomatoes.com/m/10007985-happening/
18%
4
24%
2.6
369,883
19.44user 0.23system 3:23.47elapsed 9%CPU (0avgtext+0avgdata 69788maxresident)k
0inputs+64outputs (0major+20658minor)pagefaults 0swaps
