tt1197624
https://www.rottentomatoes.com/m/law_abiding_citizen/
25%
4.3
75%
4.0
516,639
tt0785006
https://www.rottentomatoes.com/m/hotel_for_dogs/
45%
5.3
55%
3.3
165,439
tt1477715
https://www.rottentomatoes.com/m/michael_jackson_this_is_it/
81%
7.1
82%
4.0
221,498
tt1155056
https://www.rottentomatoes.com/m/I_Love_You_Man/
84%
6.9
74%
2.7
1,550,669
tt1198138
https://www.rottentomatoes.com/m/1207523-obsessed/
19%
3.7
46%
3.2
258,422
tt1075417
https://www.rottentomatoes.com/m/race_to_witch_mountain/
43%
5.1
44%
3.2
348,026
tt1144884
https://www.rottentomatoes.com/m/final_destination_final_death_trip_3D/
29%
4.2
35%
3.1
603,514
tt1111422
https://www.rottentomatoes.com/m/1207149-taking_of_pelham_1_2_3/
51%
5.4
52%
3.0
662,307
tt0758746
https://www.rottentomatoes.com/m/friday_the_13th_prequel/
25%
4.2
46%
3.2
220,858
tt0974661
https://www.rottentomatoes.com/m/1201402-17_again/
55%
5.4
67%
3.6
465,454
25.81user 0.35system 6:07.27elapsed 7%CPU (0avgtext+0avgdata 68712maxresident)k
40inputs+128outputs (0major+20895minor)pagefaults 0swaps
