tt0378947
https://www.rottentomatoes.com/m/melinda_and_melinda/
53%
5.8
47%
3.1
16,928
tt0315273
https://www.rottentomatoes.com/m/benji_off_the_leash/
33%
4.7
53%
3.3
1,772
tt0383694
https://www.rottentomatoes.com/m/vera_drake/
92%
7.9
84%
3.8
11,496
tt0379889
https://www.rottentomatoes.com/m/merchant_of_venice/
72%
6.7
72%
3.5
19,814
tt0372824
https://www.rottentomatoes.com/m/chorus_les_choristes/
68%
6.5
92%
4.1
34,164
tt0388789
https://www.rottentomatoes.com/m/born_into_brothels/
96%
7.9
91%
4.1
13,857
tt0410454
https://www.rottentomatoes.com/m/work_and_the_glory/
17%
5.1
84%
3.9
5,898
tt0420332
https://www.rottentomatoes.com/m/veer_zaara/
100%
7.9
88%
4.2
15,986
tt0398872
https://www.rottentomatoes.com/m/cliffords_really_big_movie/
53%
5.7
34%
3.2
1,780
tt0352994
https://www.rottentomatoes.com/m/walking_on_water-2004/
empty
lass="meter noScore superPageFontColor">No Score Yet<
empty
N
1
15.89user 0.29system 2:27.13elapsed 11%CPU (0avgtext+0avgdata 72388maxresident)k
0inputs+64outputs (0major+20825minor)pagefaults 0swaps
