tt0304711
https://www.rottentomatoes.com/m/the_order_2003/
8%
2.9
38%
2.8
22,546
tt0311110
https://www.rottentomatoes.com/m/it_runs_in_the_family/
28%
4.5
27%
2.7
5,789
tt0286244
https://www.rottentomatoes.com/m/the_triplets_of_belleville/
94%
8.2
90%
4.0
39,951
tt0310357
https://www.rottentomatoes.com/m/willard/
64%
6.2
51%
2.9
21,653
tt0318850
https://www.rottentomatoes.com/m/young_black_stallion/
45%
5.6
68%
3.5
6,237
tt0330602
https://www.rottentomatoes.com/m/mambo_italiano/
33%
4.8
66%
3.3
7,829
tt0323572
https://www.rottentomatoes.com/m/chasing_papi/
14%
3.7
39%
2.8
7,081
tt0305206
https://www.rottentomatoes.com/m/american_splendor/
94%
8.3
86%
3.7
44,330
tt0340377
https://www.rottentomatoes.com/m/station_agent/
95%
8
89%
3.9
34,377
tt0309820
https://www.rottentomatoes.com/m/1125461-luther/
44%
5.2
74%
3.7
8,646
11.78user 0.19system 2:26.87elapsed 8%CPU (0avgtext+0avgdata 72408maxresident)k
0inputs+56outputs (0major+20122minor)pagefaults 0swaps
