tt1477076
https://www.rottentomatoes.com/m/saw3d/
9%
3.1
42%
3.0
74,913
tt1385867
https://www.rottentomatoes.com/m/cop_out/
19%
3.8
39%
3.0
488,965
tt1287468
https://www.rottentomatoes.com/m/cats_and_dogs_the_revenge_of_kitty_galore/
14%
3.6
38%
2.9
70,075
tt1226273
https://www.rottentomatoes.com/m/edge_of_darkness/
56%
5.9
49%
2.8
542,399
tt1320261
https://www.rottentomatoes.com/m/gullivers-travels-2010/
20%
3.9
27%
2.7
61,705
tt1321509
https://www.rottentomatoes.com/m/death_at_a_funeral_2010/
41%
4.9
45%
3.1
102,920
tt1193631
https://www.rottentomatoes.com/m/step_up_3/
46%
5.1
64%
3.6
100,453
tt1320244
https://www.rottentomatoes.com/m/last_exorcism/
72%
6.2
34%
2.7
73,218
tt1038686
https://www.rottentomatoes.com/m/legion_2010/
19%
3.8
31%
2.9
312,522
tt1126591
https://www.rottentomatoes.com/m/burlesque/
36%
4.8
64%
3.6
65,621
24.15user 0.32system 4:41.47elapsed 8%CPU (0avgtext+0avgdata 69568maxresident)k
112inputs+88outputs (3major+20372minor)pagefaults 0swaps
